<?xml version="1.0" encoding="UTF-8"?>
<testsuite xmlns:xsi="http://www.w3.org/2001/XMLSchema-instance" xsi:noNamespaceSchemaLocation="https://maven.apache.org/surefire/maven-failsafe-plugin/xsd/failsafe-test-report-3.0.xsd" version="3.0" name="starter.CucumberTestSuite" time="241.739" tests="8" errors="0" skipped="0" failures="0">
  <properties>
    <property name="java.specification.version" value="15"/>
    <property name="webdriver.chrome.driver" value="D:\web-automation-using-serenity\src\test\resources\webdriver\chromedriver.exe"/>
    <property name="sun.cpu.isalist" value="amd64"/>
    <property name="sun.jnu.encoding" value="Cp1252"/>
    <property name="java.class.path" value="D:\web-automation-using-serenity\target\test-classes;C:\Users\A\.m2\repository\net\serenity-bdd\serenity-core\3.2.1\serenity-core-3.2.1.jar;C:\Users\A\.m2\repository\net\serenity-bdd\serenity-model\3.2.1\serenity-model-3.2.1.jar;C:\Users\A\.m2\repository\org\apache\commons\commons-text\1.9\commons-text-1.9.jar;C:\Users\A\.m2\repository\commons-net\commons-net\3.8.0\commons-net-3.8.0.jar;C:\Users\A\.m2\repository\com\google\guava\guava\31.1-jre\guava-31.1-jre.jar;C:\Users\A\.m2\repository\com\google\guava\failureaccess\1.0.1\failureaccess-1.0.1.jar;C:\Users\A\.m2\repository\com\google\guava\listenablefuture\9999.0-empty-to-avoid-conflict-with-guava\listenablefuture-9999.0-empty-to-avoid-conflict-with-guava.jar;C:\Users\A\.m2\repository\com\google\code\findbugs\jsr305\3.0.2\jsr305-3.0.2.jar;C:\Users\A\.m2\repository\org\checkerframework\checker-qual\3.12.0\checker-qual-3.12.0.jar;C:\Users\A\.m2\repository\com\google\errorprone\error_prone_annotations\2.11.0\error_prone_annotations-2.11.0.jar;C:\Users\A\.m2\repository\com\google\j2objc\j2objc-annotations\1.3\j2objc-annotations-1.3.jar;C:\Users\A\.m2\repository\com\google\inject\guice\5.1.0\guice-5.1.0.jar;C:\Users\A\.m2\repository\javax\inject\javax.inject\1\javax.inject-1.jar;C:\Users\A\.m2\repository\aopalliance\aopalliance\1.0\aopalliance-1.0.jar;C:\Users\A\.m2\repository\org\jsoup\jsoup\1.14.3\jsoup-1.14.3.jar;C:\Users\A\.m2\repository\com\thoughtworks\xstream\xstream\1.4.19\xstream-1.4.19.jar;C:\Users\A\.m2\repository\io\github\x-stream\mxparser\1.2.2\mxparser-1.2.2.jar;C:\Users\A\.m2\repository\xmlpull\xmlpull\1.1.3.1\xmlpull-1.1.3.1.jar;C:\Users\A\.m2\repository\io\cucumber\cucumber-java\7.2.3\cucumber-java-7.2.3.jar;C:\Users\A\.m2\repository\com\typesafe\config\1.4.2\config-1.4.2.jar;C:\Users\A\.m2\repository\org\imgscalr\imgscalr-lib\4.2\imgscalr-lib-4.2.jar;C:\Users\A\.m2\repository\org\awaitility\awaitility\4.2.0\awaitility-4.2.0.jar;C:\Users\A\.m2\repository\org\freemarker\freemarker\2.3.31\freemarker-2.3.31.jar;C:\Users\A\.m2\repository\io\github\classgraph\classgraph\4.8.138\classgraph-4.8.138.jar;C:\Users\A\.m2\repository\net\sourceforge\jexcelapi\jxl\2.6.12\jxl-2.6.12.jar;C:\Users\A\.m2\repository\net\bytebuddy\byte-buddy\1.12.8\byte-buddy-1.12.8.jar;C:\Users\A\.m2\repository\net\bytebuddy\byte-buddy-agent\1.12.8\byte-buddy-agent-1.12.8.jar;C:\Users\A\.m2\repository\org\objenesis\objenesis\3.1\objenesis-3.1.jar;C:\Users\A\.m2\repository\net\serenity-bdd\serenity-reports\3.2.1\serenity-reports-3.2.1.jar;C:\Users\A\.m2\repository\net\serenity-bdd\serenity-stats\3.2.1\serenity-stats-3.2.1.jar;C:\Users\A\.m2\repository\net\serenity-bdd\serenity-reports-configuration\3.2.1\serenity-reports-configuration-3.2.1.jar;C:\Users\A\.m2\repository\com\vladsch\flexmark\flexmark-all\0.34.30\flexmark-all-0.34.30.jar;C:\Users\A\.m2\repository\com\vladsch\flexmark\flexmark\0.34.30\flexmark-0.34.30.jar;C:\Users\A\.m2\repository\com\vladsch\flexmark\flexmark-ext-abbreviation\0.34.30\flexmark-ext-abbreviation-0.34.30.jar;C:\Users\A\.m2\repository\com\vladsch\flexmark\flexmark-ext-admonition\0.34.30\flexmark-ext-admonition-0.34.30.jar;C:\Users\A\.m2\repository\com\vladsch\flexmark\flexmark-ext-anchorlink\0.34.30\flexmark-ext-anchorlink-0.34.30.jar;C:\Users\A\.m2\repository\com\vladsch\flexmark\flexmark-ext-aside\0.34.30\flexmark-ext-aside-0.34.30.jar;C:\Users\A\.m2\repository\com\vladsch\flexmark\flexmark-ext-attributes\0.34.30\flexmark-ext-attributes-0.34.30.jar;C:\Users\A\.m2\repository\com\vladsch\flexmark\flexmark-ext-autolink\0.34.30\flexmark-ext-autolink-0.34.30.jar;C:\Users\A\.m2\repository\org\nibor\autolink\autolink\0.6.0\autolink-0.6.0.jar;C:\Users\A\.m2\repository\com\vladsch\flexmark\flexmark-ext-definition\0.34.30\flexmark-ext-definition-0.34.30.jar;C:\Users\A\.m2\repository\com\vladsch\flexmark\flexmark-ext-emoji\0.34.30\flexmark-ext-emoji-0.34.30.jar;C:\Users\A\.m2\repository\com\vladsch\flexmark\flexmark-ext-enumerated-reference\0.34.30\flexmark-ext-enumerated-reference-0.34.30.jar;C:\Users\A\.m2\repository\com\vladsch\flexmark\flexmark-ext-escaped-character\0.34.30\flexmark-ext-escaped-character-0.34.30.jar;C:\Users\A\.m2\repository\com\vladsch\flexmark\flexmark-ext-footnotes\0.34.30\flexmark-ext-footnotes-0.34.30.jar;C:\Users\A\.m2\repository\com\vladsch\flexmark\flexmark-ext-gfm-issues\0.34.30\flexmark-ext-gfm-issues-0.34.30.jar;C:\Users\A\.m2\repository\com\vladsch\flexmark\flexmark-ext-gfm-strikethrough\0.34.30\flexmark-ext-gfm-strikethrough-0.34.30.jar;C:\Users\A\.m2\repository\com\vladsch\flexmark\flexmark-ext-gfm-tables\0.34.30\flexmark-ext-gfm-tables-0.34.30.jar;C:\Users\A\.m2\repository\com\vladsch\flexmark\flexmark-ext-gfm-tasklist\0.34.30\flexmark-ext-gfm-tasklist-0.34.30.jar;C:\Users\A\.m2\repository\com\vladsch\flexmark\flexmark-ext-gfm-users\0.34.30\flexmark-ext-gfm-users-0.34.30.jar;C:\Users\A\.m2\repository\com\vladsch\flexmark\flexmark-ext-gitlab\0.34.30\flexmark-ext-gitlab-0.34.30.jar;C:\Users\A\.m2\repository\com\vladsch\flexmark\flexmark-ext-jekyll-front-matter\0.34.30\flexmark-ext-jekyll-front-matter-0.34.30.jar;C:\Users\A\.m2\repository\com\vladsch\flexmark\flexmark-ext-jekyll-tag\0.34.30\flexmark-ext-jekyll-tag-0.34.30.jar;C:\Users\A\.m2\repository\com\vladsch\flexmark\flexmark-ext-media-tags\0.34.30\flexmark-ext-media-tags-0.34.30.jar;C:\Users\A\.m2\repository\com\vladsch\flexmark\flexmark-test-util\0.34.30\flexmark-test-util-0.34.30.jar;C:\Users\A\.m2\repository\com\vladsch\flexmark\flexmark-ext-ins\0.34.30\flexmark-ext-ins-0.34.30.jar;C:\Users\A\.m2\repository\com\vladsch\flexmark\flexmark-ext-xwiki-macros\0.34.30\flexmark-ext-xwiki-macros-0.34.30.jar;C:\Users\A\.m2\repository\com\vladsch\flexmark\flexmark-ext-superscript\0.34.30\flexmark-ext-superscript-0.34.30.jar;C:\Users\A\.m2\repository\com\vladsch\flexmark\flexmark-ext-tables\0.34.30\flexmark-ext-tables-0.34.30.jar;C:\Users\A\.m2\repository\com\vladsch\flexmark\flexmark-ext-toc\0.34.30\flexmark-ext-toc-0.34.30.jar;C:\Users\A\.m2\repository\com\vladsch\flexmark\flexmark-ext-typographic\0.34.30\flexmark-ext-typographic-0.34.30.jar;C:\Users\A\.m2\repository\com\vladsch\flexmark\flexmark-ext-wikilink\0.34.30\flexmark-ext-wikilink-0.34.30.jar;C:\Users\A\.m2\repository\com\vladsch\flexmark\flexmark-ext-yaml-front-matter\0.34.30\flexmark-ext-yaml-front-matter-0.34.30.jar;C:\Users\A\.m2\repository\com\vladsch\flexmark\flexmark-ext-youtube-embedded\0.34.30\flexmark-ext-youtube-embedded-0.34.30.jar;C:\Users\A\.m2\repository\com\vladsch\flexmark\flexmark-formatter\0.34.30\flexmark-formatter-0.34.30.jar;C:\Users\A\.m2\repository\com\vladsch\flexmark\flexmark-html-parser\0.34.30\flexmark-html-parser-0.34.30.jar;C:\Users\A\.m2\repository\com\vladsch\flexmark\flexmark-jira-converter\0.34.30\flexmark-jira-converter-0.34.30.jar;C:\Users\A\.m2\repository\com\vladsch\flexmark\flexmark-pdf-converter\0.34.30\flexmark-pdf-converter-0.34.30.jar;C:\Users\A\.m2\repository\com\openhtmltopdf\openhtmltopdf-core\0.0.1-RC13\openhtmltopdf-core-0.0.1-RC13.jar;C:\Users\A\.m2\repository\com\openhtmltopdf\openhtmltopdf-pdfbox\0.0.1-RC13\openhtmltopdf-pdfbox-0.0.1-RC13.jar;C:\Users\A\.m2\repository\org\apache\pdfbox\pdfbox\2.0.8\pdfbox-2.0.8.jar;C:\Users\A\.m2\repository\org\apache\pdfbox\fontbox\2.0.8\fontbox-2.0.8.jar;C:\Users\A\.m2\repository\commons-logging\commons-logging\1.2\commons-logging-1.2.jar;C:\Users\A\.m2\repository\org\apache\pdfbox\xmpbox\2.0.8\xmpbox-2.0.8.jar;C:\Users\A\.m2\repository\de\rototor\pdfbox\graphics2d\0.12\graphics2d-0.12.jar;C:\Users\A\.m2\repository\com\openhtmltopdf\openhtmltopdf-rtl-support\0.0.1-RC13\openhtmltopdf-rtl-support-0.0.1-RC13.jar;C:\Users\A\.m2\repository\com\ibm\icu\icu4j\59.1\icu4j-59.1.jar;C:\Users\A\.m2\repository\com\openhtmltopdf\openhtmltopdf-jsoup-dom-converter\0.0.1-RC13\openhtmltopdf-jsoup-dom-converter-0.0.1-RC13.jar;C:\Users\A\.m2\repository\com\vladsch\flexmark\flexmark-profile-pegdown\0.34.30\flexmark-profile-pegdown-0.34.30.jar;C:\Users\A\.m2\repository\com\vladsch\flexmark\flexmark-util\0.34.30\flexmark-util-0.34.30.jar;C:\Users\A\.m2\repository\com\vladsch\flexmark\flexmark-youtrack-converter\0.34.30\flexmark-youtrack-converter-0.34.30.jar;C:\Users\A\.m2\repository\es\nitaur\markdown\txtmark\0.16\txtmark-0.16.jar;C:\Users\A\.m2\repository\net\serenity-bdd\serenity-report-resources\3.2.1\serenity-report-resources-3.2.1.jar;C:\Users\A\.m2\repository\com\google\code\gson\gson\2.9.0\gson-2.9.0.jar;C:\Users\A\.m2\repository\com\fasterxml\jackson\core\jackson-core\2.13.2\jackson-core-2.13.2.jar;C:\Users\A\.m2\repository\com\fasterxml\jackson\core\jackson-databind\2.13.2\jackson-databind-2.13.2.jar;C:\Users\A\.m2\repository\com\fasterxml\jackson\core\jackson-annotations\2.13.2\jackson-annotations-2.13.2.jar;C:\Users\A\.m2\repository\commons-codec\commons-codec\1.15\commons-codec-1.15.jar;C:\Users\A\.m2\repository\commons-io\commons-io\2.11.0\commons-io-2.11.0.jar;C:\Users\A\.m2\repository\org\seleniumhq\selenium\selenium-java\4.1.2\selenium-java-4.1.2.jar;C:\Users\A\.m2\repository\org\seleniumhq\selenium\selenium-devtools-v85\4.1.2\selenium-devtools-v85-4.1.2.jar;C:\Users\A\.m2\repository\org\seleniumhq\selenium\selenium-devtools-v95\4.1.2\selenium-devtools-v95-4.1.2.jar;C:\Users\A\.m2\repository\org\seleniumhq\selenium\selenium-devtools-v96\4.1.2\selenium-devtools-v96-4.1.2.jar;C:\Users\A\.m2\repository\org\seleniumhq\selenium\selenium-devtools-v97\4.1.2\selenium-devtools-v97-4.1.2.jar;C:\Users\A\.m2\repository\org\seleniumhq\selenium\selenium-firefox-xpi-driver\4.1.2\selenium-firefox-xpi-driver-4.1.2.jar;C:\Users\A\.m2\repository\org\seleniumhq\selenium\selenium-opera-driver\4.1.2\selenium-opera-driver-4.1.2.jar;C:\Users\A\.m2\repository\org\seleniumhq\selenium\selenium-remote-driver\4.1.2\selenium-remote-driver-4.1.2.jar;C:\Users\A\.m2\repository\com\beust\jcommander\1.82\jcommander-1.82.jar;C:\Users\A\.m2\repository\io\netty\netty-buffer\4.1.73.Final\netty-buffer-4.1.73.Final.jar;C:\Users\A\.m2\repository\io\netty\netty-codec-http\4.1.73.Final\netty-codec-http-4.1.73.Final.jar;C:\Users\A\.m2\repository\io\netty\netty-codec\4.1.73.Final\netty-codec-4.1.73.Final.jar;C:\Users\A\.m2\repository\io\netty\netty-handler\4.1.73.Final\netty-handler-4.1.73.Final.jar;C:\Users\A\.m2\repository\io\netty\netty-tcnative-classes\2.0.46.Final\netty-tcnative-classes-2.0.46.Final.jar;C:\Users\A\.m2\repository\io\netty\netty-common\4.1.73.Final\netty-common-4.1.73.Final.jar;C:\Users\A\.m2\repository\io\netty\netty-transport-classes-epoll\4.1.73.Final\netty-transport-classes-epoll-4.1.73.Final.jar;C:\Users\A\.m2\repository\io\netty\netty-transport-classes-kqueue\4.1.73.Final\netty-transport-classes-kqueue-4.1.73.Final.jar;C:\Users\A\.m2\repository\io\netty\netty-transport-native-epoll\4.1.73.Final\netty-transport-native-epoll-4.1.73.Final.jar;C:\Users\A\.m2\repository\io\netty\netty-transport-native-kqueue\4.1.73.Final\netty-transport-native-kqueue-4.1.73.Final.jar;C:\Users\A\.m2\repository\io\netty\netty-transport-native-unix-common\4.1.73.Final\netty-transport-native-unix-common-4.1.73.Final.jar;C:\Users\A\.m2\repository\io\netty\netty-transport\4.1.73.Final\netty-transport-4.1.73.Final.jar;C:\Users\A\.m2\repository\io\netty\netty-resolver\4.1.73.Final\netty-resolver-4.1.73.Final.jar;C:\Users\A\.m2\repository\io\opentelemetry\opentelemetry-api\1.10.1\opentelemetry-api-1.10.1.jar;C:\Users\A\.m2\repository\io\opentelemetry\opentelemetry-context\1.10.1\opentelemetry-context-1.10.1.jar;C:\Users\A\.m2\repository\io\opentelemetry\opentelemetry-exporter-logging\1.10.1\opentelemetry-exporter-logging-1.10.1.jar;C:\Users\A\.m2\repository\io\opentelemetry\opentelemetry-sdk-metrics\1.10.1-alpha\opentelemetry-sdk-metrics-1.10.1-alpha.jar;C:\Users\A\.m2\repository\io\opentelemetry\opentelemetry-sdk-logs\1.10.1-alpha\opentelemetry-sdk-logs-1.10.1-alpha.jar;C:\Users\A\.m2\repository\io\opentelemetry\opentelemetry-sdk-common\1.10.1\opentelemetry-sdk-common-1.10.1.jar;C:\Users\A\.m2\repository\io\opentelemetry\opentelemetry-sdk-extension-autoconfigure-spi\1.10.1\opentelemetry-sdk-extension-autoconfigure-spi-1.10.1.jar;C:\Users\A\.m2\repository\io\opentelemetry\opentelemetry-sdk-extension-autoconfigure\1.10.1-alpha\opentelemetry-sdk-extension-autoconfigure-1.10.1-alpha.jar;C:\Users\A\.m2\repository\io\opentelemetry\opentelemetry-sdk-trace\1.10.1\opentelemetry-sdk-trace-1.10.1.jar;C:\Users\A\.m2\repository\io\opentelemetry\opentelemetry-sdk\1.10.1\opentelemetry-sdk-1.10.1.jar;C:\Users\A\.m2\repository\io\opentelemetry\opentelemetry-semconv\1.10.1-alpha\opentelemetry-semconv-1.10.1-alpha.jar;C:\Users\A\.m2\repository\io\ous\jtoml\2.0.0\jtoml-2.0.0.jar;C:\Users\A\.m2\repository\org\apache\commons\commons-exec\1.3\commons-exec-1.3.jar;C:\Users\A\.m2\repository\org\asynchttpclient\async-http-client\2.12.3\async-http-client-2.12.3.jar;C:\Users\A\.m2\repository\org\asynchttpclient\async-http-client-netty-utils\2.12.3\async-http-client-netty-utils-2.12.3.jar;C:\Users\A\.m2\repository\io\netty\netty-codec-socks\4.1.60.Final\netty-codec-socks-4.1.60.Final.jar;C:\Users\A\.m2\repository\io\netty\netty-handler-proxy\4.1.60.Final\netty-handler-proxy-4.1.60.Final.jar;C:\Users\A\.m2\repository\io\netty\netty-transport-native-epoll\4.1.60.Final\netty-transport-native-epoll-4.1.60.Final-linux-x86_64.jar;C:\Users\A\.m2\repository\io\netty\netty-transport-native-kqueue\4.1.60.Final\netty-transport-native-kqueue-4.1.60.Final-osx-x86_64.jar;C:\Users\A\.m2\repository\org\reactivestreams\reactive-streams\1.0.3\reactive-streams-1.0.3.jar;C:\Users\A\.m2\repository\com\typesafe\netty\netty-reactive-streams\2.0.4\netty-reactive-streams-2.0.4.jar;C:\Users\A\.m2\repository\org\seleniumhq\selenium\selenium-http\4.1.2\selenium-http-4.1.2.jar;C:\Users\A\.m2\repository\net\jodah\failsafe\2.4.4\failsafe-2.4.4.jar;C:\Users\A\.m2\repository\org\seleniumhq\selenium\selenium-safari-driver\4.1.2\selenium-safari-driver-4.1.2.jar;C:\Users\A\.m2\repository\org\seleniumhq\selenium\selenium-api\4.1.2\selenium-api-4.1.2.jar;C:\Users\A\.m2\repository\org\seleniumhq\selenium\selenium-support\4.1.2\selenium-support-4.1.2.jar;C:\Users\A\.m2\repository\com\google\auto\service\auto-service-annotations\1.0.1\auto-service-annotations-1.0.1.jar;C:\Users\A\.m2\repository\com\google\auto\service\auto-service\1.0.1\auto-service-1.0.1.jar;C:\Users\A\.m2\repository\com\google\auto\auto-common\1.2\auto-common-1.2.jar;C:\Users\A\.m2\repository\org\seleniumhq\selenium\selenium-json\4.1.2\selenium-json-4.1.2.jar;C:\Users\A\.m2\repository\org\seleniumhq\selenium\selenium-chrome-driver\4.1.2\selenium-chrome-driver-4.1.2.jar;C:\Users\A\.m2\repository\org\seleniumhq\selenium\selenium-chromium-driver\4.1.2\selenium-chromium-driver-4.1.2.jar;C:\Users\A\.m2\repository\org\seleniumhq\selenium\selenium-firefox-driver\4.1.2\selenium-firefox-driver-4.1.2.jar;C:\Users\A\.m2\repository\org\seleniumhq\selenium\selenium-edge-driver\4.1.2\selenium-edge-driver-4.1.2.jar;C:\Users\A\.m2\repository\org\seleniumhq\selenium\selenium-ie-driver\4.1.2\selenium-ie-driver-4.1.2.jar;C:\Users\A\.m2\repository\org\projectlombok\lombok\1.18.20\lombok-1.18.20.jar;C:\Users\A\.m2\repository\io\appium\java-client\8.0.0\java-client-8.0.0.jar;C:\Users\A\.m2\repository\commons-validator\commons-validator\1.7\commons-validator-1.7.jar;C:\Users\A\.m2\repository\commons-digester\commons-digester\2.1\commons-digester-2.1.jar;C:\Users\A\.m2\repository\org\aspectj\aspectjweaver\1.9.8\aspectjweaver-1.9.8.jar;C:\Users\A\.m2\repository\org\codehaus\groovy\groovy\3.0.10\groovy-3.0.10.jar;C:\Users\A\.m2\repository\net\sf\opencsv\opencsv\2.0\opencsv-2.0.jar;C:\Users\A\.m2\repository\commons-beanutils\commons-beanutils\1.9.4\commons-beanutils-1.9.4.jar;C:\Users\A\.m2\repository\org\apache\commons\commons-lang3\3.12.0\commons-lang3-3.12.0.jar;C:\Users\A\.m2\repository\commons-collections\commons-collections\3.2.2\commons-collections-3.2.2.jar;C:\Users\A\.m2\repository\org\fluentlenium\fluentlenium-core\0.10.2\fluentlenium-core-0.10.2.jar;C:\Users\A\.m2\repository\io\github\bonigarcia\webdrivermanager\5.1.0\webdrivermanager-5.1.0.jar;C:\Users\A\.m2\repository\com\github\docker-java\docker-java\3.2.13\docker-java-3.2.13.jar;C:\Users\A\.m2\repository\com\github\docker-java\docker-java-core\3.2.13\docker-java-core-3.2.13.jar;C:\Users\A\.m2\repository\com\github\docker-java\docker-java-api\3.2.13\docker-java-api-3.2.13.jar;C:\Users\A\.m2\repository\org\apache\commons\commons-compress\1.21\commons-compress-1.21.jar;C:\Users\A\.m2\repository\org\bouncycastle\bcpkix-jdk15on\1.64\bcpkix-jdk15on-1.64.jar;C:\Users\A\.m2\repository\org\bouncycastle\bcprov-jdk15on\1.64\bcprov-jdk15on-1.64.jar;C:\Users\A\.m2\repository\org\slf4j\jcl-over-slf4j\1.7.30\jcl-over-slf4j-1.7.30.jar;C:\Users\A\.m2\repository\com\github\docker-java\docker-java-transport-httpclient5\3.2.13\docker-java-transport-httpclient5-3.2.13.jar;C:\Users\A\.m2\repository\com\github\docker-java\docker-java-transport\3.2.13\docker-java-transport-3.2.13.jar;C:\Users\A\.m2\repository\org\apache\httpcomponents\client5\httpclient5\5.0.3\httpclient5-5.0.3.jar;C:\Users\A\.m2\repository\org\apache\httpcomponents\core5\httpcore5\5.0.2\httpcore5-5.0.2.jar;C:\Users\A\.m2\repository\net\java\dev\jna\jna\5.8.0\jna-5.8.0.jar;C:\Users\A\.m2\repository\org\brotli\dec\0.1.2\dec-0.1.2.jar;C:\Users\A\.m2\repository\com\jhlabs\filters\2.0.235\filters-2.0.235.jar;C:\Users\A\.m2\repository\com\paulhammant\ngwebdriver\1.1.6\ngwebdriver-1.1.6.jar;C:\Users\A\.m2\repository\joda-time\joda-time\2.8.2\joda-time-2.8.2.jar;C:\Users\A\.m2\repository\org\hamcrest\hamcrest\2.2\hamcrest-2.2.jar;C:\Users\A\.m2\repository\com\google\jimfs\jimfs\1.2\jimfs-1.2.jar;C:\Users\A\.m2\repository\org\mockito\mockito-core\3.3.3\mockito-core-3.3.3.jar;C:\Users\A\.m2\repository\javax\xml\bind\jaxb-api\2.3.1\jaxb-api-2.3.1.jar;C:\Users\A\.m2\repository\javax\activation\javax.activation-api\1.2.0\javax.activation-api-1.2.0.jar;C:\Users\A\.m2\repository\com\sun\xml\bind\jaxb-core\2.3.0.1\jaxb-core-2.3.0.1.jar;C:\Users\A\.m2\repository\com\sun\xml\bind\jaxb-impl\2.3.3\jaxb-impl-2.3.3.jar;C:\Users\A\.m2\repository\jakarta\xml\bind\jakarta.xml.bind-api\2.3.3\jakarta.xml.bind-api-2.3.3.jar;C:\Users\A\.m2\repository\com\sun\activation\jakarta.activation\1.2.2\jakarta.activation-1.2.2.jar;C:\Users\A\.m2\repository\javax\activation\activation\1.1.1\activation-1.1.1.jar;C:\Users\A\.m2\repository\net\serenity-bdd\serenity-cucumber\3.2.1\serenity-cucumber-3.2.1.jar;C:\Users\A\.m2\repository\io\cucumber\cucumber-core\7.2.3\cucumber-core-7.2.3.jar;C:\Users\A\.m2\repository\io\cucumber\cucumber-gherkin\7.2.3\cucumber-gherkin-7.2.3.jar;C:\Users\A\.m2\repository\io\cucumber\cucumber-gherkin-messages\7.2.3\cucumber-gherkin-messages-7.2.3.jar;C:\Users\A\.m2\repository\io\cucumber\messages\17.1.1\messages-17.1.1.jar;C:\Users\A\.m2\repository\io\cucumber\tag-expressions\4.1.0\tag-expressions-4.1.0.jar;C:\Users\A\.m2\repository\io\cucumber\cucumber-expressions\15.0.1\cucumber-expressions-15.0.1.jar;C:\Users\A\.m2\repository\io\cucumber\datatable\7.2.3\datatable-7.2.3.jar;C:\Users\A\.m2\repository\io\cucumber\cucumber-plugin\7.2.3\cucumber-plugin-7.2.3.jar;C:\Users\A\.m2\repository\io\cucumber\docstring\7.2.3\docstring-7.2.3.jar;C:\Users\A\.m2\repository\io\cucumber\html-formatter\17.0.0\html-formatter-17.0.0.jar;C:\Users\A\.m2\repository\io\cucumber\ci-environment\8.1.0\ci-environment-8.1.0.jar;C:\Users\A\.m2\repository\io\cucumber\cucumber-junit\7.2.3\cucumber-junit-7.2.3.jar;C:\Users\A\.m2\repository\org\apache\commons\commons-csv\1.5\commons-csv-1.5.jar;C:\Users\A\.m2\repository\net\serenity-bdd\serenity-screenplay\3.2.1\serenity-screenplay-3.2.1.jar;C:\Users\A\.m2\repository\net\serenity-bdd\serenity-screenplay-webdriver\3.2.1\serenity-screenplay-webdriver-3.2.1.jar;C:\Users\A\.m2\repository\net\serenity-bdd\serenity-ensure\3.2.1\serenity-ensure-3.2.1.jar;C:\Users\A\.m2\repository\net\serenity-bdd\serenity-junit\3.2.1\serenity-junit-3.2.1.jar;C:\Users\A\.m2\repository\org\jetbrains\kotlin\kotlin-stdlib\1.6.0\kotlin-stdlib-1.6.0.jar;C:\Users\A\.m2\repository\org\jetbrains\annotations\13.0\annotations-13.0.jar;C:\Users\A\.m2\repository\org\jetbrains\kotlin\kotlin-stdlib-common\1.6.0\kotlin-stdlib-common-1.6.0.jar;C:\Users\A\.m2\repository\org\junit\platform\junit-platform-launcher\1.8.1\junit-platform-launcher-1.8.1.jar;C:\Users\A\.m2\repository\org\junit\platform\junit-platform-engine\1.8.1\junit-platform-engine-1.8.1.jar;C:\Users\A\.m2\repository\org\opentest4j\opentest4j\1.2.0\opentest4j-1.2.0.jar;C:\Users\A\.m2\repository\org\junit\platform\junit-platform-commons\1.8.1\junit-platform-commons-1.8.1.jar;C:\Users\A\.m2\repository\org\apiguardian\apiguardian-api\1.1.2\apiguardian-api-1.1.2.jar;C:\Users\A\.m2\repository\org\junit\vintage\junit-vintage-engine\5.8.2\junit-vintage-engine-5.8.2.jar;C:\Users\A\.m2\repository\junit\junit\4.13.2\junit-4.13.2.jar;C:\Users\A\.m2\repository\org\hamcrest\hamcrest-core\1.3\hamcrest-core-1.3.jar;C:\Users\A\.m2\repository\ch\qos\logback\logback-classic\1.2.10\logback-classic-1.2.10.jar;C:\Users\A\.m2\repository\ch\qos\logback\logback-core\1.2.10\logback-core-1.2.10.jar;C:\Users\A\.m2\repository\org\slf4j\slf4j-api\1.7.32\slf4j-api-1.7.32.jar;C:\Users\A\.m2\repository\org\assertj\assertj-core\3.6.2\assertj-core-3.6.2.jar;"/>
    <property name="java.vm.vendor" value="Amazon.com Inc."/>
    <property name="sun.arch.data.model" value="64"/>
    <property name="user.variant" value=""/>
    <property name="java.vendor.url" value="https://aws.amazon.com/corretto/"/>
    <property name="user.timezone" value="Asia/Jakarta"/>
    <property name="log4j2.formatMsgNoLookups" value="true"/>
    <property name="os.name" value="Windows 10"/>
    <property name="java.vm.specification.version" value="15"/>
    <property name="sun.java.launcher" value="SUN_STANDARD"/>
    <property name="user.country" value="ID"/>
    <property name="sun.boot.library.path" value="C:\Users\A\.jdks\corretto-15.0.2\bin"/>
    <property name="sun.java.command" value="org.apache.maven.surefire.booter.ForkedBooter C:\Users\A\AppData\Local\Temp\surefire3788929459851319804 2022-05-16T00-31-47_289-jvmRun1 surefire3778158037941985200tmp surefire_02209820518089924166tmp"/>
    <property name="jdk.debug" value="release"/>
    <property name="surefire.test.class.path" value="D:\web-automation-using-serenity\target\test-classes;C:\Users\A\.m2\repository\net\serenity-bdd\serenity-core\3.2.1\serenity-core-3.2.1.jar;C:\Users\A\.m2\repository\net\serenity-bdd\serenity-model\3.2.1\serenity-model-3.2.1.jar;C:\Users\A\.m2\repository\org\apache\commons\commons-text\1.9\commons-text-1.9.jar;C:\Users\A\.m2\repository\commons-net\commons-net\3.8.0\commons-net-3.8.0.jar;C:\Users\A\.m2\repository\com\google\guava\guava\31.1-jre\guava-31.1-jre.jar;C:\Users\A\.m2\repository\com\google\guava\failureaccess\1.0.1\failureaccess-1.0.1.jar;C:\Users\A\.m2\repository\com\google\guava\listenablefuture\9999.0-empty-to-avoid-conflict-with-guava\listenablefuture-9999.0-empty-to-avoid-conflict-with-guava.jar;C:\Users\A\.m2\repository\com\google\code\findbugs\jsr305\3.0.2\jsr305-3.0.2.jar;C:\Users\A\.m2\repository\org\checkerframework\checker-qual\3.12.0\checker-qual-3.12.0.jar;C:\Users\A\.m2\repository\com\google\errorprone\error_prone_annotations\2.11.0\error_prone_annotations-2.11.0.jar;C:\Users\A\.m2\repository\com\google\j2objc\j2objc-annotations\1.3\j2objc-annotations-1.3.jar;C:\Users\A\.m2\repository\com\google\inject\guice\5.1.0\guice-5.1.0.jar;C:\Users\A\.m2\repository\javax\inject\javax.inject\1\javax.inject-1.jar;C:\Users\A\.m2\repository\aopalliance\aopalliance\1.0\aopalliance-1.0.jar;C:\Users\A\.m2\repository\org\jsoup\jsoup\1.14.3\jsoup-1.14.3.jar;C:\Users\A\.m2\repository\com\thoughtworks\xstream\xstream\1.4.19\xstream-1.4.19.jar;C:\Users\A\.m2\repository\io\github\x-stream\mxparser\1.2.2\mxparser-1.2.2.jar;C:\Users\A\.m2\repository\xmlpull\xmlpull\1.1.3.1\xmlpull-1.1.3.1.jar;C:\Users\A\.m2\repository\io\cucumber\cucumber-java\7.2.3\cucumber-java-7.2.3.jar;C:\Users\A\.m2\repository\com\typesafe\config\1.4.2\config-1.4.2.jar;C:\Users\A\.m2\repository\org\imgscalr\imgscalr-lib\4.2\imgscalr-lib-4.2.jar;C:\Users\A\.m2\repository\org\awaitility\awaitility\4.2.0\awaitility-4.2.0.jar;C:\Users\A\.m2\repository\org\freemarker\freemarker\2.3.31\freemarker-2.3.31.jar;C:\Users\A\.m2\repository\io\github\classgraph\classgraph\4.8.138\classgraph-4.8.138.jar;C:\Users\A\.m2\repository\net\sourceforge\jexcelapi\jxl\2.6.12\jxl-2.6.12.jar;C:\Users\A\.m2\repository\net\bytebuddy\byte-buddy\1.12.8\byte-buddy-1.12.8.jar;C:\Users\A\.m2\repository\net\bytebuddy\byte-buddy-agent\1.12.8\byte-buddy-agent-1.12.8.jar;C:\Users\A\.m2\repository\org\objenesis\objenesis\3.1\objenesis-3.1.jar;C:\Users\A\.m2\repository\net\serenity-bdd\serenity-reports\3.2.1\serenity-reports-3.2.1.jar;C:\Users\A\.m2\repository\net\serenity-bdd\serenity-stats\3.2.1\serenity-stats-3.2.1.jar;C:\Users\A\.m2\repository\net\serenity-bdd\serenity-reports-configuration\3.2.1\serenity-reports-configuration-3.2.1.jar;C:\Users\A\.m2\repository\com\vladsch\flexmark\flexmark-all\0.34.30\flexmark-all-0.34.30.jar;C:\Users\A\.m2\repository\com\vladsch\flexmark\flexmark\0.34.30\flexmark-0.34.30.jar;C:\Users\A\.m2\repository\com\vladsch\flexmark\flexmark-ext-abbreviation\0.34.30\flexmark-ext-abbreviation-0.34.30.jar;C:\Users\A\.m2\repository\com\vladsch\flexmark\flexmark-ext-admonition\0.34.30\flexmark-ext-admonition-0.34.30.jar;C:\Users\A\.m2\repository\com\vladsch\flexmark\flexmark-ext-anchorlink\0.34.30\flexmark-ext-anchorlink-0.34.30.jar;C:\Users\A\.m2\repository\com\vladsch\flexmark\flexmark-ext-aside\0.34.30\flexmark-ext-aside-0.34.30.jar;C:\Users\A\.m2\repository\com\vladsch\flexmark\flexmark-ext-attributes\0.34.30\flexmark-ext-attributes-0.34.30.jar;C:\Users\A\.m2\repository\com\vladsch\flexmark\flexmark-ext-autolink\0.34.30\flexmark-ext-autolink-0.34.30.jar;C:\Users\A\.m2\repository\org\nibor\autolink\autolink\0.6.0\autolink-0.6.0.jar;C:\Users\A\.m2\repository\com\vladsch\flexmark\flexmark-ext-definition\0.34.30\flexmark-ext-definition-0.34.30.jar;C:\Users\A\.m2\repository\com\vladsch\flexmark\flexmark-ext-emoji\0.34.30\flexmark-ext-emoji-0.34.30.jar;C:\Users\A\.m2\repository\com\vladsch\flexmark\flexmark-ext-enumerated-reference\0.34.30\flexmark-ext-enumerated-reference-0.34.30.jar;C:\Users\A\.m2\repository\com\vladsch\flexmark\flexmark-ext-escaped-character\0.34.30\flexmark-ext-escaped-character-0.34.30.jar;C:\Users\A\.m2\repository\com\vladsch\flexmark\flexmark-ext-footnotes\0.34.30\flexmark-ext-footnotes-0.34.30.jar;C:\Users\A\.m2\repository\com\vladsch\flexmark\flexmark-ext-gfm-issues\0.34.30\flexmark-ext-gfm-issues-0.34.30.jar;C:\Users\A\.m2\repository\com\vladsch\flexmark\flexmark-ext-gfm-strikethrough\0.34.30\flexmark-ext-gfm-strikethrough-0.34.30.jar;C:\Users\A\.m2\repository\com\vladsch\flexmark\flexmark-ext-gfm-tables\0.34.30\flexmark-ext-gfm-tables-0.34.30.jar;C:\Users\A\.m2\repository\com\vladsch\flexmark\flexmark-ext-gfm-tasklist\0.34.30\flexmark-ext-gfm-tasklist-0.34.30.jar;C:\Users\A\.m2\repository\com\vladsch\flexmark\flexmark-ext-gfm-users\0.34.30\flexmark-ext-gfm-users-0.34.30.jar;C:\Users\A\.m2\repository\com\vladsch\flexmark\flexmark-ext-gitlab\0.34.30\flexmark-ext-gitlab-0.34.30.jar;C:\Users\A\.m2\repository\com\vladsch\flexmark\flexmark-ext-jekyll-front-matter\0.34.30\flexmark-ext-jekyll-front-matter-0.34.30.jar;C:\Users\A\.m2\repository\com\vladsch\flexmark\flexmark-ext-jekyll-tag\0.34.30\flexmark-ext-jekyll-tag-0.34.30.jar;C:\Users\A\.m2\repository\com\vladsch\flexmark\flexmark-ext-media-tags\0.34.30\flexmark-ext-media-tags-0.34.30.jar;C:\Users\A\.m2\repository\com\vladsch\flexmark\flexmark-test-util\0.34.30\flexmark-test-util-0.34.30.jar;C:\Users\A\.m2\repository\com\vladsch\flexmark\flexmark-ext-ins\0.34.30\flexmark-ext-ins-0.34.30.jar;C:\Users\A\.m2\repository\com\vladsch\flexmark\flexmark-ext-xwiki-macros\0.34.30\flexmark-ext-xwiki-macros-0.34.30.jar;C:\Users\A\.m2\repository\com\vladsch\flexmark\flexmark-ext-superscript\0.34.30\flexmark-ext-superscript-0.34.30.jar;C:\Users\A\.m2\repository\com\vladsch\flexmark\flexmark-ext-tables\0.34.30\flexmark-ext-tables-0.34.30.jar;C:\Users\A\.m2\repository\com\vladsch\flexmark\flexmark-ext-toc\0.34.30\flexmark-ext-toc-0.34.30.jar;C:\Users\A\.m2\repository\com\vladsch\flexmark\flexmark-ext-typographic\0.34.30\flexmark-ext-typographic-0.34.30.jar;C:\Users\A\.m2\repository\com\vladsch\flexmark\flexmark-ext-wikilink\0.34.30\flexmark-ext-wikilink-0.34.30.jar;C:\Users\A\.m2\repository\com\vladsch\flexmark\flexmark-ext-yaml-front-matter\0.34.30\flexmark-ext-yaml-front-matter-0.34.30.jar;C:\Users\A\.m2\repository\com\vladsch\flexmark\flexmark-ext-youtube-embedded\0.34.30\flexmark-ext-youtube-embedded-0.34.30.jar;C:\Users\A\.m2\repository\com\vladsch\flexmark\flexmark-formatter\0.34.30\flexmark-formatter-0.34.30.jar;C:\Users\A\.m2\repository\com\vladsch\flexmark\flexmark-html-parser\0.34.30\flexmark-html-parser-0.34.30.jar;C:\Users\A\.m2\repository\com\vladsch\flexmark\flexmark-jira-converter\0.34.30\flexmark-jira-converter-0.34.30.jar;C:\Users\A\.m2\repository\com\vladsch\flexmark\flexmark-pdf-converter\0.34.30\flexmark-pdf-converter-0.34.30.jar;C:\Users\A\.m2\repository\com\openhtmltopdf\openhtmltopdf-core\0.0.1-RC13\openhtmltopdf-core-0.0.1-RC13.jar;C:\Users\A\.m2\repository\com\openhtmltopdf\openhtmltopdf-pdfbox\0.0.1-RC13\openhtmltopdf-pdfbox-0.0.1-RC13.jar;C:\Users\A\.m2\repository\org\apache\pdfbox\pdfbox\2.0.8\pdfbox-2.0.8.jar;C:\Users\A\.m2\repository\org\apache\pdfbox\fontbox\2.0.8\fontbox-2.0.8.jar;C:\Users\A\.m2\repository\commons-logging\commons-logging\1.2\commons-logging-1.2.jar;C:\Users\A\.m2\repository\org\apache\pdfbox\xmpbox\2.0.8\xmpbox-2.0.8.jar;C:\Users\A\.m2\repository\de\rototor\pdfbox\graphics2d\0.12\graphics2d-0.12.jar;C:\Users\A\.m2\repository\com\openhtmltopdf\openhtmltopdf-rtl-support\0.0.1-RC13\openhtmltopdf-rtl-support-0.0.1-RC13.jar;C:\Users\A\.m2\repository\com\ibm\icu\icu4j\59.1\icu4j-59.1.jar;C:\Users\A\.m2\repository\com\openhtmltopdf\openhtmltopdf-jsoup-dom-converter\0.0.1-RC13\openhtmltopdf-jsoup-dom-converter-0.0.1-RC13.jar;C:\Users\A\.m2\repository\com\vladsch\flexmark\flexmark-profile-pegdown\0.34.30\flexmark-profile-pegdown-0.34.30.jar;C:\Users\A\.m2\repository\com\vladsch\flexmark\flexmark-util\0.34.30\flexmark-util-0.34.30.jar;C:\Users\A\.m2\repository\com\vladsch\flexmark\flexmark-youtrack-converter\0.34.30\flexmark-youtrack-converter-0.34.30.jar;C:\Users\A\.m2\repository\es\nitaur\markdown\txtmark\0.16\txtmark-0.16.jar;C:\Users\A\.m2\repository\net\serenity-bdd\serenity-report-resources\3.2.1\serenity-report-resources-3.2.1.jar;C:\Users\A\.m2\repository\com\google\code\gson\gson\2.9.0\gson-2.9.0.jar;C:\Users\A\.m2\repository\com\fasterxml\jackson\core\jackson-core\2.13.2\jackson-core-2.13.2.jar;C:\Users\A\.m2\repository\com\fasterxml\jackson\core\jackson-databind\2.13.2\jackson-databind-2.13.2.jar;C:\Users\A\.m2\repository\com\fasterxml\jackson\core\jackson-annotations\2.13.2\jackson-annotations-2.13.2.jar;C:\Users\A\.m2\repository\commons-codec\commons-codec\1.15\commons-codec-1.15.jar;C:\Users\A\.m2\repository\commons-io\commons-io\2.11.0\commons-io-2.11.0.jar;C:\Users\A\.m2\repository\org\seleniumhq\selenium\selenium-java\4.1.2\selenium-java-4.1.2.jar;C:\Users\A\.m2\repository\org\seleniumhq\selenium\selenium-devtools-v85\4.1.2\selenium-devtools-v85-4.1.2.jar;C:\Users\A\.m2\repository\org\seleniumhq\selenium\selenium-devtools-v95\4.1.2\selenium-devtools-v95-4.1.2.jar;C:\Users\A\.m2\repository\org\seleniumhq\selenium\selenium-devtools-v96\4.1.2\selenium-devtools-v96-4.1.2.jar;C:\Users\A\.m2\repository\org\seleniumhq\selenium\selenium-devtools-v97\4.1.2\selenium-devtools-v97-4.1.2.jar;C:\Users\A\.m2\repository\org\seleniumhq\selenium\selenium-firefox-xpi-driver\4.1.2\selenium-firefox-xpi-driver-4.1.2.jar;C:\Users\A\.m2\repository\org\seleniumhq\selenium\selenium-opera-driver\4.1.2\selenium-opera-driver-4.1.2.jar;C:\Users\A\.m2\repository\org\seleniumhq\selenium\selenium-remote-driver\4.1.2\selenium-remote-driver-4.1.2.jar;C:\Users\A\.m2\repository\com\beust\jcommander\1.82\jcommander-1.82.jar;C:\Users\A\.m2\repository\io\netty\netty-buffer\4.1.73.Final\netty-buffer-4.1.73.Final.jar;C:\Users\A\.m2\repository\io\netty\netty-codec-http\4.1.73.Final\netty-codec-http-4.1.73.Final.jar;C:\Users\A\.m2\repository\io\netty\netty-codec\4.1.73.Final\netty-codec-4.1.73.Final.jar;C:\Users\A\.m2\repository\io\netty\netty-handler\4.1.73.Final\netty-handler-4.1.73.Final.jar;C:\Users\A\.m2\repository\io\netty\netty-tcnative-classes\2.0.46.Final\netty-tcnative-classes-2.0.46.Final.jar;C:\Users\A\.m2\repository\io\netty\netty-common\4.1.73.Final\netty-common-4.1.73.Final.jar;C:\Users\A\.m2\repository\io\netty\netty-transport-classes-epoll\4.1.73.Final\netty-transport-classes-epoll-4.1.73.Final.jar;C:\Users\A\.m2\repository\io\netty\netty-transport-classes-kqueue\4.1.73.Final\netty-transport-classes-kqueue-4.1.73.Final.jar;C:\Users\A\.m2\repository\io\netty\netty-transport-native-epoll\4.1.73.Final\netty-transport-native-epoll-4.1.73.Final.jar;C:\Users\A\.m2\repository\io\netty\netty-transport-native-kqueue\4.1.73.Final\netty-transport-native-kqueue-4.1.73.Final.jar;C:\Users\A\.m2\repository\io\netty\netty-transport-native-unix-common\4.1.73.Final\netty-transport-native-unix-common-4.1.73.Final.jar;C:\Users\A\.m2\repository\io\netty\netty-transport\4.1.73.Final\netty-transport-4.1.73.Final.jar;C:\Users\A\.m2\repository\io\netty\netty-resolver\4.1.73.Final\netty-resolver-4.1.73.Final.jar;C:\Users\A\.m2\repository\io\opentelemetry\opentelemetry-api\1.10.1\opentelemetry-api-1.10.1.jar;C:\Users\A\.m2\repository\io\opentelemetry\opentelemetry-context\1.10.1\opentelemetry-context-1.10.1.jar;C:\Users\A\.m2\repository\io\opentelemetry\opentelemetry-exporter-logging\1.10.1\opentelemetry-exporter-logging-1.10.1.jar;C:\Users\A\.m2\repository\io\opentelemetry\opentelemetry-sdk-metrics\1.10.1-alpha\opentelemetry-sdk-metrics-1.10.1-alpha.jar;C:\Users\A\.m2\repository\io\opentelemetry\opentelemetry-sdk-logs\1.10.1-alpha\opentelemetry-sdk-logs-1.10.1-alpha.jar;C:\Users\A\.m2\repository\io\opentelemetry\opentelemetry-sdk-common\1.10.1\opentelemetry-sdk-common-1.10.1.jar;C:\Users\A\.m2\repository\io\opentelemetry\opentelemetry-sdk-extension-autoconfigure-spi\1.10.1\opentelemetry-sdk-extension-autoconfigure-spi-1.10.1.jar;C:\Users\A\.m2\repository\io\opentelemetry\opentelemetry-sdk-extension-autoconfigure\1.10.1-alpha\opentelemetry-sdk-extension-autoconfigure-1.10.1-alpha.jar;C:\Users\A\.m2\repository\io\opentelemetry\opentelemetry-sdk-trace\1.10.1\opentelemetry-sdk-trace-1.10.1.jar;C:\Users\A\.m2\repository\io\opentelemetry\opentelemetry-sdk\1.10.1\opentelemetry-sdk-1.10.1.jar;C:\Users\A\.m2\repository\io\opentelemetry\opentelemetry-semconv\1.10.1-alpha\opentelemetry-semconv-1.10.1-alpha.jar;C:\Users\A\.m2\repository\io\ous\jtoml\2.0.0\jtoml-2.0.0.jar;C:\Users\A\.m2\repository\org\apache\commons\commons-exec\1.3\commons-exec-1.3.jar;C:\Users\A\.m2\repository\org\asynchttpclient\async-http-client\2.12.3\async-http-client-2.12.3.jar;C:\Users\A\.m2\repository\org\asynchttpclient\async-http-client-netty-utils\2.12.3\async-http-client-netty-utils-2.12.3.jar;C:\Users\A\.m2\repository\io\netty\netty-codec-socks\4.1.60.Final\netty-codec-socks-4.1.60.Final.jar;C:\Users\A\.m2\repository\io\netty\netty-handler-proxy\4.1.60.Final\netty-handler-proxy-4.1.60.Final.jar;C:\Users\A\.m2\repository\io\netty\netty-transport-native-epoll\4.1.60.Final\netty-transport-native-epoll-4.1.60.Final-linux-x86_64.jar;C:\Users\A\.m2\repository\io\netty\netty-transport-native-kqueue\4.1.60.Final\netty-transport-native-kqueue-4.1.60.Final-osx-x86_64.jar;C:\Users\A\.m2\repository\org\reactivestreams\reactive-streams\1.0.3\reactive-streams-1.0.3.jar;C:\Users\A\.m2\repository\com\typesafe\netty\netty-reactive-streams\2.0.4\netty-reactive-streams-2.0.4.jar;C:\Users\A\.m2\repository\org\seleniumhq\selenium\selenium-http\4.1.2\selenium-http-4.1.2.jar;C:\Users\A\.m2\repository\net\jodah\failsafe\2.4.4\failsafe-2.4.4.jar;C:\Users\A\.m2\repository\org\seleniumhq\selenium\selenium-safari-driver\4.1.2\selenium-safari-driver-4.1.2.jar;C:\Users\A\.m2\repository\org\seleniumhq\selenium\selenium-api\4.1.2\selenium-api-4.1.2.jar;C:\Users\A\.m2\repository\org\seleniumhq\selenium\selenium-support\4.1.2\selenium-support-4.1.2.jar;C:\Users\A\.m2\repository\com\google\auto\service\auto-service-annotations\1.0.1\auto-service-annotations-1.0.1.jar;C:\Users\A\.m2\repository\com\google\auto\service\auto-service\1.0.1\auto-service-1.0.1.jar;C:\Users\A\.m2\repository\com\google\auto\auto-common\1.2\auto-common-1.2.jar;C:\Users\A\.m2\repository\org\seleniumhq\selenium\selenium-json\4.1.2\selenium-json-4.1.2.jar;C:\Users\A\.m2\repository\org\seleniumhq\selenium\selenium-chrome-driver\4.1.2\selenium-chrome-driver-4.1.2.jar;C:\Users\A\.m2\repository\org\seleniumhq\selenium\selenium-chromium-driver\4.1.2\selenium-chromium-driver-4.1.2.jar;C:\Users\A\.m2\repository\org\seleniumhq\selenium\selenium-firefox-driver\4.1.2\selenium-firefox-driver-4.1.2.jar;C:\Users\A\.m2\repository\org\seleniumhq\selenium\selenium-edge-driver\4.1.2\selenium-edge-driver-4.1.2.jar;C:\Users\A\.m2\repository\org\seleniumhq\selenium\selenium-ie-driver\4.1.2\selenium-ie-driver-4.1.2.jar;C:\Users\A\.m2\repository\org\projectlombok\lombok\1.18.20\lombok-1.18.20.jar;C:\Users\A\.m2\repository\io\appium\java-client\8.0.0\java-client-8.0.0.jar;C:\Users\A\.m2\repository\commons-validator\commons-validator\1.7\commons-validator-1.7.jar;C:\Users\A\.m2\repository\commons-digester\commons-digester\2.1\commons-digester-2.1.jar;C:\Users\A\.m2\repository\org\aspectj\aspectjweaver\1.9.8\aspectjweaver-1.9.8.jar;C:\Users\A\.m2\repository\org\codehaus\groovy\groovy\3.0.10\groovy-3.0.10.jar;C:\Users\A\.m2\repository\net\sf\opencsv\opencsv\2.0\opencsv-2.0.jar;C:\Users\A\.m2\repository\commons-beanutils\commons-beanutils\1.9.4\commons-beanutils-1.9.4.jar;C:\Users\A\.m2\repository\org\apache\commons\commons-lang3\3.12.0\commons-lang3-3.12.0.jar;C:\Users\A\.m2\repository\commons-collections\commons-collections\3.2.2\commons-collections-3.2.2.jar;C:\Users\A\.m2\repository\org\fluentlenium\fluentlenium-core\0.10.2\fluentlenium-core-0.10.2.jar;C:\Users\A\.m2\repository\io\github\bonigarcia\webdrivermanager\5.1.0\webdrivermanager-5.1.0.jar;C:\Users\A\.m2\repository\com\github\docker-java\docker-java\3.2.13\docker-java-3.2.13.jar;C:\Users\A\.m2\repository\com\github\docker-java\docker-java-core\3.2.13\docker-java-core-3.2.13.jar;C:\Users\A\.m2\repository\com\github\docker-java\docker-java-api\3.2.13\docker-java-api-3.2.13.jar;C:\Users\A\.m2\repository\org\apache\commons\commons-compress\1.21\commons-compress-1.21.jar;C:\Users\A\.m2\repository\org\bouncycastle\bcpkix-jdk15on\1.64\bcpkix-jdk15on-1.64.jar;C:\Users\A\.m2\repository\org\bouncycastle\bcprov-jdk15on\1.64\bcprov-jdk15on-1.64.jar;C:\Users\A\.m2\repository\org\slf4j\jcl-over-slf4j\1.7.30\jcl-over-slf4j-1.7.30.jar;C:\Users\A\.m2\repository\com\github\docker-java\docker-java-transport-httpclient5\3.2.13\docker-java-transport-httpclient5-3.2.13.jar;C:\Users\A\.m2\repository\com\github\docker-java\docker-java-transport\3.2.13\docker-java-transport-3.2.13.jar;C:\Users\A\.m2\repository\org\apache\httpcomponents\client5\httpclient5\5.0.3\httpclient5-5.0.3.jar;C:\Users\A\.m2\repository\org\apache\httpcomponents\core5\httpcore5\5.0.2\httpcore5-5.0.2.jar;C:\Users\A\.m2\repository\net\java\dev\jna\jna\5.8.0\jna-5.8.0.jar;C:\Users\A\.m2\repository\org\brotli\dec\0.1.2\dec-0.1.2.jar;C:\Users\A\.m2\repository\com\jhlabs\filters\2.0.235\filters-2.0.235.jar;C:\Users\A\.m2\repository\com\paulhammant\ngwebdriver\1.1.6\ngwebdriver-1.1.6.jar;C:\Users\A\.m2\repository\joda-time\joda-time\2.8.2\joda-time-2.8.2.jar;C:\Users\A\.m2\repository\org\hamcrest\hamcrest\2.2\hamcrest-2.2.jar;C:\Users\A\.m2\repository\com\google\jimfs\jimfs\1.2\jimfs-1.2.jar;C:\Users\A\.m2\repository\org\mockito\mockito-core\3.3.3\mockito-core-3.3.3.jar;C:\Users\A\.m2\repository\javax\xml\bind\jaxb-api\2.3.1\jaxb-api-2.3.1.jar;C:\Users\A\.m2\repository\javax\activation\javax.activation-api\1.2.0\javax.activation-api-1.2.0.jar;C:\Users\A\.m2\repository\com\sun\xml\bind\jaxb-core\2.3.0.1\jaxb-core-2.3.0.1.jar;C:\Users\A\.m2\repository\com\sun\xml\bind\jaxb-impl\2.3.3\jaxb-impl-2.3.3.jar;C:\Users\A\.m2\repository\jakarta\xml\bind\jakarta.xml.bind-api\2.3.3\jakarta.xml.bind-api-2.3.3.jar;C:\Users\A\.m2\repository\com\sun\activation\jakarta.activation\1.2.2\jakarta.activation-1.2.2.jar;C:\Users\A\.m2\repository\javax\activation\activation\1.1.1\activation-1.1.1.jar;C:\Users\A\.m2\repository\net\serenity-bdd\serenity-cucumber\3.2.1\serenity-cucumber-3.2.1.jar;C:\Users\A\.m2\repository\io\cucumber\cucumber-core\7.2.3\cucumber-core-7.2.3.jar;C:\Users\A\.m2\repository\io\cucumber\cucumber-gherkin\7.2.3\cucumber-gherkin-7.2.3.jar;C:\Users\A\.m2\repository\io\cucumber\cucumber-gherkin-messages\7.2.3\cucumber-gherkin-messages-7.2.3.jar;C:\Users\A\.m2\repository\io\cucumber\messages\17.1.1\messages-17.1.1.jar;C:\Users\A\.m2\repository\io\cucumber\tag-expressions\4.1.0\tag-expressions-4.1.0.jar;C:\Users\A\.m2\repository\io\cucumber\cucumber-expressions\15.0.1\cucumber-expressions-15.0.1.jar;C:\Users\A\.m2\repository\io\cucumber\datatable\7.2.3\datatable-7.2.3.jar;C:\Users\A\.m2\repository\io\cucumber\cucumber-plugin\7.2.3\cucumber-plugin-7.2.3.jar;C:\Users\A\.m2\repository\io\cucumber\docstring\7.2.3\docstring-7.2.3.jar;C:\Users\A\.m2\repository\io\cucumber\html-formatter\17.0.0\html-formatter-17.0.0.jar;C:\Users\A\.m2\repository\io\cucumber\ci-environment\8.1.0\ci-environment-8.1.0.jar;C:\Users\A\.m2\repository\io\cucumber\cucumber-junit\7.2.3\cucumber-junit-7.2.3.jar;C:\Users\A\.m2\repository\org\apache\commons\commons-csv\1.5\commons-csv-1.5.jar;C:\Users\A\.m2\repository\net\serenity-bdd\serenity-screenplay\3.2.1\serenity-screenplay-3.2.1.jar;C:\Users\A\.m2\repository\net\serenity-bdd\serenity-screenplay-webdriver\3.2.1\serenity-screenplay-webdriver-3.2.1.jar;C:\Users\A\.m2\repository\net\serenity-bdd\serenity-ensure\3.2.1\serenity-ensure-3.2.1.jar;C:\Users\A\.m2\repository\net\serenity-bdd\serenity-junit\3.2.1\serenity-junit-3.2.1.jar;C:\Users\A\.m2\repository\org\jetbrains\kotlin\kotlin-stdlib\1.6.0\kotlin-stdlib-1.6.0.jar;C:\Users\A\.m2\repository\org\jetbrains\annotations\13.0\annotations-13.0.jar;C:\Users\A\.m2\repository\org\jetbrains\kotlin\kotlin-stdlib-common\1.6.0\kotlin-stdlib-common-1.6.0.jar;C:\Users\A\.m2\repository\org\junit\platform\junit-platform-launcher\1.8.1\junit-platform-launcher-1.8.1.jar;C:\Users\A\.m2\repository\org\junit\platform\junit-platform-engine\1.8.1\junit-platform-engine-1.8.1.jar;C:\Users\A\.m2\repository\org\opentest4j\opentest4j\1.2.0\opentest4j-1.2.0.jar;C:\Users\A\.m2\repository\org\junit\platform\junit-platform-commons\1.8.1\junit-platform-commons-1.8.1.jar;C:\Users\A\.m2\repository\org\apiguardian\apiguardian-api\1.1.2\apiguardian-api-1.1.2.jar;C:\Users\A\.m2\repository\org\junit\vintage\junit-vintage-engine\5.8.2\junit-vintage-engine-5.8.2.jar;C:\Users\A\.m2\repository\junit\junit\4.13.2\junit-4.13.2.jar;C:\Users\A\.m2\repository\org\hamcrest\hamcrest-core\1.3\hamcrest-core-1.3.jar;C:\Users\A\.m2\repository\ch\qos\logback\logback-classic\1.2.10\logback-classic-1.2.10.jar;C:\Users\A\.m2\repository\ch\qos\logback\logback-core\1.2.10\logback-core-1.2.10.jar;C:\Users\A\.m2\repository\org\slf4j\slf4j-api\1.7.32\slf4j-api-1.7.32.jar;C:\Users\A\.m2\repository\org\assertj\assertj-core\3.6.2\assertj-core-3.6.2.jar;"/>
    <property name="sun.cpu.endian" value="little"/>
    <property name="user.home" value="C:\Users\A"/>
    <property name="user.language" value="en"/>
    <property name="java.specification.vendor" value="Oracle Corporation"/>
    <property name="jdk.module.path" value="D:\web-automation-using-serenity\target\web-automation-using-serenity-1.0-SNAPSHOT.jar"/>
    <property name="java.version.date" value="2021-01-19"/>
    <property name="java.home" value="C:\Users\A\.jdks\corretto-15.0.2"/>
    <property name="file.separator" value="\"/>
    <property name="basedir" value="D:\web-automation-using-serenity"/>
    <property name="java.vm.compressedOopsMode" value="32-bit"/>
    <property name="line.separator" value="&#10;"/>
    <property name="java.vm.specification.vendor" value="Oracle Corporation"/>
    <property name="java.specification.name" value="Java Platform API Specification"/>
    <property name="surefire.real.class.path" value="C:\Users\A\.m2\repository\org\apache\maven\surefire\surefire-booter\3.0.0-M5\surefire-booter-3.0.0-M5.jar;C:\Users\A\.m2\repository\org\apache\maven\surefire\surefire-api\3.0.0-M5\surefire-api-3.0.0-M5.jar;C:\Users\A\.m2\repository\org\apache\maven\surefire\surefire-logger-api\3.0.0-M5\surefire-logger-api-3.0.0-M5.jar;C:\Users\A\.m2\repository\org\apache\maven\surefire\surefire-shared-utils\3.0.0-M4\surefire-shared-utils-3.0.0-M4.jar;C:\Users\A\.m2\repository\org\apache\maven\surefire\surefire-extensions-spi\3.0.0-M5\surefire-extensions-spi-3.0.0-M5.jar;D:\web-automation-using-serenity\target\test-classes;C:\Users\A\.m2\repository\net\serenity-bdd\serenity-core\3.2.1\serenity-core-3.2.1.jar;C:\Users\A\.m2\repository\net\serenity-bdd\serenity-model\3.2.1\serenity-model-3.2.1.jar;C:\Users\A\.m2\repository\org\apache\commons\commons-text\1.9\commons-text-1.9.jar;C:\Users\A\.m2\repository\commons-net\commons-net\3.8.0\commons-net-3.8.0.jar;C:\Users\A\.m2\repository\com\google\guava\guava\31.1-jre\guava-31.1-jre.jar;C:\Users\A\.m2\repository\com\google\guava\failureaccess\1.0.1\failureaccess-1.0.1.jar;C:\Users\A\.m2\repository\com\google\guava\listenablefuture\9999.0-empty-to-avoid-conflict-with-guava\listenablefuture-9999.0-empty-to-avoid-conflict-with-guava.jar;C:\Users\A\.m2\repository\com\google\code\findbugs\jsr305\3.0.2\jsr305-3.0.2.jar;C:\Users\A\.m2\repository\org\checkerframework\checker-qual\3.12.0\checker-qual-3.12.0.jar;C:\Users\A\.m2\repository\com\google\errorprone\error_prone_annotations\2.11.0\error_prone_annotations-2.11.0.jar;C:\Users\A\.m2\repository\com\google\j2objc\j2objc-annotations\1.3\j2objc-annotations-1.3.jar;C:\Users\A\.m2\repository\com\google\inject\guice\5.1.0\guice-5.1.0.jar;C:\Users\A\.m2\repository\javax\inject\javax.inject\1\javax.inject-1.jar;C:\Users\A\.m2\repository\aopalliance\aopalliance\1.0\aopalliance-1.0.jar;C:\Users\A\.m2\repository\org\jsoup\jsoup\1.14.3\jsoup-1.14.3.jar;C:\Users\A\.m2\repository\com\thoughtworks\xstream\xstream\1.4.19\xstream-1.4.19.jar;C:\Users\A\.m2\repository\io\github\x-stream\mxparser\1.2.2\mxparser-1.2.2.jar;C:\Users\A\.m2\repository\xmlpull\xmlpull\1.1.3.1\xmlpull-1.1.3.1.jar;C:\Users\A\.m2\repository\io\cucumber\cucumber-java\7.2.3\cucumber-java-7.2.3.jar;C:\Users\A\.m2\repository\com\typesafe\config\1.4.2\config-1.4.2.jar;C:\Users\A\.m2\repository\org\imgscalr\imgscalr-lib\4.2\imgscalr-lib-4.2.jar;C:\Users\A\.m2\repository\org\awaitility\awaitility\4.2.0\awaitility-4.2.0.jar;C:\Users\A\.m2\repository\org\freemarker\freemarker\2.3.31\freemarker-2.3.31.jar;C:\Users\A\.m2\repository\io\github\classgraph\classgraph\4.8.138\classgraph-4.8.138.jar;C:\Users\A\.m2\repository\net\sourceforge\jexcelapi\jxl\2.6.12\jxl-2.6.12.jar;C:\Users\A\.m2\repository\net\bytebuddy\byte-buddy\1.12.8\byte-buddy-1.12.8.jar;C:\Users\A\.m2\repository\net\bytebuddy\byte-buddy-agent\1.12.8\byte-buddy-agent-1.12.8.jar;C:\Users\A\.m2\repository\org\objenesis\objenesis\3.1\objenesis-3.1.jar;C:\Users\A\.m2\repository\net\serenity-bdd\serenity-reports\3.2.1\serenity-reports-3.2.1.jar;C:\Users\A\.m2\repository\net\serenity-bdd\serenity-stats\3.2.1\serenity-stats-3.2.1.jar;C:\Users\A\.m2\repository\net\serenity-bdd\serenity-reports-configuration\3.2.1\serenity-reports-configuration-3.2.1.jar;C:\Users\A\.m2\repository\com\vladsch\flexmark\flexmark-all\0.34.30\flexmark-all-0.34.30.jar;C:\Users\A\.m2\repository\com\vladsch\flexmark\flexmark\0.34.30\flexmark-0.34.30.jar;C:\Users\A\.m2\repository\com\vladsch\flexmark\flexmark-ext-abbreviation\0.34.30\flexmark-ext-abbreviation-0.34.30.jar;C:\Users\A\.m2\repository\com\vladsch\flexmark\flexmark-ext-admonition\0.34.30\flexmark-ext-admonition-0.34.30.jar;C:\Users\A\.m2\repository\com\vladsch\flexmark\flexmark-ext-anchorlink\0.34.30\flexmark-ext-anchorlink-0.34.30.jar;C:\Users\A\.m2\repository\com\vladsch\flexmark\flexmark-ext-aside\0.34.30\flexmark-ext-aside-0.34.30.jar;C:\Users\A\.m2\repository\com\vladsch\flexmark\flexmark-ext-attributes\0.34.30\flexmark-ext-attributes-0.34.30.jar;C:\Users\A\.m2\repository\com\vladsch\flexmark\flexmark-ext-autolink\0.34.30\flexmark-ext-autolink-0.34.30.jar;C:\Users\A\.m2\repository\org\nibor\autolink\autolink\0.6.0\autolink-0.6.0.jar;C:\Users\A\.m2\repository\com\vladsch\flexmark\flexmark-ext-definition\0.34.30\flexmark-ext-definition-0.34.30.jar;C:\Users\A\.m2\repository\com\vladsch\flexmark\flexmark-ext-emoji\0.34.30\flexmark-ext-emoji-0.34.30.jar;C:\Users\A\.m2\repository\com\vladsch\flexmark\flexmark-ext-enumerated-reference\0.34.30\flexmark-ext-enumerated-reference-0.34.30.jar;C:\Users\A\.m2\repository\com\vladsch\flexmark\flexmark-ext-escaped-character\0.34.30\flexmark-ext-escaped-character-0.34.30.jar;C:\Users\A\.m2\repository\com\vladsch\flexmark\flexmark-ext-footnotes\0.34.30\flexmark-ext-footnotes-0.34.30.jar;C:\Users\A\.m2\repository\com\vladsch\flexmark\flexmark-ext-gfm-issues\0.34.30\flexmark-ext-gfm-issues-0.34.30.jar;C:\Users\A\.m2\repository\com\vladsch\flexmark\flexmark-ext-gfm-strikethrough\0.34.30\flexmark-ext-gfm-strikethrough-0.34.30.jar;C:\Users\A\.m2\repository\com\vladsch\flexmark\flexmark-ext-gfm-tables\0.34.30\flexmark-ext-gfm-tables-0.34.30.jar;C:\Users\A\.m2\repository\com\vladsch\flexmark\flexmark-ext-gfm-tasklist\0.34.30\flexmark-ext-gfm-tasklist-0.34.30.jar;C:\Users\A\.m2\repository\com\vladsch\flexmark\flexmark-ext-gfm-users\0.34.30\flexmark-ext-gfm-users-0.34.30.jar;C:\Users\A\.m2\repository\com\vladsch\flexmark\flexmark-ext-gitlab\0.34.30\flexmark-ext-gitlab-0.34.30.jar;C:\Users\A\.m2\repository\com\vladsch\flexmark\flexmark-ext-jekyll-front-matter\0.34.30\flexmark-ext-jekyll-front-matter-0.34.30.jar;C:\Users\A\.m2\repository\com\vladsch\flexmark\flexmark-ext-jekyll-tag\0.34.30\flexmark-ext-jekyll-tag-0.34.30.jar;C:\Users\A\.m2\repository\com\vladsch\flexmark\flexmark-ext-media-tags\0.34.30\flexmark-ext-media-tags-0.34.30.jar;C:\Users\A\.m2\repository\com\vladsch\flexmark\flexmark-test-util\0.34.30\flexmark-test-util-0.34.30.jar;C:\Users\A\.m2\repository\com\vladsch\flexmark\flexmark-ext-ins\0.34.30\flexmark-ext-ins-0.34.30.jar;C:\Users\A\.m2\repository\com\vladsch\flexmark\flexmark-ext-xwiki-macros\0.34.30\flexmark-ext-xwiki-macros-0.34.30.jar;C:\Users\A\.m2\repository\com\vladsch\flexmark\flexmark-ext-superscript\0.34.30\flexmark-ext-superscript-0.34.30.jar;C:\Users\A\.m2\repository\com\vladsch\flexmark\flexmark-ext-tables\0.34.30\flexmark-ext-tables-0.34.30.jar;C:\Users\A\.m2\repository\com\vladsch\flexmark\flexmark-ext-toc\0.34.30\flexmark-ext-toc-0.34.30.jar;C:\Users\A\.m2\repository\com\vladsch\flexmark\flexmark-ext-typographic\0.34.30\flexmark-ext-typographic-0.34.30.jar;C:\Users\A\.m2\repository\com\vladsch\flexmark\flexmark-ext-wikilink\0.34.30\flexmark-ext-wikilink-0.34.30.jar;C:\Users\A\.m2\repository\com\vladsch\flexmark\flexmark-ext-yaml-front-matter\0.34.30\flexmark-ext-yaml-front-matter-0.34.30.jar;C:\Users\A\.m2\repository\com\vladsch\flexmark\flexmark-ext-youtube-embedded\0.34.30\flexmark-ext-youtube-embedded-0.34.30.jar;C:\Users\A\.m2\repository\com\vladsch\flexmark\flexmark-formatter\0.34.30\flexmark-formatter-0.34.30.jar;C:\Users\A\.m2\repository\com\vladsch\flexmark\flexmark-html-parser\0.34.30\flexmark-html-parser-0.34.30.jar;C:\Users\A\.m2\repository\com\vladsch\flexmark\flexmark-jira-converter\0.34.30\flexmark-jira-converter-0.34.30.jar;C:\Users\A\.m2\repository\com\vladsch\flexmark\flexmark-pdf-converter\0.34.30\flexmark-pdf-converter-0.34.30.jar;C:\Users\A\.m2\repository\com\openhtmltopdf\openhtmltopdf-core\0.0.1-RC13\openhtmltopdf-core-0.0.1-RC13.jar;C:\Users\A\.m2\repository\com\openhtmltopdf\openhtmltopdf-pdfbox\0.0.1-RC13\openhtmltopdf-pdfbox-0.0.1-RC13.jar;C:\Users\A\.m2\repository\org\apache\pdfbox\pdfbox\2.0.8\pdfbox-2.0.8.jar;C:\Users\A\.m2\repository\org\apache\pdfbox\fontbox\2.0.8\fontbox-2.0.8.jar;C:\Users\A\.m2\repository\commons-logging\commons-logging\1.2\commons-logging-1.2.jar;C:\Users\A\.m2\repository\org\apache\pdfbox\xmpbox\2.0.8\xmpbox-2.0.8.jar;C:\Users\A\.m2\repository\de\rototor\pdfbox\graphics2d\0.12\graphics2d-0.12.jar;C:\Users\A\.m2\repository\com\openhtmltopdf\openhtmltopdf-rtl-support\0.0.1-RC13\openhtmltopdf-rtl-support-0.0.1-RC13.jar;C:\Users\A\.m2\repository\com\ibm\icu\icu4j\59.1\icu4j-59.1.jar;C:\Users\A\.m2\repository\com\openhtmltopdf\openhtmltopdf-jsoup-dom-converter\0.0.1-RC13\openhtmltopdf-jsoup-dom-converter-0.0.1-RC13.jar;C:\Users\A\.m2\repository\com\vladsch\flexmark\flexmark-profile-pegdown\0.34.30\flexmark-profile-pegdown-0.34.30.jar;C:\Users\A\.m2\repository\com\vladsch\flexmark\flexmark-util\0.34.30\flexmark-util-0.34.30.jar;C:\Users\A\.m2\repository\com\vladsch\flexmark\flexmark-youtrack-converter\0.34.30\flexmark-youtrack-converter-0.34.30.jar;C:\Users\A\.m2\repository\es\nitaur\markdown\txtmark\0.16\txtmark-0.16.jar;C:\Users\A\.m2\repository\net\serenity-bdd\serenity-report-resources\3.2.1\serenity-report-resources-3.2.1.jar;C:\Users\A\.m2\repository\com\google\code\gson\gson\2.9.0\gson-2.9.0.jar;C:\Users\A\.m2\repository\com\fasterxml\jackson\core\jackson-core\2.13.2\jackson-core-2.13.2.jar;C:\Users\A\.m2\repository\com\fasterxml\jackson\core\jackson-databind\2.13.2\jackson-databind-2.13.2.jar;C:\Users\A\.m2\repository\com\fasterxml\jackson\core\jackson-annotations\2.13.2\jackson-annotations-2.13.2.jar;C:\Users\A\.m2\repository\commons-codec\commons-codec\1.15\commons-codec-1.15.jar;C:\Users\A\.m2\repository\commons-io\commons-io\2.11.0\commons-io-2.11.0.jar;C:\Users\A\.m2\repository\org\seleniumhq\selenium\selenium-java\4.1.2\selenium-java-4.1.2.jar;C:\Users\A\.m2\repository\org\seleniumhq\selenium\selenium-devtools-v85\4.1.2\selenium-devtools-v85-4.1.2.jar;C:\Users\A\.m2\repository\org\seleniumhq\selenium\selenium-devtools-v95\4.1.2\selenium-devtools-v95-4.1.2.jar;C:\Users\A\.m2\repository\org\seleniumhq\selenium\selenium-devtools-v96\4.1.2\selenium-devtools-v96-4.1.2.jar;C:\Users\A\.m2\repository\org\seleniumhq\selenium\selenium-devtools-v97\4.1.2\selenium-devtools-v97-4.1.2.jar;C:\Users\A\.m2\repository\org\seleniumhq\selenium\selenium-firefox-xpi-driver\4.1.2\selenium-firefox-xpi-driver-4.1.2.jar;C:\Users\A\.m2\repository\org\seleniumhq\selenium\selenium-opera-driver\4.1.2\selenium-opera-driver-4.1.2.jar;C:\Users\A\.m2\repository\org\seleniumhq\selenium\selenium-remote-driver\4.1.2\selenium-remote-driver-4.1.2.jar;C:\Users\A\.m2\repository\com\beust\jcommander\1.82\jcommander-1.82.jar;C:\Users\A\.m2\repository\io\netty\netty-buffer\4.1.73.Final\netty-buffer-4.1.73.Final.jar;C:\Users\A\.m2\repository\io\netty\netty-codec-http\4.1.73.Final\netty-codec-http-4.1.73.Final.jar;C:\Users\A\.m2\repository\io\netty\netty-codec\4.1.73.Final\netty-codec-4.1.73.Final.jar;C:\Users\A\.m2\repository\io\netty\netty-handler\4.1.73.Final\netty-handler-4.1.73.Final.jar;C:\Users\A\.m2\repository\io\netty\netty-tcnative-classes\2.0.46.Final\netty-tcnative-classes-2.0.46.Final.jar;C:\Users\A\.m2\repository\io\netty\netty-common\4.1.73.Final\netty-common-4.1.73.Final.jar;C:\Users\A\.m2\repository\io\netty\netty-transport-classes-epoll\4.1.73.Final\netty-transport-classes-epoll-4.1.73.Final.jar;C:\Users\A\.m2\repository\io\netty\netty-transport-classes-kqueue\4.1.73.Final\netty-transport-classes-kqueue-4.1.73.Final.jar;C:\Users\A\.m2\repository\io\netty\netty-transport-native-epoll\4.1.73.Final\netty-transport-native-epoll-4.1.73.Final.jar;C:\Users\A\.m2\repository\io\netty\netty-transport-native-kqueue\4.1.73.Final\netty-transport-native-kqueue-4.1.73.Final.jar;C:\Users\A\.m2\repository\io\netty\netty-transport-native-unix-common\4.1.73.Final\netty-transport-native-unix-common-4.1.73.Final.jar;C:\Users\A\.m2\repository\io\netty\netty-transport\4.1.73.Final\netty-transport-4.1.73.Final.jar;C:\Users\A\.m2\repository\io\netty\netty-resolver\4.1.73.Final\netty-resolver-4.1.73.Final.jar;C:\Users\A\.m2\repository\io\opentelemetry\opentelemetry-api\1.10.1\opentelemetry-api-1.10.1.jar;C:\Users\A\.m2\repository\io\opentelemetry\opentelemetry-context\1.10.1\opentelemetry-context-1.10.1.jar;C:\Users\A\.m2\repository\io\opentelemetry\opentelemetry-exporter-logging\1.10.1\opentelemetry-exporter-logging-1.10.1.jar;C:\Users\A\.m2\repository\io\opentelemetry\opentelemetry-sdk-metrics\1.10.1-alpha\opentelemetry-sdk-metrics-1.10.1-alpha.jar;C:\Users\A\.m2\repository\io\opentelemetry\opentelemetry-sdk-logs\1.10.1-alpha\opentelemetry-sdk-logs-1.10.1-alpha.jar;C:\Users\A\.m2\repository\io\opentelemetry\opentelemetry-sdk-common\1.10.1\opentelemetry-sdk-common-1.10.1.jar;C:\Users\A\.m2\repository\io\opentelemetry\opentelemetry-sdk-extension-autoconfigure-spi\1.10.1\opentelemetry-sdk-extension-autoconfigure-spi-1.10.1.jar;C:\Users\A\.m2\repository\io\opentelemetry\opentelemetry-sdk-extension-autoconfigure\1.10.1-alpha\opentelemetry-sdk-extension-autoconfigure-1.10.1-alpha.jar;C:\Users\A\.m2\repository\io\opentelemetry\opentelemetry-sdk-trace\1.10.1\opentelemetry-sdk-trace-1.10.1.jar;C:\Users\A\.m2\repository\io\opentelemetry\opentelemetry-sdk\1.10.1\opentelemetry-sdk-1.10.1.jar;C:\Users\A\.m2\repository\io\opentelemetry\opentelemetry-semconv\1.10.1-alpha\opentelemetry-semconv-1.10.1-alpha.jar;C:\Users\A\.m2\repository\io\ous\jtoml\2.0.0\jtoml-2.0.0.jar;C:\Users\A\.m2\repository\org\apache\commons\commons-exec\1.3\commons-exec-1.3.jar;C:\Users\A\.m2\repository\org\asynchttpclient\async-http-client\2.12.3\async-http-client-2.12.3.jar;C:\Users\A\.m2\repository\org\asynchttpclient\async-http-client-netty-utils\2.12.3\async-http-client-netty-utils-2.12.3.jar;C:\Users\A\.m2\repository\io\netty\netty-codec-socks\4.1.60.Final\netty-codec-socks-4.1.60.Final.jar;C:\Users\A\.m2\repository\io\netty\netty-handler-proxy\4.1.60.Final\netty-handler-proxy-4.1.60.Final.jar;C:\Users\A\.m2\repository\io\netty\netty-transport-native-epoll\4.1.60.Final\netty-transport-native-epoll-4.1.60.Final-linux-x86_64.jar;C:\Users\A\.m2\repository\io\netty\netty-transport-native-kqueue\4.1.60.Final\netty-transport-native-kqueue-4.1.60.Final-osx-x86_64.jar;C:\Users\A\.m2\repository\org\reactivestreams\reactive-streams\1.0.3\reactive-streams-1.0.3.jar;C:\Users\A\.m2\repository\com\typesafe\netty\netty-reactive-streams\2.0.4\netty-reactive-streams-2.0.4.jar;C:\Users\A\.m2\repository\org\seleniumhq\selenium\selenium-http\4.1.2\selenium-http-4.1.2.jar;C:\Users\A\.m2\repository\net\jodah\failsafe\2.4.4\failsafe-2.4.4.jar;C:\Users\A\.m2\repository\org\seleniumhq\selenium\selenium-safari-driver\4.1.2\selenium-safari-driver-4.1.2.jar;C:\Users\A\.m2\repository\org\seleniumhq\selenium\selenium-api\4.1.2\selenium-api-4.1.2.jar;C:\Users\A\.m2\repository\org\seleniumhq\selenium\selenium-support\4.1.2\selenium-support-4.1.2.jar;C:\Users\A\.m2\repository\com\google\auto\service\auto-service-annotations\1.0.1\auto-service-annotations-1.0.1.jar;C:\Users\A\.m2\repository\com\google\auto\service\auto-service\1.0.1\auto-service-1.0.1.jar;C:\Users\A\.m2\repository\com\google\auto\auto-common\1.2\auto-common-1.2.jar;C:\Users\A\.m2\repository\org\seleniumhq\selenium\selenium-json\4.1.2\selenium-json-4.1.2.jar;C:\Users\A\.m2\repository\org\seleniumhq\selenium\selenium-chrome-driver\4.1.2\selenium-chrome-driver-4.1.2.jar;C:\Users\A\.m2\repository\org\seleniumhq\selenium\selenium-chromium-driver\4.1.2\selenium-chromium-driver-4.1.2.jar;C:\Users\A\.m2\repository\org\seleniumhq\selenium\selenium-firefox-driver\4.1.2\selenium-firefox-driver-4.1.2.jar;C:\Users\A\.m2\repository\org\seleniumhq\selenium\selenium-edge-driver\4.1.2\selenium-edge-driver-4.1.2.jar;C:\Users\A\.m2\repository\org\seleniumhq\selenium\selenium-ie-driver\4.1.2\selenium-ie-driver-4.1.2.jar;C:\Users\A\.m2\repository\org\projectlombok\lombok\1.18.20\lombok-1.18.20.jar;C:\Users\A\.m2\repository\io\appium\java-client\8.0.0\java-client-8.0.0.jar;C:\Users\A\.m2\repository\commons-validator\commons-validator\1.7\commons-validator-1.7.jar;C:\Users\A\.m2\repository\commons-digester\commons-digester\2.1\commons-digester-2.1.jar;C:\Users\A\.m2\repository\org\aspectj\aspectjweaver\1.9.8\aspectjweaver-1.9.8.jar;C:\Users\A\.m2\repository\org\codehaus\groovy\groovy\3.0.10\groovy-3.0.10.jar;C:\Users\A\.m2\repository\net\sf\opencsv\opencsv\2.0\opencsv-2.0.jar;C:\Users\A\.m2\repository\commons-beanutils\commons-beanutils\1.9.4\commons-beanutils-1.9.4.jar;C:\Users\A\.m2\repository\org\apache\commons\commons-lang3\3.12.0\commons-lang3-3.12.0.jar;C:\Users\A\.m2\repository\commons-collections\commons-collections\3.2.2\commons-collections-3.2.2.jar;C:\Users\A\.m2\repository\org\fluentlenium\fluentlenium-core\0.10.2\fluentlenium-core-0.10.2.jar;C:\Users\A\.m2\repository\io\github\bonigarcia\webdrivermanager\5.1.0\webdrivermanager-5.1.0.jar;C:\Users\A\.m2\repository\com\github\docker-java\docker-java\3.2.13\docker-java-3.2.13.jar;C:\Users\A\.m2\repository\com\github\docker-java\docker-java-core\3.2.13\docker-java-core-3.2.13.jar;C:\Users\A\.m2\repository\com\github\docker-java\docker-java-api\3.2.13\docker-java-api-3.2.13.jar;C:\Users\A\.m2\repository\org\apache\commons\commons-compress\1.21\commons-compress-1.21.jar;C:\Users\A\.m2\repository\org\bouncycastle\bcpkix-jdk15on\1.64\bcpkix-jdk15on-1.64.jar;C:\Users\A\.m2\repository\org\bouncycastle\bcprov-jdk15on\1.64\bcprov-jdk15on-1.64.jar;C:\Users\A\.m2\repository\org\slf4j\jcl-over-slf4j\1.7.30\jcl-over-slf4j-1.7.30.jar;C:\Users\A\.m2\repository\com\github\docker-java\docker-java-transport-httpclient5\3.2.13\docker-java-transport-httpclient5-3.2.13.jar;C:\Users\A\.m2\repository\com\github\docker-java\docker-java-transport\3.2.13\docker-java-transport-3.2.13.jar;C:\Users\A\.m2\repository\org\apache\httpcomponents\client5\httpclient5\5.0.3\httpclient5-5.0.3.jar;C:\Users\A\.m2\repository\org\apache\httpcomponents\core5\httpcore5\5.0.2\httpcore5-5.0.2.jar;C:\Users\A\.m2\repository\net\java\dev\jna\jna\5.8.0\jna-5.8.0.jar;C:\Users\A\.m2\repository\org\brotli\dec\0.1.2\dec-0.1.2.jar;C:\Users\A\.m2\repository\com\jhlabs\filters\2.0.235\filters-2.0.235.jar;C:\Users\A\.m2\repository\com\paulhammant\ngwebdriver\1.1.6\ngwebdriver-1.1.6.jar;C:\Users\A\.m2\repository\joda-time\joda-time\2.8.2\joda-time-2.8.2.jar;C:\Users\A\.m2\repository\org\hamcrest\hamcrest\2.2\hamcrest-2.2.jar;C:\Users\A\.m2\repository\com\google\jimfs\jimfs\1.2\jimfs-1.2.jar;C:\Users\A\.m2\repository\org\mockito\mockito-core\3.3.3\mockito-core-3.3.3.jar;C:\Users\A\.m2\repository\javax\xml\bind\jaxb-api\2.3.1\jaxb-api-2.3.1.jar;C:\Users\A\.m2\repository\javax\activation\javax.activation-api\1.2.0\javax.activation-api-1.2.0.jar;C:\Users\A\.m2\repository\com\sun\xml\bind\jaxb-core\2.3.0.1\jaxb-core-2.3.0.1.jar;C:\Users\A\.m2\repository\com\sun\xml\bind\jaxb-impl\2.3.3\jaxb-impl-2.3.3.jar;C:\Users\A\.m2\repository\jakarta\xml\bind\jakarta.xml.bind-api\2.3.3\jakarta.xml.bind-api-2.3.3.jar;C:\Users\A\.m2\repository\com\sun\activation\jakarta.activation\1.2.2\jakarta.activation-1.2.2.jar;C:\Users\A\.m2\repository\javax\activation\activation\1.1.1\activation-1.1.1.jar;C:\Users\A\.m2\repository\net\serenity-bdd\serenity-cucumber\3.2.1\serenity-cucumber-3.2.1.jar;C:\Users\A\.m2\repository\io\cucumber\cucumber-core\7.2.3\cucumber-core-7.2.3.jar;C:\Users\A\.m2\repository\io\cucumber\cucumber-gherkin\7.2.3\cucumber-gherkin-7.2.3.jar;C:\Users\A\.m2\repository\io\cucumber\cucumber-gherkin-messages\7.2.3\cucumber-gherkin-messages-7.2.3.jar;C:\Users\A\.m2\repository\io\cucumber\messages\17.1.1\messages-17.1.1.jar;C:\Users\A\.m2\repository\io\cucumber\tag-expressions\4.1.0\tag-expressions-4.1.0.jar;C:\Users\A\.m2\repository\io\cucumber\cucumber-expressions\15.0.1\cucumber-expressions-15.0.1.jar;C:\Users\A\.m2\repository\io\cucumber\datatable\7.2.3\datatable-7.2.3.jar;C:\Users\A\.m2\repository\io\cucumber\cucumber-plugin\7.2.3\cucumber-plugin-7.2.3.jar;C:\Users\A\.m2\repository\io\cucumber\docstring\7.2.3\docstring-7.2.3.jar;C:\Users\A\.m2\repository\io\cucumber\html-formatter\17.0.0\html-formatter-17.0.0.jar;C:\Users\A\.m2\repository\io\cucumber\ci-environment\8.1.0\ci-environment-8.1.0.jar;C:\Users\A\.m2\repository\io\cucumber\cucumber-junit\7.2.3\cucumber-junit-7.2.3.jar;C:\Users\A\.m2\repository\org\apache\commons\commons-csv\1.5\commons-csv-1.5.jar;C:\Users\A\.m2\repository\net\serenity-bdd\serenity-screenplay\3.2.1\serenity-screenplay-3.2.1.jar;C:\Users\A\.m2\repository\net\serenity-bdd\serenity-screenplay-webdriver\3.2.1\serenity-screenplay-webdriver-3.2.1.jar;C:\Users\A\.m2\repository\net\serenity-bdd\serenity-ensure\3.2.1\serenity-ensure-3.2.1.jar;C:\Users\A\.m2\repository\net\serenity-bdd\serenity-junit\3.2.1\serenity-junit-3.2.1.jar;C:\Users\A\.m2\repository\org\jetbrains\kotlin\kotlin-stdlib\1.6.0\kotlin-stdlib-1.6.0.jar;C:\Users\A\.m2\repository\org\jetbrains\annotations\13.0\annotations-13.0.jar;C:\Users\A\.m2\repository\org\jetbrains\kotlin\kotlin-stdlib-common\1.6.0\kotlin-stdlib-common-1.6.0.jar;C:\Users\A\.m2\repository\org\junit\platform\junit-platform-launcher\1.8.1\junit-platform-launcher-1.8.1.jar;C:\Users\A\.m2\repository\org\junit\platform\junit-platform-engine\1.8.1\junit-platform-engine-1.8.1.jar;C:\Users\A\.m2\repository\org\opentest4j\opentest4j\1.2.0\opentest4j-1.2.0.jar;C:\Users\A\.m2\repository\org\junit\platform\junit-platform-commons\1.8.1\junit-platform-commons-1.8.1.jar;C:\Users\A\.m2\repository\org\apiguardian\apiguardian-api\1.1.2\apiguardian-api-1.1.2.jar;C:\Users\A\.m2\repository\org\junit\vintage\junit-vintage-engine\5.8.2\junit-vintage-engine-5.8.2.jar;C:\Users\A\.m2\repository\junit\junit\4.13.2\junit-4.13.2.jar;C:\Users\A\.m2\repository\org\hamcrest\hamcrest-core\1.3\hamcrest-core-1.3.jar;C:\Users\A\.m2\repository\ch\qos\logback\logback-classic\1.2.10\logback-classic-1.2.10.jar;C:\Users\A\.m2\repository\ch\qos\logback\logback-core\1.2.10\logback-core-1.2.10.jar;C:\Users\A\.m2\repository\org\slf4j\slf4j-api\1.7.32\slf4j-api-1.7.32.jar;C:\Users\A\.m2\repository\org\assertj\assertj-core\3.6.2\assertj-core-3.6.2.jar;C:\Users\A\.m2\repository\org\apache\maven\surefire\surefire-junit-platform\3.0.0-M5\surefire-junit-platform-3.0.0-M5.jar;C:\Users\A\.m2\repository\org\apache\maven\surefire\common-java5\3.0.0-M5\common-java5-3.0.0-M5.jar"/>
    <property name="user.script" value=""/>
    <property name="java.protocol.handler.pkgs" value="com.google.common"/>
    <property name="sun.management.compiler" value="HotSpot 64-Bit Tiered Compilers"/>
    <property name="java.runtime.version" value="15.0.2+7"/>
    <property name="user.name" value="A"/>
    <property name="path.separator" value=";"/>
    <property name="os.version" value="10.0"/>
    <property name="java.runtime.name" value="OpenJDK Runtime Environment"/>
    <property name="file.encoding" value="Cp1252"/>
    <property name="webdriver.base.url" value=""/>
    <property name="java.vm.name" value="OpenJDK 64-Bit Server VM"/>
    <property name="java.vendor.version" value="Corretto-15.0.2.7.1"/>
    <property name="localRepository" value="C:\Users\A\.m2\repository"/>
    <property name="java.vendor.url.bug" value="https://github.com/corretto/corretto-jdk/issues/"/>
    <property name="java.io.tmpdir" value="C:\Users\A\AppData\Local\Temp\"/>
    <property name="idea.version" value="2021.3.2"/>
    <property name="java.version" value="15.0.2"/>
    <property name="user.dir" value="D:\web-automation-using-serenity"/>
    <property name="os.arch" value="amd64"/>
    <property name="java.vm.specification.name" value="Java Virtual Machine Specification"/>
    <property name="sun.os.patch.level" value=""/>
    <property name="java.library.path" value="C:\Users\A\.jdks\corretto-15.0.2\bin;C:\Windows\Sun\Java\bin;C:\Windows\system32;C:\Windows;C:\Windows\system32;C:\Windows;C:\Windows\System32\Wbem;C:\Windows\System32\WindowsPowerShell\v1.0\;C:\Windows\System32\OpenSSH\;C:\Program Files\Java\jdk-15.0.2;C:\Program Files\nodejs\;C:\Program Files\Android\Android Studio\bin;&quot;C:\Program Files\Android\Android Studio\tools;C:\Program Files\Android\Android Studio\platform-tools;C:\Program Files\Java\jdk-15.0.2\bin&quot;;C:\Users\A\AppData\Local\Android\Sdk\build-tools;C:\Users\A\AppData\Local\Android\Sdk\cmdline-tools;C:\Users\A\AppData\Local\Android\Sdk\emulator;C:\Users\A\AppData\Local\Android\Sdk\platforms;C:\Users\A\AppData\Local\Android\Sdk\platform-tools;C:\Users\A\AppData\Local\Android\Sdk\tools;C:\Program Files\Android\Android Studio\jre\bin;C:\Program Files\Git\bin\;C:\Program Files\Git\cmd\;C:\Program Files\JetBrains\IntelliJ IDEA Community Edition 2021.3.2\plugins\maven\lib\maven3\bin;C:\Program Files\JetBrains\IntelliJ IDEA Community Edition 2021.3.2\plugins\maven\lib\maven3\bin;C:\Users\A\AppData\Local\Programs\Python\Python310\Scripts\;C:\Users\A\AppData\Local\Programs\Python\Python310\;C:\Users\A\AppData\Local\Microsoft\WindowsApps;C:\Users\A\AppData\Local\Programs\Microsoft VS Code\bin;C:\Users\A\AppData\Roaming\npm;C:\Program Files\Java\jdk-15.0.2;C:\Program Files (x86);;."/>
    <property name="java.vm.info" value="mixed mode"/>
    <property name="java.vendor" value="Amazon.com Inc."/>
    <property name="java.vm.version" value="15.0.2+7"/>
    <property name="sun.io.unicode.encoding" value="UnicodeLittle"/>
    <property name="java.class.version" value="59.0"/>
  </properties>
  <testcase name="As a user I have to be able order product" classname="Home" time="76.085">
    <system-out><![CDATA[00:32:00.404 [main] INFO io.cucumber.core.plugin.SerenityReporter - Running feature from file:///D:/web-automation-using-serenity/src/test/resources/features/Home.feature
00:32:00.935 [main] INFO  - 

-------------------------------------------------------------------------------------
     _______. _______ .______       _______ .__   __.  __  .___________.____    ____ 
    /       ||   ____||   _  \     |   ____||  \ |  | |  | |           |\   \  /   / 
   |   (----`|  |__   |  |_)  |    |  |__   |   \|  | |  | `---|  |----` \   \/   /  
    \   \    |   __|  |      /     |   __|  |  . `  | |  |     |  |       \_    _/   
.----)   |   |  |____ |  |\  \----.|  |____ |  |\   | |  |     |  |         |  |     
|_______/    |_______|| _| `._____||_______||__| \__| |__|     |__|         |__|    
                                                                                     
 News and tutorials at http://www.serenity-bdd.info                                  
 Documentation at https://wakaleo.gitbooks.io/the-serenity-book/content/             
 Join the Serenity Community on Gitter: https://gitter.im/serenity-bdd/serenity-core 
 Serenity BDD Support and Training at http://serenity-bdd.info/#/trainingandsupport  
-------------------------------------------------------------------------------------

00:32:00.951 [main] DEBUG net.thucydides.core.steps.StepEventBus - Test suite started for story net.thucydides.core.model.Story@b16b2c08
00:32:00.951 [main] INFO  - Test Suite Started: Home
00:32:01.014 [main] INFO io.cucumber.core.plugin.SerenityReporter - Running feature from file:///D:/web-automation-using-serenity/src/test/resources/features/Login.feature
00:32:01.029 [main] DEBUG net.thucydides.core.steps.StepEventBus - Test suite started for story net.thucydides.core.model.Story@23282f08
00:32:01.029 [main] INFO  - Test Suite Started: Login
00:32:01.029 [main] INFO io.cucumber.core.plugin.SerenityReporter - Running feature from file:///D:/web-automation-using-serenity/src/test/resources/features/Logout.feature
00:32:01.060 [main] DEBUG net.thucydides.core.steps.StepEventBus - Test suite started for story net.thucydides.core.model.Story@7960de68
00:32:01.060 [main] INFO  - Test Suite Started: Logout
00:32:01.060 [main] INFO io.cucumber.core.plugin.SerenityReporter - Running feature from file:///D:/web-automation-using-serenity/src/test/resources/features/Order.feature
00:32:01.092 [main] DEBUG net.thucydides.core.steps.StepEventBus - Test suite started for story net.thucydides.core.model.Story@cc4b76a8
00:32:01.092 [main] INFO  - Test Suite Started: Order
00:32:01.092 [main] INFO io.cucumber.core.plugin.SerenityReporter - Running feature from file:///D:/web-automation-using-serenity/src/test/resources/features/Register.feature
00:32:01.107 [main] DEBUG net.thucydides.core.steps.StepEventBus - Test suite started for story net.thucydides.core.model.Story@30e75088
00:32:01.107 [main] INFO  - Test Suite Started: Register
00:32:01.107 [main] INFO io.cucumber.core.plugin.SerenityReporter - Running feature from file:///D:/web-automation-using-serenity/src/test/resources/features/Home.feature
00:32:01.123 [main] DEBUG net.thucydides.core.steps.StepEventBus - Test suite started for story net.thucydides.core.model.Story@b16b2c08
00:32:01.123 [main] INFO  - Test Suite Started: Home

Scenario: As a user I have to be able order product &amp#27;[90m# src/test/resources/features/Home.feature:5&amp#27;[0m
00:32:01.686 [main] INFO io.cucumber.core.plugin.SerenityReporter - Running feature from file:///D:/web-automation-using-serenity/src/test/resources/features/Home.feature
00:32:02.045 [main] INFO  - 
  _____   ___   ___   _____     ___   _____     _     ___   _____   ___   ___  
 |_   _| | __| / __| |_   _|   / __| |_   _|   /_\   | _ \ |_   _| | __| |   \ 
   | |   | _|  \__ \   | |     \__ \   | |    / _ \  |   /   | |   | _|  | |) |
   |_|   |___| |___/   |_|     |___/   |_|   /_/ \_\ |_|_\   |_|   |___| |___/ 

As a user I have to be able order product(home;as-a-user-i-have-to-be-able-order-product)
--------------------------------------------------------------------------------
00:32:05.003 [main] DEBUG net.thucydides.core.steps.StepInterceptor - STARTING STEP: HomeSteps.iAmOnTheHomePages - openUrl
00:32:05.143 [main] INFO net.serenitybdd.core.webdriver.driverproviders.ChromeDriverProvider - Using automatically driver download
00:32:07.869 [main] DEBUG io.github.bonigarcia.wdm.cache.ResolutionCache - Removing resolution chrome=101 from cache (expired on Fri May 13 21:37:05 WIB 2022)
00:32:07.932 [main] DEBUG org.apache.hc.client5.http.impl.classic.InternalHttpClient - ex-00000001: preparing request execution
00:32:07.947 [main] DEBUG org.apache.hc.client5.http.protocol.RequestAddCookies - Cookie spec selected: strict
00:32:07.963 [main] DEBUG org.apache.hc.client5.http.protocol.RequestAuthCache - Auth cache not set in the context
00:32:07.963 [main] DEBUG org.apache.hc.client5.http.impl.classic.ProtocolExec - ex-00000001: target auth state: UNCHALLENGED
00:32:07.963 [main] DEBUG org.apache.hc.client5.http.impl.classic.ProtocolExec - ex-00000001: proxy auth state: UNCHALLENGED
00:32:07.963 [main] DEBUG org.apache.hc.client5.http.impl.classic.ConnectExec - ex-00000001: acquiring connection with route {s}->https://raw.githubusercontent.com:443
00:32:07.963 [main] DEBUG org.apache.hc.client5.http.impl.classic.InternalHttpClient - ex-00000001: acquiring endpoint (3 MINUTES)
00:32:07.963 [main] DEBUG org.apache.hc.client5.http.impl.io.PoolingHttpClientConnectionManager - ex-00000001: endpoint lease request (3 MINUTES) [route: {s}->https://raw.githubusercontent.com:443][total available: 0; route allocated: 0 of 5; total allocated: 0 of 25]
00:32:07.979 [main] DEBUG org.apache.hc.client5.http.impl.io.PoolingHttpClientConnectionManager - ex-00000001: endpoint leased [route: {s}->https://raw.githubusercontent.com:443][total available: 0; route allocated: 1 of 5; total allocated: 1 of 25]
00:32:08.010 [main] DEBUG org.apache.hc.client5.http.impl.io.PoolingHttpClientConnectionManager - ex-00000001: acquired ep-00000000
00:32:08.010 [main] DEBUG org.apache.hc.client5.http.impl.classic.InternalHttpClient - ex-00000001: acquired endpoint ep-00000000
00:32:08.010 [main] DEBUG org.apache.hc.client5.http.impl.classic.ConnectExec - ex-00000001: opening connection {s}->https://raw.githubusercontent.com:443
00:32:08.010 [main] DEBUG org.apache.hc.client5.http.impl.classic.InternalHttpClient - ep-00000000: connecting endpoint (30 SECONDS)
00:32:08.010 [main] DEBUG org.apache.hc.client5.http.impl.io.PoolingHttpClientConnectionManager - ep-00000000: connecting endpoint to https://raw.githubusercontent.com:443 (30 SECONDS)
00:32:08.543 [main] DEBUG org.apache.hc.client5.http.impl.io.DefaultHttpClientConnectionOperator - http-outgoing-0: connecting to raw.githubusercontent.com/185.199.111.133:443
00:32:08.543 [main] DEBUG org.apache.hc.client5.http.ssl.SSLConnectionSocketFactory - Connecting socket to raw.githubusercontent.com/185.199.111.133:443 with timeout 30 SECONDS
00:32:08.809 [main] DEBUG org.apache.hc.client5.http.ssl.SSLConnectionSocketFactory - Enabled protocols: [TLSv1.3, TLSv1.2]
00:32:08.809 [main] DEBUG org.apache.hc.client5.http.ssl.SSLConnectionSocketFactory - Enabled cipher suites: [TLS_AES_256_GCM_SHA384, TLS_AES_128_GCM_SHA256, TLS_CHACHA20_POLY1305_SHA256, TLS_ECDHE_ECDSA_WITH_AES_256_GCM_SHA384, TLS_ECDHE_ECDSA_WITH_AES_128_GCM_SHA256, TLS_ECDHE_ECDSA_WITH_CHACHA20_POLY1305_SHA256, TLS_ECDHE_RSA_WITH_AES_256_GCM_SHA384, TLS_ECDHE_RSA_WITH_CHACHA20_POLY1305_SHA256, TLS_ECDHE_RSA_WITH_AES_128_GCM_SHA256, TLS_DHE_RSA_WITH_AES_256_GCM_SHA384, TLS_DHE_RSA_WITH_CHACHA20_POLY1305_SHA256, TLS_DHE_DSS_WITH_AES_256_GCM_SHA384, TLS_DHE_RSA_WITH_AES_128_GCM_SHA256, TLS_DHE_DSS_WITH_AES_128_GCM_SHA256, TLS_ECDHE_ECDSA_WITH_AES_256_CBC_SHA384, TLS_ECDHE_RSA_WITH_AES_256_CBC_SHA384, TLS_ECDHE_ECDSA_WITH_AES_128_CBC_SHA256, TLS_ECDHE_RSA_WITH_AES_128_CBC_SHA256, TLS_DHE_RSA_WITH_AES_256_CBC_SHA256, TLS_DHE_DSS_WITH_AES_256_CBC_SHA256, TLS_DHE_RSA_WITH_AES_128_CBC_SHA256, TLS_DHE_DSS_WITH_AES_128_CBC_SHA256, TLS_ECDH_ECDSA_WITH_AES_256_GCM_SHA384, TLS_ECDH_RSA_WITH_AES_256_GCM_SHA384, TLS_ECDH_ECDSA_WITH_AES_128_GCM_SHA256, TLS_ECDH_RSA_WITH_AES_128_GCM_SHA256, TLS_ECDH_ECDSA_WITH_AES_256_CBC_SHA384, TLS_ECDH_RSA_WITH_AES_256_CBC_SHA384, TLS_ECDH_ECDSA_WITH_AES_128_CBC_SHA256, TLS_ECDH_RSA_WITH_AES_128_CBC_SHA256, TLS_ECDHE_ECDSA_WITH_AES_256_CBC_SHA, TLS_ECDHE_RSA_WITH_AES_256_CBC_SHA, TLS_ECDHE_ECDSA_WITH_AES_128_CBC_SHA, TLS_ECDHE_RSA_WITH_AES_128_CBC_SHA, TLS_DHE_RSA_WITH_AES_256_CBC_SHA, TLS_DHE_DSS_WITH_AES_256_CBC_SHA, TLS_DHE_RSA_WITH_AES_128_CBC_SHA, TLS_DHE_DSS_WITH_AES_128_CBC_SHA, TLS_ECDH_ECDSA_WITH_AES_256_CBC_SHA, TLS_ECDH_RSA_WITH_AES_256_CBC_SHA, TLS_ECDH_ECDSA_WITH_AES_128_CBC_SHA, TLS_ECDH_RSA_WITH_AES_128_CBC_SHA, TLS_RSA_WITH_AES_256_GCM_SHA384, TLS_RSA_WITH_AES_128_GCM_SHA256, TLS_RSA_WITH_AES_256_CBC_SHA256, TLS_RSA_WITH_AES_128_CBC_SHA256, TLS_RSA_WITH_AES_256_CBC_SHA, TLS_RSA_WITH_AES_128_CBC_SHA, TLS_EMPTY_RENEGOTIATION_INFO_SCSV]
00:32:08.809 [main] DEBUG org.apache.hc.client5.http.ssl.SSLConnectionSocketFactory - Starting handshake
00:32:09.195 [main] DEBUG org.apache.hc.client5.http.ssl.SSLConnectionSocketFactory - Secure session established
00:32:09.195 [main] DEBUG org.apache.hc.client5.http.ssl.SSLConnectionSocketFactory -  negotiated protocol: TLSv1.3
00:32:09.195 [main] DEBUG org.apache.hc.client5.http.ssl.SSLConnectionSocketFactory -  negotiated cipher suite: TLS_AES_256_GCM_SHA384
00:32:09.195 [main] DEBUG org.apache.hc.client5.http.ssl.SSLConnectionSocketFactory -  peer principal: CN=*.github.io, O="GitHub, Inc.", L=San Francisco, ST=California, C=US
00:32:09.195 [main] DEBUG org.apache.hc.client5.http.ssl.SSLConnectionSocketFactory -  peer alternative names: [*.github.io, github.com, *.github.com, www.github.com, github.io, githubusercontent.com, *.githubusercontent.com]
00:32:09.195 [main] DEBUG org.apache.hc.client5.http.ssl.SSLConnectionSocketFactory -  issuer principal: CN=DigiCert TLS RSA SHA256 2020 CA1, O=DigiCert Inc, C=US
00:32:09.195 [main] DEBUG org.apache.hc.client5.http.impl.io.DefaultHttpClientConnectionOperator - http-outgoing-0: connection established 192.168.43.80:64386<->185.199.111.133:443
00:32:09.195 [main] DEBUG org.apache.hc.client5.http.impl.io.PoolingHttpClientConnectionManager - ep-00000000: connected http-outgoing-0
00:32:09.195 [main] DEBUG org.apache.hc.client5.http.impl.classic.InternalHttpClient - ep-00000000: endpoint connected
00:32:09.195 [main] DEBUG org.apache.hc.client5.http.impl.classic.MainClientExec - ex-00000001: executing GET /bonigarcia/webdrivermanager/master/src/main/resources/commands.properties HTTP/1.1
00:32:09.210 [main] DEBUG org.apache.hc.client5.http.impl.classic.InternalHttpClient - ep-00000000: start execution ex-00000001
00:32:09.210 [main] DEBUG org.apache.hc.client5.http.impl.io.PoolingHttpClientConnectionManager - ep-00000000: executing exchange ex-00000001 over http-outgoing-0
00:32:09.210 [main] DEBUG org.apache.hc.client5.http.headers - http-outgoing-0 >> GET /bonigarcia/webdrivermanager/master/src/main/resources/commands.properties HTTP/1.1
00:32:09.210 [main] DEBUG org.apache.hc.client5.http.headers - http-outgoing-0 >> user-agent: Apache-HttpClient/5.0
00:32:09.210 [main] DEBUG org.apache.hc.client5.http.headers - http-outgoing-0 >> accept-encoding: gzip, deflate, br
00:32:09.210 [main] DEBUG org.apache.hc.client5.http.headers - http-outgoing-0 >> cache-control: max-age=0
00:32:09.210 [main] DEBUG org.apache.hc.client5.http.headers - http-outgoing-0 >> connection: keep-alive
00:32:09.210 [main] DEBUG org.apache.hc.client5.http.headers - http-outgoing-0 >> Host: raw.githubusercontent.com
00:32:09.210 [main] DEBUG org.apache.hc.client5.http.wire - http-outgoing-0 >> "GET /bonigarcia/webdrivermanager/master/src/main/resources/commands.properties HTTP/1.1[\r][\n]"
00:32:09.210 [main] DEBUG org.apache.hc.client5.http.wire - http-outgoing-0 >> "user-agent: Apache-HttpClient/5.0[\r][\n]"
00:32:09.210 [main] DEBUG org.apache.hc.client5.http.wire - http-outgoing-0 >> "accept-encoding: gzip, deflate, br[\r][\n]"
00:32:09.210 [main] DEBUG org.apache.hc.client5.http.wire - http-outgoing-0 >> "cache-control: max-age=0[\r][\n]"
00:32:09.210 [main] DEBUG org.apache.hc.client5.http.wire - http-outgoing-0 >> "connection: keep-alive[\r][\n]"
00:32:09.210 [main] DEBUG org.apache.hc.client5.http.wire - http-outgoing-0 >> "Host: raw.githubusercontent.com[\r][\n]"
00:32:09.210 [main] DEBUG org.apache.hc.client5.http.wire - http-outgoing-0 >> "[\r][\n]"
00:32:09.584 [main] DEBUG org.apache.hc.client5.http.wire - http-outgoing-0 << "HTTP/1.1 200 OK[\r][\n]"
00:32:09.584 [main] DEBUG org.apache.hc.client5.http.wire - http-outgoing-0 << "Connection: keep-alive[\r][\n]"
00:32:09.584 [main] DEBUG org.apache.hc.client5.http.wire - http-outgoing-0 << "Content-Length: 723[\r][\n]"
00:32:09.584 [main] DEBUG org.apache.hc.client5.http.wire - http-outgoing-0 << "Cache-Control: max-age=300[\r][\n]"
00:32:09.584 [main] DEBUG org.apache.hc.client5.http.wire - http-outgoing-0 << "Content-Security-Policy: default-src 'none'; style-src 'unsafe-inline'; sandbox[\r][\n]"
00:32:09.584 [main] DEBUG org.apache.hc.client5.http.wire - http-outgoing-0 << "Content-Type: text/plain; charset=utf-8[\r][\n]"
00:32:09.584 [main] DEBUG org.apache.hc.client5.http.wire - http-outgoing-0 << "ETag: W/"e82b438271e9e8680c688b0b680efd0bdd22faa6d6f0a32fc1fd8accc486b67e"[\r][\n]"
00:32:09.584 [main] DEBUG org.apache.hc.client5.http.wire - http-outgoing-0 << "Strict-Transport-Security: max-age=31536000[\r][\n]"
00:32:09.584 [main] DEBUG org.apache.hc.client5.http.wire - http-outgoing-0 << "X-Content-Type-Options: nosniff[\r][\n]"
00:32:09.584 [main] DEBUG org.apache.hc.client5.http.wire - http-outgoing-0 << "X-Frame-Options: deny[\r][\n]"
00:32:09.584 [main] DEBUG org.apache.hc.client5.http.wire - http-outgoing-0 << "X-XSS-Protection: 1; mode=block[\r][\n]"
00:32:09.584 [main] DEBUG org.apache.hc.client5.http.wire - http-outgoing-0 << "X-GitHub-Request-Id: 1804:6298:282573:3972F9:6280D7A1[\r][\n]"
00:32:09.584 [main] DEBUG org.apache.hc.client5.http.wire - http-outgoing-0 << "Content-Encoding: gzip[\r][\n]"
00:32:09.584 [main] DEBUG org.apache.hc.client5.http.wire - http-outgoing-0 << "Accept-Ranges: bytes[\r][\n]"
00:32:09.584 [main] DEBUG org.apache.hc.client5.http.wire - http-outgoing-0 << "Date: Sun, 15 May 2022 17:32:11 GMT[\r][\n]"
00:32:09.584 [main] DEBUG org.apache.hc.client5.http.wire - http-outgoing-0 << "Via: 1.1 varnish[\r][\n]"
00:32:09.584 [main] DEBUG org.apache.hc.client5.http.wire - http-outgoing-0 << "X-Served-By: cache-hkg17927-HKG[\r][\n]"
00:32:09.584 [main] DEBUG org.apache.hc.client5.http.wire - http-outgoing-0 << "X-Cache: HIT[\r][\n]"
00:32:09.584 [main] DEBUG org.apache.hc.client5.http.wire - http-outgoing-0 << "X-Cache-Hits: 1[\r][\n]"
00:32:09.584 [main] DEBUG org.apache.hc.client5.http.wire - http-outgoing-0 << "X-Timer: S1652635931.973962,VS0,VE261[\r][\n]"
00:32:09.584 [main] DEBUG org.apache.hc.client5.http.wire - http-outgoing-0 << "Vary: Authorization,Accept-Encoding,Origin[\r][\n]"
00:32:09.599 [main] DEBUG org.apache.hc.client5.http.wire - http-outgoing-0 << "Access-Control-Allow-Origin: *[\r][\n]"
00:32:09.599 [main] DEBUG org.apache.hc.client5.http.wire - http-outgoing-0 << "X-Fastly-Request-ID: 18a0039d1fa65f10f81d13691b1baec5f0e53384[\r][\n]"
00:32:09.599 [main] DEBUG org.apache.hc.client5.http.wire - http-outgoing-0 << "Expires: Sun, 15 May 2022 17:37:11 GMT[\r][\n]"
00:32:09.599 [main] DEBUG org.apache.hc.client5.http.wire - http-outgoing-0 << "Source-Age: 0[\r][\n]"
00:32:09.599 [main] DEBUG org.apache.hc.client5.http.wire - http-outgoing-0 << "[\r][\n]"
00:32:09.599 [main] DEBUG org.apache.hc.client5.http.headers - http-outgoing-0 << HTTP/1.1 200 OK
00:32:09.599 [main] DEBUG org.apache.hc.client5.http.headers - http-outgoing-0 << Connection: keep-alive
00:32:09.599 [main] DEBUG org.apache.hc.client5.http.headers - http-outgoing-0 << Content-Length: 723
00:32:09.599 [main] DEBUG org.apache.hc.client5.http.headers - http-outgoing-0 << Cache-Control: max-age=300
00:32:09.599 [main] DEBUG org.apache.hc.client5.http.headers - http-outgoing-0 << Content-Security-Policy: default-src 'none'; style-src 'unsafe-inline'; sandbox
00:32:09.599 [main] DEBUG org.apache.hc.client5.http.headers - http-outgoing-0 << Content-Type: text/plain; charset=utf-8
00:32:09.599 [main] DEBUG org.apache.hc.client5.http.headers - http-outgoing-0 << ETag: W/"e82b438271e9e8680c688b0b680efd0bdd22faa6d6f0a32fc1fd8accc486b67e"
00:32:09.599 [main] DEBUG org.apache.hc.client5.http.headers - http-outgoing-0 << Strict-Transport-Security: max-age=31536000
00:32:09.599 [main] DEBUG org.apache.hc.client5.http.headers - http-outgoing-0 << X-Content-Type-Options: nosniff
00:32:09.599 [main] DEBUG org.apache.hc.client5.http.headers - http-outgoing-0 << X-Frame-Options: deny
00:32:09.599 [main] DEBUG org.apache.hc.client5.http.headers - http-outgoing-0 << X-XSS-Protection: 1; mode=block
00:32:09.599 [main] DEBUG org.apache.hc.client5.http.headers - http-outgoing-0 << X-GitHub-Request-Id: 1804:6298:282573:3972F9:6280D7A1
00:32:09.599 [main] DEBUG org.apache.hc.client5.http.headers - http-outgoing-0 << Content-Encoding: gzip
00:32:09.599 [main] DEBUG org.apache.hc.client5.http.headers - http-outgoing-0 << Accept-Ranges: bytes
00:32:09.599 [main] DEBUG org.apache.hc.client5.http.headers - http-outgoing-0 << Date: Sun, 15 May 2022 17:32:11 GMT
00:32:09.599 [main] DEBUG org.apache.hc.client5.http.headers - http-outgoing-0 << Via: 1.1 varnish
00:32:09.599 [main] DEBUG org.apache.hc.client5.http.headers - http-outgoing-0 << X-Served-By: cache-hkg17927-HKG
00:32:09.599 [main] DEBUG org.apache.hc.client5.http.headers - http-outgoing-0 << X-Cache: HIT
00:32:09.599 [main] DEBUG org.apache.hc.client5.http.headers - http-outgoing-0 << X-Cache-Hits: 1
00:32:09.599 [main] DEBUG org.apache.hc.client5.http.headers - http-outgoing-0 << X-Timer: S1652635931.973962,VS0,VE261
00:32:09.599 [main] DEBUG org.apache.hc.client5.http.headers - http-outgoing-0 << Vary: Authorization,Accept-Encoding,Origin
00:32:09.599 [main] DEBUG org.apache.hc.client5.http.headers - http-outgoing-0 << Access-Control-Allow-Origin: *
00:32:09.599 [main] DEBUG org.apache.hc.client5.http.headers - http-outgoing-0 << X-Fastly-Request-ID: 18a0039d1fa65f10f81d13691b1baec5f0e53384
00:32:09.599 [main] DEBUG org.apache.hc.client5.http.headers - http-outgoing-0 << Expires: Sun, 15 May 2022 17:37:11 GMT
00:32:09.599 [main] DEBUG org.apache.hc.client5.http.headers - http-outgoing-0 << Source-Age: 0
00:32:09.615 [main] DEBUG org.apache.hc.client5.http.impl.classic.MainClientExec - ex-00000001: connection can be kept alive for 3 MINUTES
00:32:09.615 [main] DEBUG org.apache.hc.client5.http.wire - http-outgoing-0 << "[0x1f][0xffffff8b][0x8][0x0][0x0][0x0][0x0][0x0][0x0][0x3][0xffffffb5]V]o[0xffffffda]0[0x14]}[0xffffffe7]W\[0xffffff81]*[0xffffffb5][0x12][0x1f][[M[0xffffffd3]$[0x1e]hF[0xffffffbb]i [0x18][0xffffffb4][0xffffffdd]&[0xfffffff9][0xffffffc5]$7[0xffffffc1]R[0x12]#;[0xffffff94]v[0xffffffbf]~[0xffffffb6][0xfffffff3]1[0xffffff92][0xffffff9a][0xffffffc1][0x1a]x[0xffffffcb][0xffffffb5][0xffffffaf][0xffffffcf]9[0xffffffbe][0xfffffff7]8v[0xb][0x1c][0x1e]E4[0xfffffff6]$x4[0xffffffa1][0xb]*[0xffffffb1][0xffffffd1][0xffffff82][0xfffffffb]%[0xffffff93][0xffffffe0][0xffffffb3][0x10][0xffffffc1][0xffffffe5]qBY,!Y[0xffffffea] KM8,[0x10][0xfffffff0][0x19][0xffffffdd]u[0xffffff82][0x1e][0xffffffb0][0xffffffd8]L[0xffffffcb]%[0xffffff86][0xffffffa1][0xe][0xffffffb8][0xfffffff0]P[0xffffffe8]$[0xf][0x13]t[0x13]3[0xfffffff9][0xffffff84]B2[0xffffffae][0xffffffe6]|@[0xfffffff5][0x1d][0x8][0xffffffc4][0x18][0x16][0xffffff82]o[0xffffffa4][0xffffff9a]P[0xffffff94][0xffffffe7][0xffffffce]R[0xfffffff0][0x8][0xffffffdb]p[0xffffffcb][0x4][0xfffffffa][0xfffffffc][0xffffffb9][\r][0xffffff93][0x15][\n]"
00:32:09.615 [main] DEBUG org.apache.hc.client5.http.wire - http-outgoing-0 << "[0xffffffda][0xffffff86][0xffffffa1][0x17][0xffffffa8]Q3[0xffffffcb][0xffffffd6][0xffffffd1][0xffffff85][0xffffffc6][0xfffffff7][0xffffff98][0xffffffef][0xffffffa3][0xffffffc0]8[0x1][0xffffffae]s[0x12][0x16][0x7] _d[0xffffff82][0xffffff91][0xffffff84][0xfffffff3][0x1f],[0xfffffff6][0x14]j[0x1b]F,^+[0xffffff98]1ua2[0xffffffbf]h([0xffffff8e][0xffffff94][0xffffffa2][0xffffff91]m[0xffffffa3][0xffffffeb][0xffffff9a][0xffffffb0][0xffffffbb]I[0x17]t[0xffffffdf][0xffffffbd][0xffffffef][0xffffffbb][0xffffff91][0xffffffd7]U[0xffffffbb][0xffffff82][0xffffff9e][0x3][0xffffff9b][0xffffff88][0xffffffb9][0xffffffa6]$[0xffffffa6][0xc][0xffffff9b][0xffffffa5][0xffffffe2][0xffffff83][0xffffff98]F[0xffffffd8]o[0xffffff9e]Mg[0xffffff93][0xffffffbb][0xffffffd9]`|[0xfffffffb]u4[0xffffff9c][0x7f]"}B[0xffffffce][0x8][0xffffffb9][0xffffffe3]<[0x8][0xffffff91][0xffffff90][0xffffff94][0xffffff82][0xffffff90][0xffffffc1]j[0x15]2WI[0xffffffe3]1![0x19][0xffffff91]BnB[0xffffff80][0x9]<f[0xffffffb5][0xffffffe8]=[0xffffffd1]p[0xffffffbd][[0xffffffcf][0xffffffe5][0x1b][0xfffffff4][0xffffff9c][0xffffffff][0xfffffffc][0xfffffff8][0xffffffe1][0xffffffe2][0xffffff94][0xffffffa2][0xffffffae][0xe][0x14]5[0xffffff9a]8[0xffffff83][0xffffffd1]`:[0xfffffffd]<[0xffffffb8][0x1f][0xffffff9c]R[0xffffffcf]u[0x7f]6[0xffffffbc][0xffffff83][0xffffffef][0xf][0xffffffc3][0xffffffd9]/[0xfffffff8][0xfffffff2][0xffffffcd]y s[0xffffffee]'[0x1b]*0g[0xffffffcb][0xffffffc8]nF7H][0xffffff83][0xffffff97]{[0xffffffb1]Q[0x5][\r][0xffffffb5]c[0xffffffb4][0xf][0x2][0xffffffb3][0xffffffb4][0xffffff93][0xe]C[0xffffffa7][0xffffffb3]kAD][0xffffff9d][0xffffffde][0xffffffdb][0xffffffda][0xffffff88][0xffffffec][0xffffffa5][0xffffffbc][0xffffff99][0xffffffd9][0xffffffba]t[0xffffffb5][0xffffffea]9[0xffffffea][0x10])[0xffffffb7][0xffffffca][0xffffff9e][0xfffffff2][0xffffffe2]d^N[0xffffffd8]FW[0x16][0xffffffcd][0xffffffdc]_[0x10][0xfffffff9]i|[0x1c][0xffffff93][0xffffff8e][0xfffffff9]o[0x16][0xffffff86]4'!$G[0xffffffdf]W[0xfffffff4]W*j[[0xfffffff3]xR[0xffffffae][0xffffffb6][0xc][0xffffffd0],; #[0xffffffa9][0xffffff92]5[0xffffffb5][0x7][0xffffff9c][0xffffffb5][0xffffffd0][0x7f][0xffffff90][0xffffffc7]jgs[0xfffffffc][0xffffffc2][0xb][0xffffffd9][0x0]t[0xffffff9e]^'Y[0xfffffffb][0xffffff9f][0xffffffb1][0xffffffd8]:[0xffffffbf][0xffffff8d][0xffffffa5][0xffffff9a][0xffffffad][0x7f]m[0x5]&[0xffffffaa][0xffffffa0]^[0xffffff9b][0xffffffcb][0x5]f[0xffffffae][0xffffffe0]RU[0xffffff82][0x10]MS9l[0xffffff91]4t[0xfffffffb][0xffffff8a]][0xffffffd6][0xfffffff4][0xffffff96][0xffffffa6][0xffffff9f]P[0xffffffce][0xffffffd5][0xffffffce][0xffffff93][0xffffffff][0xffffff97][0xffffffcc]p[0xfffffffd][0xfffffff3][0xffffffe8][0x1b][0xffffffcc][0xffffffa2][0xffffffd9]Q[0xffffffbe][0xffffffb2][0xffffffa3][0xffffffc7]m'[0xffffffdf][0xffffffe4][[0xfffffffb]^[0xffffffb0][0xffffff9a][0xffffffbe][0xffffffda][0xffffffda]_[0xffffffce][0xffffff80][0xffffffd2][0xffffffc1]7[0xffffffb7]][0xffffffc1]b[0xffffffee][0xffffffb5][0xffffffff]w[0xffffff83][0xffffffed][0xffffffa7];[0x15]<[0x10]4[0xffffff92][0xffffff84][0x18][\n]"
00:32:09.615 [main] DEBUG org.apache.hc.client5.http.wire - http-outgoing-0 << "BB[0xffffffba][0xffffff8e]][0xffffffb5]jo[0xffffffb9]+"[0xffffffea][0xffffffb4][0xffffffff]h"[0xffffffea]\?5[0xffffffa9][0xffffffaf]k[0xffffffec][0xffffffff]P[0xffffffea][\n]"
00:32:09.615 [main] DEBUG org.apache.hc.client5.http.wire - http-outgoing-0 << "w[0xffffffe1]K[0x13][0xffffffda][0xffffffec][0xffffff98][0xffffffe6]Y[0xfffffffd]h8m6[0xffffff9c]T[0xffffffc1][0xfffffff2][0xffffffa7][0xffffff91]z_[0xffffff95]o85p[0x1c][0x13][0xffffffe6][0xfffffff0]5[0xffffffee][0xfffffffc][0xffffff92][0xffffff96][0xffffffda][0xfffffff7][0xffffffcf][0xffffffb1][0x5][0x1d][0xffffffea]K[0xffffff9b]9[0xffffff8e][0xffffffad]e[0xfffffff7][0xffffff93][0xffffffa8]`[0xffffffda][0xffffffff][0x1a][0xffffffd2][0xffffff88][0xffffff85][0xfffffffd][0xfffffff2][0xffffff91]N[0xfffffff6]`[0xffffffdf]2[0xffffffcf][0xffffffae]E[0xffffff97][0xffffffc5][0xffffffa2][0xffffff9d][0xffffffef]'[0xffffff9d]mun.[0xffffffd3]f^[0xffffffc7][0xffffff82][0xffffffda][0xffffff82]9[0xfffffff5][0xffffffa9]`[0x5][0xffffffbc]4[0xffffffa1][0x1d]<M[0xffffffb5]A[0xffffffa7]3[[0xffffffc0][0x7f][0x0][0xffffffc1][0xffffffd0]$[0xffffff85][0x1d][\r][0x0][0x0]"
00:32:09.630 [main] DEBUG org.apache.hc.client5.http.impl.classic.InternalHttpClient - ep-00000000: releasing valid endpoint
00:32:09.630 [main] DEBUG org.apache.hc.client5.http.impl.io.PoolingHttpClientConnectionManager - ep-00000000: releasing endpoint
00:32:09.630 [main] DEBUG org.apache.hc.client5.http.impl.io.PoolingHttpClientConnectionManager - ep-00000000: connection http-outgoing-0 can be kept alive for 3 MINUTES
00:32:09.630 [main] DEBUG org.apache.hc.client5.http.impl.io.PoolingHttpClientConnectionManager - ep-00000000: connection released [route: {s}->https://raw.githubusercontent.com:443][total available: 1; route allocated: 1 of 5; total allocated: 1 of 25]
00:32:09.630 [main] DEBUG io.github.bonigarcia.wdm.versions.VersionDetector - Detecting chrome version using online commands.properties
00:32:09.646 [main] DEBUG io.github.bonigarcia.wdm.versions.Shell - Running command on the shell: [cmd.exe, /C, wmic, datafile, where, name="%PROGRAMFILES:\=\\%\\Google\\Chrome\\Application\\chrome.exe", get, Version, /value]
00:32:10.083 [main] DEBUG io.github.bonigarcia.wdm.versions.Shell - Result: 
00:32:10.083 [main] DEBUG io.github.bonigarcia.wdm.versions.Shell - Running command on the shell: [cmd.exe, /C, wmic, datafile, where, name="%PROGRAMFILES(X86):\=\\%\\Google\\Chrome\\Application\\chrome.exe", get, Version, /value]
00:32:10.326 [main] DEBUG io.github.bonigarcia.wdm.versions.Shell - Result: Version=101.0.4951.54
00:32:10.326 [main] DEBUG io.github.bonigarcia.wdm.cache.ResolutionCache - Removing resolution chrome101=101.0.4951.41 from cache (expired on Sat May 14 20:37:05 WIB 2022)
00:32:10.341 [main] DEBUG org.apache.hc.client5.http.impl.classic.InternalHttpClient - ex-00000002: preparing request execution
00:32:10.341 [main] DEBUG org.apache.hc.client5.http.protocol.RequestAddCookies - Cookie spec selected: strict
00:32:10.341 [main] DEBUG org.apache.hc.client5.http.protocol.RequestAuthCache - Auth cache not set in the context
00:32:10.341 [main] DEBUG org.apache.hc.client5.http.impl.classic.ProtocolExec - ex-00000002: target auth state: UNCHALLENGED
00:32:10.341 [main] DEBUG org.apache.hc.client5.http.impl.classic.ProtocolExec - ex-00000002: proxy auth state: UNCHALLENGED
00:32:10.341 [main] DEBUG org.apache.hc.client5.http.impl.classic.ConnectExec - ex-00000002: acquiring connection with route {s}->https://chromedriver.storage.googleapis.com:443
00:32:10.341 [main] DEBUG org.apache.hc.client5.http.impl.classic.InternalHttpClient - ex-00000002: acquiring endpoint (3 MINUTES)
00:32:10.341 [main] DEBUG org.apache.hc.client5.http.impl.io.PoolingHttpClientConnectionManager - ex-00000002: endpoint lease request (3 MINUTES) [route: {s}->https://chromedriver.storage.googleapis.com:443][total available: 1; route allocated: 0 of 5; total allocated: 1 of 25]
00:32:10.341 [main] DEBUG org.apache.hc.client5.http.impl.io.PoolingHttpClientConnectionManager - ex-00000002: endpoint leased [route: {s}->https://chromedriver.storage.googleapis.com:443][total available: 1; route allocated: 1 of 5; total allocated: 2 of 25]
00:32:10.341 [main] DEBUG org.apache.hc.client5.http.impl.io.PoolingHttpClientConnectionManager - ex-00000002: acquired ep-00000001
00:32:10.341 [main] DEBUG org.apache.hc.client5.http.impl.classic.InternalHttpClient - ex-00000002: acquired endpoint ep-00000001
00:32:10.341 [main] DEBUG org.apache.hc.client5.http.impl.classic.ConnectExec - ex-00000002: opening connection {s}->https://chromedriver.storage.googleapis.com:443
00:32:10.341 [main] DEBUG org.apache.hc.client5.http.impl.classic.InternalHttpClient - ep-00000001: connecting endpoint (30 SECONDS)
00:32:10.341 [main] DEBUG org.apache.hc.client5.http.impl.io.PoolingHttpClientConnectionManager - ep-00000001: connecting endpoint to https://chromedriver.storage.googleapis.com:443 (30 SECONDS)
00:32:10.701 [main] DEBUG org.apache.hc.client5.http.impl.io.DefaultHttpClientConnectionOperator - http-outgoing-1: connecting to chromedriver.storage.googleapis.com/34.101.5.80:443
00:32:10.716 [main] DEBUG org.apache.hc.client5.http.ssl.SSLConnectionSocketFactory - Connecting socket to chromedriver.storage.googleapis.com/34.101.5.80:443 with timeout 30 SECONDS
00:32:10.748 [main] DEBUG org.apache.hc.client5.http.ssl.SSLConnectionSocketFactory - Enabled protocols: [TLSv1.3, TLSv1.2]
00:32:10.748 [main] DEBUG org.apache.hc.client5.http.ssl.SSLConnectionSocketFactory - Enabled cipher suites: [TLS_AES_256_GCM_SHA384, TLS_AES_128_GCM_SHA256, TLS_CHACHA20_POLY1305_SHA256, TLS_ECDHE_ECDSA_WITH_AES_256_GCM_SHA384, TLS_ECDHE_ECDSA_WITH_AES_128_GCM_SHA256, TLS_ECDHE_ECDSA_WITH_CHACHA20_POLY1305_SHA256, TLS_ECDHE_RSA_WITH_AES_256_GCM_SHA384, TLS_ECDHE_RSA_WITH_CHACHA20_POLY1305_SHA256, TLS_ECDHE_RSA_WITH_AES_128_GCM_SHA256, TLS_DHE_RSA_WITH_AES_256_GCM_SHA384, TLS_DHE_RSA_WITH_CHACHA20_POLY1305_SHA256, TLS_DHE_DSS_WITH_AES_256_GCM_SHA384, TLS_DHE_RSA_WITH_AES_128_GCM_SHA256, TLS_DHE_DSS_WITH_AES_128_GCM_SHA256, TLS_ECDHE_ECDSA_WITH_AES_256_CBC_SHA384, TLS_ECDHE_RSA_WITH_AES_256_CBC_SHA384, TLS_ECDHE_ECDSA_WITH_AES_128_CBC_SHA256, TLS_ECDHE_RSA_WITH_AES_128_CBC_SHA256, TLS_DHE_RSA_WITH_AES_256_CBC_SHA256, TLS_DHE_DSS_WITH_AES_256_CBC_SHA256, TLS_DHE_RSA_WITH_AES_128_CBC_SHA256, TLS_DHE_DSS_WITH_AES_128_CBC_SHA256, TLS_ECDH_ECDSA_WITH_AES_256_GCM_SHA384, TLS_ECDH_RSA_WITH_AES_256_GCM_SHA384, TLS_ECDH_ECDSA_WITH_AES_128_GCM_SHA256, TLS_ECDH_RSA_WITH_AES_128_GCM_SHA256, TLS_ECDH_ECDSA_WITH_AES_256_CBC_SHA384, TLS_ECDH_RSA_WITH_AES_256_CBC_SHA384, TLS_ECDH_ECDSA_WITH_AES_128_CBC_SHA256, TLS_ECDH_RSA_WITH_AES_128_CBC_SHA256, TLS_ECDHE_ECDSA_WITH_AES_256_CBC_SHA, TLS_ECDHE_RSA_WITH_AES_256_CBC_SHA, TLS_ECDHE_ECDSA_WITH_AES_128_CBC_SHA, TLS_ECDHE_RSA_WITH_AES_128_CBC_SHA, TLS_DHE_RSA_WITH_AES_256_CBC_SHA, TLS_DHE_DSS_WITH_AES_256_CBC_SHA, TLS_DHE_RSA_WITH_AES_128_CBC_SHA, TLS_DHE_DSS_WITH_AES_128_CBC_SHA, TLS_ECDH_ECDSA_WITH_AES_256_CBC_SHA, TLS_ECDH_RSA_WITH_AES_256_CBC_SHA, TLS_ECDH_ECDSA_WITH_AES_128_CBC_SHA, TLS_ECDH_RSA_WITH_AES_128_CBC_SHA, TLS_RSA_WITH_AES_256_GCM_SHA384, TLS_RSA_WITH_AES_128_GCM_SHA256, TLS_RSA_WITH_AES_256_CBC_SHA256, TLS_RSA_WITH_AES_128_CBC_SHA256, TLS_RSA_WITH_AES_256_CBC_SHA, TLS_RSA_WITH_AES_128_CBC_SHA, TLS_EMPTY_RENEGOTIATION_INFO_SCSV]
00:32:10.748 [main] DEBUG org.apache.hc.client5.http.ssl.SSLConnectionSocketFactory - Starting handshake
00:32:10.966 [main] DEBUG org.apache.hc.client5.http.ssl.SSLConnectionSocketFactory - Secure session established
00:32:10.966 [main] DEBUG org.apache.hc.client5.http.ssl.SSLConnectionSocketFactory -  negotiated protocol: TLSv1.3
00:32:10.966 [main] DEBUG org.apache.hc.client5.http.ssl.SSLConnectionSocketFactory -  negotiated cipher suite: TLS_AES_256_GCM_SHA384
00:32:10.966 [main] DEBUG org.apache.hc.client5.http.ssl.SSLConnectionSocketFactory -  peer principal: CN=*.storage.googleapis.com
00:32:10.966 [main] DEBUG org.apache.hc.client5.http.ssl.SSLConnectionSocketFactory -  peer alternative names: [*.storage.googleapis.com, *.googleapis.com, commondatastorage.googleapis.com, *.commondatastorage.googleapis.com, storage.googleapis.com, storage.mtls.googleapis.com, *.appspot.com.storage.googleapis.com, *.content-storage.googleapis.com, *.content-storage-p2.googleapis.com, *.content-storage-upload.googleapis.com, *.content-storage-download.googleapis.com, *.storage-upload.googleapis.com, *.storage-download.googleapis.com]
00:32:10.966 [main] DEBUG org.apache.hc.client5.http.ssl.SSLConnectionSocketFactory -  issuer principal: CN=GTS CA 1C3, O=Google Trust Services LLC, C=US
00:32:10.966 [main] DEBUG org.apache.hc.client5.http.impl.io.DefaultHttpClientConnectionOperator - http-outgoing-1: connection established 192.168.43.80:64388<->34.101.5.80:443
00:32:10.966 [main] DEBUG org.apache.hc.client5.http.impl.io.PoolingHttpClientConnectionManager - ep-00000001: connected http-outgoing-1
00:32:10.966 [main] DEBUG org.apache.hc.client5.http.impl.classic.InternalHttpClient - ep-00000001: endpoint connected
00:32:10.966 [main] DEBUG org.apache.hc.client5.http.impl.classic.MainClientExec - ex-00000002: executing GET /LATEST_RELEASE_101 HTTP/1.1
00:32:10.966 [main] DEBUG org.apache.hc.client5.http.impl.classic.InternalHttpClient - ep-00000001: start execution ex-00000002
00:32:10.966 [main] DEBUG org.apache.hc.client5.http.impl.io.PoolingHttpClientConnectionManager - ep-00000001: executing exchange ex-00000002 over http-outgoing-1
00:32:10.966 [main] DEBUG org.apache.hc.client5.http.headers - http-outgoing-1 >> GET /LATEST_RELEASE_101 HTTP/1.1
00:32:10.966 [main] DEBUG org.apache.hc.client5.http.headers - http-outgoing-1 >> user-agent: Apache-HttpClient/5.0
00:32:10.966 [main] DEBUG org.apache.hc.client5.http.headers - http-outgoing-1 >> accept-encoding: gzip, deflate, br
00:32:10.966 [main] DEBUG org.apache.hc.client5.http.headers - http-outgoing-1 >> cache-control: max-age=0
00:32:10.966 [main] DEBUG org.apache.hc.client5.http.headers - http-outgoing-1 >> connection: keep-alive
00:32:10.966 [main] DEBUG org.apache.hc.client5.http.headers - http-outgoing-1 >> Host: chromedriver.storage.googleapis.com
00:32:10.966 [main] DEBUG org.apache.hc.client5.http.wire - http-outgoing-1 >> "GET /LATEST_RELEASE_101 HTTP/1.1[\r][\n]"
00:32:10.966 [main] DEBUG org.apache.hc.client5.http.wire - http-outgoing-1 >> "user-agent: Apache-HttpClient/5.0[\r][\n]"
00:32:10.966 [main] DEBUG org.apache.hc.client5.http.wire - http-outgoing-1 >> "accept-encoding: gzip, deflate, br[\r][\n]"
00:32:10.966 [main] DEBUG org.apache.hc.client5.http.wire - http-outgoing-1 >> "cache-control: max-age=0[\r][\n]"
00:32:10.982 [main] DEBUG org.apache.hc.client5.http.wire - http-outgoing-1 >> "connection: keep-alive[\r][\n]"
00:32:10.982 [main] DEBUG org.apache.hc.client5.http.wire - http-outgoing-1 >> "Host: chromedriver.storage.googleapis.com[\r][\n]"
00:32:10.982 [main] DEBUG org.apache.hc.client5.http.wire - http-outgoing-1 >> "[\r][\n]"
00:32:11.045 [main] DEBUG org.apache.hc.client5.http.wire - http-outgoing-1 << "HTTP/1.1 200 OK[\r][\n]"
00:32:11.045 [main] DEBUG org.apache.hc.client5.http.wire - http-outgoing-1 << "X-GUploader-UploadID: ADPycduL1-ETRaQRZ6sAw-TP51lRft50iBsB-kbsEs9veqxFJUeL-ffdCR2meawHi1hRF9g6UK7wJRi_xTRH-8lmszjJfg[\r][\n]"
00:32:11.045 [main] DEBUG org.apache.hc.client5.http.wire - http-outgoing-1 << "x-goog-generation: 1651042960642521[\r][\n]"
00:32:11.045 [main] DEBUG org.apache.hc.client5.http.wire - http-outgoing-1 << "x-goog-metageneration: 1[\r][\n]"
00:32:11.045 [main] DEBUG org.apache.hc.client5.http.wire - http-outgoing-1 << "x-goog-stored-content-encoding: identity[\r][\n]"
00:32:11.045 [main] DEBUG org.apache.hc.client5.http.wire - http-outgoing-1 << "x-goog-stored-content-length: 13[\r][\n]"
00:32:11.045 [main] DEBUG org.apache.hc.client5.http.wire - http-outgoing-1 << "x-goog-hash: crc32c=/STjMw==[\r][\n]"
00:32:11.045 [main] DEBUG org.apache.hc.client5.http.wire - http-outgoing-1 << "x-goog-hash: md5=TI/RrWwfmTd7fF5pgl1BgQ==[\r][\n]"
00:32:11.045 [main] DEBUG org.apache.hc.client5.http.wire - http-outgoing-1 << "x-goog-storage-class: STANDARD[\r][\n]"
00:32:11.045 [main] DEBUG org.apache.hc.client5.http.wire - http-outgoing-1 << "Accept-Ranges: bytes[\r][\n]"
00:32:11.045 [main] DEBUG org.apache.hc.client5.http.wire - http-outgoing-1 << "Content-Length: 13[\r][\n]"
00:32:11.045 [main] DEBUG org.apache.hc.client5.http.wire - http-outgoing-1 << "Server: UploadServer[\r][\n]"
00:32:11.045 [main] DEBUG org.apache.hc.client5.http.wire - http-outgoing-1 << "Date: Sun, 15 May 2022 17:13:09 GMT[\r][\n]"
00:32:11.045 [main] DEBUG org.apache.hc.client5.http.wire - http-outgoing-1 << "Expires: Sun, 15 May 2022 18:13:09 GMT[\r][\n]"
00:32:11.045 [main] DEBUG org.apache.hc.client5.http.wire - http-outgoing-1 << "Cache-Control: public, max-age=3600[\r][\n]"
00:32:11.045 [main] DEBUG org.apache.hc.client5.http.wire - http-outgoing-1 << "Age: 1143[\r][\n]"
00:32:11.045 [main] DEBUG org.apache.hc.client5.http.wire - http-outgoing-1 << "Last-Modified: Wed, 27 Apr 2022 07:02:40 GMT[\r][\n]"
00:32:11.045 [main] DEBUG org.apache.hc.client5.http.wire - http-outgoing-1 << "ETag: "4c8fd1ad6c1f99377b7c5e69825d4181"[\r][\n]"
00:32:11.045 [main] DEBUG org.apache.hc.client5.http.wire - http-outgoing-1 << "Content-Type: text/plain[\r][\n]"
00:32:11.045 [main] DEBUG org.apache.hc.client5.http.wire - http-outgoing-1 << "Alt-Svc: h3=":443"; ma=2592000,h3-29=":443"; ma=2592000,h3-Q050=":443"; ma=2592000,h3-Q046=":443"; ma=2592000,h3-Q043=":443"; ma=2592000,quic=":443"; ma=2592000; v="46,43"[\r][\n]"
00:32:11.045 [main] DEBUG org.apache.hc.client5.http.wire - http-outgoing-1 << "[\r][\n]"
00:32:11.045 [main] DEBUG org.apache.hc.client5.http.wire - http-outgoing-1 << "101.0.4951.41"
00:32:11.045 [main] DEBUG org.apache.hc.client5.http.headers - http-outgoing-1 << HTTP/1.1 200 OK
00:32:11.076 [main] DEBUG org.apache.hc.client5.http.headers - http-outgoing-1 << X-GUploader-UploadID: ADPycduL1-ETRaQRZ6sAw-TP51lRft50iBsB-kbsEs9veqxFJUeL-ffdCR2meawHi1hRF9g6UK7wJRi_xTRH-8lmszjJfg
00:32:11.076 [main] DEBUG org.apache.hc.client5.http.headers - http-outgoing-1 << x-goog-generation: 1651042960642521
00:32:11.076 [main] DEBUG org.apache.hc.client5.http.headers - http-outgoing-1 << x-goog-metageneration: 1
00:32:11.076 [main] DEBUG org.apache.hc.client5.http.headers - http-outgoing-1 << x-goog-stored-content-encoding: identity
00:32:11.076 [main] DEBUG org.apache.hc.client5.http.headers - http-outgoing-1 << x-goog-stored-content-length: 13
00:32:11.076 [main] DEBUG org.apache.hc.client5.http.headers - http-outgoing-1 << x-goog-hash: crc32c=/STjMw==
00:32:11.076 [main] DEBUG org.apache.hc.client5.http.headers - http-outgoing-1 << x-goog-hash: md5=TI/RrWwfmTd7fF5pgl1BgQ==
00:32:11.076 [main] DEBUG org.apache.hc.client5.http.headers - http-outgoing-1 << x-goog-storage-class: STANDARD
00:32:11.076 [main] DEBUG org.apache.hc.client5.http.headers - http-outgoing-1 << Accept-Ranges: bytes
00:32:11.076 [main] DEBUG org.apache.hc.client5.http.headers - http-outgoing-1 << Content-Length: 13
00:32:11.076 [main] DEBUG org.apache.hc.client5.http.headers - http-outgoing-1 << Server: UploadServer
00:32:11.076 [main] DEBUG org.apache.hc.client5.http.headers - http-outgoing-1 << Date: Sun, 15 May 2022 17:13:09 GMT
00:32:11.076 [main] DEBUG org.apache.hc.client5.http.headers - http-outgoing-1 << Expires: Sun, 15 May 2022 18:13:09 GMT
00:32:11.076 [main] DEBUG org.apache.hc.client5.http.headers - http-outgoing-1 << Cache-Control: public, max-age=3600
00:32:11.076 [main] DEBUG org.apache.hc.client5.http.headers - http-outgoing-1 << Age: 1143
00:32:11.076 [main] DEBUG org.apache.hc.client5.http.headers - http-outgoing-1 << Last-Modified: Wed, 27 Apr 2022 07:02:40 GMT
00:32:11.076 [main] DEBUG org.apache.hc.client5.http.headers - http-outgoing-1 << ETag: "4c8fd1ad6c1f99377b7c5e69825d4181"
00:32:11.076 [main] DEBUG org.apache.hc.client5.http.headers - http-outgoing-1 << Content-Type: text/plain
00:32:11.076 [main] DEBUG org.apache.hc.client5.http.headers - http-outgoing-1 << Alt-Svc: h3=":443"; ma=2592000,h3-29=":443"; ma=2592000,h3-Q050=":443"; ma=2592000,h3-Q046=":443"; ma=2592000,h3-Q043=":443"; ma=2592000,quic=":443"; ma=2592000; v="46,43"
00:32:11.076 [main] DEBUG org.apache.hc.client5.http.impl.classic.MainClientExec - ex-00000002: connection can be kept alive for 3 MINUTES
00:32:11.076 [main] DEBUG org.apache.hc.client5.http.impl.classic.InternalHttpClient - ep-00000001: releasing valid endpoint
00:32:11.076 [main] DEBUG org.apache.hc.client5.http.impl.io.PoolingHttpClientConnectionManager - ep-00000001: releasing endpoint
00:32:11.076 [main] DEBUG org.apache.hc.client5.http.impl.io.PoolingHttpClientConnectionManager - ep-00000001: connection http-outgoing-1 can be kept alive for 3 MINUTES
00:32:11.076 [main] DEBUG org.apache.hc.client5.http.impl.io.PoolingHttpClientConnectionManager - ep-00000001: connection released [route: {s}->https://chromedriver.storage.googleapis.com:443][total available: 2; route allocated: 1 of 5; total allocated: 2 of 25]
00:32:11.076 [main] DEBUG io.github.bonigarcia.wdm.versions.VersionDetector - Latest version of chromedriver according to https://chromedriver.storage.googleapis.com/LATEST_RELEASE_101 is 101.0.4951.41
00:32:11.076 [main] INFO io.github.bonigarcia.wdm.WebDriverManager - Using chromedriver 101.0.4951.41 (resolved driver for Chrome 101)
00:32:11.107 [main] DEBUG io.github.bonigarcia.wdm.cache.ResolutionCache - Storing resolution chrome=101 in cache (valid until 01:32:11 16/05/2022 WIB)
00:32:11.138 [main] DEBUG io.github.bonigarcia.wdm.cache.ResolutionCache - Storing resolution chrome101=101.0.4951.41 in cache (valid until 00:32:11 17/05/2022 WIB)
00:32:11.181 [main] DEBUG io.github.bonigarcia.wdm.WebDriverManager - Driver chromedriver 101.0.4951.41 found in cache
00:32:11.181 [main] INFO io.github.bonigarcia.wdm.WebDriverManager - Exporting webdriver.chrome.driver as C:\Users\A\.cache\selenium\chromedriver\win32\101.0.4951.41\chromedriver.exe
00:32:13.003 [main] DEBUG net.thucydides.core.reflection.ClassFinder - Could not load class .starter.CucumberTestSuite
00:32:13.003 [main] DEBUG net.thucydides.core.reflection.ClassFinder - Could not load class .starter.pages.DetailProductPage
00:32:13.003 [main] DEBUG net.thucydides.core.reflection.ClassFinder - Could not load class .starter.pages.HomePage
00:32:13.003 [main] DEBUG net.thucydides.core.reflection.ClassFinder - Could not load class .starter.pages.LoginPage
00:32:13.018 [main] DEBUG net.thucydides.core.reflection.ClassFinder - Could not load class .starter.pages.LogoutPage
00:32:13.018 [main] DEBUG net.thucydides.core.reflection.ClassFinder - Could not load class .starter.pages.OrderPage
00:32:13.018 [main] DEBUG net.thucydides.core.reflection.ClassFinder - Could not load class .starter.pages.RegisterPage
00:32:13.018 [main] DEBUG net.thucydides.core.reflection.ClassFinder - Could not load class .starter.pages.TransactionPage
00:32:13.018 [main] DEBUG net.thucydides.core.reflection.ClassFinder - Could not load class .starter.stepdefinitions.HomeSteps
00:32:13.018 [main] DEBUG net.thucydides.core.reflection.ClassFinder - Could not load class .starter.stepdefinitions.LoginSteps
00:32:13.018 [main] DEBUG net.thucydides.core.reflection.ClassFinder - Could not load class .starter.stepdefinitions.LogoutSteps
00:32:13.018 [main] DEBUG net.thucydides.core.reflection.ClassFinder - Could not load class .starter.stepdefinitions.OrderSteps
00:32:13.143 [main] DEBUG net.thucydides.core.reflection.ClassFinder - Could not load class .starter.stepdefinitions.RegisterSteps
00:32:13.143 [main] DEBUG net.thucydides.core.reflection.ClassFinder - Could not load class META-INF.versions.9.com.sun.istack.logging.StackHelper
00:32:13.143 [main] DEBUG net.thucydides.core.reflection.ClassFinder - Could not load class META-INF.versions.9.com.sun.xml.bind.v2.runtime.reflect.opt.AccessorInjector
00:32:13.143 [main] DEBUG net.thucydides.core.reflection.ClassFinder - Could not load class META-INF.versions.9.com.sun.xml.bind.v2.runtime.reflect.opt.Injector
00:32:13.143 [main] DEBUG net.thucydides.core.reflection.ClassFinder - Could not load class META-INF.versions.9.com.sun.xml.bind.v2.runtime.reflect.opt.OptimizedAccessorFactory
00:32:13.143 [main] DEBUG net.thucydides.core.reflection.ClassFinder - Could not load class META-INF.versions.9.com.sun.xml.bind.v2.runtime.reflect.opt.OptimizedTransducedAccessorFactory
00:32:13.162 [main] DEBUG net.thucydides.core.reflection.ClassFinder - Could not load class META-INF.versions.9.io.opentelemetry.sdk.internal.CurrentJavaVersionSpecific
00:32:13.163 [main] DEBUG net.thucydides.core.reflection.ClassFinder - Could not load class META-INF.versions.9.io.opentelemetry.sdk.internal.Java9VersionSpecific
00:32:13.163 [main] DEBUG net.thucydides.core.reflection.ClassFinder - Could not load class META-INF.versions.9.javax.xml.bind.ModuleUtil
00:32:13.163 [main] DEBUG net.thucydides.core.reflection.ClassFinder - Could not load class META-INF.versions.9.module-info
00:32:13.163 [main] DEBUG net.thucydides.core.reflection.ClassFinder - Could not load class META-INF.versions.9.org.junit.platform.commons.util.ModuleUtils
00:32:15.363 [main] DEBUG net.thucydides.core.reflection.ClassFinder - Could not load class com.google.gson.internal.
00:32:15.912 [main] DEBUG net.thucydides.core.reflection.ClassFinder - Could not load class com.sun.xml.bind.v2.runtime.output.FastInfosetStreamWriterOutput
00:32:16.948 [main] DEBUG net.thucydides.core.reflection.ClassFinder - Could not load class module-info
00:32:24.724 [main] DEBUG io.netty.util.internal.logging.InternalLoggerFactory - Using SLF4J as the default logging framework
00:32:24.740 [main] DEBUG io.netty.util.ResourceLeakDetector - -Dio.netty.leakDetection.level: simple
00:32:24.740 [main] DEBUG io.netty.util.ResourceLeakDetector - -Dio.netty.leakDetection.targetRecords: 4
00:32:24.740 [main] DEBUG io.netty.util.ResourceLeakDetectorFactory - Loaded default ResourceLeakDetector: io.netty.util.ResourceLeakDetector@38988d78
00:32:24.787 [main] DEBUG io.netty.util.internal.PlatformDependent0 - -Dio.netty.noUnsafe: false
00:32:24.787 [main] DEBUG io.netty.util.internal.PlatformDependent0 - Java version: 15
00:32:24.787 [main] DEBUG io.netty.util.internal.PlatformDependent0 - sun.misc.Unsafe.theUnsafe: available
00:32:24.787 [main] DEBUG io.netty.util.internal.PlatformDependent0 - sun.misc.Unsafe.copyMemory: available
00:32:24.787 [main] DEBUG io.netty.util.internal.PlatformDependent0 - java.nio.Buffer.address: available
00:32:24.787 [main] DEBUG io.netty.util.internal.PlatformDependent0 - direct buffer constructor: unavailable: Reflective setAccessible(true) disabled
00:32:24.802 [main] DEBUG io.netty.util.internal.PlatformDependent0 - java.nio.Bits.unaligned: available, true
00:32:24.802 [main] DEBUG io.netty.util.internal.PlatformDependent0 - jdk.internal.misc.Unsafe.allocateUninitializedArray(int): unavailable: class io.netty.util.internal.PlatformDependent0$6 cannot access class jdk.internal.misc.Unsafe (in module java.base) because module java.base does not export jdk.internal.misc to unnamed module @5003041b
00:32:24.802 [main] DEBUG io.netty.util.internal.PlatformDependent0 - java.nio.DirectByteBuffer.<init>(long, int): unavailable
00:32:24.802 [main] DEBUG io.netty.util.internal.PlatformDependent - sun.misc.Unsafe: available
00:32:24.802 [main] DEBUG io.netty.util.internal.PlatformDependent - maxDirectMemory: 1044381696 bytes (maybe)
00:32:24.802 [main] DEBUG io.netty.util.internal.PlatformDependent - -Dio.netty.tmpdir: C:\Users\A\AppData\Local\Temp (java.io.tmpdir)
00:32:24.802 [main] DEBUG io.netty.util.internal.PlatformDependent - -Dio.netty.bitMode: 64 (sun.arch.data.model)
00:32:24.802 [main] DEBUG io.netty.util.internal.PlatformDependent - Platform: Windows
00:32:24.802 [main] DEBUG io.netty.util.internal.PlatformDependent - -Dio.netty.maxDirectMemory: -1 bytes
00:32:24.802 [main] DEBUG io.netty.util.internal.PlatformDependent - -Dio.netty.uninitializedArrayAllocationThreshold: -1
00:32:24.802 [main] DEBUG io.netty.util.internal.CleanerJava9 - java.nio.ByteBuffer.cleaner(): available
00:32:24.802 [main] DEBUG io.netty.util.internal.PlatformDependent - -Dio.netty.noPreferDirect: false
00:32:24.834 [main] DEBUG io.netty.util.internal.PlatformDependent - org.jctools-core.MpscChunkedArrayQueue: available
00:32:25.044 [main] DEBUG io.netty.util.internal.InternalThreadLocalMap - -Dio.netty.threadLocalMap.stringBuilder.initialSize: 1024
00:32:25.044 [main] DEBUG io.netty.util.internal.InternalThreadLocalMap - -Dio.netty.threadLocalMap.stringBuilder.maxSize: 4096
00:32:25.107 [main] DEBUG io.netty.handler.ssl.JdkSslContext - Default protocols (JDK): [TLSv1.3, TLSv1.2, TLSv1.1, TLSv1] 
00:32:25.107 [main] DEBUG io.netty.handler.ssl.JdkSslContext - Default cipher suites (JDK): [TLS_ECDHE_ECDSA_WITH_AES_256_GCM_SHA384, TLS_ECDHE_ECDSA_WITH_AES_128_GCM_SHA256, TLS_ECDHE_RSA_WITH_AES_128_GCM_SHA256, TLS_ECDHE_RSA_WITH_AES_256_GCM_SHA384, TLS_ECDHE_RSA_WITH_AES_128_CBC_SHA, TLS_ECDHE_RSA_WITH_AES_256_CBC_SHA, TLS_RSA_WITH_AES_128_GCM_SHA256, TLS_RSA_WITH_AES_128_CBC_SHA, TLS_RSA_WITH_AES_256_CBC_SHA, TLS_AES_128_GCM_SHA256, TLS_AES_256_GCM_SHA384]
00:32:25.185 [main] DEBUG io.netty.channel.MultithreadEventLoopGroup - -Dio.netty.eventLoopThreads: 4
00:32:25.216 [main] DEBUG io.netty.channel.nio.NioEventLoop - -Dio.netty.noKeySetOptimization: false
00:32:25.216 [main] DEBUG io.netty.channel.nio.NioEventLoop - -Dio.netty.selectorAutoRebuildThreshold: 512
00:32:25.302 [main] DEBUG io.netty.buffer.PooledByteBufAllocator - -Dio.netty.allocator.numHeapArenas: 4
00:32:25.302 [main] DEBUG io.netty.buffer.PooledByteBufAllocator - -Dio.netty.allocator.numDirectArenas: 4
00:32:25.302 [main] DEBUG io.netty.buffer.PooledByteBufAllocator - -Dio.netty.allocator.pageSize: 8192
00:32:25.302 [main] DEBUG io.netty.buffer.PooledByteBufAllocator - -Dio.netty.allocator.maxOrder: 11
00:32:25.302 [main] DEBUG io.netty.buffer.PooledByteBufAllocator - -Dio.netty.allocator.chunkSize: 16777216
00:32:25.302 [main] DEBUG io.netty.buffer.PooledByteBufAllocator - -Dio.netty.allocator.smallCacheSize: 256
00:32:25.302 [main] DEBUG io.netty.buffer.PooledByteBufAllocator - -Dio.netty.allocator.normalCacheSize: 64
00:32:25.302 [main] DEBUG io.netty.buffer.PooledByteBufAllocator - -Dio.netty.allocator.maxCachedBufferCapacity: 32768
00:32:25.302 [main] DEBUG io.netty.buffer.PooledByteBufAllocator - -Dio.netty.allocator.cacheTrimInterval: 8192
00:32:25.302 [main] DEBUG io.netty.buffer.PooledByteBufAllocator - -Dio.netty.allocator.cacheTrimIntervalMillis: 0
00:32:25.302 [main] DEBUG io.netty.buffer.PooledByteBufAllocator - -Dio.netty.allocator.useCacheForAllThreads: true
00:32:25.302 [main] DEBUG io.netty.buffer.PooledByteBufAllocator - -Dio.netty.allocator.maxCachedByteBuffersPerChunk: 1023
00:32:25.333 [main] DEBUG io.netty.buffer.ByteBufUtil - -Dio.netty.allocator.type: pooled
00:32:25.333 [main] DEBUG io.netty.buffer.ByteBufUtil - -Dio.netty.threadLocalDirectBufferSize: 0
00:32:25.333 [main] DEBUG io.netty.buffer.ByteBufUtil - -Dio.netty.maxThreadLocalCharBufferSize: 16384
00:32:25.848 [main] DEBUG net.serenitybdd.core.webdriver.driverproviders.ProvideNewDriver - Instantiating driver
00:32:25.864 [main] DEBUG net.serenitybdd.core.webdriver.driverproviders.ProvideNewDriver - Driver capabilities: Capabilities {acceptInsecureCerts: false, base.url: https://qa.alta.id, browserName: chrome, chrome.driver: src/test/resources/webdrive..., driver: chrome, goog:chromeOptions: {args: [], extensions: []}}
00:32:28.022 [Forwarding newSession on session null to remote] DEBUG io.netty.channel.DefaultChannelId - -Dio.netty.processId: 10816 (auto-detected)
00:32:28.022 [Forwarding newSession on session null to remote] DEBUG io.netty.util.NetUtil - -Djava.net.preferIPv4Stack: false
00:32:28.022 [Forwarding newSession on session null to remote] DEBUG io.netty.util.NetUtil - -Djava.net.preferIPv6Addresses: false
00:32:28.037 [Forwarding newSession on session null to remote] DEBUG io.netty.util.NetUtilInitializations - Loopback interface: lo (Software Loopback Interface 1, 127.0.0.1)
00:32:28.037 [Forwarding newSession on session null to remote] DEBUG io.netty.util.NetUtil - Failed to get SOMAXCONN from sysctl and file \proc\sys\net\core\somaxconn. Default: 200
00:32:28.100 [Forwarding newSession on session null to remote] DEBUG io.netty.channel.DefaultChannelId - -Dio.netty.machineId: 28:e3:47:ff:fe:b1:94:66 (auto-detected)
00:32:28.248 [AsyncHttpClient-1-2] DEBUG io.netty.buffer.AbstractByteBuf - -Dio.netty.buffer.checkAccessible: true
00:32:28.248 [AsyncHttpClient-1-2] DEBUG io.netty.buffer.AbstractByteBuf - -Dio.netty.buffer.checkBounds: true
00:32:28.248 [AsyncHttpClient-1-2] DEBUG io.netty.util.ResourceLeakDetectorFactory - Loaded default ResourceLeakDetector: io.netty.util.ResourceLeakDetector@ae96f2c
00:32:28.282 [AsyncHttpClient-1-2] DEBUG org.asynchttpclient.netty.channel.NettyConnectListener - Using new Channel '[id: 0x082d2e7e, L:/127.0.0.1:64401 - R:localhost/127.0.0.1:53055]' for 'POST' to '/session'
00:32:28.323 [AsyncHttpClient-1-2] DEBUG io.netty.util.Recycler - -Dio.netty.recycler.maxCapacityPerThread: 4096
00:32:28.323 [AsyncHttpClient-1-2] DEBUG io.netty.util.Recycler - -Dio.netty.recycler.ratio: 8
00:32:28.323 [AsyncHttpClient-1-2] DEBUG io.netty.util.Recycler - -Dio.netty.recycler.chunkSize: 32
00:32:28.323 [AsyncHttpClient-1-2] DEBUG io.netty.util.Recycler - -Dio.netty.recycler.blocking: false
00:32:31.864 [AsyncHttpClient-1-2] DEBUG io.netty.handler.codec.compression.Brotli - brotli4j not in the classpath; Brotli support will be unavailable.
00:32:31.864 [AsyncHttpClient-1-2] DEBUG org.asynchttpclient.netty.handler.HttpHandler - 

Request DefaultHttpRequest(decodeResult: success, version: HTTP/1.1)
POST /session HTTP/1.1
User-Agent: selenium/4.1.2 (java windows)
Content-Length: 599
Content-Type: application/json; charset=utf-8
host: localhost:53055
accept: */*

Response DefaultHttpResponse(decodeResult: success, version: HTTP/1.1)
HTTP/1.1 200 OK
Content-Type: application/json; charset=utf-8
cache-control: no-cache
content-length: 786

00:32:31.880 [AsyncHttpClient-1-2] DEBUG org.asynchttpclient.netty.channel.ChannelManager - Adding key: http://localhost:53055 for channel [id: 0x082d2e7e, L:/127.0.0.1:64401 - R:localhost/127.0.0.1:53055]
00:32:32.213 [AsyncHttpClient-1-3] DEBUG org.asynchttpclient.netty.channel.NettyConnectListener - Using new Channel '[id: 0x1d7eb25d, L:/127.0.0.1:64408 - R:localhost/127.0.0.1:64402]' for 'GET' to '/json/version'
00:32:32.229 [AsyncHttpClient-1-3] DEBUG org.asynchttpclient.netty.handler.HttpHandler - 

Request DefaultFullHttpRequest(decodeResult: success, version: HTTP/1.1, content: EmptyByteBufBE)
GET /json/version HTTP/1.1
User-Agent: selenium/4.1.2 (java windows)
host: localhost:64402
accept: */*

Response DefaultHttpResponse(decodeResult: success, version: HTTP/1.1)
HTTP/1.1 200 OK
Content-Type: application/json; charset=UTF-8
content-length: 427

00:32:32.229 [AsyncHttpClient-1-3] DEBUG org.asynchttpclient.netty.channel.ChannelManager - Adding key: http://localhost:64402 for channel [id: 0x1d7eb25d, L:/127.0.0.1:64408 - R:localhost/127.0.0.1:64402]
00:32:32.244 [main] DEBUG io.netty.util.internal.ThreadLocalRandom - -Dio.netty.initialSeedUniquifier: 0x5ee91d0b0b1ed5df
00:32:32.269 [AsyncHttpClient-1-4] DEBUG org.asynchttpclient.netty.channel.NettyConnectListener - Using new Channel '[id: 0xec009999, L:/127.0.0.1:64409 - R:localhost/127.0.0.1:64402]' for 'GET' to '/devtools/browser/7eb9cf0c-0e7b-44fd-b550-c1ab523f0cb6'
00:32:32.297 [AsyncHttpClient-1-4] DEBUG org.asynchttpclient.netty.handler.WebSocketHandler - 

Request DefaultFullHttpRequest(decodeResult: success, version: HTTP/1.1, content: EmptyByteBufBE)
GET /devtools/browser/7eb9cf0c-0e7b-44fd-b550-c1ab523f0cb6 HTTP/1.1
upgrade: websocket
connection: upgrade
sec-websocket-key: PBTrcRrCj1sNn4zkuRohsQ==
sec-websocket-version: 13
origin: http://localhost:64402
host: localhost:64402
accept: */*
user-agent: AHC/2.1

Response DefaultHttpResponse(decodeResult: success, version: HTTP/1.1)
HTTP/1.1 101 WebSocket Protocol Handshake
Upgrade: WebSocket
Connection: Upgrade
Sec-WebSocket-Accept: Jxy9GT7Wb+77279YOp3cydeNubw=

00:32:32.772 [Forwarding maximizeCurrentWindow on session 60a7d9171b771b25fe859185a055a7a7 to remote] DEBUG org.asynchttpclient.netty.request.NettyRequestSender - Using pooled Channel '[id: 0x082d2e7e, L:/127.0.0.1:64401 - R:localhost/127.0.0.1:53055]' for 'POST' to 'http://localhost:53055/session/60a7d9171b771b25fe859185a055a7a7/window/maximize'
00:32:32.772 [Forwarding maximizeCurrentWindow on session 60a7d9171b771b25fe859185a055a7a7 to remote] DEBUG org.asynchttpclient.netty.request.NettyRequestSender - Using open Channel [id: 0x082d2e7e, L:/127.0.0.1:64401 - R:localhost/127.0.0.1:53055] for POST '/session/60a7d9171b771b25fe859185a055a7a7/window/maximize'
00:32:32.988 [AsyncHttpClient-1-1] DEBUG org.asynchttpclient.netty.channel.DefaultChannelPool - Entry count for : http://localhost:64402 : 1
00:32:33.357 [AsyncHttpClient-1-2] DEBUG org.asynchttpclient.netty.handler.HttpHandler - 

Request DefaultHttpRequest(decodeResult: success, version: HTTP/1.1)
POST /session/60a7d9171b771b25fe859185a055a7a7/window/maximize HTTP/1.1
User-Agent: selenium/4.1.2 (java windows)
Content-Length: 3
Content-Type: application/json; charset=utf-8
host: localhost:53055
accept: */*

Response DefaultHttpResponse(decodeResult: success, version: HTTP/1.1)
HTTP/1.1 200 OK
Content-Type: application/json; charset=utf-8
cache-control: no-cache
content-length: 51

00:32:33.357 [AsyncHttpClient-1-2] DEBUG org.asynchttpclient.netty.channel.ChannelManager - Adding key: http://localhost:53055 for channel [id: 0x082d2e7e, L:/127.0.0.1:64401 - R:localhost/127.0.0.1:53055]
00:32:34.043 [AsyncHttpClient-1-1] DEBUG org.asynchttpclient.netty.channel.DefaultChannelPool - Entry count for : http://localhost:53055 : 1
00:32:34.043 [AsyncHttpClient-1-1] DEBUG org.asynchttpclient.netty.channel.DefaultChannelPool - Entry count for : http://localhost:64402 : 1
00:32:35.148 [AsyncHttpClient-1-1] DEBUG org.asynchttpclient.netty.channel.DefaultChannelPool - Entry count for : http://localhost:53055 : 1
00:32:35.148 [AsyncHttpClient-1-1] DEBUG org.asynchttpclient.netty.channel.DefaultChannelPool - Entry count for : http://localhost:64402 : 1
00:32:36.206 [main] DEBUG net.thucydides.core.reflection.ClassFinder - Could not load class .starter.CucumberTestSuite
00:32:36.206 [main] DEBUG net.thucydides.core.reflection.ClassFinder - Could not load class .starter.pages.DetailProductPage
00:32:36.206 [main] DEBUG net.thucydides.core.reflection.ClassFinder - Could not load class .starter.pages.HomePage
00:32:36.206 [main] DEBUG net.thucydides.core.reflection.ClassFinder - Could not load class .starter.pages.LoginPage
00:32:36.206 [main] DEBUG net.thucydides.core.reflection.ClassFinder - Could not load class .starter.pages.LogoutPage
00:32:36.206 [main] DEBUG net.thucydides.core.reflection.ClassFinder - Could not load class .starter.pages.OrderPage
00:32:36.206 [main] DEBUG net.thucydides.core.reflection.ClassFinder - Could not load class .starter.pages.RegisterPage
00:32:36.206 [main] DEBUG net.thucydides.core.reflection.ClassFinder - Could not load class .starter.pages.TransactionPage
00:32:36.206 [main] DEBUG net.thucydides.core.reflection.ClassFinder - Could not load class .starter.stepdefinitions.HomeSteps
00:32:36.206 [main] DEBUG net.thucydides.core.reflection.ClassFinder - Could not load class .starter.stepdefinitions.LoginSteps
00:32:36.206 [main] DEBUG net.thucydides.core.reflection.ClassFinder - Could not load class .starter.stepdefinitions.LogoutSteps
00:32:36.206 [main] DEBUG net.thucydides.core.reflection.ClassFinder - Could not load class .starter.stepdefinitions.OrderSteps
00:32:36.206 [main] DEBUG net.thucydides.core.reflection.ClassFinder - Could not load class .starter.stepdefinitions.RegisterSteps
00:32:36.206 [main] DEBUG net.thucydides.core.reflection.ClassFinder - Could not load class META-INF.versions.9.com.sun.istack.logging.StackHelper
00:32:36.206 [main] DEBUG net.thucydides.core.reflection.ClassFinder - Could not load class META-INF.versions.9.com.sun.xml.bind.v2.runtime.reflect.opt.AccessorInjector
00:32:36.206 [main] DEBUG net.thucydides.core.reflection.ClassFinder - Could not load class META-INF.versions.9.com.sun.xml.bind.v2.runtime.reflect.opt.Injector
00:32:36.206 [main] DEBUG net.thucydides.core.reflection.ClassFinder - Could not load class META-INF.versions.9.com.sun.xml.bind.v2.runtime.reflect.opt.OptimizedAccessorFactory
00:32:36.222 [main] DEBUG net.thucydides.core.reflection.ClassFinder - Could not load class META-INF.versions.9.com.sun.xml.bind.v2.runtime.reflect.opt.OptimizedTransducedAccessorFactory
00:32:36.222 [main] DEBUG net.thucydides.core.reflection.ClassFinder - Could not load class META-INF.versions.9.io.opentelemetry.sdk.internal.CurrentJavaVersionSpecific
00:32:36.222 [main] DEBUG net.thucydides.core.reflection.ClassFinder - Could not load class META-INF.versions.9.io.opentelemetry.sdk.internal.Java9VersionSpecific
00:32:36.222 [main] DEBUG net.thucydides.core.reflection.ClassFinder - Could not load class META-INF.versions.9.javax.xml.bind.ModuleUtil
00:32:36.222 [main] DEBUG net.thucydides.core.reflection.ClassFinder - Could not load class META-INF.versions.9.module-info
00:32:36.222 [main] DEBUG net.thucydides.core.reflection.ClassFinder - Could not load class META-INF.versions.9.org.junit.platform.commons.util.ModuleUtils
00:32:36.222 [main] DEBUG net.thucydides.core.reflection.ClassFinder - Could not load class com.google.gson.internal.
00:32:36.222 [main] DEBUG net.thucydides.core.reflection.ClassFinder - Could not load class com.sun.xml.bind.v2.runtime.output.FastInfosetStreamWriterOutput
00:32:36.237 [main] DEBUG net.thucydides.core.reflection.ClassFinder - Could not load class module-info
00:32:36.253 [AsyncHttpClient-1-1] DEBUG org.asynchttpclient.netty.channel.DefaultChannelPool - Entry count for : http://localhost:53055 : 1
00:32:36.253 [AsyncHttpClient-1-1] DEBUG org.asynchttpclient.netty.channel.DefaultChannelPool - Entry count for : http://localhost:64402 : 1
00:32:36.269 [Forwarding get on session 60a7d9171b771b25fe859185a055a7a7 to remote] DEBUG org.asynchttpclient.netty.request.NettyRequestSender - Using pooled Channel '[id: 0x082d2e7e, L:/127.0.0.1:64401 - R:localhost/127.0.0.1:53055]' for 'POST' to 'http://localhost:53055/session/60a7d9171b771b25fe859185a055a7a7/url'
00:32:36.284 [Forwarding get on session 60a7d9171b771b25fe859185a055a7a7 to remote] DEBUG org.asynchttpclient.netty.request.NettyRequestSender - Using open Channel [id: 0x082d2e7e, L:/127.0.0.1:64401 - R:localhost/127.0.0.1:53055] for POST '/session/60a7d9171b771b25fe859185a055a7a7/url'
00:32:37.345 [AsyncHttpClient-1-1] DEBUG org.asynchttpclient.netty.channel.DefaultChannelPool - Entry count for : http://localhost:64402 : 1
00:32:38.472 [AsyncHttpClient-1-1] DEBUG org.asynchttpclient.netty.channel.DefaultChannelPool - Entry count for : http://localhost:64402 : 1
00:32:39.583 [AsyncHttpClient-1-1] DEBUG org.asynchttpclient.netty.channel.DefaultChannelPool - Entry count for : http://localhost:64402 : 1
00:32:41.210 [AsyncHttpClient-1-1] DEBUG org.asynchttpclient.netty.channel.DefaultChannelPool - Entry count for : http://localhost:64402 : 1
00:32:42.301 [AsyncHttpClient-1-1] DEBUG org.asynchttpclient.netty.channel.DefaultChannelPool - Entry count for : http://localhost:64402 : 1
00:32:43.343 [AsyncHttpClient-1-1] DEBUG org.asynchttpclient.netty.channel.DefaultChannelPool - Entry count for : http://localhost:64402 : 1
00:32:44.748 [AsyncHttpClient-1-1] DEBUG org.asynchttpclient.netty.channel.DefaultChannelPool - Entry count for : http://localhost:64402 : 1
00:32:45.878 [AsyncHttpClient-1-1] DEBUG org.asynchttpclient.netty.channel.DefaultChannelPool - Entry count for : http://localhost:64402 : 1
00:32:46.954 [AsyncHttpClient-1-1] DEBUG org.asynchttpclient.netty.channel.DefaultChannelPool - Entry count for : http://localhost:64402 : 1
00:32:48.053 [AsyncHttpClient-1-1] DEBUG org.asynchttpclient.netty.channel.DefaultChannelPool - Entry count for : http://localhost:64402 : 1
00:32:49.149 [AsyncHttpClient-1-1] DEBUG org.asynchttpclient.netty.channel.DefaultChannelPool - Entry count for : http://localhost:64402 : 1
00:32:50.270 [AsyncHttpClient-1-1] DEBUG org.asynchttpclient.netty.channel.DefaultChannelPool - Entry count for : http://localhost:64402 : 1
00:32:51.377 [AsyncHttpClient-1-1] DEBUG org.asynchttpclient.netty.channel.DefaultChannelPool - Entry count for : http://localhost:64402 : 1
00:32:52.455 [AsyncHttpClient-1-1] DEBUG org.asynchttpclient.netty.channel.DefaultChannelPool - Entry count for : http://localhost:64402 : 1
00:32:53.617 [AsyncHttpClient-1-1] DEBUG org.asynchttpclient.netty.channel.DefaultChannelPool - Entry count for : http://localhost:64402 : 1
00:32:54.690 [AsyncHttpClient-1-1] DEBUG org.asynchttpclient.netty.channel.DefaultChannelPool - Entry count for : http://localhost:64402 : 1
00:32:55.834 [AsyncHttpClient-1-1] DEBUG org.asynchttpclient.netty.channel.DefaultChannelPool - Entry count for : http://localhost:64402 : 1
00:32:56.972 [AsyncHttpClient-1-1] DEBUG org.asynchttpclient.netty.channel.DefaultChannelPool - Entry count for : http://localhost:64402 : 1
00:32:57.945 [AsyncHttpClient-1-2] DEBUG org.asynchttpclient.netty.handler.HttpHandler - 

Request DefaultHttpRequest(decodeResult: success, version: HTTP/1.1)
POST /session/60a7d9171b771b25fe859185a055a7a7/url HTTP/1.1
User-Agent: selenium/4.1.2 (java windows)
Content-Length: 43
Content-Type: application/json; charset=utf-8
host: localhost:53055
accept: */*

Response DefaultHttpResponse(decodeResult: success, version: HTTP/1.1)
HTTP/1.1 200 OK
Content-Type: application/json; charset=utf-8
cache-control: no-cache
content-length: 14

00:32:57.946 [AsyncHttpClient-1-2] DEBUG org.asynchttpclient.netty.channel.ChannelManager - Adding key: http://localhost:53055 for channel [id: 0x082d2e7e, L:/127.0.0.1:64401 - R:localhost/127.0.0.1:53055]
00:32:57.953 [Forwarding setTimeout on session 60a7d9171b771b25fe859185a055a7a7 to remote] DEBUG org.asynchttpclient.netty.request.NettyRequestSender - Using pooled Channel '[id: 0x082d2e7e, L:/127.0.0.1:64401 - R:localhost/127.0.0.1:53055]' for 'POST' to 'http://localhost:53055/session/60a7d9171b771b25fe859185a055a7a7/timeouts'
00:32:57.953 [Forwarding setTimeout on session 60a7d9171b771b25fe859185a055a7a7 to remote] DEBUG org.asynchttpclient.netty.request.NettyRequestSender - Using open Channel [id: 0x082d2e7e, L:/127.0.0.1:64401 - R:localhost/127.0.0.1:53055] for POST '/session/60a7d9171b771b25fe859185a055a7a7/timeouts'
00:32:57.953 [AsyncHttpClient-1-2] DEBUG org.asynchttpclient.netty.handler.HttpHandler - 

Request DefaultHttpRequest(decodeResult: success, version: HTTP/1.1)
POST /session/60a7d9171b771b25fe859185a055a7a7/timeouts HTTP/1.1
User-Agent: selenium/4.1.2 (java windows)
Content-Length: 22
Content-Type: application/json; charset=utf-8
host: localhost:53055
accept: */*

Response DefaultHttpResponse(decodeResult: success, version: HTTP/1.1)
HTTP/1.1 200 OK
Content-Type: application/json; charset=utf-8
cache-control: no-cache
content-length: 14

00:32:57.953 [AsyncHttpClient-1-2] DEBUG org.asynchttpclient.netty.channel.ChannelManager - Adding key: http://localhost:53055 for channel [id: 0x082d2e7e, L:/127.0.0.1:64401 - R:localhost/127.0.0.1:53055]
00:32:57.984 [Forwarding getCurrentUrl on session 60a7d9171b771b25fe859185a055a7a7 to remote] DEBUG org.asynchttpclient.netty.request.NettyRequestSender - Using pooled Channel '[id: 0x082d2e7e, L:/127.0.0.1:64401 - R:localhost/127.0.0.1:53055]' for 'GET' to 'http://localhost:53055/session/60a7d9171b771b25fe859185a055a7a7/url'
00:32:57.984 [Forwarding getCurrentUrl on session 60a7d9171b771b25fe859185a055a7a7 to remote] DEBUG org.asynchttpclient.netty.request.NettyRequestSender - Using open Channel [id: 0x082d2e7e, L:/127.0.0.1:64401 - R:localhost/127.0.0.1:53055] for GET '/session/60a7d9171b771b25fe859185a055a7a7/url'
00:32:57.984 [AsyncHttpClient-1-2] DEBUG org.asynchttpclient.netty.handler.HttpHandler - 

Request DefaultFullHttpRequest(decodeResult: success, version: HTTP/1.1, content: EmptyByteBufBE)
GET /session/60a7d9171b771b25fe859185a055a7a7/url HTTP/1.1
User-Agent: selenium/4.1.2 (java windows)
Cache-Control: no-cache
Content-Type: application/json; charset=utf-8
host: localhost:53055
accept: */*

Response DefaultHttpResponse(decodeResult: success, version: HTTP/1.1)
HTTP/1.1 200 OK
Content-Type: application/json; charset=utf-8
cache-control: no-cache
content-length: 31

00:32:58.000 [AsyncHttpClient-1-2] DEBUG org.asynchttpclient.netty.channel.ChannelManager - Adding key: http://localhost:53055 for channel [id: 0x082d2e7e, L:/127.0.0.1:64401 - R:localhost/127.0.0.1:53055]
00:32:58.062 [AsyncHttpClient-1-1] DEBUG org.asynchttpclient.netty.channel.DefaultChannelPool - Entry count for : http://localhost:53055 : 1
00:32:58.078 [AsyncHttpClient-1-1] DEBUG org.asynchttpclient.netty.channel.DefaultChannelPool - Entry count for : http://localhost:64402 : 1
00:32:58.109 [main] DEBUG net.serenitybdd.core.photography.Darkroom - Opening darkroom
00:32:58.109 [Forwarding screenshot on session 60a7d9171b771b25fe859185a055a7a7 to remote] DEBUG org.asynchttpclient.netty.request.NettyRequestSender - Using pooled Channel '[id: 0x082d2e7e, L:/127.0.0.1:64401 - R:localhost/127.0.0.1:53055]' for 'GET' to 'http://localhost:53055/session/60a7d9171b771b25fe859185a055a7a7/screenshot'
00:32:58.109 [Forwarding screenshot on session 60a7d9171b771b25fe859185a055a7a7 to remote] DEBUG org.asynchttpclient.netty.request.NettyRequestSender - Using open Channel [id: 0x082d2e7e, L:/127.0.0.1:64401 - R:localhost/127.0.0.1:53055] for GET '/session/60a7d9171b771b25fe859185a055a7a7/screenshot'
00:32:58.159 [Darkroom Processing Line] DEBUG net.serenitybdd.core.photography.DarkroomProcessingLine - Darkroom processing line starting up
00:32:58.461 [AsyncHttpClient-1-2] DEBUG org.asynchttpclient.netty.handler.HttpHandler - 

Request DefaultFullHttpRequest(decodeResult: success, version: HTTP/1.1, content: EmptyByteBufBE)
GET /session/60a7d9171b771b25fe859185a055a7a7/screenshot HTTP/1.1
User-Agent: selenium/4.1.2 (java windows)
Cache-Control: no-cache
Content-Type: application/json; charset=utf-8
host: localhost:53055
accept: */*

Response DefaultHttpResponse(decodeResult: success, version: HTTP/1.1)
HTTP/1.1 200 OK
Content-Type: application/json; charset=utf-8
cache-control: no-cache
content-length: 81160

00:32:58.508 [AsyncHttpClient-1-2] DEBUG org.asynchttpclient.netty.channel.ChannelManager - Adding key: http://localhost:53055 for channel [id: 0x082d2e7e, L:/127.0.0.1:64401 - R:localhost/127.0.0.1:53055]
00:32:59.185 [AsyncHttpClient-1-1] DEBUG org.asynchttpclient.netty.channel.DefaultChannelPool - Entry count for : http://localhost:53055 : 1
00:32:59.188 [AsyncHttpClient-1-1] DEBUG org.asynchttpclient.netty.channel.DefaultChannelPool - Entry count for : http://localhost:64402 : 1
00:32:59.242 [main] DEBUG net.serenitybdd.core.photography.Darkroom - Send negative for processing for target\site\serenity\486e4beb07c6778c85c17c853d784b515e6ad582dddf8db85c1027d5f970670c.png
00:32:59.242 [Darkroom Processing Line] DEBUG net.serenitybdd.core.photography.DarkroomProcessingLine - Processing screenshot image in /var/screenshots/screenshot-16171324617934024090
00:32:59.242 [Darkroom Processing Line] DEBUG net.serenitybdd.core.photography.DarkroomProcessingLine - Saving screenshot to target\site\serenity\486e4beb07c6778c85c17c853d784b515e6ad582dddf8db85c1027d5f970670c.png
00:32:59.289 [main] DEBUG net.thucydides.core.steps.StepInterceptor - STEP DONE: openUrl
00:32:59.335 [Forwarding screenshot on session 60a7d9171b771b25fe859185a055a7a7 to remote] DEBUG org.asynchttpclient.netty.request.NettyRequestSender - Using pooled Channel '[id: 0x082d2e7e, L:/127.0.0.1:64401 - R:localhost/127.0.0.1:53055]' for 'GET' to 'http://localhost:53055/session/60a7d9171b771b25fe859185a055a7a7/screenshot'
00:32:59.335 [Forwarding screenshot on session 60a7d9171b771b25fe859185a055a7a7 to remote] DEBUG org.asynchttpclient.netty.request.NettyRequestSender - Using open Channel [id: 0x082d2e7e, L:/127.0.0.1:64401 - R:localhost/127.0.0.1:53055] for GET '/session/60a7d9171b771b25fe859185a055a7a7/screenshot'
00:32:59.545 [AsyncHttpClient-1-2] DEBUG org.asynchttpclient.netty.handler.HttpHandler - 

Request DefaultFullHttpRequest(decodeResult: success, version: HTTP/1.1, content: EmptyByteBufBE)
GET /session/60a7d9171b771b25fe859185a055a7a7/screenshot HTTP/1.1
User-Agent: selenium/4.1.2 (java windows)
Cache-Control: no-cache
Content-Type: application/json; charset=utf-8
host: localhost:53055
accept: */*

Response DefaultHttpResponse(decodeResult: success, version: HTTP/1.1)
HTTP/1.1 200 OK
Content-Type: application/json; charset=utf-8
cache-control: no-cache
content-length: 81160

00:32:59.545 [AsyncHttpClient-1-2] DEBUG org.asynchttpclient.netty.channel.ChannelManager - Adding key: http://localhost:53055 for channel [id: 0x082d2e7e, L:/127.0.0.1:64401 - R:localhost/127.0.0.1:53055]
00:32:59.557 [main] DEBUG net.serenitybdd.core.photography.Darkroom - Send negative for processing for target\site\serenity\486e4beb07c6778c85c17c853d784b515e6ad582dddf8db85c1027d5f970670c.png
00:32:59.557 [main] DEBUG net.thucydides.core.steps.StepInterceptor - STARTING STEP: HomeSteps.iAmOnTheHomePages - validateOnHomePage
00:32:59.573 [Forwarding findElement on session 60a7d9171b771b25fe859185a055a7a7 to remote] DEBUG org.asynchttpclient.netty.request.NettyRequestSender - Using pooled Channel '[id: 0x082d2e7e, L:/127.0.0.1:64401 - R:localhost/127.0.0.1:53055]' for 'POST' to 'http://localhost:53055/session/60a7d9171b771b25fe859185a055a7a7/element'
00:32:59.573 [Forwarding findElement on session 60a7d9171b771b25fe859185a055a7a7 to remote] DEBUG org.asynchttpclient.netty.request.NettyRequestSender - Using open Channel [id: 0x082d2e7e, L:/127.0.0.1:64401 - R:localhost/127.0.0.1:53055] for POST '/session/60a7d9171b771b25fe859185a055a7a7/element'
00:32:59.663 [AsyncHttpClient-1-2] DEBUG org.asynchttpclient.netty.handler.HttpHandler - 

Request DefaultHttpRequest(decodeResult: success, version: HTTP/1.1)
POST /session/60a7d9171b771b25fe859185a055a7a7/element HTTP/1.1
User-Agent: selenium/4.1.2 (java windows)
Content-Length: 122
Content-Type: application/json; charset=utf-8
host: localhost:53055
accept: */*

Response DefaultHttpResponse(decodeResult: success, version: HTTP/1.1)
HTTP/1.1 200 OK
Content-Type: application/json; charset=utf-8
cache-control: no-cache
content-length: 88

00:32:59.663 [AsyncHttpClient-1-2] DEBUG org.asynchttpclient.netty.channel.ChannelManager - Adding key: http://localhost:53055 for channel [id: 0x082d2e7e, L:/127.0.0.1:64401 - R:localhost/127.0.0.1:53055]
00:32:59.679 [Forwarding isElementDisplayed on session 60a7d9171b771b25fe859185a055a7a7 to remote] DEBUG org.asynchttpclient.netty.request.NettyRequestSender - Using pooled Channel '[id: 0x082d2e7e, L:/127.0.0.1:64401 - R:localhost/127.0.0.1:53055]' for 'POST' to 'http://localhost:53055/session/60a7d9171b771b25fe859185a055a7a7/execute/sync'
00:32:59.679 [Forwarding isElementDisplayed on session 60a7d9171b771b25fe859185a055a7a7 to remote] DEBUG org.asynchttpclient.netty.request.NettyRequestSender - Using open Channel [id: 0x082d2e7e, L:/127.0.0.1:64401 - R:localhost/127.0.0.1:53055] for POST '/session/60a7d9171b771b25fe859185a055a7a7/execute/sync'
00:32:59.747 [AsyncHttpClient-1-2] DEBUG org.asynchttpclient.netty.handler.HttpHandler - 

Request DefaultHttpRequest(decodeResult: success, version: HTTP/1.1)
POST /session/60a7d9171b771b25fe859185a055a7a7/execute/sync HTTP/1.1
User-Agent: selenium/4.1.2 (java windows)
Content-Length: 48780
Content-Type: application/json; charset=utf-8
host: localhost:53055
accept: */*

Response DefaultHttpResponse(decodeResult: success, version: HTTP/1.1)
HTTP/1.1 200 OK
Content-Type: application/json; charset=utf-8
cache-control: no-cache
content-length: 14

00:32:59.747 [AsyncHttpClient-1-2] DEBUG org.asynchttpclient.netty.channel.ChannelManager - Adding key: http://localhost:53055 for channel [id: 0x082d2e7e, L:/127.0.0.1:64401 - R:localhost/127.0.0.1:53055]
00:32:59.763 [Forwarding screenshot on session 60a7d9171b771b25fe859185a055a7a7 to remote] DEBUG org.asynchttpclient.netty.request.NettyRequestSender - Using pooled Channel '[id: 0x082d2e7e, L:/127.0.0.1:64401 - R:localhost/127.0.0.1:53055]' for 'GET' to 'http://localhost:53055/session/60a7d9171b771b25fe859185a055a7a7/screenshot'
00:32:59.763 [Forwarding screenshot on session 60a7d9171b771b25fe859185a055a7a7 to remote] DEBUG org.asynchttpclient.netty.request.NettyRequestSender - Using open Channel [id: 0x082d2e7e, L:/127.0.0.1:64401 - R:localhost/127.0.0.1:53055] for GET '/session/60a7d9171b771b25fe859185a055a7a7/screenshot'
00:33:00.173 [AsyncHttpClient-1-2] DEBUG org.asynchttpclient.netty.handler.HttpHandler - 

Request DefaultFullHttpRequest(decodeResult: success, version: HTTP/1.1, content: EmptyByteBufBE)
GET /session/60a7d9171b771b25fe859185a055a7a7/screenshot HTTP/1.1
User-Agent: selenium/4.1.2 (java windows)
Cache-Control: no-cache
Content-Type: application/json; charset=utf-8
host: localhost:53055
accept: */*

Response DefaultHttpResponse(decodeResult: success, version: HTTP/1.1)
HTTP/1.1 200 OK
Content-Type: application/json; charset=utf-8
cache-control: no-cache
content-length: 81160

00:33:00.173 [AsyncHttpClient-1-2] DEBUG org.asynchttpclient.netty.channel.ChannelManager - Adding key: http://localhost:53055 for channel [id: 0x082d2e7e, L:/127.0.0.1:64401 - R:localhost/127.0.0.1:53055]
00:33:00.189 [main] DEBUG net.serenitybdd.core.photography.Darkroom - Send negative for processing for target\site\serenity\486e4beb07c6778c85c17c853d784b515e6ad582dddf8db85c1027d5f970670c.png
00:33:00.189 [main] DEBUG net.thucydides.core.steps.StepInterceptor - STEP DONE: validateOnHomePage
  &amp#27;[32mGiven &amp#27;[0m&amp#27;[32mI am on the home pages&amp#27;[0m                      &amp#27;[90m# starter.stepdefinitions.HomeSteps.iAmOnTheHomePages()&amp#27;[0m
00:33:00.251 [AsyncHttpClient-1-1] DEBUG org.asynchttpclient.netty.channel.DefaultChannelPool - Entry count for : http://localhost:53055 : 1
00:33:00.251 [AsyncHttpClient-1-1] DEBUG org.asynchttpclient.netty.channel.DefaultChannelPool - Entry count for : http://localhost:64402 : 1
00:33:00.267 [Forwarding screenshot on session 60a7d9171b771b25fe859185a055a7a7 to remote] DEBUG org.asynchttpclient.netty.request.NettyRequestSender - Using pooled Channel '[id: 0x082d2e7e, L:/127.0.0.1:64401 - R:localhost/127.0.0.1:53055]' for 'GET' to 'http://localhost:53055/session/60a7d9171b771b25fe859185a055a7a7/screenshot'
00:33:00.267 [Forwarding screenshot on session 60a7d9171b771b25fe859185a055a7a7 to remote] DEBUG org.asynchttpclient.netty.request.NettyRequestSender - Using open Channel [id: 0x082d2e7e, L:/127.0.0.1:64401 - R:localhost/127.0.0.1:53055] for GET '/session/60a7d9171b771b25fe859185a055a7a7/screenshot'
00:33:00.518 [AsyncHttpClient-1-2] DEBUG org.asynchttpclient.netty.handler.HttpHandler - 

Request DefaultFullHttpRequest(decodeResult: success, version: HTTP/1.1, content: EmptyByteBufBE)
GET /session/60a7d9171b771b25fe859185a055a7a7/screenshot HTTP/1.1
User-Agent: selenium/4.1.2 (java windows)
Cache-Control: no-cache
Content-Type: application/json; charset=utf-8
host: localhost:53055
accept: */*

Response DefaultHttpResponse(decodeResult: success, version: HTTP/1.1)
HTTP/1.1 200 OK
Content-Type: application/json; charset=utf-8
cache-control: no-cache
content-length: 81160

00:33:00.518 [AsyncHttpClient-1-2] DEBUG org.asynchttpclient.netty.channel.ChannelManager - Adding key: http://localhost:53055 for channel [id: 0x082d2e7e, L:/127.0.0.1:64401 - R:localhost/127.0.0.1:53055]
00:33:00.581 [main] DEBUG net.serenitybdd.core.photography.Darkroom - Send negative for processing for target\site\serenity\486e4beb07c6778c85c17c853d784b515e6ad582dddf8db85c1027d5f970670c.png
00:33:00.581 [main] DEBUG net.thucydides.core.steps.StepInterceptor - STARTING STEP: HomeSteps.iClickButtonBeli - clickBeliButton
00:33:00.612 [Forwarding findElement on session 60a7d9171b771b25fe859185a055a7a7 to remote] DEBUG org.asynchttpclient.netty.request.NettyRequestSender - Using pooled Channel '[id: 0x082d2e7e, L:/127.0.0.1:64401 - R:localhost/127.0.0.1:53055]' for 'POST' to 'http://localhost:53055/session/60a7d9171b771b25fe859185a055a7a7/element'
00:33:00.612 [Forwarding findElement on session 60a7d9171b771b25fe859185a055a7a7 to remote] DEBUG org.asynchttpclient.netty.request.NettyRequestSender - Using open Channel [id: 0x082d2e7e, L:/127.0.0.1:64401 - R:localhost/127.0.0.1:53055] for POST '/session/60a7d9171b771b25fe859185a055a7a7/element'
00:33:00.657 [AsyncHttpClient-1-2] DEBUG org.asynchttpclient.netty.handler.HttpHandler - 

Request DefaultHttpRequest(decodeResult: success, version: HTTP/1.1)
POST /session/60a7d9171b771b25fe859185a055a7a7/element HTTP/1.1
User-Agent: selenium/4.1.2 (java windows)
Content-Length: 122
Content-Type: application/json; charset=utf-8
host: localhost:53055
accept: */*

Response DefaultHttpResponse(decodeResult: success, version: HTTP/1.1)
HTTP/1.1 200 OK
Content-Type: application/json; charset=utf-8
cache-control: no-cache
content-length: 88

00:33:00.657 [AsyncHttpClient-1-2] DEBUG org.asynchttpclient.netty.channel.ChannelManager - Adding key: http://localhost:53055 for channel [id: 0x082d2e7e, L:/127.0.0.1:64401 - R:localhost/127.0.0.1:53055]
00:33:00.688 [Forwarding getElementTagName on session 60a7d9171b771b25fe859185a055a7a7 to remote] DEBUG org.asynchttpclient.netty.request.NettyRequestSender - Using pooled Channel '[id: 0x082d2e7e, L:/127.0.0.1:64401 - R:localhost/127.0.0.1:53055]' for 'GET' to 'http://localhost:53055/session/60a7d9171b771b25fe859185a055a7a7/element/8284a2c5-0b8a-41f1-bf18-d1d78ad6e0b2/name'
00:33:00.688 [Forwarding getElementTagName on session 60a7d9171b771b25fe859185a055a7a7 to remote] DEBUG org.asynchttpclient.netty.request.NettyRequestSender - Using open Channel [id: 0x082d2e7e, L:/127.0.0.1:64401 - R:localhost/127.0.0.1:53055] for GET '/session/60a7d9171b771b25fe859185a055a7a7/element/8284a2c5-0b8a-41f1-bf18-d1d78ad6e0b2/name'
00:33:00.690 [AsyncHttpClient-1-2] DEBUG org.asynchttpclient.netty.handler.HttpHandler - 

Request DefaultFullHttpRequest(decodeResult: success, version: HTTP/1.1, content: EmptyByteBufBE)
GET /session/60a7d9171b771b25fe859185a055a7a7/element/8284a2c5-0b8a-41f1-bf18-d1d78ad6e0b2/name HTTP/1.1
User-Agent: selenium/4.1.2 (java windows)
Cache-Control: no-cache
Content-Type: application/json; charset=utf-8
host: localhost:53055
accept: */*

Response DefaultHttpResponse(decodeResult: success, version: HTTP/1.1)
HTTP/1.1 200 OK
Content-Type: application/json; charset=utf-8
cache-control: no-cache
content-length: 16

00:33:00.690 [AsyncHttpClient-1-2] DEBUG org.asynchttpclient.netty.channel.ChannelManager - Adding key: http://localhost:53055 for channel [id: 0x082d2e7e, L:/127.0.0.1:64401 - R:localhost/127.0.0.1:53055]
00:33:00.706 [Forwarding getElementTagName on session 60a7d9171b771b25fe859185a055a7a7 to remote] DEBUG org.asynchttpclient.netty.request.NettyRequestSender - Using pooled Channel '[id: 0x082d2e7e, L:/127.0.0.1:64401 - R:localhost/127.0.0.1:53055]' for 'GET' to 'http://localhost:53055/session/60a7d9171b771b25fe859185a055a7a7/element/8284a2c5-0b8a-41f1-bf18-d1d78ad6e0b2/name'
00:33:00.706 [Forwarding getElementTagName on session 60a7d9171b771b25fe859185a055a7a7 to remote] DEBUG org.asynchttpclient.netty.request.NettyRequestSender - Using open Channel [id: 0x082d2e7e, L:/127.0.0.1:64401 - R:localhost/127.0.0.1:53055] for GET '/session/60a7d9171b771b25fe859185a055a7a7/element/8284a2c5-0b8a-41f1-bf18-d1d78ad6e0b2/name'
00:33:00.710 [AsyncHttpClient-1-2] DEBUG org.asynchttpclient.netty.handler.HttpHandler - 

Request DefaultFullHttpRequest(decodeResult: success, version: HTTP/1.1, content: EmptyByteBufBE)
GET /session/60a7d9171b771b25fe859185a055a7a7/element/8284a2c5-0b8a-41f1-bf18-d1d78ad6e0b2/name HTTP/1.1
User-Agent: selenium/4.1.2 (java windows)
Cache-Control: no-cache
Content-Type: application/json; charset=utf-8
host: localhost:53055
accept: */*

Response DefaultHttpResponse(decodeResult: success, version: HTTP/1.1)
HTTP/1.1 200 OK
Content-Type: application/json; charset=utf-8
cache-control: no-cache
content-length: 16

00:33:00.710 [AsyncHttpClient-1-2] DEBUG org.asynchttpclient.netty.channel.ChannelManager - Adding key: http://localhost:53055 for channel [id: 0x082d2e7e, L:/127.0.0.1:64401 - R:localhost/127.0.0.1:53055]
00:33:00.757 [Forwarding findElement on session 60a7d9171b771b25fe859185a055a7a7 to remote] DEBUG org.asynchttpclient.netty.request.NettyRequestSender - Using pooled Channel '[id: 0x082d2e7e, L:/127.0.0.1:64401 - R:localhost/127.0.0.1:53055]' for 'POST' to 'http://localhost:53055/session/60a7d9171b771b25fe859185a055a7a7/element'
00:33:00.757 [Forwarding findElement on session 60a7d9171b771b25fe859185a055a7a7 to remote] DEBUG org.asynchttpclient.netty.request.NettyRequestSender - Using open Channel [id: 0x082d2e7e, L:/127.0.0.1:64401 - R:localhost/127.0.0.1:53055] for POST '/session/60a7d9171b771b25fe859185a055a7a7/element'
00:33:00.793 [AsyncHttpClient-1-2] DEBUG org.asynchttpclient.netty.handler.HttpHandler - 

Request DefaultHttpRequest(decodeResult: success, version: HTTP/1.1)
POST /session/60a7d9171b771b25fe859185a055a7a7/element HTTP/1.1
User-Agent: selenium/4.1.2 (java windows)
Content-Length: 122
Content-Type: application/json; charset=utf-8
host: localhost:53055
accept: */*

Response DefaultHttpResponse(decodeResult: success, version: HTTP/1.1)
HTTP/1.1 200 OK
Content-Type: application/json; charset=utf-8
cache-control: no-cache
content-length: 88

00:33:00.793 [AsyncHttpClient-1-2] DEBUG org.asynchttpclient.netty.channel.ChannelManager - Adding key: http://localhost:53055 for channel [id: 0x082d2e7e, L:/127.0.0.1:64401 - R:localhost/127.0.0.1:53055]
00:33:00.793 [Forwarding clickElement on session 60a7d9171b771b25fe859185a055a7a7 to remote] DEBUG org.asynchttpclient.netty.request.NettyRequestSender - Using pooled Channel '[id: 0x082d2e7e, L:/127.0.0.1:64401 - R:localhost/127.0.0.1:53055]' for 'POST' to 'http://localhost:53055/session/60a7d9171b771b25fe859185a055a7a7/element/8284a2c5-0b8a-41f1-bf18-d1d78ad6e0b2/click'
00:33:00.793 [Forwarding clickElement on session 60a7d9171b771b25fe859185a055a7a7 to remote] DEBUG org.asynchttpclient.netty.request.NettyRequestSender - Using open Channel [id: 0x082d2e7e, L:/127.0.0.1:64401 - R:localhost/127.0.0.1:53055] for POST '/session/60a7d9171b771b25fe859185a055a7a7/element/8284a2c5-0b8a-41f1-bf18-d1d78ad6e0b2/click'
00:33:01.127 [AsyncHttpClient-1-2] DEBUG org.asynchttpclient.netty.handler.HttpHandler - 

Request DefaultHttpRequest(decodeResult: success, version: HTTP/1.1)
POST /session/60a7d9171b771b25fe859185a055a7a7/element/8284a2c5-0b8a-41f1-bf18-d1d78ad6e0b2/click HTTP/1.1
User-Agent: selenium/4.1.2 (java windows)
Content-Length: 50
Content-Type: application/json; charset=utf-8
host: localhost:53055
accept: */*

Response DefaultHttpResponse(decodeResult: success, version: HTTP/1.1)
HTTP/1.1 200 OK
Content-Type: application/json; charset=utf-8
cache-control: no-cache
content-length: 14

00:33:01.130 [AsyncHttpClient-1-2] DEBUG org.asynchttpclient.netty.channel.ChannelManager - Adding key: http://localhost:53055 for channel [id: 0x082d2e7e, L:/127.0.0.1:64401 - R:localhost/127.0.0.1:53055]
00:33:01.192 [Forwarding screenshot on session 60a7d9171b771b25fe859185a055a7a7 to remote] DEBUG org.asynchttpclient.netty.request.NettyRequestSender - Using pooled Channel '[id: 0x082d2e7e, L:/127.0.0.1:64401 - R:localhost/127.0.0.1:53055]' for 'GET' to 'http://localhost:53055/session/60a7d9171b771b25fe859185a055a7a7/screenshot'
00:33:01.193 [Forwarding screenshot on session 60a7d9171b771b25fe859185a055a7a7 to remote] DEBUG org.asynchttpclient.netty.request.NettyRequestSender - Using open Channel [id: 0x082d2e7e, L:/127.0.0.1:64401 - R:localhost/127.0.0.1:53055] for GET '/session/60a7d9171b771b25fe859185a055a7a7/screenshot'
00:33:01.349 [AsyncHttpClient-1-1] DEBUG org.asynchttpclient.netty.channel.DefaultChannelPool - Entry count for : http://localhost:64402 : 1
00:33:01.516 [AsyncHttpClient-1-2] DEBUG org.asynchttpclient.netty.handler.HttpHandler - 

Request DefaultFullHttpRequest(decodeResult: success, version: HTTP/1.1, content: EmptyByteBufBE)
GET /session/60a7d9171b771b25fe859185a055a7a7/screenshot HTTP/1.1
User-Agent: selenium/4.1.2 (java windows)
Cache-Control: no-cache
Content-Type: application/json; charset=utf-8
host: localhost:53055
accept: */*

Response DefaultHttpResponse(decodeResult: success, version: HTTP/1.1)
HTTP/1.1 200 OK
Content-Type: application/json; charset=utf-8
cache-control: no-cache
content-length: 82692

00:33:01.521 [AsyncHttpClient-1-2] DEBUG org.asynchttpclient.netty.channel.ChannelManager - Adding key: http://localhost:53055 for channel [id: 0x082d2e7e, L:/127.0.0.1:64401 - R:localhost/127.0.0.1:53055]
00:33:01.529 [main] DEBUG net.serenitybdd.core.photography.Darkroom - Send negative for processing for target\site\serenity\362cf2b49cfc4f3bfefe83739bd0638f3ba60d8c8ba0e34a0ce629dfc6836435.png
00:33:01.529 [main] DEBUG net.thucydides.core.steps.StepInterceptor - STEP DONE: clickBeliButton
  &amp#27;[32mWhen &amp#27;[0m&amp#27;[32mI click button Beli&amp#27;[0m                          &amp#27;[90m# starter.stepdefinitions.HomeSteps.iClickButtonBeli()&amp#27;[0m
00:33:01.530 [Darkroom Processing Line] DEBUG net.serenitybdd.core.photography.DarkroomProcessingLine - Processing screenshot image in /var/screenshots/screenshot-10134296010185785353
00:33:01.530 [Darkroom Processing Line] DEBUG net.serenitybdd.core.photography.DarkroomProcessingLine - Saving screenshot to target\site\serenity\362cf2b49cfc4f3bfefe83739bd0638f3ba60d8c8ba0e34a0ce629dfc6836435.png
00:33:01.577 [main] DEBUG net.thucydides.core.steps.StepInterceptor - STARTING STEP: HomeSteps.productGoToOrderPage - clickOrderButton
00:33:01.596 [Forwarding findElement on session 60a7d9171b771b25fe859185a055a7a7 to remote] DEBUG org.asynchttpclient.netty.request.NettyRequestSender - Using pooled Channel '[id: 0x082d2e7e, L:/127.0.0.1:64401 - R:localhost/127.0.0.1:53055]' for 'POST' to 'http://localhost:53055/session/60a7d9171b771b25fe859185a055a7a7/element'
00:33:01.597 [Forwarding findElement on session 60a7d9171b771b25fe859185a055a7a7 to remote] DEBUG org.asynchttpclient.netty.request.NettyRequestSender - Using open Channel [id: 0x082d2e7e, L:/127.0.0.1:64401 - R:localhost/127.0.0.1:53055] for POST '/session/60a7d9171b771b25fe859185a055a7a7/element'
00:33:01.629 [AsyncHttpClient-1-2] DEBUG org.asynchttpclient.netty.handler.HttpHandler - 

Request DefaultHttpRequest(decodeResult: success, version: HTTP/1.1)
POST /session/60a7d9171b771b25fe859185a055a7a7/element HTTP/1.1
User-Agent: selenium/4.1.2 (java windows)
Content-Length: 135
Content-Type: application/json; charset=utf-8
host: localhost:53055
accept: */*

Response DefaultHttpResponse(decodeResult: success, version: HTTP/1.1)
HTTP/1.1 200 OK
Content-Type: application/json; charset=utf-8
cache-control: no-cache
content-length: 88

00:33:01.630 [AsyncHttpClient-1-2] DEBUG org.asynchttpclient.netty.channel.ChannelManager - Adding key: http://localhost:53055 for channel [id: 0x082d2e7e, L:/127.0.0.1:64401 - R:localhost/127.0.0.1:53055]
00:33:01.635 [Forwarding getElementTagName on session 60a7d9171b771b25fe859185a055a7a7 to remote] DEBUG org.asynchttpclient.netty.request.NettyRequestSender - Using pooled Channel '[id: 0x082d2e7e, L:/127.0.0.1:64401 - R:localhost/127.0.0.1:53055]' for 'GET' to 'http://localhost:53055/session/60a7d9171b771b25fe859185a055a7a7/element/dd2970a5-ad9c-436a-890b-adfa9fc33238/name'
00:33:01.635 [Forwarding getElementTagName on session 60a7d9171b771b25fe859185a055a7a7 to remote] DEBUG org.asynchttpclient.netty.request.NettyRequestSender - Using open Channel [id: 0x082d2e7e, L:/127.0.0.1:64401 - R:localhost/127.0.0.1:53055] for GET '/session/60a7d9171b771b25fe859185a055a7a7/element/dd2970a5-ad9c-436a-890b-adfa9fc33238/name'
00:33:01.635 [AsyncHttpClient-1-2] DEBUG org.asynchttpclient.netty.handler.HttpHandler - 

Request DefaultFullHttpRequest(decodeResult: success, version: HTTP/1.1, content: EmptyByteBufBE)
GET /session/60a7d9171b771b25fe859185a055a7a7/element/dd2970a5-ad9c-436a-890b-adfa9fc33238/name HTTP/1.1
User-Agent: selenium/4.1.2 (java windows)
Cache-Control: no-cache
Content-Type: application/json; charset=utf-8
host: localhost:53055
accept: */*

Response DefaultHttpResponse(decodeResult: success, version: HTTP/1.1)
HTTP/1.1 200 OK
Content-Type: application/json; charset=utf-8
cache-control: no-cache
content-length: 13

00:33:01.635 [AsyncHttpClient-1-2] DEBUG org.asynchttpclient.netty.channel.ChannelManager - Adding key: http://localhost:53055 for channel [id: 0x082d2e7e, L:/127.0.0.1:64401 - R:localhost/127.0.0.1:53055]
00:33:01.635 [Forwarding getElementTagName on session 60a7d9171b771b25fe859185a055a7a7 to remote] DEBUG org.asynchttpclient.netty.request.NettyRequestSender - Using pooled Channel '[id: 0x082d2e7e, L:/127.0.0.1:64401 - R:localhost/127.0.0.1:53055]' for 'GET' to 'http://localhost:53055/session/60a7d9171b771b25fe859185a055a7a7/element/dd2970a5-ad9c-436a-890b-adfa9fc33238/name'
00:33:01.635 [Forwarding getElementTagName on session 60a7d9171b771b25fe859185a055a7a7 to remote] DEBUG org.asynchttpclient.netty.request.NettyRequestSender - Using open Channel [id: 0x082d2e7e, L:/127.0.0.1:64401 - R:localhost/127.0.0.1:53055] for GET '/session/60a7d9171b771b25fe859185a055a7a7/element/dd2970a5-ad9c-436a-890b-adfa9fc33238/name'
00:33:01.665 [AsyncHttpClient-1-2] DEBUG org.asynchttpclient.netty.handler.HttpHandler - 

Request DefaultFullHttpRequest(decodeResult: success, version: HTTP/1.1, content: EmptyByteBufBE)
GET /session/60a7d9171b771b25fe859185a055a7a7/element/dd2970a5-ad9c-436a-890b-adfa9fc33238/name HTTP/1.1
User-Agent: selenium/4.1.2 (java windows)
Cache-Control: no-cache
Content-Type: application/json; charset=utf-8
host: localhost:53055
accept: */*

Response DefaultHttpResponse(decodeResult: success, version: HTTP/1.1)
HTTP/1.1 200 OK
Content-Type: application/json; charset=utf-8
cache-control: no-cache
content-length: 13

00:33:01.665 [AsyncHttpClient-1-2] DEBUG org.asynchttpclient.netty.channel.ChannelManager - Adding key: http://localhost:53055 for channel [id: 0x082d2e7e, L:/127.0.0.1:64401 - R:localhost/127.0.0.1:53055]
00:33:01.665 [Forwarding findElement on session 60a7d9171b771b25fe859185a055a7a7 to remote] DEBUG org.asynchttpclient.netty.request.NettyRequestSender - Using pooled Channel '[id: 0x082d2e7e, L:/127.0.0.1:64401 - R:localhost/127.0.0.1:53055]' for 'POST' to 'http://localhost:53055/session/60a7d9171b771b25fe859185a055a7a7/element'
00:33:01.665 [Forwarding findElement on session 60a7d9171b771b25fe859185a055a7a7 to remote] DEBUG org.asynchttpclient.netty.request.NettyRequestSender - Using open Channel [id: 0x082d2e7e, L:/127.0.0.1:64401 - R:localhost/127.0.0.1:53055] for POST '/session/60a7d9171b771b25fe859185a055a7a7/element'
00:33:01.690 [AsyncHttpClient-1-2] DEBUG org.asynchttpclient.netty.handler.HttpHandler - 

Request DefaultHttpRequest(decodeResult: success, version: HTTP/1.1)
POST /session/60a7d9171b771b25fe859185a055a7a7/element HTTP/1.1
User-Agent: selenium/4.1.2 (java windows)
Content-Length: 135
Content-Type: application/json; charset=utf-8
host: localhost:53055
accept: */*

Response DefaultHttpResponse(decodeResult: success, version: HTTP/1.1)
HTTP/1.1 200 OK
Content-Type: application/json; charset=utf-8
cache-control: no-cache
content-length: 88

00:33:01.690 [AsyncHttpClient-1-2] DEBUG org.asynchttpclient.netty.channel.ChannelManager - Adding key: http://localhost:53055 for channel [id: 0x082d2e7e, L:/127.0.0.1:64401 - R:localhost/127.0.0.1:53055]
00:33:01.706 [Forwarding clickElement on session 60a7d9171b771b25fe859185a055a7a7 to remote] DEBUG org.asynchttpclient.netty.request.NettyRequestSender - Using pooled Channel '[id: 0x082d2e7e, L:/127.0.0.1:64401 - R:localhost/127.0.0.1:53055]' for 'POST' to 'http://localhost:53055/session/60a7d9171b771b25fe859185a055a7a7/element/dd2970a5-ad9c-436a-890b-adfa9fc33238/click'
00:33:01.706 [Forwarding clickElement on session 60a7d9171b771b25fe859185a055a7a7 to remote] DEBUG org.asynchttpclient.netty.request.NettyRequestSender - Using open Channel [id: 0x082d2e7e, L:/127.0.0.1:64401 - R:localhost/127.0.0.1:53055] for POST '/session/60a7d9171b771b25fe859185a055a7a7/element/dd2970a5-ad9c-436a-890b-adfa9fc33238/click'
00:33:02.467 [AsyncHttpClient-1-1] DEBUG org.asynchttpclient.netty.channel.DefaultChannelPool - Entry count for : http://localhost:64402 : 1
00:33:02.761 [AsyncHttpClient-1-2] DEBUG org.asynchttpclient.netty.handler.HttpHandler - 

Request DefaultHttpRequest(decodeResult: success, version: HTTP/1.1)
POST /session/60a7d9171b771b25fe859185a055a7a7/element/dd2970a5-ad9c-436a-890b-adfa9fc33238/click HTTP/1.1
User-Agent: selenium/4.1.2 (java windows)
Content-Length: 50
Content-Type: application/json; charset=utf-8
host: localhost:53055
accept: */*

Response DefaultHttpResponse(decodeResult: success, version: HTTP/1.1)
HTTP/1.1 200 OK
Content-Type: application/json; charset=utf-8
cache-control: no-cache
content-length: 14

00:33:02.762 [AsyncHttpClient-1-2] DEBUG org.asynchttpclient.netty.channel.ChannelManager - Adding key: http://localhost:53055 for channel [id: 0x082d2e7e, L:/127.0.0.1:64401 - R:localhost/127.0.0.1:53055]
00:33:02.784 [Forwarding screenshot on session 60a7d9171b771b25fe859185a055a7a7 to remote] DEBUG org.asynchttpclient.netty.request.NettyRequestSender - Using pooled Channel '[id: 0x082d2e7e, L:/127.0.0.1:64401 - R:localhost/127.0.0.1:53055]' for 'GET' to 'http://localhost:53055/session/60a7d9171b771b25fe859185a055a7a7/screenshot'
00:33:02.792 [Forwarding screenshot on session 60a7d9171b771b25fe859185a055a7a7 to remote] DEBUG org.asynchttpclient.netty.request.NettyRequestSender - Using open Channel [id: 0x082d2e7e, L:/127.0.0.1:64401 - R:localhost/127.0.0.1:53055] for GET '/session/60a7d9171b771b25fe859185a055a7a7/screenshot'
00:33:03.025 [AsyncHttpClient-1-2] DEBUG org.asynchttpclient.netty.handler.HttpHandler - 

Request DefaultFullHttpRequest(decodeResult: success, version: HTTP/1.1, content: EmptyByteBufBE)
GET /session/60a7d9171b771b25fe859185a055a7a7/screenshot HTTP/1.1
User-Agent: selenium/4.1.2 (java windows)
Cache-Control: no-cache
Content-Type: application/json; charset=utf-8
host: localhost:53055
accept: */*

Response DefaultHttpResponse(decodeResult: success, version: HTTP/1.1)
HTTP/1.1 200 OK
Content-Type: application/json; charset=utf-8
cache-control: no-cache
content-length: 32860

00:33:03.028 [AsyncHttpClient-1-2] DEBUG org.asynchttpclient.netty.channel.ChannelManager - Adding key: http://localhost:53055 for channel [id: 0x082d2e7e, L:/127.0.0.1:64401 - R:localhost/127.0.0.1:53055]
00:33:03.036 [main] DEBUG net.serenitybdd.core.photography.Darkroom - Send negative for processing for target\site\serenity\6e59fffb4a3abbdd61b54f8e8fc2d2139507fda3e05ca39b6a9d3fd338be8e5a.png
00:33:03.037 [main] DEBUG net.thucydides.core.steps.StepInterceptor - STEP DONE: clickOrderButton
  &amp#27;[32mThen &amp#27;[0m&amp#27;[32mproduct go to order page&amp#27;[0m                     &amp#27;[90m# starter.stepdefinitions.HomeSteps.productGoToOrderPage()&amp#27;[0m
00:33:03.059 [main] INFO  - 
  _____   ___   ___   _____     ___     _     ___   ___   ___   ___  
 |_   _| | __| / __| |_   _|   | _ \   /_\   / __| / __| | __| |   \ 
   | |   | _|  \__ \   | |     |  _/  / _ \  \__ \ \__ \ | _|  | |) |
   |_|   |___| |___/   |_|     |_|   /_/ \_\ |___/ |___/ |___| |___/ 

As a user I have to be able order product
----------------------------------------------------------------------
00:33:03.063 [Darkroom Processing Line] DEBUG net.serenitybdd.core.photography.DarkroomProcessingLine - Processing screenshot image in /var/screenshots/screenshot-18423600805964951966
00:33:03.063 [Darkroom Processing Line] DEBUG net.serenitybdd.core.photography.DarkroomProcessingLine - Saving screenshot to target\site\serenity\6e59fffb4a3abbdd61b54f8e8fc2d2139507fda3e05ca39b6a9d3fd338be8e5a.png
00:33:03.454 [AsyncHttpClient-1-4] DEBUG org.asynchttpclient.netty.handler.WebSocketHandler - Channel Closed: [id: 0xec009999, L:/127.0.0.1:64409 ! R:localhost/127.0.0.1:64402] with attribute NettyResponseFuture{currentRetry=5,
	isDone=1,
	isCancelled=0,
	asyncHandler=org.asynchttpclient.ws.WebSocketUpgradeHandler@5aeb2675,
	nettyRequest=org.asynchttpclient.netty.request.NettyRequest@5da2870a,
	future=java.util.concurrent.CompletableFuture@704f05ea[Completed normally],
	uri=ws://localhost:64402/devtools/browser/7eb9cf0c-0e7b-44fd-b550-c1ab523f0cb6,
	keepAlive=true,
	redirectCount=0,
	timeoutsHolder=null,
	inAuth=0,
	touch=1652635952511}
00:33:03.454 [AsyncHttpClient-1-4] DEBUG org.asynchttpclient.netty.channel.ChannelManager - Closing Channel [id: 0xec009999, L:/127.0.0.1:64409 ! R:localhost/127.0.0.1:64402] 
00:33:03.474 [Driver Command Executor] DEBUG org.asynchttpclient.netty.request.NettyRequestSender - Using pooled Channel '[id: 0x082d2e7e, L:/127.0.0.1:64401 - R:localhost/127.0.0.1:53055]' for 'DELETE' to 'http://localhost:53055/session/60a7d9171b771b25fe859185a055a7a7'
00:33:03.474 [Driver Command Executor] DEBUG org.asynchttpclient.netty.request.NettyRequestSender - Using open Channel [id: 0x082d2e7e, L:/127.0.0.1:64401 - R:localhost/127.0.0.1:53055] for DELETE '/session/60a7d9171b771b25fe859185a055a7a7'
00:33:03.657 [AsyncHttpClient-1-1] DEBUG org.asynchttpclient.netty.channel.DefaultChannelPool - Entry count for : http://localhost:64402 : 1
00:33:04.739 [AsyncHttpClient-1-1] DEBUG org.asynchttpclient.netty.channel.DefaultChannelPool - Entry count for : http://localhost:64402 : 1
00:33:05.746 [AsyncHttpClient-1-3] DEBUG org.asynchttpclient.netty.handler.HttpHandler - Unexpected I/O exception on channel [id: 0x1d7eb25d, L:/127.0.0.1:64408 - R:localhost/127.0.0.1:64402]
java.net.SocketException: Connection reset
	at java.base/sun.nio.ch.SocketChannelImpl.throwConnectionReset(SocketChannelImpl.java:367)
	at java.base/sun.nio.ch.SocketChannelImpl.read(SocketChannelImpl.java:398)
	at io.netty.buffer.PooledByteBuf.setBytes(PooledByteBuf.java:258)
	at io.netty.buffer.AbstractByteBuf.writeBytes(AbstractByteBuf.java:1132)
	at io.netty.channel.socket.nio.NioSocketChannel.doReadBytes(NioSocketChannel.java:350)
	at io.netty.channel.nio.AbstractNioByteChannel$NioByteUnsafe.read(AbstractNioByteChannel.java:151)
	at io.netty.channel.nio.NioEventLoop.processSelectedKey(NioEventLoop.java:722)
	at io.netty.channel.nio.NioEventLoop.processSelectedKeysOptimized(NioEventLoop.java:658)
	at io.netty.channel.nio.NioEventLoop.processSelectedKeys(NioEventLoop.java:584)
	at io.netty.channel.nio.NioEventLoop.run(NioEventLoop.java:496)
	at io.netty.util.concurrent.SingleThreadEventExecutor$4.run(SingleThreadEventExecutor.java:986)
	at io.netty.util.internal.ThreadExecutorMap$2.run(ThreadExecutorMap.java:74)
	at io.netty.util.concurrent.FastThreadLocalRunnable.run(FastThreadLocalRunnable.java:30)
	at java.base/java.lang.Thread.run(Thread.java:832)
00:33:05.746 [AsyncHttpClient-1-3] DEBUG org.asynchttpclient.netty.channel.ChannelManager - Closing Channel [id: 0x1d7eb25d, L:/127.0.0.1:64408 - R:localhost/127.0.0.1:64402] 
00:33:05.746 [AsyncHttpClient-1-3] DEBUG org.asynchttpclient.netty.handler.HttpHandler - Channel Closed: [id: 0x1d7eb25d, L:/127.0.0.1:64408 ! R:localhost/127.0.0.1:64402] with attribute DISCARD
00:33:05.824 [AsyncHttpClient-1-2] DEBUG org.asynchttpclient.netty.handler.HttpHandler - 

Request DefaultFullHttpRequest(decodeResult: success, version: HTTP/1.1, content: EmptyByteBufBE)
DELETE /session/60a7d9171b771b25fe859185a055a7a7 HTTP/1.1
User-Agent: selenium/4.1.2 (java windows)
Content-Type: application/json; charset=utf-8
host: localhost:53055
accept: */*

Response DefaultHttpResponse(decodeResult: success, version: HTTP/1.1)
HTTP/1.1 200 OK
Content-Type: application/json; charset=utf-8
cache-control: no-cache
content-length: 14

00:33:05.824 [AsyncHttpClient-1-2] DEBUG org.asynchttpclient.netty.channel.ChannelManager - Adding key: http://localhost:53055 for channel [id: 0x082d2e7e, L:/127.0.0.1:64401 - R:localhost/127.0.0.1:53055]
00:33:07.166 [AsyncHttpClient-1-1] DEBUG org.asynchttpclient.netty.channel.DefaultChannelPool - Entry count for : http://localhost:53055 : 1
00:33:07.166 [AsyncHttpClient-1-1] DEBUG org.asynchttpclient.netty.channel.DefaultChannelPool - Entry count for : http://localhost:64402 : 1
00:33:07.166 [AsyncHttpClient-1-1] DEBUG org.asynchttpclient.netty.channel.DefaultChannelPool - Adding Candidate expired Channel [id: 0x1d7eb25d, L:/127.0.0.1:64408 ! R:localhost/127.0.0.1:64402] isIdleTimeoutExpired=false isRemotelyClosed=true isTtlExpired=false
00:33:07.166 [AsyncHttpClient-1-1] DEBUG org.asynchttpclient.netty.channel.DefaultChannelPool - Closing Idle Channel [id: 0x1d7eb25d, L:/127.0.0.1:64408 ! R:localhost/127.0.0.1:64402]
00:33:07.572 [AsyncHttpClient-1-1] DEBUG org.asynchttpclient.netty.channel.DefaultChannelPool - Closed 1 connections out of 2 in 406 ms
00:33:08.655 [AsyncHttpClient-1-1] DEBUG org.asynchttpclient.netty.channel.DefaultChannelPool - Entry count for : http://localhost:53055 : 1
00:33:09.814 [AsyncHttpClient-1-1] DEBUG org.asynchttpclient.netty.channel.DefaultChannelPool - Entry count for : http://localhost:53055 : 1
00:33:09.914 [AsyncHttpClient-1-2] DEBUG org.asynchttpclient.netty.handler.HttpHandler - Unexpected I/O exception on channel [id: 0x082d2e7e, L:/127.0.0.1:64401 - R:localhost/127.0.0.1:53055]
java.net.SocketException: Connection reset
	at java.base/sun.nio.ch.SocketChannelImpl.throwConnectionReset(SocketChannelImpl.java:367)
	at java.base/sun.nio.ch.SocketChannelImpl.read(SocketChannelImpl.java:398)
	at io.netty.buffer.PooledByteBuf.setBytes(PooledByteBuf.java:258)
	at io.netty.buffer.AbstractByteBuf.writeBytes(AbstractByteBuf.java:1132)
	at io.netty.channel.socket.nio.NioSocketChannel.doReadBytes(NioSocketChannel.java:350)
	at io.netty.channel.nio.AbstractNioByteChannel$NioByteUnsafe.read(AbstractNioByteChannel.java:151)
	at io.netty.channel.nio.NioEventLoop.processSelectedKey(NioEventLoop.java:722)
	at io.netty.channel.nio.NioEventLoop.processSelectedKeysOptimized(NioEventLoop.java:658)
	at io.netty.channel.nio.NioEventLoop.processSelectedKeys(NioEventLoop.java:584)
	at io.netty.channel.nio.NioEventLoop.run(NioEventLoop.java:496)
	at io.netty.util.concurrent.SingleThreadEventExecutor$4.run(SingleThreadEventExecutor.java:986)
	at io.netty.util.internal.ThreadExecutorMap$2.run(ThreadExecutorMap.java:74)
	at io.netty.util.concurrent.FastThreadLocalRunnable.run(FastThreadLocalRunnable.java:30)
	at java.base/java.lang.Thread.run(Thread.java:832)
00:33:09.914 [AsyncHttpClient-1-2] DEBUG org.asynchttpclient.netty.channel.ChannelManager - Closing Channel [id: 0x082d2e7e, L:/127.0.0.1:64401 - R:localhost/127.0.0.1:53055] 
00:33:09.914 [AsyncHttpClient-1-2] DEBUG org.asynchttpclient.netty.handler.HttpHandler - Channel Closed: [id: 0x082d2e7e, L:/127.0.0.1:64401 ! R:localhost/127.0.0.1:53055] with attribute DISCARD
00:33:10.848 [AsyncHttpClient-1-1] DEBUG org.asynchttpclient.netty.channel.DefaultChannelPool - Entry count for : http://localhost:53055 : 1
00:33:10.848 [AsyncHttpClient-1-1] DEBUG org.asynchttpclient.netty.channel.DefaultChannelPool - Adding Candidate expired Channel [id: 0x082d2e7e, L:/127.0.0.1:64401 ! R:localhost/127.0.0.1:53055] isIdleTimeoutExpired=false isRemotelyClosed=true isTtlExpired=false
00:33:10.848 [AsyncHttpClient-1-1] DEBUG org.asynchttpclient.netty.channel.DefaultChannelPool - Closing Idle Channel [id: 0x082d2e7e, L:/127.0.0.1:64401 ! R:localhost/127.0.0.1:53055]
00:33:10.848 [AsyncHttpClient-1-1] DEBUG org.asynchttpclient.netty.channel.DefaultChannelPool - Closed 1 connections out of 1 in 0 ms
]]></system-out>
    <system-err><![CDATA[Starting ChromeDriver 101.0.4951.41 (93c720db8323b3ec10d056025ab95c23a31997c9-refs/branch-heads/4951@{#904}) on port 53055
Only local connections are allowed.
Please see https://chromedriver.chromium.org/security-considerations for suggestions on keeping ChromeDriver safe.
ChromeDriver was started successfully.
May 16, 2022 12:32:32 AM org.openqa.selenium.remote.ProtocolHandshake createSession
INFO: Detected dialect: W3C
May 16, 2022 12:32:32 AM org.openqa.selenium.devtools.CdpVersionFinder findNearestMatch
WARNING: Unable to find an exact match for CDP version 101, so returning the closest version found: 97
May 16, 2022 12:32:32 AM org.openqa.selenium.devtools.CdpVersionFinder findNearestMatch
INFO: Found CDP implementation for version 101 of 97
May 16, 2022 12:33:10 AM org.openqa.selenium.os.OsProcess destroy
SEVERE: Unable to kill process Process[pid=10476, exitValue=1]
May 16, 2022 12:33:17 AM org.openqa.selenium.concurrent.ExecutorServices shutdownGracefully
WARNING: Failed to shutdown Driver Command Executor
]]></system-err>
  </testcase>
  <testcase name="As a user I have to be able see detail product" classname="Home" time="26.63">
    <system-out><![CDATA[
Scenario: As a user I have to be able see detail product &amp#27;[90m# src/test/resources/features/Home.feature:10&amp#27;[0m
00:33:17.271 [main] INFO io.cucumber.core.plugin.SerenityReporter - Running feature from file:///D:/web-automation-using-serenity/src/test/resources/features/Home.feature
00:33:17.346 [main] INFO  - 
  _____   ___   ___   _____     ___   _____     _     ___   _____   ___   ___  
 |_   _| | __| / __| |_   _|   / __| |_   _|   /_\   | _ \ |_   _| | __| |   \ 
   | |   | _|  \__ \   | |     \__ \   | |    / _ \  |   /   | |   | _|  | |) |
   |_|   |___| |___/   |_|     |___/   |_|   /_/ \_\ |_|_\   |_|   |___| |___/ 

As a user I have to be able see detail product(home;as-a-user-i-have-to-be-able-see-detail-product)
--------------------------------------------------------------------------------
00:33:17.657 [main] DEBUG net.thucydides.core.steps.StepInterceptor - STARTING STEP: HomeSteps.iAmOnTheHomePage - openUrl
00:33:17.657 [main] INFO net.serenitybdd.core.webdriver.driverproviders.ChromeDriverProvider - Using automatically driver download
00:33:19.334 [main] DEBUG io.github.bonigarcia.wdm.cache.ResolutionCache - Resolution chrome=101 in cache (valid until 01:32:11 16/05/2022 WIB)
00:33:19.339 [main] DEBUG io.github.bonigarcia.wdm.cache.ResolutionCache - Resolution chrome101=101.0.4951.41 in cache (valid until 00:32:11 17/05/2022 WIB)
00:33:19.339 [main] INFO io.github.bonigarcia.wdm.WebDriverManager - Using chromedriver 101.0.4951.41 (resolved driver for Chrome 101)
00:33:19.381 [main] DEBUG io.github.bonigarcia.wdm.WebDriverManager - Driver chromedriver 101.0.4951.41 found in cache
00:33:19.381 [main] INFO io.github.bonigarcia.wdm.WebDriverManager - Exporting webdriver.chrome.driver as C:\Users\A\.cache\selenium\chromedriver\win32\101.0.4951.41\chromedriver.exe
00:33:19.646 [main] DEBUG net.serenitybdd.core.webdriver.driverproviders.ProvideNewDriver - Instantiating driver
00:33:19.646 [main] DEBUG net.serenitybdd.core.webdriver.driverproviders.ProvideNewDriver - Driver capabilities: Capabilities {acceptInsecureCerts: false, base.url: https://qa.alta.id, browserName: chrome, chrome.driver: src/test/resources/webdrive..., driver: chrome, goog:chromeOptions: {args: [], extensions: []}}
00:33:20.226 [AsyncHttpClient-1-5] DEBUG org.asynchttpclient.netty.channel.NettyConnectListener - Using new Channel '[id: 0x1dcdb194, L:/127.0.0.1:64429 - R:localhost/127.0.0.1:65125]' for 'POST' to '/session'
00:33:22.356 [AsyncHttpClient-1-5] DEBUG org.asynchttpclient.netty.handler.HttpHandler - 

Request DefaultHttpRequest(decodeResult: success, version: HTTP/1.1)
POST /session HTTP/1.1
User-Agent: selenium/4.1.2 (java windows)
Content-Length: 599
Content-Type: application/json; charset=utf-8
host: localhost:65125
accept: */*

Response DefaultHttpResponse(decodeResult: success, version: HTTP/1.1)
HTTP/1.1 200 OK
Content-Type: application/json; charset=utf-8
cache-control: no-cache
content-length: 784

00:33:22.357 [AsyncHttpClient-1-5] DEBUG org.asynchttpclient.netty.channel.ChannelManager - Adding key: http://localhost:65125 for channel [id: 0x1dcdb194, L:/127.0.0.1:64429 - R:localhost/127.0.0.1:65125]
00:33:22.379 [AsyncHttpClient-1-2] DEBUG org.asynchttpclient.netty.channel.NettyConnectListener - Using new Channel '[id: 0xead8f3db, L:/127.0.0.1:64435 - R:localhost/127.0.0.1:64430]' for 'GET' to '/json/version'
00:33:22.381 [AsyncHttpClient-1-2] DEBUG org.asynchttpclient.netty.handler.HttpHandler - 

Request DefaultFullHttpRequest(decodeResult: success, version: HTTP/1.1, content: EmptyByteBufBE)
GET /json/version HTTP/1.1
User-Agent: selenium/4.1.2 (java windows)
host: localhost:64430
accept: */*

Response DefaultHttpResponse(decodeResult: success, version: HTTP/1.1)
HTTP/1.1 200 OK
Content-Type: application/json; charset=UTF-8
content-length: 427

00:33:22.382 [AsyncHttpClient-1-2] DEBUG org.asynchttpclient.netty.channel.ChannelManager - Adding key: http://localhost:64430 for channel [id: 0xead8f3db, L:/127.0.0.1:64435 - R:localhost/127.0.0.1:64430]
00:33:22.388 [AsyncHttpClient-1-3] DEBUG org.asynchttpclient.netty.channel.NettyConnectListener - Using new Channel '[id: 0x0180bb73, L:/127.0.0.1:64436 - R:localhost/127.0.0.1:64430]' for 'GET' to '/devtools/browser/fada3ec2-a158-4506-9239-b8865a02c919'
00:33:22.390 [AsyncHttpClient-1-3] DEBUG org.asynchttpclient.netty.handler.WebSocketHandler - 

Request DefaultFullHttpRequest(decodeResult: success, version: HTTP/1.1, content: EmptyByteBufBE)
GET /devtools/browser/fada3ec2-a158-4506-9239-b8865a02c919 HTTP/1.1
upgrade: websocket
connection: upgrade
sec-websocket-key: 1s2mg4xOcDVFcSm1Oj3s3Q==
sec-websocket-version: 13
origin: http://localhost:64430
host: localhost:64430
accept: */*
user-agent: AHC/2.1

Response DefaultHttpResponse(decodeResult: success, version: HTTP/1.1)
HTTP/1.1 101 WebSocket Protocol Handshake
Upgrade: WebSocket
Connection: Upgrade
Sec-WebSocket-Accept: kv2BKzSmV/pL2jlPocbzu8Imnz0=

00:33:22.404 [Forwarding maximizeCurrentWindow on session 64ec5015c0b7ee7c32054d764ebe2d31 to remote] DEBUG org.asynchttpclient.netty.request.NettyRequestSender - Using pooled Channel '[id: 0x1dcdb194, L:/127.0.0.1:64429 - R:localhost/127.0.0.1:65125]' for 'POST' to 'http://localhost:65125/session/64ec5015c0b7ee7c32054d764ebe2d31/window/maximize'
00:33:22.404 [Forwarding maximizeCurrentWindow on session 64ec5015c0b7ee7c32054d764ebe2d31 to remote] DEBUG org.asynchttpclient.netty.request.NettyRequestSender - Using open Channel [id: 0x1dcdb194, L:/127.0.0.1:64429 - R:localhost/127.0.0.1:65125] for POST '/session/64ec5015c0b7ee7c32054d764ebe2d31/window/maximize'
00:33:22.581 [AsyncHttpClient-1-1] DEBUG org.asynchttpclient.netty.channel.DefaultChannelPool - Entry count for : http://localhost:64430 : 1
00:33:23.051 [AsyncHttpClient-1-5] DEBUG org.asynchttpclient.netty.handler.HttpHandler - 

Request DefaultHttpRequest(decodeResult: success, version: HTTP/1.1)
POST /session/64ec5015c0b7ee7c32054d764ebe2d31/window/maximize HTTP/1.1
User-Agent: selenium/4.1.2 (java windows)
Content-Length: 3
Content-Type: application/json; charset=utf-8
host: localhost:65125
accept: */*

Response DefaultHttpResponse(decodeResult: success, version: HTTP/1.1)
HTTP/1.1 200 OK
Content-Type: application/json; charset=utf-8
cache-control: no-cache
content-length: 51

00:33:23.053 [AsyncHttpClient-1-5] DEBUG org.asynchttpclient.netty.channel.ChannelManager - Adding key: http://localhost:65125 for channel [id: 0x1dcdb194, L:/127.0.0.1:64429 - R:localhost/127.0.0.1:65125]
00:33:23.058 [Forwarding get on session 64ec5015c0b7ee7c32054d764ebe2d31 to remote] DEBUG org.asynchttpclient.netty.request.NettyRequestSender - Using pooled Channel '[id: 0x1dcdb194, L:/127.0.0.1:64429 - R:localhost/127.0.0.1:65125]' for 'POST' to 'http://localhost:65125/session/64ec5015c0b7ee7c32054d764ebe2d31/url'
00:33:23.059 [Forwarding get on session 64ec5015c0b7ee7c32054d764ebe2d31 to remote] DEBUG org.asynchttpclient.netty.request.NettyRequestSender - Using open Channel [id: 0x1dcdb194, L:/127.0.0.1:64429 - R:localhost/127.0.0.1:65125] for POST '/session/64ec5015c0b7ee7c32054d764ebe2d31/url'
00:33:23.645 [AsyncHttpClient-1-1] DEBUG org.asynchttpclient.netty.channel.DefaultChannelPool - Entry count for : http://localhost:64430 : 1
00:33:24.746 [AsyncHttpClient-1-1] DEBUG org.asynchttpclient.netty.channel.DefaultChannelPool - Entry count for : http://localhost:64430 : 1
00:33:25.845 [AsyncHttpClient-1-1] DEBUG org.asynchttpclient.netty.channel.DefaultChannelPool - Entry count for : http://localhost:64430 : 1
00:33:27.035 [AsyncHttpClient-1-1] DEBUG org.asynchttpclient.netty.channel.DefaultChannelPool - Entry count for : http://localhost:64430 : 1
00:33:27.683 [AsyncHttpClient-1-5] DEBUG org.asynchttpclient.netty.handler.HttpHandler - 

Request DefaultHttpRequest(decodeResult: success, version: HTTP/1.1)
POST /session/64ec5015c0b7ee7c32054d764ebe2d31/url HTTP/1.1
User-Agent: selenium/4.1.2 (java windows)
Content-Length: 43
Content-Type: application/json; charset=utf-8
host: localhost:65125
accept: */*

Response DefaultHttpResponse(decodeResult: success, version: HTTP/1.1)
HTTP/1.1 200 OK
Content-Type: application/json; charset=utf-8
cache-control: no-cache
content-length: 14

00:33:27.684 [AsyncHttpClient-1-5] DEBUG org.asynchttpclient.netty.channel.ChannelManager - Adding key: http://localhost:65125 for channel [id: 0x1dcdb194, L:/127.0.0.1:64429 - R:localhost/127.0.0.1:65125]
00:33:27.691 [Forwarding setTimeout on session 64ec5015c0b7ee7c32054d764ebe2d31 to remote] DEBUG org.asynchttpclient.netty.request.NettyRequestSender - Using pooled Channel '[id: 0x1dcdb194, L:/127.0.0.1:64429 - R:localhost/127.0.0.1:65125]' for 'POST' to 'http://localhost:65125/session/64ec5015c0b7ee7c32054d764ebe2d31/timeouts'
00:33:27.691 [Forwarding setTimeout on session 64ec5015c0b7ee7c32054d764ebe2d31 to remote] DEBUG org.asynchttpclient.netty.request.NettyRequestSender - Using open Channel [id: 0x1dcdb194, L:/127.0.0.1:64429 - R:localhost/127.0.0.1:65125] for POST '/session/64ec5015c0b7ee7c32054d764ebe2d31/timeouts'
00:33:27.694 [AsyncHttpClient-1-5] DEBUG org.asynchttpclient.netty.handler.HttpHandler - 

Request DefaultHttpRequest(decodeResult: success, version: HTTP/1.1)
POST /session/64ec5015c0b7ee7c32054d764ebe2d31/timeouts HTTP/1.1
User-Agent: selenium/4.1.2 (java windows)
Content-Length: 22
Content-Type: application/json; charset=utf-8
host: localhost:65125
accept: */*

Response DefaultHttpResponse(decodeResult: success, version: HTTP/1.1)
HTTP/1.1 200 OK
Content-Type: application/json; charset=utf-8
cache-control: no-cache
content-length: 14

00:33:27.695 [AsyncHttpClient-1-5] DEBUG org.asynchttpclient.netty.channel.ChannelManager - Adding key: http://localhost:65125 for channel [id: 0x1dcdb194, L:/127.0.0.1:64429 - R:localhost/127.0.0.1:65125]
00:33:27.706 [Forwarding getCurrentUrl on session 64ec5015c0b7ee7c32054d764ebe2d31 to remote] DEBUG org.asynchttpclient.netty.request.NettyRequestSender - Using pooled Channel '[id: 0x1dcdb194, L:/127.0.0.1:64429 - R:localhost/127.0.0.1:65125]' for 'GET' to 'http://localhost:65125/session/64ec5015c0b7ee7c32054d764ebe2d31/url'
00:33:27.706 [Forwarding getCurrentUrl on session 64ec5015c0b7ee7c32054d764ebe2d31 to remote] DEBUG org.asynchttpclient.netty.request.NettyRequestSender - Using open Channel [id: 0x1dcdb194, L:/127.0.0.1:64429 - R:localhost/127.0.0.1:65125] for GET '/session/64ec5015c0b7ee7c32054d764ebe2d31/url'
00:33:28.070 [AsyncHttpClient-1-1] DEBUG org.asynchttpclient.netty.channel.DefaultChannelPool - Entry count for : http://localhost:64430 : 1
00:33:29.174 [AsyncHttpClient-1-1] DEBUG org.asynchttpclient.netty.channel.DefaultChannelPool - Entry count for : http://localhost:64430 : 1
00:33:30.296 [AsyncHttpClient-1-1] DEBUG org.asynchttpclient.netty.channel.DefaultChannelPool - Entry count for : http://localhost:64430 : 1
00:33:31.350 [AsyncHttpClient-1-1] DEBUG org.asynchttpclient.netty.channel.DefaultChannelPool - Entry count for : http://localhost:64430 : 1
00:33:32.450 [AsyncHttpClient-1-1] DEBUG org.asynchttpclient.netty.channel.DefaultChannelPool - Entry count for : http://localhost:64430 : 1
00:33:33.616 [AsyncHttpClient-1-1] DEBUG org.asynchttpclient.netty.channel.DefaultChannelPool - Entry count for : http://localhost:64430 : 1
00:33:34.676 [AsyncHttpClient-1-1] DEBUG org.asynchttpclient.netty.channel.DefaultChannelPool - Entry count for : http://localhost:64430 : 1
00:33:35.746 [AsyncHttpClient-1-1] DEBUG org.asynchttpclient.netty.channel.DefaultChannelPool - Entry count for : http://localhost:64430 : 1
00:33:36.879 [AsyncHttpClient-1-1] DEBUG org.asynchttpclient.netty.channel.DefaultChannelPool - Entry count for : http://localhost:64430 : 1
00:33:36.902 [AsyncHttpClient-1-5] DEBUG org.asynchttpclient.netty.handler.HttpHandler - 

Request DefaultFullHttpRequest(decodeResult: success, version: HTTP/1.1, content: EmptyByteBufBE)
GET /session/64ec5015c0b7ee7c32054d764ebe2d31/url HTTP/1.1
User-Agent: selenium/4.1.2 (java windows)
Cache-Control: no-cache
Content-Type: application/json; charset=utf-8
host: localhost:65125
accept: */*

Response DefaultHttpResponse(decodeResult: success, version: HTTP/1.1)
HTTP/1.1 200 OK
Content-Type: application/json; charset=utf-8
cache-control: no-cache
content-length: 31

00:33:36.903 [AsyncHttpClient-1-5] DEBUG org.asynchttpclient.netty.channel.ChannelManager - Adding key: http://localhost:65125 for channel [id: 0x1dcdb194, L:/127.0.0.1:64429 - R:localhost/127.0.0.1:65125]
00:33:36.921 [Forwarding screenshot on session 64ec5015c0b7ee7c32054d764ebe2d31 to remote] DEBUG org.asynchttpclient.netty.request.NettyRequestSender - Using pooled Channel '[id: 0x1dcdb194, L:/127.0.0.1:64429 - R:localhost/127.0.0.1:65125]' for 'GET' to 'http://localhost:65125/session/64ec5015c0b7ee7c32054d764ebe2d31/screenshot'
00:33:36.922 [Forwarding screenshot on session 64ec5015c0b7ee7c32054d764ebe2d31 to remote] DEBUG org.asynchttpclient.netty.request.NettyRequestSender - Using open Channel [id: 0x1dcdb194, L:/127.0.0.1:64429 - R:localhost/127.0.0.1:65125] for GET '/session/64ec5015c0b7ee7c32054d764ebe2d31/screenshot'
00:33:37.149 [AsyncHttpClient-1-5] DEBUG org.asynchttpclient.netty.handler.HttpHandler - 

Request DefaultFullHttpRequest(decodeResult: success, version: HTTP/1.1, content: EmptyByteBufBE)
GET /session/64ec5015c0b7ee7c32054d764ebe2d31/screenshot HTTP/1.1
User-Agent: selenium/4.1.2 (java windows)
Cache-Control: no-cache
Content-Type: application/json; charset=utf-8
host: localhost:65125
accept: */*

Response DefaultHttpResponse(decodeResult: success, version: HTTP/1.1)
HTTP/1.1 200 OK
Content-Type: application/json; charset=utf-8
cache-control: no-cache
content-length: 81160

00:33:37.152 [AsyncHttpClient-1-5] DEBUG org.asynchttpclient.netty.channel.ChannelManager - Adding key: http://localhost:65125 for channel [id: 0x1dcdb194, L:/127.0.0.1:64429 - R:localhost/127.0.0.1:65125]
00:33:37.164 [main] DEBUG net.serenitybdd.core.photography.Darkroom - Send negative for processing for target\site\serenity\486e4beb07c6778c85c17c853d784b515e6ad582dddf8db85c1027d5f970670c.png
00:33:37.164 [main] DEBUG net.thucydides.core.steps.StepInterceptor - STEP DONE: openUrl
00:33:37.175 [main] DEBUG net.thucydides.core.steps.StepInterceptor - STARTING STEP: HomeSteps.iAmOnTheHomePage - validateOnHomePage1
00:33:37.175 [Forwarding findElement on session 64ec5015c0b7ee7c32054d764ebe2d31 to remote] DEBUG org.asynchttpclient.netty.request.NettyRequestSender - Using pooled Channel '[id: 0x1dcdb194, L:/127.0.0.1:64429 - R:localhost/127.0.0.1:65125]' for 'POST' to 'http://localhost:65125/session/64ec5015c0b7ee7c32054d764ebe2d31/element'
00:33:37.175 [Forwarding findElement on session 64ec5015c0b7ee7c32054d764ebe2d31 to remote] DEBUG org.asynchttpclient.netty.request.NettyRequestSender - Using open Channel [id: 0x1dcdb194, L:/127.0.0.1:64429 - R:localhost/127.0.0.1:65125] for POST '/session/64ec5015c0b7ee7c32054d764ebe2d31/element'
00:33:37.263 [AsyncHttpClient-1-5] DEBUG org.asynchttpclient.netty.handler.HttpHandler - 

Request DefaultHttpRequest(decodeResult: success, version: HTTP/1.1)
POST /session/64ec5015c0b7ee7c32054d764ebe2d31/element HTTP/1.1
User-Agent: selenium/4.1.2 (java windows)
Content-Length: 124
Content-Type: application/json; charset=utf-8
host: localhost:65125
accept: */*

Response DefaultHttpResponse(decodeResult: success, version: HTTP/1.1)
HTTP/1.1 200 OK
Content-Type: application/json; charset=utf-8
cache-control: no-cache
content-length: 88

00:33:37.263 [AsyncHttpClient-1-5] DEBUG org.asynchttpclient.netty.channel.ChannelManager - Adding key: http://localhost:65125 for channel [id: 0x1dcdb194, L:/127.0.0.1:64429 - R:localhost/127.0.0.1:65125]
00:33:37.263 [Forwarding isElementDisplayed on session 64ec5015c0b7ee7c32054d764ebe2d31 to remote] DEBUG org.asynchttpclient.netty.request.NettyRequestSender - Using pooled Channel '[id: 0x1dcdb194, L:/127.0.0.1:64429 - R:localhost/127.0.0.1:65125]' for 'POST' to 'http://localhost:65125/session/64ec5015c0b7ee7c32054d764ebe2d31/execute/sync'
00:33:37.263 [Forwarding isElementDisplayed on session 64ec5015c0b7ee7c32054d764ebe2d31 to remote] DEBUG org.asynchttpclient.netty.request.NettyRequestSender - Using open Channel [id: 0x1dcdb194, L:/127.0.0.1:64429 - R:localhost/127.0.0.1:65125] for POST '/session/64ec5015c0b7ee7c32054d764ebe2d31/execute/sync'
00:33:37.310 [AsyncHttpClient-1-5] DEBUG org.asynchttpclient.netty.handler.HttpHandler - 

Request DefaultHttpRequest(decodeResult: success, version: HTTP/1.1)
POST /session/64ec5015c0b7ee7c32054d764ebe2d31/execute/sync HTTP/1.1
User-Agent: selenium/4.1.2 (java windows)
Content-Length: 48780
Content-Type: application/json; charset=utf-8
host: localhost:65125
accept: */*

Response DefaultHttpResponse(decodeResult: success, version: HTTP/1.1)
HTTP/1.1 200 OK
Content-Type: application/json; charset=utf-8
cache-control: no-cache
content-length: 14

00:33:37.310 [AsyncHttpClient-1-5] DEBUG org.asynchttpclient.netty.channel.ChannelManager - Adding key: http://localhost:65125 for channel [id: 0x1dcdb194, L:/127.0.0.1:64429 - R:localhost/127.0.0.1:65125]
00:33:37.326 [Forwarding screenshot on session 64ec5015c0b7ee7c32054d764ebe2d31 to remote] DEBUG org.asynchttpclient.netty.request.NettyRequestSender - Using pooled Channel '[id: 0x1dcdb194, L:/127.0.0.1:64429 - R:localhost/127.0.0.1:65125]' for 'GET' to 'http://localhost:65125/session/64ec5015c0b7ee7c32054d764ebe2d31/screenshot'
00:33:37.326 [Forwarding screenshot on session 64ec5015c0b7ee7c32054d764ebe2d31 to remote] DEBUG org.asynchttpclient.netty.request.NettyRequestSender - Using open Channel [id: 0x1dcdb194, L:/127.0.0.1:64429 - R:localhost/127.0.0.1:65125] for GET '/session/64ec5015c0b7ee7c32054d764ebe2d31/screenshot'
00:33:37.493 [AsyncHttpClient-1-5] DEBUG org.asynchttpclient.netty.handler.HttpHandler - 

Request DefaultFullHttpRequest(decodeResult: success, version: HTTP/1.1, content: EmptyByteBufBE)
GET /session/64ec5015c0b7ee7c32054d764ebe2d31/screenshot HTTP/1.1
User-Agent: selenium/4.1.2 (java windows)
Cache-Control: no-cache
Content-Type: application/json; charset=utf-8
host: localhost:65125
accept: */*

Response DefaultHttpResponse(decodeResult: success, version: HTTP/1.1)
HTTP/1.1 200 OK
Content-Type: application/json; charset=utf-8
cache-control: no-cache
content-length: 81160

00:33:37.493 [AsyncHttpClient-1-5] DEBUG org.asynchttpclient.netty.channel.ChannelManager - Adding key: http://localhost:65125 for channel [id: 0x1dcdb194, L:/127.0.0.1:64429 - R:localhost/127.0.0.1:65125]
00:33:37.508 [main] DEBUG net.serenitybdd.core.photography.Darkroom - Send negative for processing for target\site\serenity\486e4beb07c6778c85c17c853d784b515e6ad582dddf8db85c1027d5f970670c.png
00:33:37.508 [main] DEBUG net.thucydides.core.steps.StepInterceptor - STEP DONE: validateOnHomePage1
  &amp#27;[32mGiven &amp#27;[0m&amp#27;[32mI am on the home page&amp#27;[0m                            &amp#27;[90m# starter.stepdefinitions.HomeSteps.iAmOnTheHomePage()&amp#27;[0m
00:33:37.547 [main] DEBUG net.thucydides.core.steps.StepInterceptor - STARTING STEP: HomeSteps.iClickButtonDetail - clickDetailButton
00:33:37.563 [Forwarding findElement on session 64ec5015c0b7ee7c32054d764ebe2d31 to remote] DEBUG org.asynchttpclient.netty.request.NettyRequestSender - Using pooled Channel '[id: 0x1dcdb194, L:/127.0.0.1:64429 - R:localhost/127.0.0.1:65125]' for 'POST' to 'http://localhost:65125/session/64ec5015c0b7ee7c32054d764ebe2d31/element'
00:33:37.563 [Forwarding findElement on session 64ec5015c0b7ee7c32054d764ebe2d31 to remote] DEBUG org.asynchttpclient.netty.request.NettyRequestSender - Using open Channel [id: 0x1dcdb194, L:/127.0.0.1:64429 - R:localhost/127.0.0.1:65125] for POST '/session/64ec5015c0b7ee7c32054d764ebe2d31/element'
00:33:37.605 [AsyncHttpClient-1-5] DEBUG org.asynchttpclient.netty.handler.HttpHandler - 

Request DefaultHttpRequest(decodeResult: success, version: HTTP/1.1)
POST /session/64ec5015c0b7ee7c32054d764ebe2d31/element HTTP/1.1
User-Agent: selenium/4.1.2 (java windows)
Content-Length: 124
Content-Type: application/json; charset=utf-8
host: localhost:65125
accept: */*

Response DefaultHttpResponse(decodeResult: success, version: HTTP/1.1)
HTTP/1.1 200 OK
Content-Type: application/json; charset=utf-8
cache-control: no-cache
content-length: 88

00:33:37.605 [AsyncHttpClient-1-5] DEBUG org.asynchttpclient.netty.channel.ChannelManager - Adding key: http://localhost:65125 for channel [id: 0x1dcdb194, L:/127.0.0.1:64429 - R:localhost/127.0.0.1:65125]
00:33:37.605 [Forwarding getElementTagName on session 64ec5015c0b7ee7c32054d764ebe2d31 to remote] DEBUG org.asynchttpclient.netty.request.NettyRequestSender - Using pooled Channel '[id: 0x1dcdb194, L:/127.0.0.1:64429 - R:localhost/127.0.0.1:65125]' for 'GET' to 'http://localhost:65125/session/64ec5015c0b7ee7c32054d764ebe2d31/element/8f0b33a9-f12c-4ae8-b0fa-cec378521d72/name'
00:33:37.605 [Forwarding getElementTagName on session 64ec5015c0b7ee7c32054d764ebe2d31 to remote] DEBUG org.asynchttpclient.netty.request.NettyRequestSender - Using open Channel [id: 0x1dcdb194, L:/127.0.0.1:64429 - R:localhost/127.0.0.1:65125] for GET '/session/64ec5015c0b7ee7c32054d764ebe2d31/element/8f0b33a9-f12c-4ae8-b0fa-cec378521d72/name'
00:33:37.616 [AsyncHttpClient-1-5] DEBUG org.asynchttpclient.netty.handler.HttpHandler - 

Request DefaultFullHttpRequest(decodeResult: success, version: HTTP/1.1, content: EmptyByteBufBE)
GET /session/64ec5015c0b7ee7c32054d764ebe2d31/element/8f0b33a9-f12c-4ae8-b0fa-cec378521d72/name HTTP/1.1
User-Agent: selenium/4.1.2 (java windows)
Cache-Control: no-cache
Content-Type: application/json; charset=utf-8
host: localhost:65125
accept: */*

Response DefaultHttpResponse(decodeResult: success, version: HTTP/1.1)
HTTP/1.1 200 OK
Content-Type: application/json; charset=utf-8
cache-control: no-cache
content-length: 16

00:33:37.616 [AsyncHttpClient-1-5] DEBUG org.asynchttpclient.netty.channel.ChannelManager - Adding key: http://localhost:65125 for channel [id: 0x1dcdb194, L:/127.0.0.1:64429 - R:localhost/127.0.0.1:65125]
00:33:37.632 [Forwarding getElementTagName on session 64ec5015c0b7ee7c32054d764ebe2d31 to remote] DEBUG org.asynchttpclient.netty.request.NettyRequestSender - Using pooled Channel '[id: 0x1dcdb194, L:/127.0.0.1:64429 - R:localhost/127.0.0.1:65125]' for 'GET' to 'http://localhost:65125/session/64ec5015c0b7ee7c32054d764ebe2d31/element/8f0b33a9-f12c-4ae8-b0fa-cec378521d72/name'
00:33:37.632 [Forwarding getElementTagName on session 64ec5015c0b7ee7c32054d764ebe2d31 to remote] DEBUG org.asynchttpclient.netty.request.NettyRequestSender - Using open Channel [id: 0x1dcdb194, L:/127.0.0.1:64429 - R:localhost/127.0.0.1:65125] for GET '/session/64ec5015c0b7ee7c32054d764ebe2d31/element/8f0b33a9-f12c-4ae8-b0fa-cec378521d72/name'
00:33:37.636 [AsyncHttpClient-1-5] DEBUG org.asynchttpclient.netty.handler.HttpHandler - 

Request DefaultFullHttpRequest(decodeResult: success, version: HTTP/1.1, content: EmptyByteBufBE)
GET /session/64ec5015c0b7ee7c32054d764ebe2d31/element/8f0b33a9-f12c-4ae8-b0fa-cec378521d72/name HTTP/1.1
User-Agent: selenium/4.1.2 (java windows)
Cache-Control: no-cache
Content-Type: application/json; charset=utf-8
host: localhost:65125
accept: */*

Response DefaultHttpResponse(decodeResult: success, version: HTTP/1.1)
HTTP/1.1 200 OK
Content-Type: application/json; charset=utf-8
cache-control: no-cache
content-length: 16

00:33:37.636 [AsyncHttpClient-1-5] DEBUG org.asynchttpclient.netty.channel.ChannelManager - Adding key: http://localhost:65125 for channel [id: 0x1dcdb194, L:/127.0.0.1:64429 - R:localhost/127.0.0.1:65125]
00:33:37.651 [Forwarding findElement on session 64ec5015c0b7ee7c32054d764ebe2d31 to remote] DEBUG org.asynchttpclient.netty.request.NettyRequestSender - Using pooled Channel '[id: 0x1dcdb194, L:/127.0.0.1:64429 - R:localhost/127.0.0.1:65125]' for 'POST' to 'http://localhost:65125/session/64ec5015c0b7ee7c32054d764ebe2d31/element'
00:33:37.651 [Forwarding findElement on session 64ec5015c0b7ee7c32054d764ebe2d31 to remote] DEBUG org.asynchttpclient.netty.request.NettyRequestSender - Using open Channel [id: 0x1dcdb194, L:/127.0.0.1:64429 - R:localhost/127.0.0.1:65125] for POST '/session/64ec5015c0b7ee7c32054d764ebe2d31/element'
00:33:37.702 [AsyncHttpClient-1-5] DEBUG org.asynchttpclient.netty.handler.HttpHandler - 

Request DefaultHttpRequest(decodeResult: success, version: HTTP/1.1)
POST /session/64ec5015c0b7ee7c32054d764ebe2d31/element HTTP/1.1
User-Agent: selenium/4.1.2 (java windows)
Content-Length: 124
Content-Type: application/json; charset=utf-8
host: localhost:65125
accept: */*

Response DefaultHttpResponse(decodeResult: success, version: HTTP/1.1)
HTTP/1.1 200 OK
Content-Type: application/json; charset=utf-8
cache-control: no-cache
content-length: 88

00:33:37.702 [AsyncHttpClient-1-5] DEBUG org.asynchttpclient.netty.channel.ChannelManager - Adding key: http://localhost:65125 for channel [id: 0x1dcdb194, L:/127.0.0.1:64429 - R:localhost/127.0.0.1:65125]
00:33:37.702 [Forwarding clickElement on session 64ec5015c0b7ee7c32054d764ebe2d31 to remote] DEBUG org.asynchttpclient.netty.request.NettyRequestSender - Using pooled Channel '[id: 0x1dcdb194, L:/127.0.0.1:64429 - R:localhost/127.0.0.1:65125]' for 'POST' to 'http://localhost:65125/session/64ec5015c0b7ee7c32054d764ebe2d31/element/8f0b33a9-f12c-4ae8-b0fa-cec378521d72/click'
00:33:37.702 [Forwarding clickElement on session 64ec5015c0b7ee7c32054d764ebe2d31 to remote] DEBUG org.asynchttpclient.netty.request.NettyRequestSender - Using open Channel [id: 0x1dcdb194, L:/127.0.0.1:64429 - R:localhost/127.0.0.1:65125] for POST '/session/64ec5015c0b7ee7c32054d764ebe2d31/element/8f0b33a9-f12c-4ae8-b0fa-cec378521d72/click'
00:33:38.184 [AsyncHttpClient-1-1] DEBUG org.asynchttpclient.netty.channel.DefaultChannelPool - Entry count for : http://localhost:64430 : 1
00:33:38.270 [AsyncHttpClient-1-5] DEBUG org.asynchttpclient.netty.handler.HttpHandler - 

Request DefaultHttpRequest(decodeResult: success, version: HTTP/1.1)
POST /session/64ec5015c0b7ee7c32054d764ebe2d31/element/8f0b33a9-f12c-4ae8-b0fa-cec378521d72/click HTTP/1.1
User-Agent: selenium/4.1.2 (java windows)
Content-Length: 50
Content-Type: application/json; charset=utf-8
host: localhost:65125
accept: */*

Response DefaultHttpResponse(decodeResult: success, version: HTTP/1.1)
HTTP/1.1 200 OK
Content-Type: application/json; charset=utf-8
cache-control: no-cache
content-length: 14

00:33:38.271 [AsyncHttpClient-1-5] DEBUG org.asynchttpclient.netty.channel.ChannelManager - Adding key: http://localhost:65125 for channel [id: 0x1dcdb194, L:/127.0.0.1:64429 - R:localhost/127.0.0.1:65125]
00:33:38.301 [Forwarding screenshot on session 64ec5015c0b7ee7c32054d764ebe2d31 to remote] DEBUG org.asynchttpclient.netty.request.NettyRequestSender - Using pooled Channel '[id: 0x1dcdb194, L:/127.0.0.1:64429 - R:localhost/127.0.0.1:65125]' for 'GET' to 'http://localhost:65125/session/64ec5015c0b7ee7c32054d764ebe2d31/screenshot'
00:33:38.301 [Forwarding screenshot on session 64ec5015c0b7ee7c32054d764ebe2d31 to remote] DEBUG org.asynchttpclient.netty.request.NettyRequestSender - Using open Channel [id: 0x1dcdb194, L:/127.0.0.1:64429 - R:localhost/127.0.0.1:65125] for GET '/session/64ec5015c0b7ee7c32054d764ebe2d31/screenshot'
00:33:38.890 [AsyncHttpClient-1-5] DEBUG org.asynchttpclient.netty.handler.HttpHandler - 

Request DefaultFullHttpRequest(decodeResult: success, version: HTTP/1.1, content: EmptyByteBufBE)
GET /session/64ec5015c0b7ee7c32054d764ebe2d31/screenshot HTTP/1.1
User-Agent: selenium/4.1.2 (java windows)
Cache-Control: no-cache
Content-Type: application/json; charset=utf-8
host: localhost:65125
accept: */*

Response DefaultHttpResponse(decodeResult: success, version: HTTP/1.1)
HTTP/1.1 200 OK
Content-Type: application/json; charset=utf-8
cache-control: no-cache
content-length: 14612

00:33:38.891 [AsyncHttpClient-1-5] DEBUG org.asynchttpclient.netty.channel.ChannelManager - Adding key: http://localhost:65125 for channel [id: 0x1dcdb194, L:/127.0.0.1:64429 - R:localhost/127.0.0.1:65125]
00:33:38.908 [main] DEBUG net.serenitybdd.core.photography.Darkroom - Send negative for processing for target\site\serenity\95f8106a7c572a70e5f6d98197426c446c425504ecfdfcf47c4b63daabc94c97.png
00:33:38.908 [main] DEBUG net.thucydides.core.steps.StepInterceptor - STEP DONE: clickDetailButton
  &amp#27;[32mWhen &amp#27;[0m&amp#27;[32mI click button Detail&amp#27;[0m                             &amp#27;[90m# starter.stepdefinitions.HomeSteps.iClickButtonDetail()&amp#27;[0m
00:33:39.146 [Forwarding screenshot on session 64ec5015c0b7ee7c32054d764ebe2d31 to remote] DEBUG org.asynchttpclient.netty.request.NettyRequestSender - Using pooled Channel '[id: 0x1dcdb194, L:/127.0.0.1:64429 - R:localhost/127.0.0.1:65125]' for 'GET' to 'http://localhost:65125/session/64ec5015c0b7ee7c32054d764ebe2d31/screenshot'
00:33:39.147 [Forwarding screenshot on session 64ec5015c0b7ee7c32054d764ebe2d31 to remote] DEBUG org.asynchttpclient.netty.request.NettyRequestSender - Using open Channel [id: 0x1dcdb194, L:/127.0.0.1:64429 - R:localhost/127.0.0.1:65125] for GET '/session/64ec5015c0b7ee7c32054d764ebe2d31/screenshot'
00:33:39.155 [Darkroom Processing Line] DEBUG net.serenitybdd.core.photography.DarkroomProcessingLine - Processing screenshot image in /var/screenshots/screenshot-11778749567785844960
00:33:39.156 [Darkroom Processing Line] DEBUG net.serenitybdd.core.photography.DarkroomProcessingLine - Saving screenshot to target\site\serenity\95f8106a7c572a70e5f6d98197426c446c425504ecfdfcf47c4b63daabc94c97.png
00:33:39.710 [AsyncHttpClient-1-1] DEBUG org.asynchttpclient.netty.channel.DefaultChannelPool - Entry count for : http://localhost:64430 : 1
00:33:40.167 [AsyncHttpClient-1-5] DEBUG org.asynchttpclient.netty.handler.HttpHandler - 

Request DefaultFullHttpRequest(decodeResult: success, version: HTTP/1.1, content: EmptyByteBufBE)
GET /session/64ec5015c0b7ee7c32054d764ebe2d31/screenshot HTTP/1.1
User-Agent: selenium/4.1.2 (java windows)
Cache-Control: no-cache
Content-Type: application/json; charset=utf-8
host: localhost:65125
accept: */*

Response DefaultHttpResponse(decodeResult: success, version: HTTP/1.1)
HTTP/1.1 200 OK
Content-Type: application/json; charset=utf-8
cache-control: no-cache
content-length: 13992

00:33:40.177 [AsyncHttpClient-1-5] DEBUG org.asynchttpclient.netty.channel.ChannelManager - Adding key: http://localhost:65125 for channel [id: 0x1dcdb194, L:/127.0.0.1:64429 - R:localhost/127.0.0.1:65125]
00:33:40.231 [main] DEBUG net.serenitybdd.core.photography.Darkroom - Send negative for processing for target\site\serenity\f56bb812a932c7883fb8293bab6517b32c0e2b594c6da37abf747d03b8ec0989.png
00:33:40.297 [Darkroom Processing Line] DEBUG net.serenitybdd.core.photography.DarkroomProcessingLine - Processing screenshot image in /var/screenshots/screenshot-17740823780978444146
00:33:40.297 [Darkroom Processing Line] DEBUG net.serenitybdd.core.photography.DarkroomProcessingLine - Saving screenshot to target\site\serenity\f56bb812a932c7883fb8293bab6517b32c0e2b594c6da37abf747d03b8ec0989.png
00:33:40.351 [Forwarding screenshot on session 64ec5015c0b7ee7c32054d764ebe2d31 to remote] DEBUG org.asynchttpclient.netty.request.NettyRequestSender - Using pooled Channel '[id: 0x1dcdb194, L:/127.0.0.1:64429 - R:localhost/127.0.0.1:65125]' for 'GET' to 'http://localhost:65125/session/64ec5015c0b7ee7c32054d764ebe2d31/screenshot'
00:33:40.352 [Forwarding screenshot on session 64ec5015c0b7ee7c32054d764ebe2d31 to remote] DEBUG org.asynchttpclient.netty.request.NettyRequestSender - Using open Channel [id: 0x1dcdb194, L:/127.0.0.1:64429 - R:localhost/127.0.0.1:65125] for GET '/session/64ec5015c0b7ee7c32054d764ebe2d31/screenshot'
00:33:40.601 [AsyncHttpClient-1-5] DEBUG org.asynchttpclient.netty.handler.HttpHandler - 

Request DefaultFullHttpRequest(decodeResult: success, version: HTTP/1.1, content: EmptyByteBufBE)
GET /session/64ec5015c0b7ee7c32054d764ebe2d31/screenshot HTTP/1.1
User-Agent: selenium/4.1.2 (java windows)
Cache-Control: no-cache
Content-Type: application/json; charset=utf-8
host: localhost:65125
accept: */*

Response DefaultHttpResponse(decodeResult: success, version: HTTP/1.1)
HTTP/1.1 200 OK
Content-Type: application/json; charset=utf-8
cache-control: no-cache
content-length: 14796

00:33:40.601 [AsyncHttpClient-1-5] DEBUG org.asynchttpclient.netty.channel.ChannelManager - Adding key: http://localhost:65125 for channel [id: 0x1dcdb194, L:/127.0.0.1:64429 - R:localhost/127.0.0.1:65125]
00:33:40.664 [main] DEBUG net.serenitybdd.core.photography.Darkroom - Send negative for processing for target\site\serenity\4bf9092b3e02bfb239e24335477ab1124addf68107e4ec3cc3eeb035e28e6b6d.png
00:33:40.679 [main] DEBUG net.thucydides.core.steps.StepInterceptor - STARTING STEP: HomeSteps.iCanSeeDetailProduct - headerTextEqual
00:33:40.710 [Forwarding findElement on session 64ec5015c0b7ee7c32054d764ebe2d31 to remote] DEBUG org.asynchttpclient.netty.request.NettyRequestSender - Using pooled Channel '[id: 0x1dcdb194, L:/127.0.0.1:64429 - R:localhost/127.0.0.1:65125]' for 'POST' to 'http://localhost:65125/session/64ec5015c0b7ee7c32054d764ebe2d31/element'
00:33:40.710 [Forwarding findElement on session 64ec5015c0b7ee7c32054d764ebe2d31 to remote] DEBUG org.asynchttpclient.netty.request.NettyRequestSender - Using open Channel [id: 0x1dcdb194, L:/127.0.0.1:64429 - R:localhost/127.0.0.1:65125] for POST '/session/64ec5015c0b7ee7c32054d764ebe2d31/element'
00:33:40.713 [Darkroom Processing Line] DEBUG net.serenitybdd.core.photography.DarkroomProcessingLine - Processing screenshot image in /var/screenshots/screenshot-14419147282668235217
00:33:40.713 [Darkroom Processing Line] DEBUG net.serenitybdd.core.photography.DarkroomProcessingLine - Saving screenshot to target\site\serenity\4bf9092b3e02bfb239e24335477ab1124addf68107e4ec3cc3eeb035e28e6b6d.png
00:33:40.744 [AsyncHttpClient-1-1] DEBUG org.asynchttpclient.netty.channel.DefaultChannelPool - Entry count for : http://localhost:64430 : 1
00:33:40.775 [AsyncHttpClient-1-5] DEBUG org.asynchttpclient.netty.handler.HttpHandler - 

Request DefaultHttpRequest(decodeResult: success, version: HTTP/1.1)
POST /session/64ec5015c0b7ee7c32054d764ebe2d31/element HTTP/1.1
User-Agent: selenium/4.1.2 (java windows)
Content-Length: 128
Content-Type: application/json; charset=utf-8
host: localhost:65125
accept: */*

Response DefaultHttpResponse(decodeResult: success, version: HTTP/1.1)
HTTP/1.1 200 OK
Content-Type: application/json; charset=utf-8
cache-control: no-cache
content-length: 88

00:33:40.791 [AsyncHttpClient-1-5] DEBUG org.asynchttpclient.netty.channel.ChannelManager - Adding key: http://localhost:65125 for channel [id: 0x1dcdb194, L:/127.0.0.1:64429 - R:localhost/127.0.0.1:65125]
00:33:40.791 [Forwarding getElementText on session 64ec5015c0b7ee7c32054d764ebe2d31 to remote] DEBUG org.asynchttpclient.netty.request.NettyRequestSender - Using pooled Channel '[id: 0x1dcdb194, L:/127.0.0.1:64429 - R:localhost/127.0.0.1:65125]' for 'GET' to 'http://localhost:65125/session/64ec5015c0b7ee7c32054d764ebe2d31/element/6f1b21d3-792a-4241-a99d-3338c8a8da70/text'
00:33:40.791 [Forwarding getElementText on session 64ec5015c0b7ee7c32054d764ebe2d31 to remote] DEBUG org.asynchttpclient.netty.request.NettyRequestSender - Using open Channel [id: 0x1dcdb194, L:/127.0.0.1:64429 - R:localhost/127.0.0.1:65125] for GET '/session/64ec5015c0b7ee7c32054d764ebe2d31/element/6f1b21d3-792a-4241-a99d-3338c8a8da70/text'
00:33:40.845 [AsyncHttpClient-1-5] DEBUG org.asynchttpclient.netty.handler.HttpHandler - 

Request DefaultFullHttpRequest(decodeResult: success, version: HTTP/1.1, content: EmptyByteBufBE)
GET /session/64ec5015c0b7ee7c32054d764ebe2d31/element/6f1b21d3-792a-4241-a99d-3338c8a8da70/text HTTP/1.1
User-Agent: selenium/4.1.2 (java windows)
Cache-Control: no-cache
Content-Type: application/json; charset=utf-8
host: localhost:65125
accept: */*

Response DefaultHttpResponse(decodeResult: success, version: HTTP/1.1)
HTTP/1.1 200 OK
Content-Type: application/json; charset=utf-8
cache-control: no-cache
content-length: 32

00:33:40.860 [AsyncHttpClient-1-5] DEBUG org.asynchttpclient.netty.channel.ChannelManager - Adding key: http://localhost:65125 for channel [id: 0x1dcdb194, L:/127.0.0.1:64429 - R:localhost/127.0.0.1:65125]
00:33:40.876 [Forwarding screenshot on session 64ec5015c0b7ee7c32054d764ebe2d31 to remote] DEBUG org.asynchttpclient.netty.request.NettyRequestSender - Using pooled Channel '[id: 0x1dcdb194, L:/127.0.0.1:64429 - R:localhost/127.0.0.1:65125]' for 'GET' to 'http://localhost:65125/session/64ec5015c0b7ee7c32054d764ebe2d31/screenshot'
00:33:40.876 [Forwarding screenshot on session 64ec5015c0b7ee7c32054d764ebe2d31 to remote] DEBUG org.asynchttpclient.netty.request.NettyRequestSender - Using open Channel [id: 0x1dcdb194, L:/127.0.0.1:64429 - R:localhost/127.0.0.1:65125] for GET '/session/64ec5015c0b7ee7c32054d764ebe2d31/screenshot'
00:33:41.318 [AsyncHttpClient-1-5] DEBUG org.asynchttpclient.netty.handler.HttpHandler - 

Request DefaultFullHttpRequest(decodeResult: success, version: HTTP/1.1, content: EmptyByteBufBE)
GET /session/64ec5015c0b7ee7c32054d764ebe2d31/screenshot HTTP/1.1
User-Agent: selenium/4.1.2 (java windows)
Cache-Control: no-cache
Content-Type: application/json; charset=utf-8
host: localhost:65125
accept: */*

Response DefaultHttpResponse(decodeResult: success, version: HTTP/1.1)
HTTP/1.1 200 OK
Content-Type: application/json; charset=utf-8
cache-control: no-cache
content-length: 28024

00:33:41.318 [AsyncHttpClient-1-5] DEBUG org.asynchttpclient.netty.channel.ChannelManager - Adding key: http://localhost:65125 for channel [id: 0x1dcdb194, L:/127.0.0.1:64429 - R:localhost/127.0.0.1:65125]
00:33:41.334 [main] DEBUG net.serenitybdd.core.photography.Darkroom - Send negative for processing for target\site\serenity\1f20ddd41ad4b51adc5ab93614d687dbe4106398ace19150a8e233ee34a79a2d.png
00:33:41.334 [main] DEBUG net.thucydides.core.steps.StepInterceptor - STEP DONE: headerTextEqual
  &amp#27;[32mThen &amp#27;[0m&amp#27;[32mI can see detail product&amp#27;[0m                          &amp#27;[90m# starter.stepdefinitions.HomeSteps.iCanSeeDetailProduct()&amp#27;[0m
00:33:41.349 [main] INFO  - 
  _____   ___   ___   _____     ___     _     ___   ___   ___   ___  
 |_   _| | __| / __| |_   _|   | _ \   /_\   / __| / __| | __| |   \ 
   | |   | _|  \__ \   | |     |  _/  / _ \  \__ \ \__ \ | _|  | |) |
   |_|   |___| |___/   |_|     |_|   /_/ \_\ |___/ |___/ |___| |___/ 

As a user I have to be able see detail product
----------------------------------------------------------------------
00:33:41.352 [AsyncHttpClient-1-3] DEBUG org.asynchttpclient.netty.handler.WebSocketHandler - Channel Closed: [id: 0x0180bb73, L:/127.0.0.1:64436 ! R:localhost/127.0.0.1:64430] with attribute NettyResponseFuture{currentRetry=5,
	isDone=1,
	isCancelled=0,
	asyncHandler=org.asynchttpclient.ws.WebSocketUpgradeHandler@51e01d9a,
	nettyRequest=org.asynchttpclient.netty.request.NettyRequest@6b5cec42,
	future=java.util.concurrent.CompletableFuture@4ee87143[Completed normally],
	uri=ws://localhost:64430/devtools/browser/fada3ec2-a158-4506-9239-b8865a02c919,
	keepAlive=true,
	redirectCount=0,
	timeoutsHolder=null,
	inAuth=0,
	touch=1652636002391}
00:33:41.352 [AsyncHttpClient-1-3] DEBUG org.asynchttpclient.netty.channel.ChannelManager - Closing Channel [id: 0x0180bb73, L:/127.0.0.1:64436 ! R:localhost/127.0.0.1:64430] 
00:33:41.352 [Darkroom Processing Line] DEBUG net.serenitybdd.core.photography.DarkroomProcessingLine - Processing screenshot image in /var/screenshots/screenshot-10368529157236679560
00:33:41.352 [Darkroom Processing Line] DEBUG net.serenitybdd.core.photography.DarkroomProcessingLine - Saving screenshot to target\site\serenity\1f20ddd41ad4b51adc5ab93614d687dbe4106398ace19150a8e233ee34a79a2d.png
00:33:41.383 [Driver Command Executor] DEBUG org.asynchttpclient.netty.request.NettyRequestSender - Using pooled Channel '[id: 0x1dcdb194, L:/127.0.0.1:64429 - R:localhost/127.0.0.1:65125]' for 'DELETE' to 'http://localhost:65125/session/64ec5015c0b7ee7c32054d764ebe2d31'
00:33:41.383 [Driver Command Executor] DEBUG org.asynchttpclient.netty.request.NettyRequestSender - Using open Channel [id: 0x1dcdb194, L:/127.0.0.1:64429 - R:localhost/127.0.0.1:65125] for DELETE '/session/64ec5015c0b7ee7c32054d764ebe2d31'
00:33:41.919 [AsyncHttpClient-1-1] DEBUG org.asynchttpclient.netty.channel.DefaultChannelPool - Entry count for : http://localhost:64430 : 1
00:33:42.750 [AsyncHttpClient-1-2] DEBUG org.asynchttpclient.netty.handler.HttpHandler - Unexpected I/O exception on channel [id: 0xead8f3db, L:/127.0.0.1:64435 - R:localhost/127.0.0.1:64430]
java.net.SocketException: Connection reset
	at java.base/sun.nio.ch.SocketChannelImpl.throwConnectionReset(SocketChannelImpl.java:367)
	at java.base/sun.nio.ch.SocketChannelImpl.read(SocketChannelImpl.java:398)
	at io.netty.buffer.PooledByteBuf.setBytes(PooledByteBuf.java:258)
	at io.netty.buffer.AbstractByteBuf.writeBytes(AbstractByteBuf.java:1132)
	at io.netty.channel.socket.nio.NioSocketChannel.doReadBytes(NioSocketChannel.java:350)
	at io.netty.channel.nio.AbstractNioByteChannel$NioByteUnsafe.read(AbstractNioByteChannel.java:151)
	at io.netty.channel.nio.NioEventLoop.processSelectedKey(NioEventLoop.java:722)
	at io.netty.channel.nio.NioEventLoop.processSelectedKeysOptimized(NioEventLoop.java:658)
	at io.netty.channel.nio.NioEventLoop.processSelectedKeys(NioEventLoop.java:584)
	at io.netty.channel.nio.NioEventLoop.run(NioEventLoop.java:496)
	at io.netty.util.concurrent.SingleThreadEventExecutor$4.run(SingleThreadEventExecutor.java:986)
	at io.netty.util.internal.ThreadExecutorMap$2.run(ThreadExecutorMap.java:74)
	at io.netty.util.concurrent.FastThreadLocalRunnable.run(FastThreadLocalRunnable.java:30)
	at java.base/java.lang.Thread.run(Thread.java:832)
00:33:42.750 [AsyncHttpClient-1-2] DEBUG org.asynchttpclient.netty.channel.ChannelManager - Closing Channel [id: 0xead8f3db, L:/127.0.0.1:64435 - R:localhost/127.0.0.1:64430] 
00:33:42.750 [AsyncHttpClient-1-2] DEBUG org.asynchttpclient.netty.handler.HttpHandler - Channel Closed: [id: 0xead8f3db, L:/127.0.0.1:64435 ! R:localhost/127.0.0.1:64430] with attribute DISCARD
00:33:42.797 [AsyncHttpClient-1-5] DEBUG org.asynchttpclient.netty.handler.HttpHandler - 

Request DefaultFullHttpRequest(decodeResult: success, version: HTTP/1.1, content: EmptyByteBufBE)
DELETE /session/64ec5015c0b7ee7c32054d764ebe2d31 HTTP/1.1
User-Agent: selenium/4.1.2 (java windows)
Content-Type: application/json; charset=utf-8
host: localhost:65125
accept: */*

Response DefaultHttpResponse(decodeResult: success, version: HTTP/1.1)
HTTP/1.1 200 OK
Content-Type: application/json; charset=utf-8
cache-control: no-cache
content-length: 14

00:33:42.797 [AsyncHttpClient-1-5] DEBUG org.asynchttpclient.netty.channel.ChannelManager - Adding key: http://localhost:65125 for channel [id: 0x1dcdb194, L:/127.0.0.1:64429 - R:localhost/127.0.0.1:65125]
00:33:42.953 [AsyncHttpClient-1-1] DEBUG org.asynchttpclient.netty.channel.DefaultChannelPool - Entry count for : http://localhost:64430 : 1
00:33:42.953 [AsyncHttpClient-1-1] DEBUG org.asynchttpclient.netty.channel.DefaultChannelPool - Entry count for : http://localhost:65125 : 1
00:33:42.953 [AsyncHttpClient-1-1] DEBUG org.asynchttpclient.netty.channel.DefaultChannelPool - Adding Candidate expired Channel [id: 0xead8f3db, L:/127.0.0.1:64435 ! R:localhost/127.0.0.1:64430] isIdleTimeoutExpired=false isRemotelyClosed=true isTtlExpired=false
00:33:42.953 [AsyncHttpClient-1-1] DEBUG org.asynchttpclient.netty.channel.DefaultChannelPool - Closing Idle Channel [id: 0xead8f3db, L:/127.0.0.1:64435 ! R:localhost/127.0.0.1:64430]
00:33:42.953 [AsyncHttpClient-1-1] DEBUG org.asynchttpclient.netty.channel.DefaultChannelPool - Closed 1 connections out of 2 in 0 ms
00:33:43.331 [AsyncHttpClient-1-5] DEBUG org.asynchttpclient.netty.handler.HttpHandler - Channel Closed: [id: 0x1dcdb194, L:/127.0.0.1:64429 ! R:localhost/127.0.0.1:65125] with attribute DISCARD
]]></system-out>
    <system-err><![CDATA[Starting ChromeDriver 101.0.4951.41 (93c720db8323b3ec10d056025ab95c23a31997c9-refs/branch-heads/4951@{#904}) on port 65125
Only local connections are allowed.
Please see https://chromedriver.chromium.org/security-considerations for suggestions on keeping ChromeDriver safe.
ChromeDriver was started successfully.
May 16, 2022 12:33:22 AM org.openqa.selenium.remote.ProtocolHandshake createSession
INFO: Detected dialect: W3C
May 16, 2022 12:33:22 AM org.openqa.selenium.devtools.CdpVersionFinder findNearestMatch
WARNING: Unable to find an exact match for CDP version 101, so returning the closest version found: 97
May 16, 2022 12:33:22 AM org.openqa.selenium.devtools.CdpVersionFinder findNearestMatch
INFO: Found CDP implementation for version 101 of 97
]]></system-err>
  </testcase>
  <testcase name="As a user I have to be able login" classname="login" time="23.857">
    <system-out><![CDATA[00:33:43.854 [main] INFO io.cucumber.core.plugin.SerenityReporter - Running feature from file:///D:/web-automation-using-serenity/src/test/resources/features/Login.feature
00:33:43.854 [main] DEBUG net.thucydides.core.steps.StepEventBus - Test suite started for story net.thucydides.core.model.Story@23282f08
00:33:43.885 [main] INFO  - Test Suite Started: Login

Scenario: As a user I have to be able login &amp#27;[90m# src/test/resources/features/Login.feature:5&amp#27;[0m
00:33:43.901 [main] INFO io.cucumber.core.plugin.SerenityReporter - Running feature from file:///D:/web-automation-using-serenity/src/test/resources/features/Login.feature
00:33:43.901 [main] INFO  - 
  _____   ___   ___   _____     ___   _____     _     ___   _____   ___   ___  
 |_   _| | __| / __| |_   _|   / __| |_   _|   /_\   | _ \ |_   _| | __| |   \ 
   | |   | _|  \__ \   | |     \__ \   | |    / _ \  |   /   | |   | _|  | |) |
   |_|   |___| |___/   |_|     |___/   |_|   /_/ \_\ |_|_\   |_|   |___| |___/ 

As a user I have to be able login(login;as-a-user-i-have-to-be-able-login)
--------------------------------------------------------------------------------
00:33:44.057 [AsyncHttpClient-1-1] DEBUG org.asynchttpclient.netty.channel.DefaultChannelPool - Entry count for : http://localhost:65125 : 1
00:33:44.057 [AsyncHttpClient-1-1] DEBUG org.asynchttpclient.netty.channel.DefaultChannelPool - Adding Candidate expired Channel [id: 0x1dcdb194, L:/127.0.0.1:64429 ! R:localhost/127.0.0.1:65125] isIdleTimeoutExpired=false isRemotelyClosed=true isTtlExpired=false
00:33:44.057 [AsyncHttpClient-1-1] DEBUG org.asynchttpclient.netty.channel.DefaultChannelPool - Closing Idle Channel [id: 0x1dcdb194, L:/127.0.0.1:64429 ! R:localhost/127.0.0.1:65125]
00:33:44.057 [AsyncHttpClient-1-1] DEBUG org.asynchttpclient.netty.channel.DefaultChannelPool - Closed 1 connections out of 1 in 0 ms
00:33:44.621 [main] DEBUG net.thucydides.core.steps.StepInterceptor - STARTING STEP: LoginSteps.iAmOnTheLoginPage - openUrl
00:33:44.637 [main] INFO net.serenitybdd.core.webdriver.driverproviders.ChromeDriverProvider - Using automatically driver download
00:33:45.117 [main] DEBUG io.github.bonigarcia.wdm.cache.ResolutionCache - Resolution chrome=101 in cache (valid until 01:32:11 16/05/2022 WIB)
00:33:45.117 [main] DEBUG io.github.bonigarcia.wdm.cache.ResolutionCache - Resolution chrome101=101.0.4951.41 in cache (valid until 00:32:11 17/05/2022 WIB)
00:33:45.133 [main] INFO io.github.bonigarcia.wdm.WebDriverManager - Using chromedriver 101.0.4951.41 (resolved driver for Chrome 101)
00:33:45.161 [main] DEBUG io.github.bonigarcia.wdm.WebDriverManager - Driver chromedriver 101.0.4951.41 found in cache
00:33:45.161 [main] INFO io.github.bonigarcia.wdm.WebDriverManager - Exporting webdriver.chrome.driver as C:\Users\A\.cache\selenium\chromedriver\win32\101.0.4951.41\chromedriver.exe
00:33:45.411 [main] DEBUG net.serenitybdd.core.webdriver.driverproviders.ProvideNewDriver - Instantiating driver
00:33:45.411 [main] DEBUG net.serenitybdd.core.webdriver.driverproviders.ProvideNewDriver - Driver capabilities: Capabilities {acceptInsecureCerts: false, base.url: https://qa.alta.id, browserName: chrome, chrome.driver: src/test/resources/webdrive..., driver: chrome, goog:chromeOptions: {args: [], extensions: []}}
00:33:46.001 [AsyncHttpClient-1-4] DEBUG org.asynchttpclient.netty.channel.NettyConnectListener - Using new Channel '[id: 0xbd22b506, L:/127.0.0.1:64466 - R:localhost/127.0.0.1:51605]' for 'POST' to '/session'
00:33:47.944 [AsyncHttpClient-1-4] DEBUG org.asynchttpclient.netty.handler.HttpHandler - 

Request DefaultHttpRequest(decodeResult: success, version: HTTP/1.1)
POST /session HTTP/1.1
User-Agent: selenium/4.1.2 (java windows)
Content-Length: 599
Content-Type: application/json; charset=utf-8
host: localhost:51605
accept: */*

Response DefaultHttpResponse(decodeResult: success, version: HTTP/1.1)
HTTP/1.1 200 OK
Content-Type: application/json; charset=utf-8
cache-control: no-cache
content-length: 785

00:33:47.945 [AsyncHttpClient-1-4] DEBUG org.asynchttpclient.netty.channel.ChannelManager - Adding key: http://localhost:51605 for channel [id: 0xbd22b506, L:/127.0.0.1:64466 - R:localhost/127.0.0.1:51605]
00:33:47.974 [AsyncHttpClient-1-5] DEBUG org.asynchttpclient.netty.channel.NettyConnectListener - Using new Channel '[id: 0xd1ba8928, L:/127.0.0.1:64473 - R:localhost/127.0.0.1:64467]' for 'GET' to '/json/version'
00:33:47.976 [AsyncHttpClient-1-5] DEBUG org.asynchttpclient.netty.handler.HttpHandler - 

Request DefaultFullHttpRequest(decodeResult: success, version: HTTP/1.1, content: EmptyByteBufBE)
GET /json/version HTTP/1.1
User-Agent: selenium/4.1.2 (java windows)
host: localhost:64467
accept: */*

Response DefaultHttpResponse(decodeResult: success, version: HTTP/1.1)
HTTP/1.1 200 OK
Content-Type: application/json; charset=UTF-8
content-length: 427

00:33:47.976 [AsyncHttpClient-1-5] DEBUG org.asynchttpclient.netty.channel.ChannelManager - Adding key: http://localhost:64467 for channel [id: 0xd1ba8928, L:/127.0.0.1:64473 - R:localhost/127.0.0.1:64467]
00:33:47.985 [AsyncHttpClient-1-2] DEBUG org.asynchttpclient.netty.channel.NettyConnectListener - Using new Channel '[id: 0x55442964, L:/127.0.0.1:64474 - R:localhost/127.0.0.1:64467]' for 'GET' to '/devtools/browser/3b6575d4-de60-4bbc-bfdf-6b391ee9821a'
00:33:47.989 [AsyncHttpClient-1-2] DEBUG org.asynchttpclient.netty.handler.WebSocketHandler - 

Request DefaultFullHttpRequest(decodeResult: success, version: HTTP/1.1, content: EmptyByteBufBE)
GET /devtools/browser/3b6575d4-de60-4bbc-bfdf-6b391ee9821a HTTP/1.1
upgrade: websocket
connection: upgrade
sec-websocket-key: syjIX7YjE/3wnfgWXiH5rg==
sec-websocket-version: 13
origin: http://localhost:64467
host: localhost:64467
accept: */*
user-agent: AHC/2.1

Response DefaultHttpResponse(decodeResult: success, version: HTTP/1.1)
HTTP/1.1 101 WebSocket Protocol Handshake
Upgrade: WebSocket
Connection: Upgrade
Sec-WebSocket-Accept: Z8Udu99m/vjCbtYAnSW7it8X/pg=

00:33:48.009 [Forwarding maximizeCurrentWindow on session 963b9ecf9e084c18a1e3bb073224a002 to remote] DEBUG org.asynchttpclient.netty.request.NettyRequestSender - Using pooled Channel '[id: 0xbd22b506, L:/127.0.0.1:64466 - R:localhost/127.0.0.1:51605]' for 'POST' to 'http://localhost:51605/session/963b9ecf9e084c18a1e3bb073224a002/window/maximize'
00:33:48.009 [Forwarding maximizeCurrentWindow on session 963b9ecf9e084c18a1e3bb073224a002 to remote] DEBUG org.asynchttpclient.netty.request.NettyRequestSender - Using open Channel [id: 0xbd22b506, L:/127.0.0.1:64466 - R:localhost/127.0.0.1:51605] for POST '/session/963b9ecf9e084c18a1e3bb073224a002/window/maximize'
00:33:48.273 [AsyncHttpClient-1-4] DEBUG org.asynchttpclient.netty.handler.HttpHandler - 

Request DefaultHttpRequest(decodeResult: success, version: HTTP/1.1)
POST /session/963b9ecf9e084c18a1e3bb073224a002/window/maximize HTTP/1.1
User-Agent: selenium/4.1.2 (java windows)
Content-Length: 3
Content-Type: application/json; charset=utf-8
host: localhost:51605
accept: */*

Response DefaultHttpResponse(decodeResult: success, version: HTTP/1.1)
HTTP/1.1 200 OK
Content-Type: application/json; charset=utf-8
cache-control: no-cache
content-length: 51

00:33:48.273 [AsyncHttpClient-1-4] DEBUG org.asynchttpclient.netty.channel.ChannelManager - Adding key: http://localhost:51605 for channel [id: 0xbd22b506, L:/127.0.0.1:64466 - R:localhost/127.0.0.1:51605]
00:33:48.273 [Forwarding get on session 963b9ecf9e084c18a1e3bb073224a002 to remote] DEBUG org.asynchttpclient.netty.request.NettyRequestSender - Using pooled Channel '[id: 0xbd22b506, L:/127.0.0.1:64466 - R:localhost/127.0.0.1:51605]' for 'POST' to 'http://localhost:51605/session/963b9ecf9e084c18a1e3bb073224a002/url'
00:33:48.273 [Forwarding get on session 963b9ecf9e084c18a1e3bb073224a002 to remote] DEBUG org.asynchttpclient.netty.request.NettyRequestSender - Using open Channel [id: 0xbd22b506, L:/127.0.0.1:64466 - R:localhost/127.0.0.1:51605] for POST '/session/963b9ecf9e084c18a1e3bb073224a002/url'
00:33:48.463 [AsyncHttpClient-1-1] DEBUG org.asynchttpclient.netty.channel.DefaultChannelPool - Entry count for : http://localhost:64467 : 1
00:33:49.544 [AsyncHttpClient-1-1] DEBUG org.asynchttpclient.netty.channel.DefaultChannelPool - Entry count for : http://localhost:64467 : 1
00:33:50.644 [AsyncHttpClient-1-1] DEBUG org.asynchttpclient.netty.channel.DefaultChannelPool - Entry count for : http://localhost:64467 : 1
00:33:51.754 [AsyncHttpClient-1-1] DEBUG org.asynchttpclient.netty.channel.DefaultChannelPool - Entry count for : http://localhost:64467 : 1
00:33:52.045 [AsyncHttpClient-1-4] DEBUG org.asynchttpclient.netty.handler.HttpHandler - 

Request DefaultHttpRequest(decodeResult: success, version: HTTP/1.1)
POST /session/963b9ecf9e084c18a1e3bb073224a002/url HTTP/1.1
User-Agent: selenium/4.1.2 (java windows)
Content-Length: 64
Content-Type: application/json; charset=utf-8
host: localhost:51605
accept: */*

Response DefaultHttpResponse(decodeResult: success, version: HTTP/1.1)
HTTP/1.1 200 OK
Content-Type: application/json; charset=utf-8
cache-control: no-cache
content-length: 14

00:33:52.045 [AsyncHttpClient-1-4] DEBUG org.asynchttpclient.netty.channel.ChannelManager - Adding key: http://localhost:51605 for channel [id: 0xbd22b506, L:/127.0.0.1:64466 - R:localhost/127.0.0.1:51605]
00:33:52.054 [Forwarding setTimeout on session 963b9ecf9e084c18a1e3bb073224a002 to remote] DEBUG org.asynchttpclient.netty.request.NettyRequestSender - Using pooled Channel '[id: 0xbd22b506, L:/127.0.0.1:64466 - R:localhost/127.0.0.1:51605]' for 'POST' to 'http://localhost:51605/session/963b9ecf9e084c18a1e3bb073224a002/timeouts'
00:33:52.055 [Forwarding setTimeout on session 963b9ecf9e084c18a1e3bb073224a002 to remote] DEBUG org.asynchttpclient.netty.request.NettyRequestSender - Using open Channel [id: 0xbd22b506, L:/127.0.0.1:64466 - R:localhost/127.0.0.1:51605] for POST '/session/963b9ecf9e084c18a1e3bb073224a002/timeouts'
00:33:52.059 [AsyncHttpClient-1-4] DEBUG org.asynchttpclient.netty.handler.HttpHandler - 

Request DefaultHttpRequest(decodeResult: success, version: HTTP/1.1)
POST /session/963b9ecf9e084c18a1e3bb073224a002/timeouts HTTP/1.1
User-Agent: selenium/4.1.2 (java windows)
Content-Length: 22
Content-Type: application/json; charset=utf-8
host: localhost:51605
accept: */*

Response DefaultHttpResponse(decodeResult: success, version: HTTP/1.1)
HTTP/1.1 200 OK
Content-Type: application/json; charset=utf-8
cache-control: no-cache
content-length: 14

00:33:52.059 [AsyncHttpClient-1-4] DEBUG org.asynchttpclient.netty.channel.ChannelManager - Adding key: http://localhost:51605 for channel [id: 0xbd22b506, L:/127.0.0.1:64466 - R:localhost/127.0.0.1:51605]
00:33:52.076 [Forwarding getCurrentUrl on session 963b9ecf9e084c18a1e3bb073224a002 to remote] DEBUG org.asynchttpclient.netty.request.NettyRequestSender - Using pooled Channel '[id: 0xbd22b506, L:/127.0.0.1:64466 - R:localhost/127.0.0.1:51605]' for 'GET' to 'http://localhost:51605/session/963b9ecf9e084c18a1e3bb073224a002/url'
00:33:52.077 [Forwarding getCurrentUrl on session 963b9ecf9e084c18a1e3bb073224a002 to remote] DEBUG org.asynchttpclient.netty.request.NettyRequestSender - Using open Channel [id: 0xbd22b506, L:/127.0.0.1:64466 - R:localhost/127.0.0.1:51605] for GET '/session/963b9ecf9e084c18a1e3bb073224a002/url'
00:33:52.089 [AsyncHttpClient-1-4] DEBUG org.asynchttpclient.netty.handler.HttpHandler - 

Request DefaultFullHttpRequest(decodeResult: success, version: HTTP/1.1, content: EmptyByteBufBE)
GET /session/963b9ecf9e084c18a1e3bb073224a002/url HTTP/1.1
User-Agent: selenium/4.1.2 (java windows)
Cache-Control: no-cache
Content-Type: application/json; charset=utf-8
host: localhost:51605
accept: */*

Response DefaultHttpResponse(decodeResult: success, version: HTTP/1.1)
HTTP/1.1 200 OK
Content-Type: application/json; charset=utf-8
cache-control: no-cache
content-length: 41

00:33:52.090 [AsyncHttpClient-1-4] DEBUG org.asynchttpclient.netty.channel.ChannelManager - Adding key: http://localhost:51605 for channel [id: 0xbd22b506, L:/127.0.0.1:64466 - R:localhost/127.0.0.1:51605]
00:33:52.101 [main] DEBUG net.serenitybdd.core.photography.Darkroom - Opening darkroom
00:33:52.101 [Forwarding screenshot on session 963b9ecf9e084c18a1e3bb073224a002 to remote] DEBUG org.asynchttpclient.netty.request.NettyRequestSender - Using pooled Channel '[id: 0xbd22b506, L:/127.0.0.1:64466 - R:localhost/127.0.0.1:51605]' for 'GET' to 'http://localhost:51605/session/963b9ecf9e084c18a1e3bb073224a002/screenshot'
00:33:52.101 [Forwarding screenshot on session 963b9ecf9e084c18a1e3bb073224a002 to remote] DEBUG org.asynchttpclient.netty.request.NettyRequestSender - Using open Channel [id: 0xbd22b506, L:/127.0.0.1:64466 - R:localhost/127.0.0.1:51605] for GET '/session/963b9ecf9e084c18a1e3bb073224a002/screenshot'
00:33:52.107 [Darkroom Processing Line] DEBUG net.serenitybdd.core.photography.DarkroomProcessingLine - Darkroom processing line starting up
00:33:52.291 [AsyncHttpClient-1-4] DEBUG org.asynchttpclient.netty.handler.HttpHandler - 

Request DefaultFullHttpRequest(decodeResult: success, version: HTTP/1.1, content: EmptyByteBufBE)
GET /session/963b9ecf9e084c18a1e3bb073224a002/screenshot HTTP/1.1
User-Agent: selenium/4.1.2 (java windows)
Cache-Control: no-cache
Content-Type: application/json; charset=utf-8
host: localhost:51605
accept: */*

Response DefaultHttpResponse(decodeResult: success, version: HTTP/1.1)
HTTP/1.1 200 OK
Content-Type: application/json; charset=utf-8
cache-control: no-cache
content-length: 24984

00:33:52.292 [AsyncHttpClient-1-4] DEBUG org.asynchttpclient.netty.channel.ChannelManager - Adding key: http://localhost:51605 for channel [id: 0xbd22b506, L:/127.0.0.1:64466 - R:localhost/127.0.0.1:51605]
00:33:52.298 [main] DEBUG net.serenitybdd.core.photography.Darkroom - Send negative for processing for target\site\serenity\5279a2677f51cd42d80df4d0bf105786ca0efdec9c31dd310d9911ecf03761b4.png
00:33:52.299 [main] DEBUG net.thucydides.core.steps.StepInterceptor - STEP DONE: openUrl
00:33:52.299 [Darkroom Processing Line] DEBUG net.serenitybdd.core.photography.DarkroomProcessingLine - Processing screenshot image in /var/screenshots/screenshot-3299210595200142217
00:33:52.300 [Darkroom Processing Line] DEBUG net.serenitybdd.core.photography.DarkroomProcessingLine - Saving screenshot to target\site\serenity\5279a2677f51cd42d80df4d0bf105786ca0efdec9c31dd310d9911ecf03761b4.png
00:33:52.315 [main] DEBUG net.thucydides.core.steps.StepInterceptor - STARTING STEP: LoginSteps.iAmOnTheLoginPage - validateOnLoginPage
00:33:52.322 [Forwarding findElement on session 963b9ecf9e084c18a1e3bb073224a002 to remote] DEBUG org.asynchttpclient.netty.request.NettyRequestSender - Using pooled Channel '[id: 0xbd22b506, L:/127.0.0.1:64466 - R:localhost/127.0.0.1:51605]' for 'POST' to 'http://localhost:51605/session/963b9ecf9e084c18a1e3bb073224a002/element'
00:33:52.322 [Forwarding findElement on session 963b9ecf9e084c18a1e3bb073224a002 to remote] DEBUG org.asynchttpclient.netty.request.NettyRequestSender - Using open Channel [id: 0xbd22b506, L:/127.0.0.1:64466 - R:localhost/127.0.0.1:51605] for POST '/session/963b9ecf9e084c18a1e3bb073224a002/element'
00:33:52.334 [AsyncHttpClient-1-4] DEBUG org.asynchttpclient.netty.handler.HttpHandler - 

Request DefaultHttpRequest(decodeResult: success, version: HTTP/1.1)
POST /session/963b9ecf9e084c18a1e3bb073224a002/element HTTP/1.1
User-Agent: selenium/4.1.2 (java windows)
Content-Length: 165
Content-Type: application/json; charset=utf-8
host: localhost:51605
accept: */*

Response DefaultHttpResponse(decodeResult: success, version: HTTP/1.1)
HTTP/1.1 200 OK
Content-Type: application/json; charset=utf-8
cache-control: no-cache
content-length: 88

00:33:52.334 [AsyncHttpClient-1-4] DEBUG org.asynchttpclient.netty.channel.ChannelManager - Adding key: http://localhost:51605 for channel [id: 0xbd22b506, L:/127.0.0.1:64466 - R:localhost/127.0.0.1:51605]
00:33:52.350 [Forwarding isElementDisplayed on session 963b9ecf9e084c18a1e3bb073224a002 to remote] DEBUG org.asynchttpclient.netty.request.NettyRequestSender - Using pooled Channel '[id: 0xbd22b506, L:/127.0.0.1:64466 - R:localhost/127.0.0.1:51605]' for 'POST' to 'http://localhost:51605/session/963b9ecf9e084c18a1e3bb073224a002/execute/sync'
00:33:52.350 [Forwarding isElementDisplayed on session 963b9ecf9e084c18a1e3bb073224a002 to remote] DEBUG org.asynchttpclient.netty.request.NettyRequestSender - Using open Channel [id: 0xbd22b506, L:/127.0.0.1:64466 - R:localhost/127.0.0.1:51605] for POST '/session/963b9ecf9e084c18a1e3bb073224a002/execute/sync'
00:33:52.390 [AsyncHttpClient-1-4] DEBUG org.asynchttpclient.netty.handler.HttpHandler - 

Request DefaultHttpRequest(decodeResult: success, version: HTTP/1.1)
POST /session/963b9ecf9e084c18a1e3bb073224a002/execute/sync HTTP/1.1
User-Agent: selenium/4.1.2 (java windows)
Content-Length: 48780
Content-Type: application/json; charset=utf-8
host: localhost:51605
accept: */*

Response DefaultHttpResponse(decodeResult: success, version: HTTP/1.1)
HTTP/1.1 200 OK
Content-Type: application/json; charset=utf-8
cache-control: no-cache
content-length: 14

00:33:52.390 [AsyncHttpClient-1-4] DEBUG org.asynchttpclient.netty.channel.ChannelManager - Adding key: http://localhost:51605 for channel [id: 0xbd22b506, L:/127.0.0.1:64466 - R:localhost/127.0.0.1:51605]
00:33:52.421 [Forwarding screenshot on session 963b9ecf9e084c18a1e3bb073224a002 to remote] DEBUG org.asynchttpclient.netty.request.NettyRequestSender - Using pooled Channel '[id: 0xbd22b506, L:/127.0.0.1:64466 - R:localhost/127.0.0.1:51605]' for 'GET' to 'http://localhost:51605/session/963b9ecf9e084c18a1e3bb073224a002/screenshot'
00:33:52.421 [Forwarding screenshot on session 963b9ecf9e084c18a1e3bb073224a002 to remote] DEBUG org.asynchttpclient.netty.request.NettyRequestSender - Using open Channel [id: 0xbd22b506, L:/127.0.0.1:64466 - R:localhost/127.0.0.1:51605] for GET '/session/963b9ecf9e084c18a1e3bb073224a002/screenshot'
00:33:52.598 [AsyncHttpClient-1-4] DEBUG org.asynchttpclient.netty.handler.HttpHandler - 

Request DefaultFullHttpRequest(decodeResult: success, version: HTTP/1.1, content: EmptyByteBufBE)
GET /session/963b9ecf9e084c18a1e3bb073224a002/screenshot HTTP/1.1
User-Agent: selenium/4.1.2 (java windows)
Cache-Control: no-cache
Content-Type: application/json; charset=utf-8
host: localhost:51605
accept: */*

Response DefaultHttpResponse(decodeResult: success, version: HTTP/1.1)
HTTP/1.1 200 OK
Content-Type: application/json; charset=utf-8
cache-control: no-cache
content-length: 24984

00:33:52.598 [AsyncHttpClient-1-4] DEBUG org.asynchttpclient.netty.channel.ChannelManager - Adding key: http://localhost:51605 for channel [id: 0xbd22b506, L:/127.0.0.1:64466 - R:localhost/127.0.0.1:51605]
00:33:52.614 [main] DEBUG net.serenitybdd.core.photography.Darkroom - Send negative for processing for target\site\serenity\5279a2677f51cd42d80df4d0bf105786ca0efdec9c31dd310d9911ecf03761b4.png
00:33:52.614 [main] DEBUG net.thucydides.core.steps.StepInterceptor - STEP DONE: validateOnLoginPage
  &amp#27;[32mGiven &amp#27;[0m&amp#27;[32mI am on the login page&amp#27;[0m              &amp#27;[90m# starter.stepdefinitions.LoginSteps.iAmOnTheLoginPage()&amp#27;[0m
00:33:52.895 [AsyncHttpClient-1-1] DEBUG org.asynchttpclient.netty.channel.DefaultChannelPool - Entry count for : http://localhost:51605 : 1
00:33:52.895 [AsyncHttpClient-1-1] DEBUG org.asynchttpclient.netty.channel.DefaultChannelPool - Entry count for : http://localhost:64467 : 1
00:33:52.926 [Forwarding screenshot on session 963b9ecf9e084c18a1e3bb073224a002 to remote] DEBUG org.asynchttpclient.netty.request.NettyRequestSender - Using pooled Channel '[id: 0xbd22b506, L:/127.0.0.1:64466 - R:localhost/127.0.0.1:51605]' for 'GET' to 'http://localhost:51605/session/963b9ecf9e084c18a1e3bb073224a002/screenshot'
00:33:52.926 [Forwarding screenshot on session 963b9ecf9e084c18a1e3bb073224a002 to remote] DEBUG org.asynchttpclient.netty.request.NettyRequestSender - Using open Channel [id: 0xbd22b506, L:/127.0.0.1:64466 - R:localhost/127.0.0.1:51605] for GET '/session/963b9ecf9e084c18a1e3bb073224a002/screenshot'
00:33:53.099 [AsyncHttpClient-1-4] DEBUG org.asynchttpclient.netty.handler.HttpHandler - 

Request DefaultFullHttpRequest(decodeResult: success, version: HTTP/1.1, content: EmptyByteBufBE)
GET /session/963b9ecf9e084c18a1e3bb073224a002/screenshot HTTP/1.1
User-Agent: selenium/4.1.2 (java windows)
Cache-Control: no-cache
Content-Type: application/json; charset=utf-8
host: localhost:51605
accept: */*

Response DefaultHttpResponse(decodeResult: success, version: HTTP/1.1)
HTTP/1.1 200 OK
Content-Type: application/json; charset=utf-8
cache-control: no-cache
content-length: 24984

00:33:53.099 [AsyncHttpClient-1-4] DEBUG org.asynchttpclient.netty.channel.ChannelManager - Adding key: http://localhost:51605 for channel [id: 0xbd22b506, L:/127.0.0.1:64466 - R:localhost/127.0.0.1:51605]
00:33:53.115 [main] DEBUG net.serenitybdd.core.photography.Darkroom - Send negative for processing for target\site\serenity\5279a2677f51cd42d80df4d0bf105786ca0efdec9c31dd310d9911ecf03761b4.png
00:33:53.115 [main] DEBUG net.thucydides.core.steps.StepInterceptor - STARTING STEP: RegisterSteps.iInputValidEmail - inputEmail
00:33:53.115 [Forwarding findElement on session 963b9ecf9e084c18a1e3bb073224a002 to remote] DEBUG org.asynchttpclient.netty.request.NettyRequestSender - Using pooled Channel '[id: 0xbd22b506, L:/127.0.0.1:64466 - R:localhost/127.0.0.1:51605]' for 'POST' to 'http://localhost:51605/session/963b9ecf9e084c18a1e3bb073224a002/element'
00:33:53.115 [Forwarding findElement on session 963b9ecf9e084c18a1e3bb073224a002 to remote] DEBUG org.asynchttpclient.netty.request.NettyRequestSender - Using open Channel [id: 0xbd22b506, L:/127.0.0.1:64466 - R:localhost/127.0.0.1:51605] for POST '/session/963b9ecf9e084c18a1e3bb073224a002/element'
00:33:53.140 [AsyncHttpClient-1-4] DEBUG org.asynchttpclient.netty.handler.HttpHandler - 

Request DefaultHttpRequest(decodeResult: success, version: HTTP/1.1)
POST /session/963b9ecf9e084c18a1e3bb073224a002/element HTTP/1.1
User-Agent: selenium/4.1.2 (java windows)
Content-Length: 86
Content-Type: application/json; charset=utf-8
host: localhost:51605
accept: */*

Response DefaultHttpResponse(decodeResult: success, version: HTTP/1.1)
HTTP/1.1 200 OK
Content-Type: application/json; charset=utf-8
cache-control: no-cache
content-length: 88

00:33:53.140 [AsyncHttpClient-1-4] DEBUG org.asynchttpclient.netty.channel.ChannelManager - Adding key: http://localhost:51605 for channel [id: 0xbd22b506, L:/127.0.0.1:64466 - R:localhost/127.0.0.1:51605]
00:33:53.140 [Forwarding clearElement on session 963b9ecf9e084c18a1e3bb073224a002 to remote] DEBUG org.asynchttpclient.netty.request.NettyRequestSender - Using pooled Channel '[id: 0xbd22b506, L:/127.0.0.1:64466 - R:localhost/127.0.0.1:51605]' for 'POST' to 'http://localhost:51605/session/963b9ecf9e084c18a1e3bb073224a002/element/105ad0a4-750b-4fbf-8df3-29561be2d231/clear'
00:33:53.140 [Forwarding clearElement on session 963b9ecf9e084c18a1e3bb073224a002 to remote] DEBUG org.asynchttpclient.netty.request.NettyRequestSender - Using open Channel [id: 0xbd22b506, L:/127.0.0.1:64466 - R:localhost/127.0.0.1:51605] for POST '/session/963b9ecf9e084c18a1e3bb073224a002/element/105ad0a4-750b-4fbf-8df3-29561be2d231/clear'
00:33:53.218 [AsyncHttpClient-1-4] DEBUG org.asynchttpclient.netty.handler.HttpHandler - 

Request DefaultHttpRequest(decodeResult: success, version: HTTP/1.1)
POST /session/963b9ecf9e084c18a1e3bb073224a002/element/105ad0a4-750b-4fbf-8df3-29561be2d231/clear HTTP/1.1
User-Agent: selenium/4.1.2 (java windows)
Content-Length: 50
Content-Type: application/json; charset=utf-8
host: localhost:51605
accept: */*

Response DefaultHttpResponse(decodeResult: success, version: HTTP/1.1)
HTTP/1.1 200 OK
Content-Type: application/json; charset=utf-8
cache-control: no-cache
content-length: 14

00:33:53.218 [AsyncHttpClient-1-4] DEBUG org.asynchttpclient.netty.channel.ChannelManager - Adding key: http://localhost:51605 for channel [id: 0xbd22b506, L:/127.0.0.1:64466 - R:localhost/127.0.0.1:51605]
00:33:53.241 [Forwarding sendKeysToElement on session 963b9ecf9e084c18a1e3bb073224a002 to remote] DEBUG org.asynchttpclient.netty.request.NettyRequestSender - Using pooled Channel '[id: 0xbd22b506, L:/127.0.0.1:64466 - R:localhost/127.0.0.1:51605]' for 'POST' to 'http://localhost:51605/session/963b9ecf9e084c18a1e3bb073224a002/element/105ad0a4-750b-4fbf-8df3-29561be2d231/value'
00:33:53.242 [Forwarding sendKeysToElement on session 963b9ecf9e084c18a1e3bb073224a002 to remote] DEBUG org.asynchttpclient.netty.request.NettyRequestSender - Using open Channel [id: 0xbd22b506, L:/127.0.0.1:64466 - R:localhost/127.0.0.1:51605] for POST '/session/963b9ecf9e084c18a1e3bb073224a002/element/105ad0a4-750b-4fbf-8df3-29561be2d231/value'
00:33:53.794 [AsyncHttpClient-1-4] DEBUG org.asynchttpclient.netty.handler.HttpHandler - 

Request DefaultHttpRequest(decodeResult: success, version: HTTP/1.1)
POST /session/963b9ecf9e084c18a1e3bb073224a002/element/105ad0a4-750b-4fbf-8df3-29561be2d231/value HTTP/1.1
User-Agent: selenium/4.1.2 (java windows)
Content-Length: 381
Content-Type: application/json; charset=utf-8
host: localhost:51605
accept: */*

Response DefaultHttpResponse(decodeResult: success, version: HTTP/1.1)
HTTP/1.1 200 OK
Content-Type: application/json; charset=utf-8
cache-control: no-cache
content-length: 14

00:33:53.794 [AsyncHttpClient-1-4] DEBUG org.asynchttpclient.netty.channel.ChannelManager - Adding key: http://localhost:51605 for channel [id: 0xbd22b506, L:/127.0.0.1:64466 - R:localhost/127.0.0.1:51605]
00:33:53.811 [Forwarding screenshot on session 963b9ecf9e084c18a1e3bb073224a002 to remote] DEBUG org.asynchttpclient.netty.request.NettyRequestSender - Using pooled Channel '[id: 0xbd22b506, L:/127.0.0.1:64466 - R:localhost/127.0.0.1:51605]' for 'GET' to 'http://localhost:51605/session/963b9ecf9e084c18a1e3bb073224a002/screenshot'
00:33:53.812 [Forwarding screenshot on session 963b9ecf9e084c18a1e3bb073224a002 to remote] DEBUG org.asynchttpclient.netty.request.NettyRequestSender - Using open Channel [id: 0xbd22b506, L:/127.0.0.1:64466 - R:localhost/127.0.0.1:51605] for GET '/session/963b9ecf9e084c18a1e3bb073224a002/screenshot'
00:33:53.944 [AsyncHttpClient-1-1] DEBUG org.asynchttpclient.netty.channel.DefaultChannelPool - Entry count for : http://localhost:64467 : 1
00:33:54.046 [AsyncHttpClient-1-4] DEBUG org.asynchttpclient.netty.handler.HttpHandler - 

Request DefaultFullHttpRequest(decodeResult: success, version: HTTP/1.1, content: EmptyByteBufBE)
GET /session/963b9ecf9e084c18a1e3bb073224a002/screenshot HTTP/1.1
User-Agent: selenium/4.1.2 (java windows)
Cache-Control: no-cache
Content-Type: application/json; charset=utf-8
host: localhost:51605
accept: */*

Response DefaultHttpResponse(decodeResult: success, version: HTTP/1.1)
HTTP/1.1 200 OK
Content-Type: application/json; charset=utf-8
cache-control: no-cache
content-length: 31232

00:33:54.047 [AsyncHttpClient-1-4] DEBUG org.asynchttpclient.netty.channel.ChannelManager - Adding key: http://localhost:51605 for channel [id: 0xbd22b506, L:/127.0.0.1:64466 - R:localhost/127.0.0.1:51605]
00:33:54.055 [main] DEBUG net.serenitybdd.core.photography.Darkroom - Send negative for processing for target\site\serenity\d369d63ab6b57d8a821de2c177e7d328067e0c3620e2bbef3e2abda0240db3b2.png
00:33:54.055 [main] DEBUG net.thucydides.core.steps.StepInterceptor - STEP DONE: inputEmail
  &amp#27;[32mWhen &amp#27;[0m&amp#27;[32mI input valid email&amp#27;[0m                  &amp#27;[90m# starter.stepdefinitions.RegisterSteps.iInputValidEmail()&amp#27;[0m
00:33:54.097 [Darkroom Processing Line] DEBUG net.serenitybdd.core.photography.DarkroomProcessingLine - Processing screenshot image in /var/screenshots/screenshot-8141136485496718956
00:33:54.097 [Darkroom Processing Line] DEBUG net.serenitybdd.core.photography.DarkroomProcessingLine - Saving screenshot to target\site\serenity\d369d63ab6b57d8a821de2c177e7d328067e0c3620e2bbef3e2abda0240db3b2.png
00:33:54.124 [Forwarding screenshot on session 963b9ecf9e084c18a1e3bb073224a002 to remote] DEBUG org.asynchttpclient.netty.request.NettyRequestSender - Using pooled Channel '[id: 0xbd22b506, L:/127.0.0.1:64466 - R:localhost/127.0.0.1:51605]' for 'GET' to 'http://localhost:51605/session/963b9ecf9e084c18a1e3bb073224a002/screenshot'
00:33:54.124 [Forwarding screenshot on session 963b9ecf9e084c18a1e3bb073224a002 to remote] DEBUG org.asynchttpclient.netty.request.NettyRequestSender - Using open Channel [id: 0xbd22b506, L:/127.0.0.1:64466 - R:localhost/127.0.0.1:51605] for GET '/session/963b9ecf9e084c18a1e3bb073224a002/screenshot'
00:33:54.306 [AsyncHttpClient-1-4] DEBUG org.asynchttpclient.netty.handler.HttpHandler - 

Request DefaultFullHttpRequest(decodeResult: success, version: HTTP/1.1, content: EmptyByteBufBE)
GET /session/963b9ecf9e084c18a1e3bb073224a002/screenshot HTTP/1.1
User-Agent: selenium/4.1.2 (java windows)
Cache-Control: no-cache
Content-Type: application/json; charset=utf-8
host: localhost:51605
accept: */*

Response DefaultHttpResponse(decodeResult: success, version: HTTP/1.1)
HTTP/1.1 200 OK
Content-Type: application/json; charset=utf-8
cache-control: no-cache
content-length: 31228

00:33:54.306 [AsyncHttpClient-1-4] DEBUG org.asynchttpclient.netty.channel.ChannelManager - Adding key: http://localhost:51605 for channel [id: 0xbd22b506, L:/127.0.0.1:64466 - R:localhost/127.0.0.1:51605]
00:33:54.306 [main] DEBUG net.serenitybdd.core.photography.Darkroom - Send negative for processing for target\site\serenity\e4f8ab74f1b9e22ffe4b062e6357ed7c4b5176dd5c051ba1eeef770c8ec2733a.png
00:33:54.306 [Darkroom Processing Line] DEBUG net.serenitybdd.core.photography.DarkroomProcessingLine - Processing screenshot image in /var/screenshots/screenshot-10824188900032956850
00:33:54.306 [Darkroom Processing Line] DEBUG net.serenitybdd.core.photography.DarkroomProcessingLine - Saving screenshot to target\site\serenity\e4f8ab74f1b9e22ffe4b062e6357ed7c4b5176dd5c051ba1eeef770c8ec2733a.png
00:33:54.306 [main] DEBUG net.thucydides.core.steps.StepInterceptor - STARTING STEP: RegisterSteps.iInputValidPassword - inputPassword
00:33:54.306 [Forwarding findElement on session 963b9ecf9e084c18a1e3bb073224a002 to remote] DEBUG org.asynchttpclient.netty.request.NettyRequestSender - Using pooled Channel '[id: 0xbd22b506, L:/127.0.0.1:64466 - R:localhost/127.0.0.1:51605]' for 'POST' to 'http://localhost:51605/session/963b9ecf9e084c18a1e3bb073224a002/element'
00:33:54.306 [Forwarding findElement on session 963b9ecf9e084c18a1e3bb073224a002 to remote] DEBUG org.asynchttpclient.netty.request.NettyRequestSender - Using open Channel [id: 0xbd22b506, L:/127.0.0.1:64466 - R:localhost/127.0.0.1:51605] for POST '/session/963b9ecf9e084c18a1e3bb073224a002/element'
00:33:54.355 [AsyncHttpClient-1-4] DEBUG org.asynchttpclient.netty.handler.HttpHandler - 

Request DefaultHttpRequest(decodeResult: success, version: HTTP/1.1)
POST /session/963b9ecf9e084c18a1e3bb073224a002/element HTTP/1.1
User-Agent: selenium/4.1.2 (java windows)
Content-Length: 89
Content-Type: application/json; charset=utf-8
host: localhost:51605
accept: */*

Response DefaultHttpResponse(decodeResult: success, version: HTTP/1.1)
HTTP/1.1 200 OK
Content-Type: application/json; charset=utf-8
cache-control: no-cache
content-length: 88

00:33:54.355 [AsyncHttpClient-1-4] DEBUG org.asynchttpclient.netty.channel.ChannelManager - Adding key: http://localhost:51605 for channel [id: 0xbd22b506, L:/127.0.0.1:64466 - R:localhost/127.0.0.1:51605]
00:33:54.360 [Forwarding clearElement on session 963b9ecf9e084c18a1e3bb073224a002 to remote] DEBUG org.asynchttpclient.netty.request.NettyRequestSender - Using pooled Channel '[id: 0xbd22b506, L:/127.0.0.1:64466 - R:localhost/127.0.0.1:51605]' for 'POST' to 'http://localhost:51605/session/963b9ecf9e084c18a1e3bb073224a002/element/3dcb042d-dbad-4086-8a80-e6c27c0bab4f/clear'
00:33:54.360 [Forwarding clearElement on session 963b9ecf9e084c18a1e3bb073224a002 to remote] DEBUG org.asynchttpclient.netty.request.NettyRequestSender - Using open Channel [id: 0xbd22b506, L:/127.0.0.1:64466 - R:localhost/127.0.0.1:51605] for POST '/session/963b9ecf9e084c18a1e3bb073224a002/element/3dcb042d-dbad-4086-8a80-e6c27c0bab4f/clear'
00:33:54.422 [AsyncHttpClient-1-4] DEBUG org.asynchttpclient.netty.handler.HttpHandler - 

Request DefaultHttpRequest(decodeResult: success, version: HTTP/1.1)
POST /session/963b9ecf9e084c18a1e3bb073224a002/element/3dcb042d-dbad-4086-8a80-e6c27c0bab4f/clear HTTP/1.1
User-Agent: selenium/4.1.2 (java windows)
Content-Length: 50
Content-Type: application/json; charset=utf-8
host: localhost:51605
accept: */*

Response DefaultHttpResponse(decodeResult: success, version: HTTP/1.1)
HTTP/1.1 200 OK
Content-Type: application/json; charset=utf-8
cache-control: no-cache
content-length: 14

00:33:54.422 [AsyncHttpClient-1-4] DEBUG org.asynchttpclient.netty.channel.ChannelManager - Adding key: http://localhost:51605 for channel [id: 0xbd22b506, L:/127.0.0.1:64466 - R:localhost/127.0.0.1:51605]
00:33:54.438 [Forwarding sendKeysToElement on session 963b9ecf9e084c18a1e3bb073224a002 to remote] DEBUG org.asynchttpclient.netty.request.NettyRequestSender - Using pooled Channel '[id: 0xbd22b506, L:/127.0.0.1:64466 - R:localhost/127.0.0.1:51605]' for 'POST' to 'http://localhost:51605/session/963b9ecf9e084c18a1e3bb073224a002/element/3dcb042d-dbad-4086-8a80-e6c27c0bab4f/value'
00:33:54.438 [Forwarding sendKeysToElement on session 963b9ecf9e084c18a1e3bb073224a002 to remote] DEBUG org.asynchttpclient.netty.request.NettyRequestSender - Using open Channel [id: 0xbd22b506, L:/127.0.0.1:64466 - R:localhost/127.0.0.1:51605] for POST '/session/963b9ecf9e084c18a1e3bb073224a002/element/3dcb042d-dbad-4086-8a80-e6c27c0bab4f/value'
00:33:54.927 [AsyncHttpClient-1-4] DEBUG org.asynchttpclient.netty.handler.HttpHandler - 

Request DefaultHttpRequest(decodeResult: success, version: HTTP/1.1)
POST /session/963b9ecf9e084c18a1e3bb073224a002/element/3dcb042d-dbad-4086-8a80-e6c27c0bab4f/value HTTP/1.1
User-Agent: selenium/4.1.2 (java windows)
Content-Length: 201
Content-Type: application/json; charset=utf-8
host: localhost:51605
accept: */*

Response DefaultHttpResponse(decodeResult: success, version: HTTP/1.1)
HTTP/1.1 200 OK
Content-Type: application/json; charset=utf-8
cache-control: no-cache
content-length: 14

00:33:54.928 [AsyncHttpClient-1-4] DEBUG org.asynchttpclient.netty.channel.ChannelManager - Adding key: http://localhost:51605 for channel [id: 0xbd22b506, L:/127.0.0.1:64466 - R:localhost/127.0.0.1:51605]
00:33:54.951 [Forwarding screenshot on session 963b9ecf9e084c18a1e3bb073224a002 to remote] DEBUG org.asynchttpclient.netty.request.NettyRequestSender - Using pooled Channel '[id: 0xbd22b506, L:/127.0.0.1:64466 - R:localhost/127.0.0.1:51605]' for 'GET' to 'http://localhost:51605/session/963b9ecf9e084c18a1e3bb073224a002/screenshot'
00:33:54.951 [Forwarding screenshot on session 963b9ecf9e084c18a1e3bb073224a002 to remote] DEBUG org.asynchttpclient.netty.request.NettyRequestSender - Using open Channel [id: 0xbd22b506, L:/127.0.0.1:64466 - R:localhost/127.0.0.1:51605] for GET '/session/963b9ecf9e084c18a1e3bb073224a002/screenshot'
00:33:55.068 [AsyncHttpClient-1-1] DEBUG org.asynchttpclient.netty.channel.DefaultChannelPool - Entry count for : http://localhost:64467 : 1
00:33:55.174 [AsyncHttpClient-1-4] DEBUG org.asynchttpclient.netty.handler.HttpHandler - 

Request DefaultFullHttpRequest(decodeResult: success, version: HTTP/1.1, content: EmptyByteBufBE)
GET /session/963b9ecf9e084c18a1e3bb073224a002/screenshot HTTP/1.1
User-Agent: selenium/4.1.2 (java windows)
Cache-Control: no-cache
Content-Type: application/json; charset=utf-8
host: localhost:51605
accept: */*

Response DefaultHttpResponse(decodeResult: success, version: HTTP/1.1)
HTTP/1.1 200 OK
Content-Type: application/json; charset=utf-8
cache-control: no-cache
content-length: 34056

00:33:55.174 [AsyncHttpClient-1-4] DEBUG org.asynchttpclient.netty.channel.ChannelManager - Adding key: http://localhost:51605 for channel [id: 0xbd22b506, L:/127.0.0.1:64466 - R:localhost/127.0.0.1:51605]
00:33:55.180 [main] DEBUG net.serenitybdd.core.photography.Darkroom - Send negative for processing for target\site\serenity\e477271c853882ddcb774835bd98d9d4328589d2715c15d2e5a21d51204ca711.png
00:33:55.181 [main] DEBUG net.thucydides.core.steps.StepInterceptor - STEP DONE: inputPassword
  &amp#27;[32mAnd &amp#27;[0m&amp#27;[32mI input valid password&amp#27;[0m                &amp#27;[90m# starter.stepdefinitions.RegisterSteps.iInputValidPassword()&amp#27;[0m
00:33:55.183 [Darkroom Processing Line] DEBUG net.serenitybdd.core.photography.DarkroomProcessingLine - Processing screenshot image in /var/screenshots/screenshot-13586478408237371253
00:33:55.183 [Darkroom Processing Line] DEBUG net.serenitybdd.core.photography.DarkroomProcessingLine - Saving screenshot to target\site\serenity\e477271c853882ddcb774835bd98d9d4328589d2715c15d2e5a21d51204ca711.png
00:33:55.295 [Forwarding screenshot on session 963b9ecf9e084c18a1e3bb073224a002 to remote] DEBUG org.asynchttpclient.netty.request.NettyRequestSender - Using pooled Channel '[id: 0xbd22b506, L:/127.0.0.1:64466 - R:localhost/127.0.0.1:51605]' for 'GET' to 'http://localhost:51605/session/963b9ecf9e084c18a1e3bb073224a002/screenshot'
00:33:55.296 [Forwarding screenshot on session 963b9ecf9e084c18a1e3bb073224a002 to remote] DEBUG org.asynchttpclient.netty.request.NettyRequestSender - Using open Channel [id: 0xbd22b506, L:/127.0.0.1:64466 - R:localhost/127.0.0.1:51605] for GET '/session/963b9ecf9e084c18a1e3bb073224a002/screenshot'
00:33:55.544 [AsyncHttpClient-1-4] DEBUG org.asynchttpclient.netty.handler.HttpHandler - 

Request DefaultFullHttpRequest(decodeResult: success, version: HTTP/1.1, content: EmptyByteBufBE)
GET /session/963b9ecf9e084c18a1e3bb073224a002/screenshot HTTP/1.1
User-Agent: selenium/4.1.2 (java windows)
Cache-Control: no-cache
Content-Type: application/json; charset=utf-8
host: localhost:51605
accept: */*

Response DefaultHttpResponse(decodeResult: success, version: HTTP/1.1)
HTTP/1.1 200 OK
Content-Type: application/json; charset=utf-8
cache-control: no-cache
content-length: 34052

00:33:55.548 [AsyncHttpClient-1-4] DEBUG org.asynchttpclient.netty.channel.ChannelManager - Adding key: http://localhost:51605 for channel [id: 0xbd22b506, L:/127.0.0.1:64466 - R:localhost/127.0.0.1:51605]
00:33:55.554 [main] DEBUG net.serenitybdd.core.photography.Darkroom - Send negative for processing for target\site\serenity\742a481b60f37ec6d8c35db1993ccb124e3090107f8b066212cbfb68d35f8bd3.png
00:33:55.555 [main] DEBUG net.thucydides.core.steps.StepInterceptor - STARTING STEP: LoginSteps.clickLoginButton - clickLoginButton
00:33:55.561 [Forwarding findElement on session 963b9ecf9e084c18a1e3bb073224a002 to remote] DEBUG org.asynchttpclient.netty.request.NettyRequestSender - Using pooled Channel '[id: 0xbd22b506, L:/127.0.0.1:64466 - R:localhost/127.0.0.1:51605]' for 'POST' to 'http://localhost:51605/session/963b9ecf9e084c18a1e3bb073224a002/element'
00:33:55.561 [Forwarding findElement on session 963b9ecf9e084c18a1e3bb073224a002 to remote] DEBUG org.asynchttpclient.netty.request.NettyRequestSender - Using open Channel [id: 0xbd22b506, L:/127.0.0.1:64466 - R:localhost/127.0.0.1:51605] for POST '/session/963b9ecf9e084c18a1e3bb073224a002/element'
00:33:55.562 [Darkroom Processing Line] DEBUG net.serenitybdd.core.photography.DarkroomProcessingLine - Processing screenshot image in /var/screenshots/screenshot-8589163825148768503
00:33:55.563 [Darkroom Processing Line] DEBUG net.serenitybdd.core.photography.DarkroomProcessingLine - Saving screenshot to target\site\serenity\742a481b60f37ec6d8c35db1993ccb124e3090107f8b066212cbfb68d35f8bd3.png
00:33:55.564 [AsyncHttpClient-1-4] DEBUG org.asynchttpclient.netty.handler.HttpHandler - 

Request DefaultHttpRequest(decodeResult: success, version: HTTP/1.1)
POST /session/963b9ecf9e084c18a1e3bb073224a002/element HTTP/1.1
User-Agent: selenium/4.1.2 (java windows)
Content-Length: 165
Content-Type: application/json; charset=utf-8
host: localhost:51605
accept: */*

Response DefaultHttpResponse(decodeResult: success, version: HTTP/1.1)
HTTP/1.1 200 OK
Content-Type: application/json; charset=utf-8
cache-control: no-cache
content-length: 88

00:33:55.564 [AsyncHttpClient-1-4] DEBUG org.asynchttpclient.netty.channel.ChannelManager - Adding key: http://localhost:51605 for channel [id: 0xbd22b506, L:/127.0.0.1:64466 - R:localhost/127.0.0.1:51605]
00:33:55.579 [Forwarding getElementTagName on session 963b9ecf9e084c18a1e3bb073224a002 to remote] DEBUG org.asynchttpclient.netty.request.NettyRequestSender - Using pooled Channel '[id: 0xbd22b506, L:/127.0.0.1:64466 - R:localhost/127.0.0.1:51605]' for 'GET' to 'http://localhost:51605/session/963b9ecf9e084c18a1e3bb073224a002/element/c8dcdef4-368a-4c9b-b21f-059831e7f3dd/name'
00:33:55.579 [Forwarding getElementTagName on session 963b9ecf9e084c18a1e3bb073224a002 to remote] DEBUG org.asynchttpclient.netty.request.NettyRequestSender - Using open Channel [id: 0xbd22b506, L:/127.0.0.1:64466 - R:localhost/127.0.0.1:51605] for GET '/session/963b9ecf9e084c18a1e3bb073224a002/element/c8dcdef4-368a-4c9b-b21f-059831e7f3dd/name'
00:33:55.584 [AsyncHttpClient-1-4] DEBUG org.asynchttpclient.netty.handler.HttpHandler - 

Request DefaultFullHttpRequest(decodeResult: success, version: HTTP/1.1, content: EmptyByteBufBE)
GET /session/963b9ecf9e084c18a1e3bb073224a002/element/c8dcdef4-368a-4c9b-b21f-059831e7f3dd/name HTTP/1.1
User-Agent: selenium/4.1.2 (java windows)
Cache-Control: no-cache
Content-Type: application/json; charset=utf-8
host: localhost:51605
accept: */*

Response DefaultHttpResponse(decodeResult: success, version: HTTP/1.1)
HTTP/1.1 200 OK
Content-Type: application/json; charset=utf-8
cache-control: no-cache
content-length: 16

00:33:55.584 [AsyncHttpClient-1-4] DEBUG org.asynchttpclient.netty.channel.ChannelManager - Adding key: http://localhost:51605 for channel [id: 0xbd22b506, L:/127.0.0.1:64466 - R:localhost/127.0.0.1:51605]
00:33:55.584 [Forwarding getElementTagName on session 963b9ecf9e084c18a1e3bb073224a002 to remote] DEBUG org.asynchttpclient.netty.request.NettyRequestSender - Using pooled Channel '[id: 0xbd22b506, L:/127.0.0.1:64466 - R:localhost/127.0.0.1:51605]' for 'GET' to 'http://localhost:51605/session/963b9ecf9e084c18a1e3bb073224a002/element/c8dcdef4-368a-4c9b-b21f-059831e7f3dd/name'
00:33:55.584 [Forwarding getElementTagName on session 963b9ecf9e084c18a1e3bb073224a002 to remote] DEBUG org.asynchttpclient.netty.request.NettyRequestSender - Using open Channel [id: 0xbd22b506, L:/127.0.0.1:64466 - R:localhost/127.0.0.1:51605] for GET '/session/963b9ecf9e084c18a1e3bb073224a002/element/c8dcdef4-368a-4c9b-b21f-059831e7f3dd/name'
00:33:55.606 [AsyncHttpClient-1-4] DEBUG org.asynchttpclient.netty.handler.HttpHandler - 

Request DefaultFullHttpRequest(decodeResult: success, version: HTTP/1.1, content: EmptyByteBufBE)
GET /session/963b9ecf9e084c18a1e3bb073224a002/element/c8dcdef4-368a-4c9b-b21f-059831e7f3dd/name HTTP/1.1
User-Agent: selenium/4.1.2 (java windows)
Cache-Control: no-cache
Content-Type: application/json; charset=utf-8
host: localhost:51605
accept: */*

Response DefaultHttpResponse(decodeResult: success, version: HTTP/1.1)
HTTP/1.1 200 OK
Content-Type: application/json; charset=utf-8
cache-control: no-cache
content-length: 16

00:33:55.606 [AsyncHttpClient-1-4] DEBUG org.asynchttpclient.netty.channel.ChannelManager - Adding key: http://localhost:51605 for channel [id: 0xbd22b506, L:/127.0.0.1:64466 - R:localhost/127.0.0.1:51605]
00:33:55.606 [Forwarding findElement on session 963b9ecf9e084c18a1e3bb073224a002 to remote] DEBUG org.asynchttpclient.netty.request.NettyRequestSender - Using pooled Channel '[id: 0xbd22b506, L:/127.0.0.1:64466 - R:localhost/127.0.0.1:51605]' for 'POST' to 'http://localhost:51605/session/963b9ecf9e084c18a1e3bb073224a002/element'
00:33:55.606 [Forwarding findElement on session 963b9ecf9e084c18a1e3bb073224a002 to remote] DEBUG org.asynchttpclient.netty.request.NettyRequestSender - Using open Channel [id: 0xbd22b506, L:/127.0.0.1:64466 - R:localhost/127.0.0.1:51605] for POST '/session/963b9ecf9e084c18a1e3bb073224a002/element'
00:33:55.630 [AsyncHttpClient-1-4] DEBUG org.asynchttpclient.netty.handler.HttpHandler - 

Request DefaultHttpRequest(decodeResult: success, version: HTTP/1.1)
POST /session/963b9ecf9e084c18a1e3bb073224a002/element HTTP/1.1
User-Agent: selenium/4.1.2 (java windows)
Content-Length: 165
Content-Type: application/json; charset=utf-8
host: localhost:51605
accept: */*

Response DefaultHttpResponse(decodeResult: success, version: HTTP/1.1)
HTTP/1.1 200 OK
Content-Type: application/json; charset=utf-8
cache-control: no-cache
content-length: 88

00:33:55.630 [AsyncHttpClient-1-4] DEBUG org.asynchttpclient.netty.channel.ChannelManager - Adding key: http://localhost:51605 for channel [id: 0xbd22b506, L:/127.0.0.1:64466 - R:localhost/127.0.0.1:51605]
00:33:55.635 [Forwarding clickElement on session 963b9ecf9e084c18a1e3bb073224a002 to remote] DEBUG org.asynchttpclient.netty.request.NettyRequestSender - Using pooled Channel '[id: 0xbd22b506, L:/127.0.0.1:64466 - R:localhost/127.0.0.1:51605]' for 'POST' to 'http://localhost:51605/session/963b9ecf9e084c18a1e3bb073224a002/element/c8dcdef4-368a-4c9b-b21f-059831e7f3dd/click'
00:33:55.635 [Forwarding clickElement on session 963b9ecf9e084c18a1e3bb073224a002 to remote] DEBUG org.asynchttpclient.netty.request.NettyRequestSender - Using open Channel [id: 0xbd22b506, L:/127.0.0.1:64466 - R:localhost/127.0.0.1:51605] for POST '/session/963b9ecf9e084c18a1e3bb073224a002/element/c8dcdef4-368a-4c9b-b21f-059831e7f3dd/click'
00:33:55.827 [AsyncHttpClient-1-4] DEBUG org.asynchttpclient.netty.handler.HttpHandler - 

Request DefaultHttpRequest(decodeResult: success, version: HTTP/1.1)
POST /session/963b9ecf9e084c18a1e3bb073224a002/element/c8dcdef4-368a-4c9b-b21f-059831e7f3dd/click HTTP/1.1
User-Agent: selenium/4.1.2 (java windows)
Content-Length: 50
Content-Type: application/json; charset=utf-8
host: localhost:51605
accept: */*

Response DefaultHttpResponse(decodeResult: success, version: HTTP/1.1)
HTTP/1.1 200 OK
Content-Type: application/json; charset=utf-8
cache-control: no-cache
content-length: 14

00:33:55.828 [AsyncHttpClient-1-4] DEBUG org.asynchttpclient.netty.channel.ChannelManager - Adding key: http://localhost:51605 for channel [id: 0xbd22b506, L:/127.0.0.1:64466 - R:localhost/127.0.0.1:51605]
00:33:55.850 [Forwarding screenshot on session 963b9ecf9e084c18a1e3bb073224a002 to remote] DEBUG org.asynchttpclient.netty.request.NettyRequestSender - Using pooled Channel '[id: 0xbd22b506, L:/127.0.0.1:64466 - R:localhost/127.0.0.1:51605]' for 'GET' to 'http://localhost:51605/session/963b9ecf9e084c18a1e3bb073224a002/screenshot'
00:33:55.850 [Forwarding screenshot on session 963b9ecf9e084c18a1e3bb073224a002 to remote] DEBUG org.asynchttpclient.netty.request.NettyRequestSender - Using open Channel [id: 0xbd22b506, L:/127.0.0.1:64466 - R:localhost/127.0.0.1:51605] for GET '/session/963b9ecf9e084c18a1e3bb073224a002/screenshot'
00:33:56.221 [AsyncHttpClient-1-1] DEBUG org.asynchttpclient.netty.channel.DefaultChannelPool - Entry count for : http://localhost:64467 : 1
00:33:56.273 [AsyncHttpClient-1-4] DEBUG org.asynchttpclient.netty.handler.HttpHandler - 

Request DefaultFullHttpRequest(decodeResult: success, version: HTTP/1.1, content: EmptyByteBufBE)
GET /session/963b9ecf9e084c18a1e3bb073224a002/screenshot HTTP/1.1
User-Agent: selenium/4.1.2 (java windows)
Cache-Control: no-cache
Content-Type: application/json; charset=utf-8
host: localhost:51605
accept: */*

Response DefaultHttpResponse(decodeResult: success, version: HTTP/1.1)
HTTP/1.1 200 OK
Content-Type: application/json; charset=utf-8
cache-control: no-cache
content-length: 33444

00:33:56.274 [AsyncHttpClient-1-4] DEBUG org.asynchttpclient.netty.channel.ChannelManager - Adding key: http://localhost:51605 for channel [id: 0xbd22b506, L:/127.0.0.1:64466 - R:localhost/127.0.0.1:51605]
00:33:56.282 [main] DEBUG net.serenitybdd.core.photography.Darkroom - Send negative for processing for target\site\serenity\98e180a4aaf2c5c0ba100189afc1cf8c46c714091b1284e9e3167d0e3f45ad86.png
00:33:56.286 [main] DEBUG net.thucydides.core.steps.StepInterceptor - STEP DONE: clickLoginButton
  &amp#27;[32mAnd &amp#27;[0m&amp#27;[32mclick login button&amp#27;[0m                    &amp#27;[90m# starter.stepdefinitions.LoginSteps.clickLoginButton()&amp#27;[0m
00:33:56.320 [Darkroom Processing Line] DEBUG net.serenitybdd.core.photography.DarkroomProcessingLine - Processing screenshot image in /var/screenshots/screenshot-8615906510594079442
00:33:56.320 [Darkroom Processing Line] DEBUG net.serenitybdd.core.photography.DarkroomProcessingLine - Saving screenshot to target\site\serenity\98e180a4aaf2c5c0ba100189afc1cf8c46c714091b1284e9e3167d0e3f45ad86.png
00:33:56.327 [main] DEBUG net.thucydides.core.steps.StepInterceptor - STARTING STEP: LoginSteps.iGoToHomepage - headerAppears
00:33:56.352 [Forwarding findElement on session 963b9ecf9e084c18a1e3bb073224a002 to remote] DEBUG org.asynchttpclient.netty.request.NettyRequestSender - Using pooled Channel '[id: 0xbd22b506, L:/127.0.0.1:64466 - R:localhost/127.0.0.1:51605]' for 'POST' to 'http://localhost:51605/session/963b9ecf9e084c18a1e3bb073224a002/element'
00:33:56.352 [Forwarding findElement on session 963b9ecf9e084c18a1e3bb073224a002 to remote] DEBUG org.asynchttpclient.netty.request.NettyRequestSender - Using open Channel [id: 0xbd22b506, L:/127.0.0.1:64466 - R:localhost/127.0.0.1:51605] for POST '/session/963b9ecf9e084c18a1e3bb073224a002/element'
00:33:56.620 [AsyncHttpClient-1-4] DEBUG org.asynchttpclient.netty.handler.HttpHandler - 

Request DefaultHttpRequest(decodeResult: success, version: HTTP/1.1)
POST /session/963b9ecf9e084c18a1e3bb073224a002/element HTTP/1.1
User-Agent: selenium/4.1.2 (java windows)
Content-Length: 84
Content-Type: application/json; charset=utf-8
host: localhost:51605
accept: */*

Response DefaultHttpResponse(decodeResult: success, version: HTTP/1.1)
HTTP/1.1 200 OK
Content-Type: application/json; charset=utf-8
cache-control: no-cache
content-length: 88

00:33:56.621 [AsyncHttpClient-1-4] DEBUG org.asynchttpclient.netty.channel.ChannelManager - Adding key: http://localhost:51605 for channel [id: 0xbd22b506, L:/127.0.0.1:64466 - R:localhost/127.0.0.1:51605]
00:33:56.642 [Forwarding isElementDisplayed on session 963b9ecf9e084c18a1e3bb073224a002 to remote] DEBUG org.asynchttpclient.netty.request.NettyRequestSender - Using pooled Channel '[id: 0xbd22b506, L:/127.0.0.1:64466 - R:localhost/127.0.0.1:51605]' for 'POST' to 'http://localhost:51605/session/963b9ecf9e084c18a1e3bb073224a002/execute/sync'
00:33:56.642 [Forwarding isElementDisplayed on session 963b9ecf9e084c18a1e3bb073224a002 to remote] DEBUG org.asynchttpclient.netty.request.NettyRequestSender - Using open Channel [id: 0xbd22b506, L:/127.0.0.1:64466 - R:localhost/127.0.0.1:51605] for POST '/session/963b9ecf9e084c18a1e3bb073224a002/execute/sync'
00:33:56.744 [AsyncHttpClient-1-4] DEBUG org.asynchttpclient.netty.handler.HttpHandler - 

Request DefaultHttpRequest(decodeResult: success, version: HTTP/1.1)
POST /session/963b9ecf9e084c18a1e3bb073224a002/execute/sync HTTP/1.1
User-Agent: selenium/4.1.2 (java windows)
Content-Length: 48780
Content-Type: application/json; charset=utf-8
host: localhost:51605
accept: */*

Response DefaultHttpResponse(decodeResult: success, version: HTTP/1.1)
HTTP/1.1 200 OK
Content-Type: application/json; charset=utf-8
cache-control: no-cache
content-length: 14

00:33:56.748 [AsyncHttpClient-1-4] DEBUG org.asynchttpclient.netty.channel.ChannelManager - Adding key: http://localhost:51605 for channel [id: 0xbd22b506, L:/127.0.0.1:64466 - R:localhost/127.0.0.1:51605]
00:33:56.777 [Forwarding screenshot on session 963b9ecf9e084c18a1e3bb073224a002 to remote] DEBUG org.asynchttpclient.netty.request.NettyRequestSender - Using pooled Channel '[id: 0xbd22b506, L:/127.0.0.1:64466 - R:localhost/127.0.0.1:51605]' for 'GET' to 'http://localhost:51605/session/963b9ecf9e084c18a1e3bb073224a002/screenshot'
00:33:56.779 [Forwarding screenshot on session 963b9ecf9e084c18a1e3bb073224a002 to remote] DEBUG org.asynchttpclient.netty.request.NettyRequestSender - Using open Channel [id: 0xbd22b506, L:/127.0.0.1:64466 - R:localhost/127.0.0.1:51605] for GET '/session/963b9ecf9e084c18a1e3bb073224a002/screenshot'
00:33:57.251 [AsyncHttpClient-1-1] DEBUG org.asynchttpclient.netty.channel.DefaultChannelPool - Entry count for : http://localhost:64467 : 1
00:33:57.573 [AsyncHttpClient-1-4] DEBUG org.asynchttpclient.netty.handler.HttpHandler - 

Request DefaultFullHttpRequest(decodeResult: success, version: HTTP/1.1, content: EmptyByteBufBE)
GET /session/963b9ecf9e084c18a1e3bb073224a002/screenshot HTTP/1.1
User-Agent: selenium/4.1.2 (java windows)
Cache-Control: no-cache
Content-Type: application/json; charset=utf-8
host: localhost:51605
accept: */*

Response DefaultHttpResponse(decodeResult: success, version: HTTP/1.1)
HTTP/1.1 200 OK
Content-Type: application/json; charset=utf-8
cache-control: no-cache
content-length: 37016

00:33:57.574 [AsyncHttpClient-1-4] DEBUG org.asynchttpclient.netty.channel.ChannelManager - Adding key: http://localhost:51605 for channel [id: 0xbd22b506, L:/127.0.0.1:64466 - R:localhost/127.0.0.1:51605]
00:33:57.634 [main] DEBUG net.serenitybdd.core.photography.Darkroom - Send negative for processing for target\site\serenity\4f83180d7b8be8ece8dadd01db6d103a64a096bf51a347200f896649620d1970.png
00:33:57.634 [main] DEBUG net.thucydides.core.steps.StepInterceptor - STEP DONE: headerAppears
00:33:57.663 [main] DEBUG net.thucydides.core.steps.StepInterceptor - STARTING STEP: LoginSteps.iGoToHomepage - headerTextEqual
00:33:57.670 [Darkroom Processing Line] DEBUG net.serenitybdd.core.photography.DarkroomProcessingLine - Processing screenshot image in /var/screenshots/screenshot-16269634294785518583
00:33:57.670 [Darkroom Processing Line] DEBUG net.serenitybdd.core.photography.DarkroomProcessingLine - Saving screenshot to target\site\serenity\4f83180d7b8be8ece8dadd01db6d103a64a096bf51a347200f896649620d1970.png
00:33:57.683 [Forwarding findElement on session 963b9ecf9e084c18a1e3bb073224a002 to remote] DEBUG org.asynchttpclient.netty.request.NettyRequestSender - Using pooled Channel '[id: 0xbd22b506, L:/127.0.0.1:64466 - R:localhost/127.0.0.1:51605]' for 'POST' to 'http://localhost:51605/session/963b9ecf9e084c18a1e3bb073224a002/element'
00:33:57.684 [Forwarding findElement on session 963b9ecf9e084c18a1e3bb073224a002 to remote] DEBUG org.asynchttpclient.netty.request.NettyRequestSender - Using open Channel [id: 0xbd22b506, L:/127.0.0.1:64466 - R:localhost/127.0.0.1:51605] for POST '/session/963b9ecf9e084c18a1e3bb073224a002/element'
00:33:58.356 [AsyncHttpClient-1-1] DEBUG org.asynchttpclient.netty.channel.DefaultChannelPool - Entry count for : http://localhost:64467 : 1
00:33:59.459 [AsyncHttpClient-1-1] DEBUG org.asynchttpclient.netty.channel.DefaultChannelPool - Entry count for : http://localhost:64467 : 1
00:34:00.546 [AsyncHttpClient-1-1] DEBUG org.asynchttpclient.netty.channel.DefaultChannelPool - Entry count for : http://localhost:64467 : 1
00:34:01.649 [AsyncHttpClient-1-1] DEBUG org.asynchttpclient.netty.channel.DefaultChannelPool - Entry count for : http://localhost:64467 : 1
00:34:02.746 [AsyncHttpClient-1-1] DEBUG org.asynchttpclient.netty.channel.DefaultChannelPool - Entry count for : http://localhost:64467 : 1
00:34:03.845 [AsyncHttpClient-1-1] DEBUG org.asynchttpclient.netty.channel.DefaultChannelPool - Entry count for : http://localhost:64467 : 1
00:34:05.046 [AsyncHttpClient-1-1] DEBUG org.asynchttpclient.netty.channel.DefaultChannelPool - Entry count for : http://localhost:64467 : 1
00:34:06.121 [AsyncHttpClient-1-4] DEBUG org.asynchttpclient.netty.handler.HttpHandler - 

Request DefaultHttpRequest(decodeResult: success, version: HTTP/1.1)
POST /session/963b9ecf9e084c18a1e3bb073224a002/element HTTP/1.1
User-Agent: selenium/4.1.2 (java windows)
Content-Length: 84
Content-Type: application/json; charset=utf-8
host: localhost:51605
accept: */*

Response DefaultHttpResponse(decodeResult: success, version: HTTP/1.1)
HTTP/1.1 200 OK
Content-Type: application/json; charset=utf-8
cache-control: no-cache
content-length: 88

00:34:06.122 [AsyncHttpClient-1-4] DEBUG org.asynchttpclient.netty.channel.ChannelManager - Adding key: http://localhost:51605 for channel [id: 0xbd22b506, L:/127.0.0.1:64466 - R:localhost/127.0.0.1:51605]
00:34:06.128 [Forwarding getElementText on session 963b9ecf9e084c18a1e3bb073224a002 to remote] DEBUG org.asynchttpclient.netty.request.NettyRequestSender - Using pooled Channel '[id: 0xbd22b506, L:/127.0.0.1:64466 - R:localhost/127.0.0.1:51605]' for 'GET' to 'http://localhost:51605/session/963b9ecf9e084c18a1e3bb073224a002/element/a6f76f08-0a31-46d8-8dd9-5552f99fc382/text'
00:34:06.128 [Forwarding getElementText on session 963b9ecf9e084c18a1e3bb073224a002 to remote] DEBUG org.asynchttpclient.netty.request.NettyRequestSender - Using open Channel [id: 0xbd22b506, L:/127.0.0.1:64466 - R:localhost/127.0.0.1:51605] for GET '/session/963b9ecf9e084c18a1e3bb073224a002/element/a6f76f08-0a31-46d8-8dd9-5552f99fc382/text'
00:34:06.149 [AsyncHttpClient-1-1] DEBUG org.asynchttpclient.netty.channel.DefaultChannelPool - Entry count for : http://localhost:64467 : 1
00:34:06.248 [AsyncHttpClient-1-4] DEBUG org.asynchttpclient.netty.handler.HttpHandler - 

Request DefaultFullHttpRequest(decodeResult: success, version: HTTP/1.1, content: EmptyByteBufBE)
GET /session/963b9ecf9e084c18a1e3bb073224a002/element/a6f76f08-0a31-46d8-8dd9-5552f99fc382/text HTTP/1.1
User-Agent: selenium/4.1.2 (java windows)
Cache-Control: no-cache
Content-Type: application/json; charset=utf-8
host: localhost:51605
accept: */*

Response DefaultHttpResponse(decodeResult: success, version: HTTP/1.1)
HTTP/1.1 200 OK
Content-Type: application/json; charset=utf-8
cache-control: no-cache
content-length: 20

00:34:06.248 [AsyncHttpClient-1-4] DEBUG org.asynchttpclient.netty.channel.ChannelManager - Adding key: http://localhost:51605 for channel [id: 0xbd22b506, L:/127.0.0.1:64466 - R:localhost/127.0.0.1:51605]
00:34:06.248 [Forwarding screenshot on session 963b9ecf9e084c18a1e3bb073224a002 to remote] DEBUG org.asynchttpclient.netty.request.NettyRequestSender - Using pooled Channel '[id: 0xbd22b506, L:/127.0.0.1:64466 - R:localhost/127.0.0.1:51605]' for 'GET' to 'http://localhost:51605/session/963b9ecf9e084c18a1e3bb073224a002/screenshot'
00:34:06.248 [Forwarding screenshot on session 963b9ecf9e084c18a1e3bb073224a002 to remote] DEBUG org.asynchttpclient.netty.request.NettyRequestSender - Using open Channel [id: 0xbd22b506, L:/127.0.0.1:64466 - R:localhost/127.0.0.1:51605] for GET '/session/963b9ecf9e084c18a1e3bb073224a002/screenshot'
00:34:06.440 [AsyncHttpClient-1-4] DEBUG org.asynchttpclient.netty.handler.HttpHandler - 

Request DefaultFullHttpRequest(decodeResult: success, version: HTTP/1.1, content: EmptyByteBufBE)
GET /session/963b9ecf9e084c18a1e3bb073224a002/screenshot HTTP/1.1
User-Agent: selenium/4.1.2 (java windows)
Cache-Control: no-cache
Content-Type: application/json; charset=utf-8
host: localhost:51605
accept: */*

Response DefaultHttpResponse(decodeResult: success, version: HTTP/1.1)
HTTP/1.1 200 OK
Content-Type: application/json; charset=utf-8
cache-control: no-cache
content-length: 81100

00:34:06.455 [AsyncHttpClient-1-4] DEBUG org.asynchttpclient.netty.channel.ChannelManager - Adding key: http://localhost:51605 for channel [id: 0xbd22b506, L:/127.0.0.1:64466 - R:localhost/127.0.0.1:51605]
00:34:06.455 [main] DEBUG net.serenitybdd.core.photography.Darkroom - Send negative for processing for target\site\serenity\c54206febc55c879d7e0096534676ea152ee4b05b7bcc98fc1ecf304042f7a9d.png
00:34:06.455 [main] DEBUG net.thucydides.core.steps.StepInterceptor - STEP DONE: headerTextEqual
  &amp#27;[32mThen &amp#27;[0m&amp#27;[32mI go to homepage&amp#27;[0m                     &amp#27;[90m# starter.stepdefinitions.LoginSteps.iGoToHomepage()&amp#27;[0m
00:34:06.455 [Darkroom Processing Line] DEBUG net.serenitybdd.core.photography.DarkroomProcessingLine - Processing screenshot image in /var/screenshots/screenshot-4277047222151101982
00:34:06.455 [Darkroom Processing Line] DEBUG net.serenitybdd.core.photography.DarkroomProcessingLine - Saving screenshot to target\site\serenity\c54206febc55c879d7e0096534676ea152ee4b05b7bcc98fc1ecf304042f7a9d.png
00:34:06.471 [main] INFO  - 
  _____   ___   ___   _____     ___     _     ___   ___   ___   ___  
 |_   _| | __| / __| |_   _|   | _ \   /_\   / __| / __| | __| |   \ 
   | |   | _|  \__ \   | |     |  _/  / _ \  \__ \ \__ \ | _|  | |) |
   |_|   |___| |___/   |_|     |_|   /_/ \_\ |___/ |___/ |___| |___/ 

As a user I have to be able login
----------------------------------------------------------------------
00:34:06.480 [AsyncHttpClient-1-2] DEBUG org.asynchttpclient.netty.handler.WebSocketHandler - Channel Closed: [id: 0x55442964, L:/127.0.0.1:64474 ! R:localhost/127.0.0.1:64467] with attribute NettyResponseFuture{currentRetry=5,
	isDone=1,
	isCancelled=0,
	asyncHandler=org.asynchttpclient.ws.WebSocketUpgradeHandler@75f895a2,
	nettyRequest=org.asynchttpclient.netty.request.NettyRequest@4063ca14,
	future=java.util.concurrent.CompletableFuture@34ceb336[Completed normally],
	uri=ws://localhost:64467/devtools/browser/3b6575d4-de60-4bbc-bfdf-6b391ee9821a,
	keepAlive=true,
	redirectCount=0,
	timeoutsHolder=null,
	inAuth=0,
	touch=1652636027990}
00:34:06.480 [AsyncHttpClient-1-2] DEBUG org.asynchttpclient.netty.channel.ChannelManager - Closing Channel [id: 0x55442964, L:/127.0.0.1:64474 ! R:localhost/127.0.0.1:64467] 
00:34:06.496 [Driver Command Executor] DEBUG org.asynchttpclient.netty.request.NettyRequestSender - Using pooled Channel '[id: 0xbd22b506, L:/127.0.0.1:64466 - R:localhost/127.0.0.1:51605]' for 'DELETE' to 'http://localhost:51605/session/963b9ecf9e084c18a1e3bb073224a002'
00:34:06.496 [Driver Command Executor] DEBUG org.asynchttpclient.netty.request.NettyRequestSender - Using open Channel [id: 0xbd22b506, L:/127.0.0.1:64466 - R:localhost/127.0.0.1:51605] for DELETE '/session/963b9ecf9e084c18a1e3bb073224a002'
00:34:06.778 [AsyncHttpClient-1-5] DEBUG org.asynchttpclient.netty.handler.HttpHandler - Unexpected I/O exception on channel [id: 0xd1ba8928, L:/127.0.0.1:64473 - R:localhost/127.0.0.1:64467]
java.net.SocketException: Connection reset
	at java.base/sun.nio.ch.SocketChannelImpl.throwConnectionReset(SocketChannelImpl.java:367)
	at java.base/sun.nio.ch.SocketChannelImpl.read(SocketChannelImpl.java:398)
	at io.netty.buffer.PooledByteBuf.setBytes(PooledByteBuf.java:258)
	at io.netty.buffer.AbstractByteBuf.writeBytes(AbstractByteBuf.java:1132)
	at io.netty.channel.socket.nio.NioSocketChannel.doReadBytes(NioSocketChannel.java:350)
	at io.netty.channel.nio.AbstractNioByteChannel$NioByteUnsafe.read(AbstractNioByteChannel.java:151)
	at io.netty.channel.nio.NioEventLoop.processSelectedKey(NioEventLoop.java:722)
	at io.netty.channel.nio.NioEventLoop.processSelectedKeysOptimized(NioEventLoop.java:658)
	at io.netty.channel.nio.NioEventLoop.processSelectedKeys(NioEventLoop.java:584)
	at io.netty.channel.nio.NioEventLoop.run(NioEventLoop.java:496)
	at io.netty.util.concurrent.SingleThreadEventExecutor$4.run(SingleThreadEventExecutor.java:986)
	at io.netty.util.internal.ThreadExecutorMap$2.run(ThreadExecutorMap.java:74)
	at io.netty.util.concurrent.FastThreadLocalRunnable.run(FastThreadLocalRunnable.java:30)
	at java.base/java.lang.Thread.run(Thread.java:832)
00:34:06.778 [AsyncHttpClient-1-5] DEBUG org.asynchttpclient.netty.channel.ChannelManager - Closing Channel [id: 0xd1ba8928, L:/127.0.0.1:64473 - R:localhost/127.0.0.1:64467] 
00:34:06.778 [AsyncHttpClient-1-5] DEBUG org.asynchttpclient.netty.handler.HttpHandler - Channel Closed: [id: 0xd1ba8928, L:/127.0.0.1:64473 ! R:localhost/127.0.0.1:64467] with attribute DISCARD
00:34:06.793 [AsyncHttpClient-1-4] DEBUG org.asynchttpclient.netty.handler.HttpHandler - 

Request DefaultFullHttpRequest(decodeResult: success, version: HTTP/1.1, content: EmptyByteBufBE)
DELETE /session/963b9ecf9e084c18a1e3bb073224a002 HTTP/1.1
User-Agent: selenium/4.1.2 (java windows)
Content-Type: application/json; charset=utf-8
host: localhost:51605
accept: */*

Response DefaultHttpResponse(decodeResult: success, version: HTTP/1.1)
HTTP/1.1 200 OK
Content-Type: application/json; charset=utf-8
cache-control: no-cache
content-length: 14

00:34:06.793 [AsyncHttpClient-1-4] DEBUG org.asynchttpclient.netty.channel.ChannelManager - Adding key: http://localhost:51605 for channel [id: 0xbd22b506, L:/127.0.0.1:64466 - R:localhost/127.0.0.1:51605]
00:34:07.222 [AsyncHttpClient-1-4] DEBUG org.asynchttpclient.netty.handler.HttpHandler - Channel Closed: [id: 0xbd22b506, L:/127.0.0.1:64466 ! R:localhost/127.0.0.1:51605] with attribute DISCARD
00:34:07.254 [AsyncHttpClient-1-1] DEBUG org.asynchttpclient.netty.channel.DefaultChannelPool - Entry count for : http://localhost:51605 : 1
00:34:07.254 [AsyncHttpClient-1-1] DEBUG org.asynchttpclient.netty.channel.DefaultChannelPool - Entry count for : http://localhost:64467 : 1
00:34:07.254 [AsyncHttpClient-1-1] DEBUG org.asynchttpclient.netty.channel.DefaultChannelPool - Adding Candidate expired Channel [id: 0xbd22b506, L:/127.0.0.1:64466 ! R:localhost/127.0.0.1:51605] isIdleTimeoutExpired=false isRemotelyClosed=true isTtlExpired=false
00:34:07.254 [AsyncHttpClient-1-1] DEBUG org.asynchttpclient.netty.channel.DefaultChannelPool - Closing Idle Channel [id: 0xbd22b506, L:/127.0.0.1:64466 ! R:localhost/127.0.0.1:51605]
00:34:07.254 [AsyncHttpClient-1-1] DEBUG org.asynchttpclient.netty.channel.DefaultChannelPool - Adding Candidate expired Channel [id: 0xd1ba8928, L:/127.0.0.1:64473 ! R:localhost/127.0.0.1:64467] isIdleTimeoutExpired=false isRemotelyClosed=true isTtlExpired=false
00:34:07.254 [AsyncHttpClient-1-1] DEBUG org.asynchttpclient.netty.channel.DefaultChannelPool - Closing Idle Channel [id: 0xd1ba8928, L:/127.0.0.1:64473 ! R:localhost/127.0.0.1:64467]
00:34:07.254 [AsyncHttpClient-1-1] DEBUG org.asynchttpclient.netty.channel.DefaultChannelPool - Closed 2 connections out of 2 in 0 ms
]]></system-out>
    <system-err><![CDATA[Starting ChromeDriver 101.0.4951.41 (93c720db8323b3ec10d056025ab95c23a31997c9-refs/branch-heads/4951@{#904}) on port 51605
Only local connections are allowed.
Please see https://chromedriver.chromium.org/security-considerations for suggestions on keeping ChromeDriver safe.
ChromeDriver was started successfully.
May 16, 2022 12:33:47 AM org.openqa.selenium.remote.ProtocolHandshake createSession
INFO: Detected dialect: W3C
May 16, 2022 12:33:47 AM org.openqa.selenium.devtools.CdpVersionFinder findNearestMatch
WARNING: Unable to find an exact match for CDP version 101, so returning the closest version found: 97
May 16, 2022 12:33:47 AM org.openqa.selenium.devtools.CdpVersionFinder findNearestMatch
INFO: Found CDP implementation for version 101 of 97
]]></system-err>
  </testcase>
  <testcase name="Fail login" classname="login" time="14.084">
    <system-out><![CDATA[
Scenario: Fail login                    &amp#27;[90m# src/test/resources/features/Login.feature:12&amp#27;[0m
00:34:07.800 [main] INFO io.cucumber.core.plugin.SerenityReporter - Running feature from file:///D:/web-automation-using-serenity/src/test/resources/features/Login.feature
00:34:07.803 [main] INFO  - 
  _____   ___   ___   _____     ___   _____     _     ___   _____   ___   ___  
 |_   _| | __| / __| |_   _|   / __| |_   _|   /_\   | _ \ |_   _| | __| |   \ 
   | |   | _|  \__ \   | |     \__ \   | |    / _ \  |   /   | |   | _|  | |) |
   |_|   |___| |___/   |_|     |___/   |_|   /_/ \_\ |_|_\   |_|   |___| |___/ 

Fail login(login;fail-login)
--------------------------------------------------------------------------------
00:34:07.857 [main] DEBUG net.thucydides.core.steps.StepInterceptor - STARTING STEP: LoginSteps.iAmOnTheLoginPage - openUrl
00:34:08.279 [main] INFO net.serenitybdd.core.webdriver.driverproviders.ChromeDriverProvider - Using automatically driver download
00:34:09.458 [main] DEBUG io.github.bonigarcia.wdm.cache.ResolutionCache - Resolution chrome=101 in cache (valid until 01:32:11 16/05/2022 WIB)
00:34:09.458 [main] DEBUG io.github.bonigarcia.wdm.cache.ResolutionCache - Resolution chrome101=101.0.4951.41 in cache (valid until 00:32:11 17/05/2022 WIB)
00:34:09.474 [main] INFO io.github.bonigarcia.wdm.WebDriverManager - Using chromedriver 101.0.4951.41 (resolved driver for Chrome 101)
00:34:09.536 [main] DEBUG io.github.bonigarcia.wdm.WebDriverManager - Driver chromedriver 101.0.4951.41 found in cache
00:34:09.536 [main] INFO io.github.bonigarcia.wdm.WebDriverManager - Exporting webdriver.chrome.driver as C:\Users\A\.cache\selenium\chromedriver\win32\101.0.4951.41\chromedriver.exe
00:34:09.817 [main] DEBUG net.serenitybdd.core.webdriver.driverproviders.ProvideNewDriver - Instantiating driver
00:34:09.817 [main] DEBUG net.serenitybdd.core.webdriver.driverproviders.ProvideNewDriver - Driver capabilities: Capabilities {acceptInsecureCerts: false, base.url: https://qa.alta.id, browserName: chrome, chrome.driver: src/test/resources/webdrive..., driver: chrome, goog:chromeOptions: {args: [], extensions: []}}
00:34:10.540 [AsyncHttpClient-1-3] DEBUG org.asynchttpclient.netty.channel.NettyConnectListener - Using new Channel '[id: 0x82d060ea, L:/127.0.0.1:64494 - R:localhost/127.0.0.1:55001]' for 'POST' to '/session'
00:34:12.568 [AsyncHttpClient-1-3] DEBUG org.asynchttpclient.netty.handler.HttpHandler - 

Request DefaultHttpRequest(decodeResult: success, version: HTTP/1.1)
POST /session HTTP/1.1
User-Agent: selenium/4.1.2 (java windows)
Content-Length: 599
Content-Type: application/json; charset=utf-8
host: localhost:55001
accept: */*

Response DefaultHttpResponse(decodeResult: success, version: HTTP/1.1)
HTTP/1.1 200 OK
Content-Type: application/json; charset=utf-8
cache-control: no-cache
content-length: 784

00:34:12.569 [AsyncHttpClient-1-3] DEBUG org.asynchttpclient.netty.channel.ChannelManager - Adding key: http://localhost:55001 for channel [id: 0x82d060ea, L:/127.0.0.1:64494 - R:localhost/127.0.0.1:55001]
00:34:12.593 [AsyncHttpClient-1-4] DEBUG org.asynchttpclient.netty.channel.NettyConnectListener - Using new Channel '[id: 0x613949e3, L:/127.0.0.1:64501 - R:localhost/127.0.0.1:64495]' for 'GET' to '/json/version'
00:34:12.596 [AsyncHttpClient-1-4] DEBUG org.asynchttpclient.netty.handler.HttpHandler - 

Request DefaultFullHttpRequest(decodeResult: success, version: HTTP/1.1, content: EmptyByteBufBE)
GET /json/version HTTP/1.1
User-Agent: selenium/4.1.2 (java windows)
host: localhost:64495
accept: */*

Response DefaultHttpResponse(decodeResult: success, version: HTTP/1.1)
HTTP/1.1 200 OK
Content-Type: application/json; charset=UTF-8
content-length: 427

00:34:12.596 [AsyncHttpClient-1-4] DEBUG org.asynchttpclient.netty.channel.ChannelManager - Adding key: http://localhost:64495 for channel [id: 0x613949e3, L:/127.0.0.1:64501 - R:localhost/127.0.0.1:64495]
00:34:12.602 [AsyncHttpClient-1-5] DEBUG org.asynchttpclient.netty.channel.NettyConnectListener - Using new Channel '[id: 0xedf6c9ba, L:/127.0.0.1:64502 - R:localhost/127.0.0.1:64495]' for 'GET' to '/devtools/browser/02efa2ac-f08d-45c1-b6b9-02f825cb777d'
00:34:12.604 [AsyncHttpClient-1-5] DEBUG org.asynchttpclient.netty.handler.WebSocketHandler - 

Request DefaultFullHttpRequest(decodeResult: success, version: HTTP/1.1, content: EmptyByteBufBE)
GET /devtools/browser/02efa2ac-f08d-45c1-b6b9-02f825cb777d HTTP/1.1
upgrade: websocket
connection: upgrade
sec-websocket-key: nPADhTtClXCj3iBV7xL6Bw==
sec-websocket-version: 13
origin: http://localhost:64495
host: localhost:64495
accept: */*
user-agent: AHC/2.1

Response DefaultHttpResponse(decodeResult: success, version: HTTP/1.1)
HTTP/1.1 101 WebSocket Protocol Handshake
Upgrade: WebSocket
Connection: Upgrade
Sec-WebSocket-Accept: thtI6IFEJW9goaCishJ1rBunkuY=

00:34:12.650 [Forwarding maximizeCurrentWindow on session 4c6994578023bb0b927d08c1dab8f17f to remote] DEBUG org.asynchttpclient.netty.request.NettyRequestSender - Using pooled Channel '[id: 0x82d060ea, L:/127.0.0.1:64494 - R:localhost/127.0.0.1:55001]' for 'POST' to 'http://localhost:55001/session/4c6994578023bb0b927d08c1dab8f17f/window/maximize'
00:34:12.650 [Forwarding maximizeCurrentWindow on session 4c6994578023bb0b927d08c1dab8f17f to remote] DEBUG org.asynchttpclient.netty.request.NettyRequestSender - Using open Channel [id: 0x82d060ea, L:/127.0.0.1:64494 - R:localhost/127.0.0.1:55001] for POST '/session/4c6994578023bb0b927d08c1dab8f17f/window/maximize'
00:34:12.952 [AsyncHttpClient-1-3] DEBUG org.asynchttpclient.netty.handler.HttpHandler - 

Request DefaultHttpRequest(decodeResult: success, version: HTTP/1.1)
POST /session/4c6994578023bb0b927d08c1dab8f17f/window/maximize HTTP/1.1
User-Agent: selenium/4.1.2 (java windows)
Content-Length: 3
Content-Type: application/json; charset=utf-8
host: localhost:55001
accept: */*

Response DefaultHttpResponse(decodeResult: success, version: HTTP/1.1)
HTTP/1.1 200 OK
Content-Type: application/json; charset=utf-8
cache-control: no-cache
content-length: 51

00:34:12.952 [AsyncHttpClient-1-3] DEBUG org.asynchttpclient.netty.channel.ChannelManager - Adding key: http://localhost:55001 for channel [id: 0x82d060ea, L:/127.0.0.1:64494 - R:localhost/127.0.0.1:55001]
00:34:12.956 [Forwarding get on session 4c6994578023bb0b927d08c1dab8f17f to remote] DEBUG org.asynchttpclient.netty.request.NettyRequestSender - Using pooled Channel '[id: 0x82d060ea, L:/127.0.0.1:64494 - R:localhost/127.0.0.1:55001]' for 'POST' to 'http://localhost:55001/session/4c6994578023bb0b927d08c1dab8f17f/url'
00:34:12.956 [Forwarding get on session 4c6994578023bb0b927d08c1dab8f17f to remote] DEBUG org.asynchttpclient.netty.request.NettyRequestSender - Using open Channel [id: 0x82d060ea, L:/127.0.0.1:64494 - R:localhost/127.0.0.1:55001] for POST '/session/4c6994578023bb0b927d08c1dab8f17f/url'
00:34:13.063 [AsyncHttpClient-1-1] DEBUG org.asynchttpclient.netty.channel.DefaultChannelPool - Entry count for : http://localhost:64495 : 1
00:34:14.145 [AsyncHttpClient-1-1] DEBUG org.asynchttpclient.netty.channel.DefaultChannelPool - Entry count for : http://localhost:64495 : 1
00:34:15.246 [AsyncHttpClient-1-1] DEBUG org.asynchttpclient.netty.channel.DefaultChannelPool - Entry count for : http://localhost:64495 : 1
00:34:15.973 [AsyncHttpClient-1-3] DEBUG org.asynchttpclient.netty.handler.HttpHandler - 

Request DefaultHttpRequest(decodeResult: success, version: HTTP/1.1)
POST /session/4c6994578023bb0b927d08c1dab8f17f/url HTTP/1.1
User-Agent: selenium/4.1.2 (java windows)
Content-Length: 64
Content-Type: application/json; charset=utf-8
host: localhost:55001
accept: */*

Response DefaultHttpResponse(decodeResult: success, version: HTTP/1.1)
HTTP/1.1 200 OK
Content-Type: application/json; charset=utf-8
cache-control: no-cache
content-length: 14

00:34:15.973 [AsyncHttpClient-1-3] DEBUG org.asynchttpclient.netty.channel.ChannelManager - Adding key: http://localhost:55001 for channel [id: 0x82d060ea, L:/127.0.0.1:64494 - R:localhost/127.0.0.1:55001]
00:34:15.991 [Forwarding setTimeout on session 4c6994578023bb0b927d08c1dab8f17f to remote] DEBUG org.asynchttpclient.netty.request.NettyRequestSender - Using pooled Channel '[id: 0x82d060ea, L:/127.0.0.1:64494 - R:localhost/127.0.0.1:55001]' for 'POST' to 'http://localhost:55001/session/4c6994578023bb0b927d08c1dab8f17f/timeouts'
00:34:15.991 [Forwarding setTimeout on session 4c6994578023bb0b927d08c1dab8f17f to remote] DEBUG org.asynchttpclient.netty.request.NettyRequestSender - Using open Channel [id: 0x82d060ea, L:/127.0.0.1:64494 - R:localhost/127.0.0.1:55001] for POST '/session/4c6994578023bb0b927d08c1dab8f17f/timeouts'
00:34:15.995 [AsyncHttpClient-1-3] DEBUG org.asynchttpclient.netty.handler.HttpHandler - 

Request DefaultHttpRequest(decodeResult: success, version: HTTP/1.1)
POST /session/4c6994578023bb0b927d08c1dab8f17f/timeouts HTTP/1.1
User-Agent: selenium/4.1.2 (java windows)
Content-Length: 22
Content-Type: application/json; charset=utf-8
host: localhost:55001
accept: */*

Response DefaultHttpResponse(decodeResult: success, version: HTTP/1.1)
HTTP/1.1 200 OK
Content-Type: application/json; charset=utf-8
cache-control: no-cache
content-length: 14

00:34:15.996 [AsyncHttpClient-1-3] DEBUG org.asynchttpclient.netty.channel.ChannelManager - Adding key: http://localhost:55001 for channel [id: 0x82d060ea, L:/127.0.0.1:64494 - R:localhost/127.0.0.1:55001]
00:34:16.009 [Forwarding getCurrentUrl on session 4c6994578023bb0b927d08c1dab8f17f to remote] DEBUG org.asynchttpclient.netty.request.NettyRequestSender - Using pooled Channel '[id: 0x82d060ea, L:/127.0.0.1:64494 - R:localhost/127.0.0.1:55001]' for 'GET' to 'http://localhost:55001/session/4c6994578023bb0b927d08c1dab8f17f/url'
00:34:16.009 [Forwarding getCurrentUrl on session 4c6994578023bb0b927d08c1dab8f17f to remote] DEBUG org.asynchttpclient.netty.request.NettyRequestSender - Using open Channel [id: 0x82d060ea, L:/127.0.0.1:64494 - R:localhost/127.0.0.1:55001] for GET '/session/4c6994578023bb0b927d08c1dab8f17f/url'
00:34:16.019 [AsyncHttpClient-1-3] DEBUG org.asynchttpclient.netty.handler.HttpHandler - 

Request DefaultFullHttpRequest(decodeResult: success, version: HTTP/1.1, content: EmptyByteBufBE)
GET /session/4c6994578023bb0b927d08c1dab8f17f/url HTTP/1.1
User-Agent: selenium/4.1.2 (java windows)
Cache-Control: no-cache
Content-Type: application/json; charset=utf-8
host: localhost:55001
accept: */*

Response DefaultHttpResponse(decodeResult: success, version: HTTP/1.1)
HTTP/1.1 200 OK
Content-Type: application/json; charset=utf-8
cache-control: no-cache
content-length: 41

00:34:16.019 [AsyncHttpClient-1-3] DEBUG org.asynchttpclient.netty.channel.ChannelManager - Adding key: http://localhost:55001 for channel [id: 0x82d060ea, L:/127.0.0.1:64494 - R:localhost/127.0.0.1:55001]
00:34:16.077 [Forwarding screenshot on session 4c6994578023bb0b927d08c1dab8f17f to remote] DEBUG org.asynchttpclient.netty.request.NettyRequestSender - Using pooled Channel '[id: 0x82d060ea, L:/127.0.0.1:64494 - R:localhost/127.0.0.1:55001]' for 'GET' to 'http://localhost:55001/session/4c6994578023bb0b927d08c1dab8f17f/screenshot'
00:34:16.077 [Forwarding screenshot on session 4c6994578023bb0b927d08c1dab8f17f to remote] DEBUG org.asynchttpclient.netty.request.NettyRequestSender - Using open Channel [id: 0x82d060ea, L:/127.0.0.1:64494 - R:localhost/127.0.0.1:55001] for GET '/session/4c6994578023bb0b927d08c1dab8f17f/screenshot'
00:34:16.323 [AsyncHttpClient-1-3] DEBUG org.asynchttpclient.netty.handler.HttpHandler - 

Request DefaultFullHttpRequest(decodeResult: success, version: HTTP/1.1, content: EmptyByteBufBE)
GET /session/4c6994578023bb0b927d08c1dab8f17f/screenshot HTTP/1.1
User-Agent: selenium/4.1.2 (java windows)
Cache-Control: no-cache
Content-Type: application/json; charset=utf-8
host: localhost:55001
accept: */*

Response DefaultHttpResponse(decodeResult: success, version: HTTP/1.1)
HTTP/1.1 200 OK
Content-Type: application/json; charset=utf-8
cache-control: no-cache
content-length: 24984

00:34:16.323 [AsyncHttpClient-1-3] DEBUG org.asynchttpclient.netty.channel.ChannelManager - Adding key: http://localhost:55001 for channel [id: 0x82d060ea, L:/127.0.0.1:64494 - R:localhost/127.0.0.1:55001]
00:34:16.339 [main] DEBUG net.serenitybdd.core.photography.Darkroom - Send negative for processing for target\site\serenity\5279a2677f51cd42d80df4d0bf105786ca0efdec9c31dd310d9911ecf03761b4.png
00:34:16.339 [main] DEBUG net.thucydides.core.steps.StepInterceptor - STEP DONE: openUrl
00:34:16.354 [main] DEBUG net.thucydides.core.steps.StepInterceptor - STARTING STEP: LoginSteps.iAmOnTheLoginPage - validateOnLoginPage
00:34:16.354 [Forwarding findElement on session 4c6994578023bb0b927d08c1dab8f17f to remote] DEBUG org.asynchttpclient.netty.request.NettyRequestSender - Using pooled Channel '[id: 0x82d060ea, L:/127.0.0.1:64494 - R:localhost/127.0.0.1:55001]' for 'POST' to 'http://localhost:55001/session/4c6994578023bb0b927d08c1dab8f17f/element'
00:34:16.354 [Forwarding findElement on session 4c6994578023bb0b927d08c1dab8f17f to remote] DEBUG org.asynchttpclient.netty.request.NettyRequestSender - Using open Channel [id: 0x82d060ea, L:/127.0.0.1:64494 - R:localhost/127.0.0.1:55001] for POST '/session/4c6994578023bb0b927d08c1dab8f17f/element'
00:34:16.354 [AsyncHttpClient-1-1] DEBUG org.asynchttpclient.netty.channel.DefaultChannelPool - Entry count for : http://localhost:64495 : 1
00:34:16.385 [AsyncHttpClient-1-3] DEBUG org.asynchttpclient.netty.handler.HttpHandler - 

Request DefaultHttpRequest(decodeResult: success, version: HTTP/1.1)
POST /session/4c6994578023bb0b927d08c1dab8f17f/element HTTP/1.1
User-Agent: selenium/4.1.2 (java windows)
Content-Length: 165
Content-Type: application/json; charset=utf-8
host: localhost:55001
accept: */*

Response DefaultHttpResponse(decodeResult: success, version: HTTP/1.1)
HTTP/1.1 200 OK
Content-Type: application/json; charset=utf-8
cache-control: no-cache
content-length: 88

00:34:16.385 [AsyncHttpClient-1-3] DEBUG org.asynchttpclient.netty.channel.ChannelManager - Adding key: http://localhost:55001 for channel [id: 0x82d060ea, L:/127.0.0.1:64494 - R:localhost/127.0.0.1:55001]
00:34:16.401 [Forwarding isElementDisplayed on session 4c6994578023bb0b927d08c1dab8f17f to remote] DEBUG org.asynchttpclient.netty.request.NettyRequestSender - Using pooled Channel '[id: 0x82d060ea, L:/127.0.0.1:64494 - R:localhost/127.0.0.1:55001]' for 'POST' to 'http://localhost:55001/session/4c6994578023bb0b927d08c1dab8f17f/execute/sync'
00:34:16.401 [Forwarding isElementDisplayed on session 4c6994578023bb0b927d08c1dab8f17f to remote] DEBUG org.asynchttpclient.netty.request.NettyRequestSender - Using open Channel [id: 0x82d060ea, L:/127.0.0.1:64494 - R:localhost/127.0.0.1:55001] for POST '/session/4c6994578023bb0b927d08c1dab8f17f/execute/sync'
00:34:16.432 [AsyncHttpClient-1-3] DEBUG org.asynchttpclient.netty.handler.HttpHandler - 

Request DefaultHttpRequest(decodeResult: success, version: HTTP/1.1)
POST /session/4c6994578023bb0b927d08c1dab8f17f/execute/sync HTTP/1.1
User-Agent: selenium/4.1.2 (java windows)
Content-Length: 48780
Content-Type: application/json; charset=utf-8
host: localhost:55001
accept: */*

Response DefaultHttpResponse(decodeResult: success, version: HTTP/1.1)
HTTP/1.1 200 OK
Content-Type: application/json; charset=utf-8
cache-control: no-cache
content-length: 14

00:34:16.432 [AsyncHttpClient-1-3] DEBUG org.asynchttpclient.netty.channel.ChannelManager - Adding key: http://localhost:55001 for channel [id: 0x82d060ea, L:/127.0.0.1:64494 - R:localhost/127.0.0.1:55001]
00:34:16.432 [Forwarding screenshot on session 4c6994578023bb0b927d08c1dab8f17f to remote] DEBUG org.asynchttpclient.netty.request.NettyRequestSender - Using pooled Channel '[id: 0x82d060ea, L:/127.0.0.1:64494 - R:localhost/127.0.0.1:55001]' for 'GET' to 'http://localhost:55001/session/4c6994578023bb0b927d08c1dab8f17f/screenshot'
00:34:16.432 [Forwarding screenshot on session 4c6994578023bb0b927d08c1dab8f17f to remote] DEBUG org.asynchttpclient.netty.request.NettyRequestSender - Using open Channel [id: 0x82d060ea, L:/127.0.0.1:64494 - R:localhost/127.0.0.1:55001] for GET '/session/4c6994578023bb0b927d08c1dab8f17f/screenshot'
00:34:16.616 [AsyncHttpClient-1-3] DEBUG org.asynchttpclient.netty.handler.HttpHandler - 

Request DefaultFullHttpRequest(decodeResult: success, version: HTTP/1.1, content: EmptyByteBufBE)
GET /session/4c6994578023bb0b927d08c1dab8f17f/screenshot HTTP/1.1
User-Agent: selenium/4.1.2 (java windows)
Cache-Control: no-cache
Content-Type: application/json; charset=utf-8
host: localhost:55001
accept: */*

Response DefaultHttpResponse(decodeResult: success, version: HTTP/1.1)
HTTP/1.1 200 OK
Content-Type: application/json; charset=utf-8
cache-control: no-cache
content-length: 24984

00:34:16.616 [AsyncHttpClient-1-3] DEBUG org.asynchttpclient.netty.channel.ChannelManager - Adding key: http://localhost:55001 for channel [id: 0x82d060ea, L:/127.0.0.1:64494 - R:localhost/127.0.0.1:55001]
00:34:16.620 [main] DEBUG net.serenitybdd.core.photography.Darkroom - Send negative for processing for target\site\serenity\5279a2677f51cd42d80df4d0bf105786ca0efdec9c31dd310d9911ecf03761b4.png
00:34:16.621 [main] DEBUG net.thucydides.core.steps.StepInterceptor - STEP DONE: validateOnLoginPage
  &amp#27;[32mGiven &amp#27;[0m&amp#27;[32mI am on the login page&amp#27;[0m          &amp#27;[90m# starter.stepdefinitions.LoginSteps.iAmOnTheLoginPage()&amp#27;[0m
00:34:16.651 [main] DEBUG net.thucydides.core.steps.StepInterceptor - STARTING STEP: LoginSteps.iInputInvalidEmail - inputEmail
00:34:16.657 [Forwarding findElement on session 4c6994578023bb0b927d08c1dab8f17f to remote] DEBUG org.asynchttpclient.netty.request.NettyRequestSender - Using pooled Channel '[id: 0x82d060ea, L:/127.0.0.1:64494 - R:localhost/127.0.0.1:55001]' for 'POST' to 'http://localhost:55001/session/4c6994578023bb0b927d08c1dab8f17f/element'
00:34:16.657 [Forwarding findElement on session 4c6994578023bb0b927d08c1dab8f17f to remote] DEBUG org.asynchttpclient.netty.request.NettyRequestSender - Using open Channel [id: 0x82d060ea, L:/127.0.0.1:64494 - R:localhost/127.0.0.1:55001] for POST '/session/4c6994578023bb0b927d08c1dab8f17f/element'
00:34:16.665 [AsyncHttpClient-1-3] DEBUG org.asynchttpclient.netty.handler.HttpHandler - 

Request DefaultHttpRequest(decodeResult: success, version: HTTP/1.1)
POST /session/4c6994578023bb0b927d08c1dab8f17f/element HTTP/1.1
User-Agent: selenium/4.1.2 (java windows)
Content-Length: 86
Content-Type: application/json; charset=utf-8
host: localhost:55001
accept: */*

Response DefaultHttpResponse(decodeResult: success, version: HTTP/1.1)
HTTP/1.1 200 OK
Content-Type: application/json; charset=utf-8
cache-control: no-cache
content-length: 88

00:34:16.665 [AsyncHttpClient-1-3] DEBUG org.asynchttpclient.netty.channel.ChannelManager - Adding key: http://localhost:55001 for channel [id: 0x82d060ea, L:/127.0.0.1:64494 - R:localhost/127.0.0.1:55001]
00:34:16.680 [Forwarding clearElement on session 4c6994578023bb0b927d08c1dab8f17f to remote] DEBUG org.asynchttpclient.netty.request.NettyRequestSender - Using pooled Channel '[id: 0x82d060ea, L:/127.0.0.1:64494 - R:localhost/127.0.0.1:55001]' for 'POST' to 'http://localhost:55001/session/4c6994578023bb0b927d08c1dab8f17f/element/69aa1e68-d10a-4943-849e-d1d6550b549b/clear'
00:34:16.680 [Forwarding clearElement on session 4c6994578023bb0b927d08c1dab8f17f to remote] DEBUG org.asynchttpclient.netty.request.NettyRequestSender - Using open Channel [id: 0x82d060ea, L:/127.0.0.1:64494 - R:localhost/127.0.0.1:55001] for POST '/session/4c6994578023bb0b927d08c1dab8f17f/element/69aa1e68-d10a-4943-849e-d1d6550b549b/clear'
00:34:16.743 [AsyncHttpClient-1-3] DEBUG org.asynchttpclient.netty.handler.HttpHandler - 

Request DefaultHttpRequest(decodeResult: success, version: HTTP/1.1)
POST /session/4c6994578023bb0b927d08c1dab8f17f/element/69aa1e68-d10a-4943-849e-d1d6550b549b/clear HTTP/1.1
User-Agent: selenium/4.1.2 (java windows)
Content-Length: 50
Content-Type: application/json; charset=utf-8
host: localhost:55001
accept: */*

Response DefaultHttpResponse(decodeResult: success, version: HTTP/1.1)
HTTP/1.1 200 OK
Content-Type: application/json; charset=utf-8
cache-control: no-cache
content-length: 14

00:34:16.743 [AsyncHttpClient-1-3] DEBUG org.asynchttpclient.netty.channel.ChannelManager - Adding key: http://localhost:55001 for channel [id: 0x82d060ea, L:/127.0.0.1:64494 - R:localhost/127.0.0.1:55001]
00:34:16.743 [Forwarding sendKeysToElement on session 4c6994578023bb0b927d08c1dab8f17f to remote] DEBUG org.asynchttpclient.netty.request.NettyRequestSender - Using pooled Channel '[id: 0x82d060ea, L:/127.0.0.1:64494 - R:localhost/127.0.0.1:55001]' for 'POST' to 'http://localhost:55001/session/4c6994578023bb0b927d08c1dab8f17f/element/69aa1e68-d10a-4943-849e-d1d6550b549b/value'
00:34:16.743 [Forwarding sendKeysToElement on session 4c6994578023bb0b927d08c1dab8f17f to remote] DEBUG org.asynchttpclient.netty.request.NettyRequestSender - Using open Channel [id: 0x82d060ea, L:/127.0.0.1:64494 - R:localhost/127.0.0.1:55001] for POST '/session/4c6994578023bb0b927d08c1dab8f17f/element/69aa1e68-d10a-4943-849e-d1d6550b549b/value'
00:34:17.003 [AsyncHttpClient-1-3] DEBUG org.asynchttpclient.netty.handler.HttpHandler - 

Request DefaultHttpRequest(decodeResult: success, version: HTTP/1.1)
POST /session/4c6994578023bb0b927d08c1dab8f17f/element/69aa1e68-d10a-4943-849e-d1d6550b549b/value HTTP/1.1
User-Agent: selenium/4.1.2 (java windows)
Content-Length: 151
Content-Type: application/json; charset=utf-8
host: localhost:55001
accept: */*

Response DefaultHttpResponse(decodeResult: success, version: HTTP/1.1)
HTTP/1.1 200 OK
Content-Type: application/json; charset=utf-8
cache-control: no-cache
content-length: 14

00:34:17.003 [AsyncHttpClient-1-3] DEBUG org.asynchttpclient.netty.channel.ChannelManager - Adding key: http://localhost:55001 for channel [id: 0x82d060ea, L:/127.0.0.1:64494 - R:localhost/127.0.0.1:55001]
00:34:17.019 [Forwarding screenshot on session 4c6994578023bb0b927d08c1dab8f17f to remote] DEBUG org.asynchttpclient.netty.request.NettyRequestSender - Using pooled Channel '[id: 0x82d060ea, L:/127.0.0.1:64494 - R:localhost/127.0.0.1:55001]' for 'GET' to 'http://localhost:55001/session/4c6994578023bb0b927d08c1dab8f17f/screenshot'
00:34:17.019 [Forwarding screenshot on session 4c6994578023bb0b927d08c1dab8f17f to remote] DEBUG org.asynchttpclient.netty.request.NettyRequestSender - Using open Channel [id: 0x82d060ea, L:/127.0.0.1:64494 - R:localhost/127.0.0.1:55001] for GET '/session/4c6994578023bb0b927d08c1dab8f17f/screenshot'
00:34:17.258 [AsyncHttpClient-1-3] DEBUG org.asynchttpclient.netty.handler.HttpHandler - 

Request DefaultFullHttpRequest(decodeResult: success, version: HTTP/1.1, content: EmptyByteBufBE)
GET /session/4c6994578023bb0b927d08c1dab8f17f/screenshot HTTP/1.1
User-Agent: selenium/4.1.2 (java windows)
Cache-Control: no-cache
Content-Type: application/json; charset=utf-8
host: localhost:55001
accept: */*

Response DefaultHttpResponse(decodeResult: success, version: HTTP/1.1)
HTTP/1.1 200 OK
Content-Type: application/json; charset=utf-8
cache-control: no-cache
content-length: 26548

00:34:17.260 [AsyncHttpClient-1-3] DEBUG org.asynchttpclient.netty.channel.ChannelManager - Adding key: http://localhost:55001 for channel [id: 0x82d060ea, L:/127.0.0.1:64494 - R:localhost/127.0.0.1:55001]
00:34:17.265 [main] DEBUG net.serenitybdd.core.photography.Darkroom - Send negative for processing for target\site\serenity\33bcb4ad41a8528f587c0065f557229b464da18a2b63f8ad0480fb9354ccce85.png
00:34:17.269 [main] DEBUG net.thucydides.core.steps.StepInterceptor - STEP DONE: inputEmail
  &amp#27;[32mWhen &amp#27;[0m&amp#27;[32mI input invalid email&amp#27;[0m            &amp#27;[90m# starter.stepdefinitions.LoginSteps.iInputInvalidEmail()&amp#27;[0m
00:34:17.270 [Darkroom Processing Line] DEBUG net.serenitybdd.core.photography.DarkroomProcessingLine - Processing screenshot image in /var/screenshots/screenshot-6489369549920952906
00:34:17.270 [Darkroom Processing Line] DEBUG net.serenitybdd.core.photography.DarkroomProcessingLine - Saving screenshot to target\site\serenity\33bcb4ad41a8528f587c0065f557229b464da18a2b63f8ad0480fb9354ccce85.png
00:34:17.344 [Forwarding screenshot on session 4c6994578023bb0b927d08c1dab8f17f to remote] DEBUG org.asynchttpclient.netty.request.NettyRequestSender - Using pooled Channel '[id: 0x82d060ea, L:/127.0.0.1:64494 - R:localhost/127.0.0.1:55001]' for 'GET' to 'http://localhost:55001/session/4c6994578023bb0b927d08c1dab8f17f/screenshot'
00:34:17.344 [Forwarding screenshot on session 4c6994578023bb0b927d08c1dab8f17f to remote] DEBUG org.asynchttpclient.netty.request.NettyRequestSender - Using open Channel [id: 0x82d060ea, L:/127.0.0.1:64494 - R:localhost/127.0.0.1:55001] for GET '/session/4c6994578023bb0b927d08c1dab8f17f/screenshot'
00:34:17.446 [AsyncHttpClient-1-1] DEBUG org.asynchttpclient.netty.channel.DefaultChannelPool - Entry count for : http://localhost:64495 : 1
00:34:17.541 [AsyncHttpClient-1-3] DEBUG org.asynchttpclient.netty.handler.HttpHandler - 

Request DefaultFullHttpRequest(decodeResult: success, version: HTTP/1.1, content: EmptyByteBufBE)
GET /session/4c6994578023bb0b927d08c1dab8f17f/screenshot HTTP/1.1
User-Agent: selenium/4.1.2 (java windows)
Cache-Control: no-cache
Content-Type: application/json; charset=utf-8
host: localhost:55001
accept: */*

Response DefaultHttpResponse(decodeResult: success, version: HTTP/1.1)
HTTP/1.1 200 OK
Content-Type: application/json; charset=utf-8
cache-control: no-cache
content-length: 26148

00:34:17.541 [AsyncHttpClient-1-3] DEBUG org.asynchttpclient.netty.channel.ChannelManager - Adding key: http://localhost:55001 for channel [id: 0x82d060ea, L:/127.0.0.1:64494 - R:localhost/127.0.0.1:55001]
00:34:17.545 [main] DEBUG net.serenitybdd.core.photography.Darkroom - Send negative for processing for target\site\serenity\61d8549016745eaaa2c30f141b71a880d0e4bee23974a8c94afeecfdcab39719.png
00:34:17.545 [main] DEBUG net.thucydides.core.steps.StepInterceptor - STARTING STEP: RegisterSteps.iInputValidPassword - inputPassword
00:34:17.549 [Darkroom Processing Line] DEBUG net.serenitybdd.core.photography.DarkroomProcessingLine - Processing screenshot image in /var/screenshots/screenshot-5166161759136620575
00:34:17.549 [Darkroom Processing Line] DEBUG net.serenitybdd.core.photography.DarkroomProcessingLine - Saving screenshot to target\site\serenity\61d8549016745eaaa2c30f141b71a880d0e4bee23974a8c94afeecfdcab39719.png
00:34:17.557 [Forwarding findElement on session 4c6994578023bb0b927d08c1dab8f17f to remote] DEBUG org.asynchttpclient.netty.request.NettyRequestSender - Using pooled Channel '[id: 0x82d060ea, L:/127.0.0.1:64494 - R:localhost/127.0.0.1:55001]' for 'POST' to 'http://localhost:55001/session/4c6994578023bb0b927d08c1dab8f17f/element'
00:34:17.557 [Forwarding findElement on session 4c6994578023bb0b927d08c1dab8f17f to remote] DEBUG org.asynchttpclient.netty.request.NettyRequestSender - Using open Channel [id: 0x82d060ea, L:/127.0.0.1:64494 - R:localhost/127.0.0.1:55001] for POST '/session/4c6994578023bb0b927d08c1dab8f17f/element'
00:34:17.568 [AsyncHttpClient-1-3] DEBUG org.asynchttpclient.netty.handler.HttpHandler - 

Request DefaultHttpRequest(decodeResult: success, version: HTTP/1.1)
POST /session/4c6994578023bb0b927d08c1dab8f17f/element HTTP/1.1
User-Agent: selenium/4.1.2 (java windows)
Content-Length: 89
Content-Type: application/json; charset=utf-8
host: localhost:55001
accept: */*

Response DefaultHttpResponse(decodeResult: success, version: HTTP/1.1)
HTTP/1.1 200 OK
Content-Type: application/json; charset=utf-8
cache-control: no-cache
content-length: 88

00:34:17.568 [AsyncHttpClient-1-3] DEBUG org.asynchttpclient.netty.channel.ChannelManager - Adding key: http://localhost:55001 for channel [id: 0x82d060ea, L:/127.0.0.1:64494 - R:localhost/127.0.0.1:55001]
00:34:17.583 [Forwarding clearElement on session 4c6994578023bb0b927d08c1dab8f17f to remote] DEBUG org.asynchttpclient.netty.request.NettyRequestSender - Using pooled Channel '[id: 0x82d060ea, L:/127.0.0.1:64494 - R:localhost/127.0.0.1:55001]' for 'POST' to 'http://localhost:55001/session/4c6994578023bb0b927d08c1dab8f17f/element/fd94bc5c-c9d3-4ad0-936b-c277141bdbab/clear'
00:34:17.583 [Forwarding clearElement on session 4c6994578023bb0b927d08c1dab8f17f to remote] DEBUG org.asynchttpclient.netty.request.NettyRequestSender - Using open Channel [id: 0x82d060ea, L:/127.0.0.1:64494 - R:localhost/127.0.0.1:55001] for POST '/session/4c6994578023bb0b927d08c1dab8f17f/element/fd94bc5c-c9d3-4ad0-936b-c277141bdbab/clear'
00:34:17.648 [AsyncHttpClient-1-3] DEBUG org.asynchttpclient.netty.handler.HttpHandler - 

Request DefaultHttpRequest(decodeResult: success, version: HTTP/1.1)
POST /session/4c6994578023bb0b927d08c1dab8f17f/element/fd94bc5c-c9d3-4ad0-936b-c277141bdbab/clear HTTP/1.1
User-Agent: selenium/4.1.2 (java windows)
Content-Length: 50
Content-Type: application/json; charset=utf-8
host: localhost:55001
accept: */*

Response DefaultHttpResponse(decodeResult: success, version: HTTP/1.1)
HTTP/1.1 200 OK
Content-Type: application/json; charset=utf-8
cache-control: no-cache
content-length: 14

00:34:17.648 [AsyncHttpClient-1-3] DEBUG org.asynchttpclient.netty.channel.ChannelManager - Adding key: http://localhost:55001 for channel [id: 0x82d060ea, L:/127.0.0.1:64494 - R:localhost/127.0.0.1:55001]
00:34:17.648 [Forwarding sendKeysToElement on session 4c6994578023bb0b927d08c1dab8f17f to remote] DEBUG org.asynchttpclient.netty.request.NettyRequestSender - Using pooled Channel '[id: 0x82d060ea, L:/127.0.0.1:64494 - R:localhost/127.0.0.1:55001]' for 'POST' to 'http://localhost:55001/session/4c6994578023bb0b927d08c1dab8f17f/element/fd94bc5c-c9d3-4ad0-936b-c277141bdbab/value'
00:34:17.648 [Forwarding sendKeysToElement on session 4c6994578023bb0b927d08c1dab8f17f to remote] DEBUG org.asynchttpclient.netty.request.NettyRequestSender - Using open Channel [id: 0x82d060ea, L:/127.0.0.1:64494 - R:localhost/127.0.0.1:55001] for POST '/session/4c6994578023bb0b927d08c1dab8f17f/element/fd94bc5c-c9d3-4ad0-936b-c277141bdbab/value'
00:34:18.277 [AsyncHttpClient-1-3] DEBUG org.asynchttpclient.netty.handler.HttpHandler - 

Request DefaultHttpRequest(decodeResult: success, version: HTTP/1.1)
POST /session/4c6994578023bb0b927d08c1dab8f17f/element/fd94bc5c-c9d3-4ad0-936b-c277141bdbab/value HTTP/1.1
User-Agent: selenium/4.1.2 (java windows)
Content-Length: 201
Content-Type: application/json; charset=utf-8
host: localhost:55001
accept: */*

Response DefaultHttpResponse(decodeResult: success, version: HTTP/1.1)
HTTP/1.1 200 OK
Content-Type: application/json; charset=utf-8
cache-control: no-cache
content-length: 14

00:34:18.277 [AsyncHttpClient-1-3] DEBUG org.asynchttpclient.netty.channel.ChannelManager - Adding key: http://localhost:55001 for channel [id: 0x82d060ea, L:/127.0.0.1:64494 - R:localhost/127.0.0.1:55001]
00:34:18.293 [Forwarding screenshot on session 4c6994578023bb0b927d08c1dab8f17f to remote] DEBUG org.asynchttpclient.netty.request.NettyRequestSender - Using pooled Channel '[id: 0x82d060ea, L:/127.0.0.1:64494 - R:localhost/127.0.0.1:55001]' for 'GET' to 'http://localhost:55001/session/4c6994578023bb0b927d08c1dab8f17f/screenshot'
00:34:18.293 [Forwarding screenshot on session 4c6994578023bb0b927d08c1dab8f17f to remote] DEBUG org.asynchttpclient.netty.request.NettyRequestSender - Using open Channel [id: 0x82d060ea, L:/127.0.0.1:64494 - R:localhost/127.0.0.1:55001] for GET '/session/4c6994578023bb0b927d08c1dab8f17f/screenshot'
00:34:18.571 [AsyncHttpClient-1-1] DEBUG org.asynchttpclient.netty.channel.DefaultChannelPool - Entry count for : http://localhost:64495 : 1
00:34:18.571 [AsyncHttpClient-1-3] DEBUG org.asynchttpclient.netty.handler.HttpHandler - 

Request DefaultFullHttpRequest(decodeResult: success, version: HTTP/1.1, content: EmptyByteBufBE)
GET /session/4c6994578023bb0b927d08c1dab8f17f/screenshot HTTP/1.1
User-Agent: selenium/4.1.2 (java windows)
Cache-Control: no-cache
Content-Type: application/json; charset=utf-8
host: localhost:55001
accept: */*

Response DefaultHttpResponse(decodeResult: success, version: HTTP/1.1)
HTTP/1.1 200 OK
Content-Type: application/json; charset=utf-8
cache-control: no-cache
content-length: 28912

00:34:18.586 [AsyncHttpClient-1-3] DEBUG org.asynchttpclient.netty.channel.ChannelManager - Adding key: http://localhost:55001 for channel [id: 0x82d060ea, L:/127.0.0.1:64494 - R:localhost/127.0.0.1:55001]
00:34:18.586 [main] DEBUG net.serenitybdd.core.photography.Darkroom - Send negative for processing for target\site\serenity\527e3a9662fb2982f3ffc670ca8ecda3047ad6500b0b639f33ad2bbca6e6fdc3.png
00:34:18.586 [main] DEBUG net.thucydides.core.steps.StepInterceptor - STEP DONE: inputPassword
  &amp#27;[32mAnd &amp#27;[0m&amp#27;[32mI input valid password&amp#27;[0m            &amp#27;[90m# starter.stepdefinitions.RegisterSteps.iInputValidPassword()&amp#27;[0m
00:34:18.649 [Forwarding screenshot on session 4c6994578023bb0b927d08c1dab8f17f to remote] DEBUG org.asynchttpclient.netty.request.NettyRequestSender - Using pooled Channel '[id: 0x82d060ea, L:/127.0.0.1:64494 - R:localhost/127.0.0.1:55001]' for 'GET' to 'http://localhost:55001/session/4c6994578023bb0b927d08c1dab8f17f/screenshot'
00:34:18.649 [Forwarding screenshot on session 4c6994578023bb0b927d08c1dab8f17f to remote] DEBUG org.asynchttpclient.netty.request.NettyRequestSender - Using open Channel [id: 0x82d060ea, L:/127.0.0.1:64494 - R:localhost/127.0.0.1:55001] for GET '/session/4c6994578023bb0b927d08c1dab8f17f/screenshot'
00:34:18.649 [Darkroom Processing Line] DEBUG net.serenitybdd.core.photography.DarkroomProcessingLine - Processing screenshot image in /var/screenshots/screenshot-1739864185264319553
00:34:18.649 [Darkroom Processing Line] DEBUG net.serenitybdd.core.photography.DarkroomProcessingLine - Saving screenshot to target\site\serenity\527e3a9662fb2982f3ffc670ca8ecda3047ad6500b0b639f33ad2bbca6e6fdc3.png
00:34:18.850 [AsyncHttpClient-1-3] DEBUG org.asynchttpclient.netty.handler.HttpHandler - 

Request DefaultFullHttpRequest(decodeResult: success, version: HTTP/1.1, content: EmptyByteBufBE)
GET /session/4c6994578023bb0b927d08c1dab8f17f/screenshot HTTP/1.1
User-Agent: selenium/4.1.2 (java windows)
Cache-Control: no-cache
Content-Type: application/json; charset=utf-8
host: localhost:55001
accept: */*

Response DefaultHttpResponse(decodeResult: success, version: HTTP/1.1)
HTTP/1.1 200 OK
Content-Type: application/json; charset=utf-8
cache-control: no-cache
content-length: 28912

00:34:18.850 [AsyncHttpClient-1-3] DEBUG org.asynchttpclient.netty.channel.ChannelManager - Adding key: http://localhost:55001 for channel [id: 0x82d060ea, L:/127.0.0.1:64494 - R:localhost/127.0.0.1:55001]
00:34:18.855 [main] DEBUG net.serenitybdd.core.photography.Darkroom - Send negative for processing for target\site\serenity\42b93e2b82271e8dcf9e4f0a5def3fff17820ca0c5497e2e0822295fdafcfa95.png
00:34:18.855 [main] DEBUG net.thucydides.core.steps.StepInterceptor - STARTING STEP: LoginSteps.clickLoginButton - clickLoginButton
00:34:18.855 [Forwarding findElement on session 4c6994578023bb0b927d08c1dab8f17f to remote] DEBUG org.asynchttpclient.netty.request.NettyRequestSender - Using pooled Channel '[id: 0x82d060ea, L:/127.0.0.1:64494 - R:localhost/127.0.0.1:55001]' for 'POST' to 'http://localhost:55001/session/4c6994578023bb0b927d08c1dab8f17f/element'
00:34:18.855 [Forwarding findElement on session 4c6994578023bb0b927d08c1dab8f17f to remote] DEBUG org.asynchttpclient.netty.request.NettyRequestSender - Using open Channel [id: 0x82d060ea, L:/127.0.0.1:64494 - R:localhost/127.0.0.1:55001] for POST '/session/4c6994578023bb0b927d08c1dab8f17f/element'
00:34:18.855 [Darkroom Processing Line] DEBUG net.serenitybdd.core.photography.DarkroomProcessingLine - Processing screenshot image in /var/screenshots/screenshot-6532350948898697333
00:34:18.864 [Darkroom Processing Line] DEBUG net.serenitybdd.core.photography.DarkroomProcessingLine - Saving screenshot to target\site\serenity\42b93e2b82271e8dcf9e4f0a5def3fff17820ca0c5497e2e0822295fdafcfa95.png
00:34:18.878 [AsyncHttpClient-1-3] DEBUG org.asynchttpclient.netty.handler.HttpHandler - 

Request DefaultHttpRequest(decodeResult: success, version: HTTP/1.1)
POST /session/4c6994578023bb0b927d08c1dab8f17f/element HTTP/1.1
User-Agent: selenium/4.1.2 (java windows)
Content-Length: 165
Content-Type: application/json; charset=utf-8
host: localhost:55001
accept: */*

Response DefaultHttpResponse(decodeResult: success, version: HTTP/1.1)
HTTP/1.1 200 OK
Content-Type: application/json; charset=utf-8
cache-control: no-cache
content-length: 88

00:34:18.878 [AsyncHttpClient-1-3] DEBUG org.asynchttpclient.netty.channel.ChannelManager - Adding key: http://localhost:55001 for channel [id: 0x82d060ea, L:/127.0.0.1:64494 - R:localhost/127.0.0.1:55001]
00:34:18.883 [Forwarding getElementTagName on session 4c6994578023bb0b927d08c1dab8f17f to remote] DEBUG org.asynchttpclient.netty.request.NettyRequestSender - Using pooled Channel '[id: 0x82d060ea, L:/127.0.0.1:64494 - R:localhost/127.0.0.1:55001]' for 'GET' to 'http://localhost:55001/session/4c6994578023bb0b927d08c1dab8f17f/element/b51ee2f1-0848-4f73-88a4-f5881465fac4/name'
00:34:18.883 [Forwarding getElementTagName on session 4c6994578023bb0b927d08c1dab8f17f to remote] DEBUG org.asynchttpclient.netty.request.NettyRequestSender - Using open Channel [id: 0x82d060ea, L:/127.0.0.1:64494 - R:localhost/127.0.0.1:55001] for GET '/session/4c6994578023bb0b927d08c1dab8f17f/element/b51ee2f1-0848-4f73-88a4-f5881465fac4/name'
00:34:18.893 [AsyncHttpClient-1-3] DEBUG org.asynchttpclient.netty.handler.HttpHandler - 

Request DefaultFullHttpRequest(decodeResult: success, version: HTTP/1.1, content: EmptyByteBufBE)
GET /session/4c6994578023bb0b927d08c1dab8f17f/element/b51ee2f1-0848-4f73-88a4-f5881465fac4/name HTTP/1.1
User-Agent: selenium/4.1.2 (java windows)
Cache-Control: no-cache
Content-Type: application/json; charset=utf-8
host: localhost:55001
accept: */*

Response DefaultHttpResponse(decodeResult: success, version: HTTP/1.1)
HTTP/1.1 200 OK
Content-Type: application/json; charset=utf-8
cache-control: no-cache
content-length: 16

00:34:18.893 [AsyncHttpClient-1-3] DEBUG org.asynchttpclient.netty.channel.ChannelManager - Adding key: http://localhost:55001 for channel [id: 0x82d060ea, L:/127.0.0.1:64494 - R:localhost/127.0.0.1:55001]
00:34:18.893 [Forwarding getElementTagName on session 4c6994578023bb0b927d08c1dab8f17f to remote] DEBUG org.asynchttpclient.netty.request.NettyRequestSender - Using pooled Channel '[id: 0x82d060ea, L:/127.0.0.1:64494 - R:localhost/127.0.0.1:55001]' for 'GET' to 'http://localhost:55001/session/4c6994578023bb0b927d08c1dab8f17f/element/b51ee2f1-0848-4f73-88a4-f5881465fac4/name'
00:34:18.893 [Forwarding getElementTagName on session 4c6994578023bb0b927d08c1dab8f17f to remote] DEBUG org.asynchttpclient.netty.request.NettyRequestSender - Using open Channel [id: 0x82d060ea, L:/127.0.0.1:64494 - R:localhost/127.0.0.1:55001] for GET '/session/4c6994578023bb0b927d08c1dab8f17f/element/b51ee2f1-0848-4f73-88a4-f5881465fac4/name'
00:34:18.899 [AsyncHttpClient-1-3] DEBUG org.asynchttpclient.netty.handler.HttpHandler - 

Request DefaultFullHttpRequest(decodeResult: success, version: HTTP/1.1, content: EmptyByteBufBE)
GET /session/4c6994578023bb0b927d08c1dab8f17f/element/b51ee2f1-0848-4f73-88a4-f5881465fac4/name HTTP/1.1
User-Agent: selenium/4.1.2 (java windows)
Cache-Control: no-cache
Content-Type: application/json; charset=utf-8
host: localhost:55001
accept: */*

Response DefaultHttpResponse(decodeResult: success, version: HTTP/1.1)
HTTP/1.1 200 OK
Content-Type: application/json; charset=utf-8
cache-control: no-cache
content-length: 16

00:34:18.899 [AsyncHttpClient-1-3] DEBUG org.asynchttpclient.netty.channel.ChannelManager - Adding key: http://localhost:55001 for channel [id: 0x82d060ea, L:/127.0.0.1:64494 - R:localhost/127.0.0.1:55001]
00:34:18.899 [Forwarding findElement on session 4c6994578023bb0b927d08c1dab8f17f to remote] DEBUG org.asynchttpclient.netty.request.NettyRequestSender - Using pooled Channel '[id: 0x82d060ea, L:/127.0.0.1:64494 - R:localhost/127.0.0.1:55001]' for 'POST' to 'http://localhost:55001/session/4c6994578023bb0b927d08c1dab8f17f/element'
00:34:18.899 [Forwarding findElement on session 4c6994578023bb0b927d08c1dab8f17f to remote] DEBUG org.asynchttpclient.netty.request.NettyRequestSender - Using open Channel [id: 0x82d060ea, L:/127.0.0.1:64494 - R:localhost/127.0.0.1:55001] for POST '/session/4c6994578023bb0b927d08c1dab8f17f/element'
00:34:18.927 [AsyncHttpClient-1-3] DEBUG org.asynchttpclient.netty.handler.HttpHandler - 

Request DefaultHttpRequest(decodeResult: success, version: HTTP/1.1)
POST /session/4c6994578023bb0b927d08c1dab8f17f/element HTTP/1.1
User-Agent: selenium/4.1.2 (java windows)
Content-Length: 165
Content-Type: application/json; charset=utf-8
host: localhost:55001
accept: */*

Response DefaultHttpResponse(decodeResult: success, version: HTTP/1.1)
HTTP/1.1 200 OK
Content-Type: application/json; charset=utf-8
cache-control: no-cache
content-length: 88

00:34:18.927 [AsyncHttpClient-1-3] DEBUG org.asynchttpclient.netty.channel.ChannelManager - Adding key: http://localhost:55001 for channel [id: 0x82d060ea, L:/127.0.0.1:64494 - R:localhost/127.0.0.1:55001]
00:34:18.927 [Forwarding clickElement on session 4c6994578023bb0b927d08c1dab8f17f to remote] DEBUG org.asynchttpclient.netty.request.NettyRequestSender - Using pooled Channel '[id: 0x82d060ea, L:/127.0.0.1:64494 - R:localhost/127.0.0.1:55001]' for 'POST' to 'http://localhost:55001/session/4c6994578023bb0b927d08c1dab8f17f/element/b51ee2f1-0848-4f73-88a4-f5881465fac4/click'
00:34:18.927 [Forwarding clickElement on session 4c6994578023bb0b927d08c1dab8f17f to remote] DEBUG org.asynchttpclient.netty.request.NettyRequestSender - Using open Channel [id: 0x82d060ea, L:/127.0.0.1:64494 - R:localhost/127.0.0.1:55001] for POST '/session/4c6994578023bb0b927d08c1dab8f17f/element/b51ee2f1-0848-4f73-88a4-f5881465fac4/click'
00:34:19.102 [AsyncHttpClient-1-3] DEBUG org.asynchttpclient.netty.handler.HttpHandler - 

Request DefaultHttpRequest(decodeResult: success, version: HTTP/1.1)
POST /session/4c6994578023bb0b927d08c1dab8f17f/element/b51ee2f1-0848-4f73-88a4-f5881465fac4/click HTTP/1.1
User-Agent: selenium/4.1.2 (java windows)
Content-Length: 50
Content-Type: application/json; charset=utf-8
host: localhost:55001
accept: */*

Response DefaultHttpResponse(decodeResult: success, version: HTTP/1.1)
HTTP/1.1 200 OK
Content-Type: application/json; charset=utf-8
cache-control: no-cache
content-length: 14

00:34:19.103 [AsyncHttpClient-1-3] DEBUG org.asynchttpclient.netty.channel.ChannelManager - Adding key: http://localhost:55001 for channel [id: 0x82d060ea, L:/127.0.0.1:64494 - R:localhost/127.0.0.1:55001]
00:34:19.121 [Forwarding screenshot on session 4c6994578023bb0b927d08c1dab8f17f to remote] DEBUG org.asynchttpclient.netty.request.NettyRequestSender - Using pooled Channel '[id: 0x82d060ea, L:/127.0.0.1:64494 - R:localhost/127.0.0.1:55001]' for 'GET' to 'http://localhost:55001/session/4c6994578023bb0b927d08c1dab8f17f/screenshot'
00:34:19.121 [Forwarding screenshot on session 4c6994578023bb0b927d08c1dab8f17f to remote] DEBUG org.asynchttpclient.netty.request.NettyRequestSender - Using open Channel [id: 0x82d060ea, L:/127.0.0.1:64494 - R:localhost/127.0.0.1:55001] for GET '/session/4c6994578023bb0b927d08c1dab8f17f/screenshot'
00:34:19.550 [AsyncHttpClient-1-3] DEBUG org.asynchttpclient.netty.handler.HttpHandler - 

Request DefaultFullHttpRequest(decodeResult: success, version: HTTP/1.1, content: EmptyByteBufBE)
GET /session/4c6994578023bb0b927d08c1dab8f17f/screenshot HTTP/1.1
User-Agent: selenium/4.1.2 (java windows)
Cache-Control: no-cache
Content-Type: application/json; charset=utf-8
host: localhost:55001
accept: */*

Response DefaultHttpResponse(decodeResult: success, version: HTTP/1.1)
HTTP/1.1 200 OK
Content-Type: application/json; charset=utf-8
cache-control: no-cache
content-length: 28716

00:34:19.551 [AsyncHttpClient-1-3] DEBUG org.asynchttpclient.netty.channel.ChannelManager - Adding key: http://localhost:55001 for channel [id: 0x82d060ea, L:/127.0.0.1:64494 - R:localhost/127.0.0.1:55001]
00:34:19.555 [main] DEBUG net.serenitybdd.core.photography.Darkroom - Send negative for processing for target\site\serenity\9a326d328dc2bd43379adebe5b7744930404bbf55048043b2f27bc8bca0c6df4.png
00:34:19.556 [main] DEBUG net.thucydides.core.steps.StepInterceptor - STEP DONE: clickLoginButton
00:34:19.556 [Darkroom Processing Line] DEBUG net.serenitybdd.core.photography.DarkroomProcessingLine - Processing screenshot image in /var/screenshots/screenshot-5370746598099153310
00:34:19.556 [Darkroom Processing Line] DEBUG net.serenitybdd.core.photography.DarkroomProcessingLine - Saving screenshot to target\site\serenity\9a326d328dc2bd43379adebe5b7744930404bbf55048043b2f27bc8bca0c6df4.png
  &amp#27;[32mAnd &amp#27;[0m&amp#27;[32mclick login button&amp#27;[0m                &amp#27;[90m# starter.stepdefinitions.LoginSteps.clickLoginButton()&amp#27;[0m
00:34:19.610 [Forwarding screenshot on session 4c6994578023bb0b927d08c1dab8f17f to remote] DEBUG org.asynchttpclient.netty.request.NettyRequestSender - Using pooled Channel '[id: 0x82d060ea, L:/127.0.0.1:64494 - R:localhost/127.0.0.1:55001]' for 'GET' to 'http://localhost:55001/session/4c6994578023bb0b927d08c1dab8f17f/screenshot'
00:34:19.610 [Forwarding screenshot on session 4c6994578023bb0b927d08c1dab8f17f to remote] DEBUG org.asynchttpclient.netty.request.NettyRequestSender - Using open Channel [id: 0x82d060ea, L:/127.0.0.1:64494 - R:localhost/127.0.0.1:55001] for GET '/session/4c6994578023bb0b927d08c1dab8f17f/screenshot'
00:34:19.649 [AsyncHttpClient-1-1] DEBUG org.asynchttpclient.netty.channel.DefaultChannelPool - Entry count for : http://localhost:64495 : 1
00:34:19.942 [AsyncHttpClient-1-3] DEBUG org.asynchttpclient.netty.handler.HttpHandler - 

Request DefaultFullHttpRequest(decodeResult: success, version: HTTP/1.1, content: EmptyByteBufBE)
GET /session/4c6994578023bb0b927d08c1dab8f17f/screenshot HTTP/1.1
User-Agent: selenium/4.1.2 (java windows)
Cache-Control: no-cache
Content-Type: application/json; charset=utf-8
host: localhost:55001
accept: */*

Response DefaultHttpResponse(decodeResult: success, version: HTTP/1.1)
HTTP/1.1 200 OK
Content-Type: application/json; charset=utf-8
cache-control: no-cache
content-length: 33308

00:34:19.943 [AsyncHttpClient-1-3] DEBUG org.asynchttpclient.netty.channel.ChannelManager - Adding key: http://localhost:55001 for channel [id: 0x82d060ea, L:/127.0.0.1:64494 - R:localhost/127.0.0.1:55001]
00:34:19.949 [main] DEBUG net.serenitybdd.core.photography.Darkroom - Send negative for processing for target\site\serenity\7b44ba78edeb2bcc23fa54f2fef5954a031f4c69bc69d42b42ad9ab4d8f0c595.png
00:34:19.950 [main] DEBUG net.thucydides.core.steps.StepInterceptor - STARTING STEP: LoginSteps.errorMessage - errorMessageAppears
00:34:19.951 [Darkroom Processing Line] DEBUG net.serenitybdd.core.photography.DarkroomProcessingLine - Processing screenshot image in /var/screenshots/screenshot-7749620346094364378
00:34:19.951 [Darkroom Processing Line] DEBUG net.serenitybdd.core.photography.DarkroomProcessingLine - Saving screenshot to target\site\serenity\7b44ba78edeb2bcc23fa54f2fef5954a031f4c69bc69d42b42ad9ab4d8f0c595.png
00:34:19.954 [Forwarding findElement on session 4c6994578023bb0b927d08c1dab8f17f to remote] DEBUG org.asynchttpclient.netty.request.NettyRequestSender - Using pooled Channel '[id: 0x82d060ea, L:/127.0.0.1:64494 - R:localhost/127.0.0.1:55001]' for 'POST' to 'http://localhost:55001/session/4c6994578023bb0b927d08c1dab8f17f/element'
00:34:19.954 [Forwarding findElement on session 4c6994578023bb0b927d08c1dab8f17f to remote] DEBUG org.asynchttpclient.netty.request.NettyRequestSender - Using open Channel [id: 0x82d060ea, L:/127.0.0.1:64494 - R:localhost/127.0.0.1:55001] for POST '/session/4c6994578023bb0b927d08c1dab8f17f/element'
00:34:19.983 [AsyncHttpClient-1-3] DEBUG org.asynchttpclient.netty.handler.HttpHandler - 

Request DefaultHttpRequest(decodeResult: success, version: HTTP/1.1)
POST /session/4c6994578023bb0b927d08c1dab8f17f/element HTTP/1.1
User-Agent: selenium/4.1.2 (java windows)
Content-Length: 48
Content-Type: application/json; charset=utf-8
host: localhost:55001
accept: */*

Response DefaultHttpResponse(decodeResult: success, version: HTTP/1.1)
HTTP/1.1 200 OK
Content-Type: application/json; charset=utf-8
cache-control: no-cache
content-length: 88

00:34:19.984 [AsyncHttpClient-1-3] DEBUG org.asynchttpclient.netty.channel.ChannelManager - Adding key: http://localhost:55001 for channel [id: 0x82d060ea, L:/127.0.0.1:64494 - R:localhost/127.0.0.1:55001]
00:34:19.987 [Forwarding sendKeysToElement on session 4c6994578023bb0b927d08c1dab8f17f to remote] DEBUG org.asynchttpclient.netty.request.NettyRequestSender - Using pooled Channel '[id: 0x82d060ea, L:/127.0.0.1:64494 - R:localhost/127.0.0.1:55001]' for 'POST' to 'http://localhost:55001/session/4c6994578023bb0b927d08c1dab8f17f/element/da97ad40-fa7d-4563-a56d-093c1a49e8ce/value'
00:34:19.988 [Forwarding sendKeysToElement on session 4c6994578023bb0b927d08c1dab8f17f to remote] DEBUG org.asynchttpclient.netty.request.NettyRequestSender - Using open Channel [id: 0x82d060ea, L:/127.0.0.1:64494 - R:localhost/127.0.0.1:55001] for POST '/session/4c6994578023bb0b927d08c1dab8f17f/element/da97ad40-fa7d-4563-a56d-093c1a49e8ce/value'
00:34:20.071 [AsyncHttpClient-1-3] DEBUG org.asynchttpclient.netty.handler.HttpHandler - 

Request DefaultHttpRequest(decodeResult: success, version: HTTP/1.1)
POST /session/4c6994578023bb0b927d08c1dab8f17f/element/da97ad40-fa7d-4563-a56d-093c1a49e8ce/value HTTP/1.1
User-Agent: selenium/4.1.2 (java windows)
Content-Length: 109
Content-Type: application/json; charset=utf-8
host: localhost:55001
accept: */*

Response DefaultHttpResponse(decodeResult: success, version: HTTP/1.1)
HTTP/1.1 200 OK
Content-Type: application/json; charset=utf-8
cache-control: no-cache
content-length: 14

00:34:20.071 [AsyncHttpClient-1-3] DEBUG org.asynchttpclient.netty.channel.ChannelManager - Adding key: http://localhost:55001 for channel [id: 0x82d060ea, L:/127.0.0.1:64494 - R:localhost/127.0.0.1:55001]
00:34:20.071 [Forwarding findElement on session 4c6994578023bb0b927d08c1dab8f17f to remote] DEBUG org.asynchttpclient.netty.request.NettyRequestSender - Using pooled Channel '[id: 0x82d060ea, L:/127.0.0.1:64494 - R:localhost/127.0.0.1:55001]' for 'POST' to 'http://localhost:55001/session/4c6994578023bb0b927d08c1dab8f17f/element'
00:34:20.071 [Forwarding findElement on session 4c6994578023bb0b927d08c1dab8f17f to remote] DEBUG org.asynchttpclient.netty.request.NettyRequestSender - Using open Channel [id: 0x82d060ea, L:/127.0.0.1:64494 - R:localhost/127.0.0.1:55001] for POST '/session/4c6994578023bb0b927d08c1dab8f17f/element'
00:34:20.086 [AsyncHttpClient-1-3] DEBUG org.asynchttpclient.netty.handler.HttpHandler - 

Request DefaultHttpRequest(decodeResult: success, version: HTTP/1.1)
POST /session/4c6994578023bb0b927d08c1dab8f17f/element HTTP/1.1
User-Agent: selenium/4.1.2 (java windows)
Content-Length: 154
Content-Type: application/json; charset=utf-8
host: localhost:55001
accept: */*

Response DefaultHttpResponse(decodeResult: success, version: HTTP/1.1)
HTTP/1.1 200 OK
Content-Type: application/json; charset=utf-8
cache-control: no-cache
content-length: 88

00:34:20.086 [AsyncHttpClient-1-3] DEBUG org.asynchttpclient.netty.channel.ChannelManager - Adding key: http://localhost:55001 for channel [id: 0x82d060ea, L:/127.0.0.1:64494 - R:localhost/127.0.0.1:55001]
00:34:20.102 [Forwarding isElementDisplayed on session 4c6994578023bb0b927d08c1dab8f17f to remote] DEBUG org.asynchttpclient.netty.request.NettyRequestSender - Using pooled Channel '[id: 0x82d060ea, L:/127.0.0.1:64494 - R:localhost/127.0.0.1:55001]' for 'POST' to 'http://localhost:55001/session/4c6994578023bb0b927d08c1dab8f17f/execute/sync'
00:34:20.102 [Forwarding isElementDisplayed on session 4c6994578023bb0b927d08c1dab8f17f to remote] DEBUG org.asynchttpclient.netty.request.NettyRequestSender - Using open Channel [id: 0x82d060ea, L:/127.0.0.1:64494 - R:localhost/127.0.0.1:55001] for POST '/session/4c6994578023bb0b927d08c1dab8f17f/execute/sync'
00:34:20.126 [AsyncHttpClient-1-3] DEBUG org.asynchttpclient.netty.handler.HttpHandler - 

Request DefaultHttpRequest(decodeResult: success, version: HTTP/1.1)
POST /session/4c6994578023bb0b927d08c1dab8f17f/execute/sync HTTP/1.1
User-Agent: selenium/4.1.2 (java windows)
Content-Length: 48780
Content-Type: application/json; charset=utf-8
host: localhost:55001
accept: */*

Response DefaultHttpResponse(decodeResult: success, version: HTTP/1.1)
HTTP/1.1 200 OK
Content-Type: application/json; charset=utf-8
cache-control: no-cache
content-length: 14

00:34:20.141 [AsyncHttpClient-1-3] DEBUG org.asynchttpclient.netty.channel.ChannelManager - Adding key: http://localhost:55001 for channel [id: 0x82d060ea, L:/127.0.0.1:64494 - R:localhost/127.0.0.1:55001]
00:34:20.141 [Forwarding screenshot on session 4c6994578023bb0b927d08c1dab8f17f to remote] DEBUG org.asynchttpclient.netty.request.NettyRequestSender - Using pooled Channel '[id: 0x82d060ea, L:/127.0.0.1:64494 - R:localhost/127.0.0.1:55001]' for 'GET' to 'http://localhost:55001/session/4c6994578023bb0b927d08c1dab8f17f/screenshot'
00:34:20.141 [Forwarding screenshot on session 4c6994578023bb0b927d08c1dab8f17f to remote] DEBUG org.asynchttpclient.netty.request.NettyRequestSender - Using open Channel [id: 0x82d060ea, L:/127.0.0.1:64494 - R:localhost/127.0.0.1:55001] for GET '/session/4c6994578023bb0b927d08c1dab8f17f/screenshot'
00:34:20.307 [AsyncHttpClient-1-3] DEBUG org.asynchttpclient.netty.handler.HttpHandler - 

Request DefaultFullHttpRequest(decodeResult: success, version: HTTP/1.1, content: EmptyByteBufBE)
GET /session/4c6994578023bb0b927d08c1dab8f17f/screenshot HTTP/1.1
User-Agent: selenium/4.1.2 (java windows)
Cache-Control: no-cache
Content-Type: application/json; charset=utf-8
host: localhost:55001
accept: */*

Response DefaultHttpResponse(decodeResult: success, version: HTTP/1.1)
HTTP/1.1 200 OK
Content-Type: application/json; charset=utf-8
cache-control: no-cache
content-length: 33464

00:34:20.307 [AsyncHttpClient-1-3] DEBUG org.asynchttpclient.netty.channel.ChannelManager - Adding key: http://localhost:55001 for channel [id: 0x82d060ea, L:/127.0.0.1:64494 - R:localhost/127.0.0.1:55001]
00:34:20.307 [main] DEBUG net.serenitybdd.core.photography.Darkroom - Send negative for processing for target\site\serenity\b3b9d41553d7893db1825a3596be1212fceaaa804064b73cdfcbe37de3670533.png
00:34:20.307 [main] DEBUG net.thucydides.core.steps.StepInterceptor - STEP DONE: errorMessageAppears
00:34:20.322 [Darkroom Processing Line] DEBUG net.serenitybdd.core.photography.DarkroomProcessingLine - Processing screenshot image in /var/screenshots/screenshot-13647747801588392128
00:34:20.322 [Darkroom Processing Line] DEBUG net.serenitybdd.core.photography.DarkroomProcessingLine - Saving screenshot to target\site\serenity\b3b9d41553d7893db1825a3596be1212fceaaa804064b73cdfcbe37de3670533.png
00:34:20.322 [main] DEBUG net.thucydides.core.steps.StepInterceptor - STARTING STEP: LoginSteps.errorMessage - errorMessageEquals
00:34:20.322 [Forwarding findElement on session 4c6994578023bb0b927d08c1dab8f17f to remote] DEBUG org.asynchttpclient.netty.request.NettyRequestSender - Using pooled Channel '[id: 0x82d060ea, L:/127.0.0.1:64494 - R:localhost/127.0.0.1:55001]' for 'POST' to 'http://localhost:55001/session/4c6994578023bb0b927d08c1dab8f17f/element'
00:34:20.322 [Forwarding findElement on session 4c6994578023bb0b927d08c1dab8f17f to remote] DEBUG org.asynchttpclient.netty.request.NettyRequestSender - Using open Channel [id: 0x82d060ea, L:/127.0.0.1:64494 - R:localhost/127.0.0.1:55001] for POST '/session/4c6994578023bb0b927d08c1dab8f17f/element'
00:34:20.347 [AsyncHttpClient-1-3] DEBUG org.asynchttpclient.netty.handler.HttpHandler - 

Request DefaultHttpRequest(decodeResult: success, version: HTTP/1.1)
POST /session/4c6994578023bb0b927d08c1dab8f17f/element HTTP/1.1
User-Agent: selenium/4.1.2 (java windows)
Content-Length: 154
Content-Type: application/json; charset=utf-8
host: localhost:55001
accept: */*

Response DefaultHttpResponse(decodeResult: success, version: HTTP/1.1)
HTTP/1.1 200 OK
Content-Type: application/json; charset=utf-8
cache-control: no-cache
content-length: 88

00:34:20.347 [AsyncHttpClient-1-3] DEBUG org.asynchttpclient.netty.channel.ChannelManager - Adding key: http://localhost:55001 for channel [id: 0x82d060ea, L:/127.0.0.1:64494 - R:localhost/127.0.0.1:55001]
00:34:20.347 [Forwarding getElementText on session 4c6994578023bb0b927d08c1dab8f17f to remote] DEBUG org.asynchttpclient.netty.request.NettyRequestSender - Using pooled Channel '[id: 0x82d060ea, L:/127.0.0.1:64494 - R:localhost/127.0.0.1:55001]' for 'GET' to 'http://localhost:55001/session/4c6994578023bb0b927d08c1dab8f17f/element/014f5347-f85e-495a-957d-7a10242455bb/text'
00:34:20.347 [Forwarding getElementText on session 4c6994578023bb0b927d08c1dab8f17f to remote] DEBUG org.asynchttpclient.netty.request.NettyRequestSender - Using open Channel [id: 0x82d060ea, L:/127.0.0.1:64494 - R:localhost/127.0.0.1:55001] for GET '/session/4c6994578023bb0b927d08c1dab8f17f/element/014f5347-f85e-495a-957d-7a10242455bb/text'
00:34:20.378 [AsyncHttpClient-1-3] DEBUG org.asynchttpclient.netty.handler.HttpHandler - 

Request DefaultFullHttpRequest(decodeResult: success, version: HTTP/1.1, content: EmptyByteBufBE)
GET /session/4c6994578023bb0b927d08c1dab8f17f/element/014f5347-f85e-495a-957d-7a10242455bb/text HTTP/1.1
User-Agent: selenium/4.1.2 (java windows)
Cache-Control: no-cache
Content-Type: application/json; charset=utf-8
host: localhost:55001
accept: */*

Response DefaultHttpResponse(decodeResult: success, version: HTTP/1.1)
HTTP/1.1 200 OK
Content-Type: application/json; charset=utf-8
cache-control: no-cache
content-length: 28

00:34:20.378 [AsyncHttpClient-1-3] DEBUG org.asynchttpclient.netty.channel.ChannelManager - Adding key: http://localhost:55001 for channel [id: 0x82d060ea, L:/127.0.0.1:64494 - R:localhost/127.0.0.1:55001]
00:34:20.394 [Forwarding screenshot on session 4c6994578023bb0b927d08c1dab8f17f to remote] DEBUG org.asynchttpclient.netty.request.NettyRequestSender - Using pooled Channel '[id: 0x82d060ea, L:/127.0.0.1:64494 - R:localhost/127.0.0.1:55001]' for 'GET' to 'http://localhost:55001/session/4c6994578023bb0b927d08c1dab8f17f/screenshot'
00:34:20.394 [Forwarding screenshot on session 4c6994578023bb0b927d08c1dab8f17f to remote] DEBUG org.asynchttpclient.netty.request.NettyRequestSender - Using open Channel [id: 0x82d060ea, L:/127.0.0.1:64494 - R:localhost/127.0.0.1:55001] for GET '/session/4c6994578023bb0b927d08c1dab8f17f/screenshot'
00:34:20.562 [AsyncHttpClient-1-3] DEBUG org.asynchttpclient.netty.handler.HttpHandler - 

Request DefaultFullHttpRequest(decodeResult: success, version: HTTP/1.1, content: EmptyByteBufBE)
GET /session/4c6994578023bb0b927d08c1dab8f17f/screenshot HTTP/1.1
User-Agent: selenium/4.1.2 (java windows)
Cache-Control: no-cache
Content-Type: application/json; charset=utf-8
host: localhost:55001
accept: */*

Response DefaultHttpResponse(decodeResult: success, version: HTTP/1.1)
HTTP/1.1 200 OK
Content-Type: application/json; charset=utf-8
cache-control: no-cache
content-length: 33464

00:34:20.562 [AsyncHttpClient-1-3] DEBUG org.asynchttpclient.netty.channel.ChannelManager - Adding key: http://localhost:55001 for channel [id: 0x82d060ea, L:/127.0.0.1:64494 - R:localhost/127.0.0.1:55001]
00:34:20.578 [main] DEBUG net.serenitybdd.core.photography.Darkroom - Send negative for processing for target\site\serenity\b3b9d41553d7893db1825a3596be1212fceaaa804064b73cdfcbe37de3670533.png
00:34:20.578 [main] DEBUG net.thucydides.core.steps.StepInterceptor - STEP DONE: errorMessageEquals
  &amp#27;[32mThen &amp#27;[0m&amp#27;[32merror message &amp#27;[0m&amp#27;[32m&amp#27;[1m"record not found"&amp#27;[0m &amp#27;[90m# starter.stepdefinitions.LoginSteps.errorMessage(java.lang.String)&amp#27;[0m
00:34:20.578 [main] INFO  - 
  _____   ___   ___   _____     ___     _     ___   ___   ___   ___  
 |_   _| | __| / __| |_   _|   | _ \   /_\   / __| / __| | __| |   \ 
   | |   | _|  \__ \   | |     |  _/  / _ \  \__ \ \__ \ | _|  | |) |
   |_|   |___| |___/   |_|     |_|   /_/ \_\ |___/ |___/ |___| |___/ 

Fail login
----------------------------------------------------------------------
00:34:20.592 [AsyncHttpClient-1-5] DEBUG org.asynchttpclient.netty.handler.WebSocketHandler - Channel Closed: [id: 0xedf6c9ba, L:/127.0.0.1:64502 ! R:localhost/127.0.0.1:64495] with attribute NettyResponseFuture{currentRetry=5,
	isDone=1,
	isCancelled=0,
	asyncHandler=org.asynchttpclient.ws.WebSocketUpgradeHandler@7e0e0eb0,
	nettyRequest=org.asynchttpclient.netty.request.NettyRequest@6e5ef64c,
	future=java.util.concurrent.CompletableFuture@5e7a3294[Completed normally],
	uri=ws://localhost:64495/devtools/browser/02efa2ac-f08d-45c1-b6b9-02f825cb777d,
	keepAlive=true,
	redirectCount=0,
	timeoutsHolder=null,
	inAuth=0,
	touch=1652636052605}
00:34:20.592 [AsyncHttpClient-1-5] DEBUG org.asynchttpclient.netty.channel.ChannelManager - Closing Channel [id: 0xedf6c9ba, L:/127.0.0.1:64502 ! R:localhost/127.0.0.1:64495] 
00:34:20.592 [Driver Command Executor] DEBUG org.asynchttpclient.netty.request.NettyRequestSender - Using pooled Channel '[id: 0x82d060ea, L:/127.0.0.1:64494 - R:localhost/127.0.0.1:55001]' for 'DELETE' to 'http://localhost:55001/session/4c6994578023bb0b927d08c1dab8f17f'
00:34:20.592 [Driver Command Executor] DEBUG org.asynchttpclient.netty.request.NettyRequestSender - Using open Channel [id: 0x82d060ea, L:/127.0.0.1:64494 - R:localhost/127.0.0.1:55001] for DELETE '/session/4c6994578023bb0b927d08c1dab8f17f'
00:34:20.773 [AsyncHttpClient-1-1] DEBUG org.asynchttpclient.netty.channel.DefaultChannelPool - Entry count for : http://localhost:64495 : 1
00:34:20.947 [AsyncHttpClient-1-4] DEBUG org.asynchttpclient.netty.handler.HttpHandler - Unexpected I/O exception on channel [id: 0x613949e3, L:/127.0.0.1:64501 - R:localhost/127.0.0.1:64495]
java.net.SocketException: Connection reset
	at java.base/sun.nio.ch.SocketChannelImpl.throwConnectionReset(SocketChannelImpl.java:367)
	at java.base/sun.nio.ch.SocketChannelImpl.read(SocketChannelImpl.java:398)
	at io.netty.buffer.PooledByteBuf.setBytes(PooledByteBuf.java:258)
	at io.netty.buffer.AbstractByteBuf.writeBytes(AbstractByteBuf.java:1132)
	at io.netty.channel.socket.nio.NioSocketChannel.doReadBytes(NioSocketChannel.java:350)
	at io.netty.channel.nio.AbstractNioByteChannel$NioByteUnsafe.read(AbstractNioByteChannel.java:151)
	at io.netty.channel.nio.NioEventLoop.processSelectedKey(NioEventLoop.java:722)
	at io.netty.channel.nio.NioEventLoop.processSelectedKeysOptimized(NioEventLoop.java:658)
	at io.netty.channel.nio.NioEventLoop.processSelectedKeys(NioEventLoop.java:584)
	at io.netty.channel.nio.NioEventLoop.run(NioEventLoop.java:496)
	at io.netty.util.concurrent.SingleThreadEventExecutor$4.run(SingleThreadEventExecutor.java:986)
	at io.netty.util.internal.ThreadExecutorMap$2.run(ThreadExecutorMap.java:74)
	at io.netty.util.concurrent.FastThreadLocalRunnable.run(FastThreadLocalRunnable.java:30)
	at java.base/java.lang.Thread.run(Thread.java:832)
00:34:20.947 [AsyncHttpClient-1-4] DEBUG org.asynchttpclient.netty.channel.ChannelManager - Closing Channel [id: 0x613949e3, L:/127.0.0.1:64501 - R:localhost/127.0.0.1:64495] 
00:34:20.947 [AsyncHttpClient-1-4] DEBUG org.asynchttpclient.netty.handler.HttpHandler - Channel Closed: [id: 0x613949e3, L:/127.0.0.1:64501 ! R:localhost/127.0.0.1:64495] with attribute DISCARD
00:34:20.978 [AsyncHttpClient-1-3] DEBUG org.asynchttpclient.netty.handler.HttpHandler - 

Request DefaultFullHttpRequest(decodeResult: success, version: HTTP/1.1, content: EmptyByteBufBE)
DELETE /session/4c6994578023bb0b927d08c1dab8f17f HTTP/1.1
User-Agent: selenium/4.1.2 (java windows)
Content-Type: application/json; charset=utf-8
host: localhost:55001
accept: */*

Response DefaultHttpResponse(decodeResult: success, version: HTTP/1.1)
HTTP/1.1 200 OK
Content-Type: application/json; charset=utf-8
cache-control: no-cache
content-length: 14

00:34:20.978 [AsyncHttpClient-1-3] DEBUG org.asynchttpclient.netty.channel.ChannelManager - Adding key: http://localhost:55001 for channel [id: 0x82d060ea, L:/127.0.0.1:64494 - R:localhost/127.0.0.1:55001]
00:34:21.319 [AsyncHttpClient-1-3] DEBUG org.asynchttpclient.netty.handler.HttpHandler - Channel Closed: [id: 0x82d060ea, L:/127.0.0.1:64494 ! R:localhost/127.0.0.1:55001] with attribute DISCARD
]]></system-out>
    <system-err><![CDATA[Starting ChromeDriver 101.0.4951.41 (93c720db8323b3ec10d056025ab95c23a31997c9-refs/branch-heads/4951@{#904}) on port 55001
Only local connections are allowed.
Please see https://chromedriver.chromium.org/security-considerations for suggestions on keeping ChromeDriver safe.
ChromeDriver was started successfully.
May 16, 2022 12:34:12 AM org.openqa.selenium.remote.ProtocolHandshake createSession
INFO: Detected dialect: W3C
May 16, 2022 12:34:12 AM org.openqa.selenium.devtools.CdpVersionFinder findNearestMatch
WARNING: Unable to find an exact match for CDP version 101, so returning the closest version found: 97
May 16, 2022 12:34:12 AM org.openqa.selenium.devtools.CdpVersionFinder findNearestMatch
INFO: Found CDP implementation for version 101 of 97
]]></system-err>
  </testcase>
  <testcase name="As a user I have to be able logout" classname="logout" time="28.418">
    <system-out><![CDATA[00:34:21.845 [main] INFO io.cucumber.core.plugin.SerenityReporter - Running feature from file:///D:/web-automation-using-serenity/src/test/resources/features/Logout.feature
00:34:21.861 [main] DEBUG net.thucydides.core.steps.StepEventBus - Test suite started for story net.thucydides.core.model.Story@7960de68
00:34:21.861 [main] INFO  - Test Suite Started: Logout

Scenario: As a user I have to be able logout &amp#27;[90m# src/test/resources/features/Logout.feature:5&amp#27;[0m
00:34:21.876 [main] INFO io.cucumber.core.plugin.SerenityReporter - Running feature from file:///D:/web-automation-using-serenity/src/test/resources/features/Logout.feature
00:34:21.876 [main] INFO  - 
  _____   ___   ___   _____     ___   _____     _     ___   _____   ___   ___  
 |_   _| | __| / __| |_   _|   / __| |_   _|   /_\   | _ \ |_   _| | __| |   \ 
   | |   | _|  \__ \   | |     \__ \   | |    / _ \  |   /   | |   | _|  | |) |
   |_|   |___| |___/   |_|     |___/   |_|   /_/ \_\ |_|_\   |_|   |___| |___/ 

As a user I have to be able logout(logout;as-a-user-i-have-to-be-able-logout)
--------------------------------------------------------------------------------
00:34:21.908 [AsyncHttpClient-1-1] DEBUG org.asynchttpclient.netty.channel.DefaultChannelPool - Entry count for : http://localhost:64495 : 1
00:34:21.908 [AsyncHttpClient-1-1] DEBUG org.asynchttpclient.netty.channel.DefaultChannelPool - Entry count for : http://localhost:55001 : 1
00:34:21.908 [AsyncHttpClient-1-1] DEBUG org.asynchttpclient.netty.channel.DefaultChannelPool - Adding Candidate expired Channel [id: 0x613949e3, L:/127.0.0.1:64501 ! R:localhost/127.0.0.1:64495] isIdleTimeoutExpired=false isRemotelyClosed=true isTtlExpired=false
00:34:21.908 [AsyncHttpClient-1-1] DEBUG org.asynchttpclient.netty.channel.DefaultChannelPool - Closing Idle Channel [id: 0x613949e3, L:/127.0.0.1:64501 ! R:localhost/127.0.0.1:64495]
00:34:21.908 [AsyncHttpClient-1-1] DEBUG org.asynchttpclient.netty.channel.DefaultChannelPool - Adding Candidate expired Channel [id: 0x82d060ea, L:/127.0.0.1:64494 ! R:localhost/127.0.0.1:55001] isIdleTimeoutExpired=false isRemotelyClosed=true isTtlExpired=false
00:34:21.908 [AsyncHttpClient-1-1] DEBUG org.asynchttpclient.netty.channel.DefaultChannelPool - Closing Idle Channel [id: 0x82d060ea, L:/127.0.0.1:64494 ! R:localhost/127.0.0.1:55001]
00:34:21.908 [AsyncHttpClient-1-1] DEBUG org.asynchttpclient.netty.channel.DefaultChannelPool - Closed 2 connections out of 2 in 0 ms
00:34:21.939 [main] DEBUG net.thucydides.core.steps.StepInterceptor - STARTING STEP: LoginSteps.iAmOnTheLoginPage - openUrl
00:34:21.939 [main] INFO net.serenitybdd.core.webdriver.driverproviders.ChromeDriverProvider - Using automatically driver download
00:34:23.278 [main] DEBUG io.github.bonigarcia.wdm.cache.ResolutionCache - Resolution chrome=101 in cache (valid until 01:32:11 16/05/2022 WIB)
00:34:23.294 [main] DEBUG io.github.bonigarcia.wdm.cache.ResolutionCache - Resolution chrome101=101.0.4951.41 in cache (valid until 00:32:11 17/05/2022 WIB)
00:34:23.294 [main] INFO io.github.bonigarcia.wdm.WebDriverManager - Using chromedriver 101.0.4951.41 (resolved driver for Chrome 101)
00:34:23.387 [main] DEBUG io.github.bonigarcia.wdm.WebDriverManager - Driver chromedriver 101.0.4951.41 found in cache
00:34:23.387 [main] INFO io.github.bonigarcia.wdm.WebDriverManager - Exporting webdriver.chrome.driver as C:\Users\A\.cache\selenium\chromedriver\win32\101.0.4951.41\chromedriver.exe
00:34:23.887 [main] DEBUG net.serenitybdd.core.webdriver.driverproviders.ProvideNewDriver - Instantiating driver
00:34:23.887 [main] DEBUG net.serenitybdd.core.webdriver.driverproviders.ProvideNewDriver - Driver capabilities: Capabilities {acceptInsecureCerts: false, base.url: https://qa.alta.id, browserName: chrome, chrome.driver: src/test/resources/webdrive..., driver: chrome, goog:chromeOptions: {args: [], extensions: []}}
00:34:24.456 [AsyncHttpClient-1-2] DEBUG org.asynchttpclient.netty.channel.NettyConnectListener - Using new Channel '[id: 0xcbcdbdc7, L:/127.0.0.1:64521 - R:localhost/127.0.0.1:63968]' for 'POST' to '/session'
00:34:26.447 [AsyncHttpClient-1-2] DEBUG org.asynchttpclient.netty.handler.HttpHandler - 

Request DefaultHttpRequest(decodeResult: success, version: HTTP/1.1)
POST /session HTTP/1.1
User-Agent: selenium/4.1.2 (java windows)
Content-Length: 599
Content-Type: application/json; charset=utf-8
host: localhost:63968
accept: */*

Response DefaultHttpResponse(decodeResult: success, version: HTTP/1.1)
HTTP/1.1 200 OK
Content-Type: application/json; charset=utf-8
cache-control: no-cache
content-length: 784

00:34:26.447 [AsyncHttpClient-1-2] DEBUG org.asynchttpclient.netty.channel.ChannelManager - Adding key: http://localhost:63968 for channel [id: 0xcbcdbdc7, L:/127.0.0.1:64521 - R:localhost/127.0.0.1:63968]
00:34:26.476 [AsyncHttpClient-1-3] DEBUG org.asynchttpclient.netty.channel.NettyConnectListener - Using new Channel '[id: 0xf0c4eb7c, L:/127.0.0.1:64527 - R:localhost/127.0.0.1:64522]' for 'GET' to '/json/version'
00:34:26.478 [AsyncHttpClient-1-3] DEBUG org.asynchttpclient.netty.handler.HttpHandler - 

Request DefaultFullHttpRequest(decodeResult: success, version: HTTP/1.1, content: EmptyByteBufBE)
GET /json/version HTTP/1.1
User-Agent: selenium/4.1.2 (java windows)
host: localhost:64522
accept: */*

Response DefaultHttpResponse(decodeResult: success, version: HTTP/1.1)
HTTP/1.1 200 OK
Content-Type: application/json; charset=UTF-8
content-length: 427

00:34:26.478 [AsyncHttpClient-1-3] DEBUG org.asynchttpclient.netty.channel.ChannelManager - Adding key: http://localhost:64522 for channel [id: 0xf0c4eb7c, L:/127.0.0.1:64527 - R:localhost/127.0.0.1:64522]
00:34:26.483 [AsyncHttpClient-1-4] DEBUG org.asynchttpclient.netty.channel.NettyConnectListener - Using new Channel '[id: 0x6f319cea, L:/127.0.0.1:64528 - R:localhost/127.0.0.1:64522]' for 'GET' to '/devtools/browser/f997b781-8215-4cf0-aa59-b9ce31bfcbe5'
00:34:26.485 [AsyncHttpClient-1-4] DEBUG org.asynchttpclient.netty.handler.WebSocketHandler - 

Request DefaultFullHttpRequest(decodeResult: success, version: HTTP/1.1, content: EmptyByteBufBE)
GET /devtools/browser/f997b781-8215-4cf0-aa59-b9ce31bfcbe5 HTTP/1.1
upgrade: websocket
connection: upgrade
sec-websocket-key: 6K8DPxeAC/eSRPp+0wdSxg==
sec-websocket-version: 13
origin: http://localhost:64522
host: localhost:64522
accept: */*
user-agent: AHC/2.1

Response DefaultHttpResponse(decodeResult: success, version: HTTP/1.1)
HTTP/1.1 101 WebSocket Protocol Handshake
Upgrade: WebSocket
Connection: Upgrade
Sec-WebSocket-Accept: W086Wr5Dp9khL4NYZ1wOZl1znSo=

00:34:26.497 [Forwarding maximizeCurrentWindow on session 924a0e66ae2a3521b1c621a9432cb67a to remote] DEBUG org.asynchttpclient.netty.request.NettyRequestSender - Using pooled Channel '[id: 0xcbcdbdc7, L:/127.0.0.1:64521 - R:localhost/127.0.0.1:63968]' for 'POST' to 'http://localhost:63968/session/924a0e66ae2a3521b1c621a9432cb67a/window/maximize'
00:34:26.497 [Forwarding maximizeCurrentWindow on session 924a0e66ae2a3521b1c621a9432cb67a to remote] DEBUG org.asynchttpclient.netty.request.NettyRequestSender - Using open Channel [id: 0xcbcdbdc7, L:/127.0.0.1:64521 - R:localhost/127.0.0.1:63968] for POST '/session/924a0e66ae2a3521b1c621a9432cb67a/window/maximize'
00:34:26.725 [AsyncHttpClient-1-2] DEBUG org.asynchttpclient.netty.handler.HttpHandler - 

Request DefaultHttpRequest(decodeResult: success, version: HTTP/1.1)
POST /session/924a0e66ae2a3521b1c621a9432cb67a/window/maximize HTTP/1.1
User-Agent: selenium/4.1.2 (java windows)
Content-Length: 3
Content-Type: application/json; charset=utf-8
host: localhost:63968
accept: */*

Response DefaultHttpResponse(decodeResult: success, version: HTTP/1.1)
HTTP/1.1 200 OK
Content-Type: application/json; charset=utf-8
cache-control: no-cache
content-length: 51

00:34:26.725 [AsyncHttpClient-1-2] DEBUG org.asynchttpclient.netty.channel.ChannelManager - Adding key: http://localhost:63968 for channel [id: 0xcbcdbdc7, L:/127.0.0.1:64521 - R:localhost/127.0.0.1:63968]
00:34:26.725 [Forwarding get on session 924a0e66ae2a3521b1c621a9432cb67a to remote] DEBUG org.asynchttpclient.netty.request.NettyRequestSender - Using pooled Channel '[id: 0xcbcdbdc7, L:/127.0.0.1:64521 - R:localhost/127.0.0.1:63968]' for 'POST' to 'http://localhost:63968/session/924a0e66ae2a3521b1c621a9432cb67a/url'
00:34:26.725 [Forwarding get on session 924a0e66ae2a3521b1c621a9432cb67a to remote] DEBUG org.asynchttpclient.netty.request.NettyRequestSender - Using open Channel [id: 0xcbcdbdc7, L:/127.0.0.1:64521 - R:localhost/127.0.0.1:63968] for POST '/session/924a0e66ae2a3521b1c621a9432cb67a/url'
00:34:27.444 [AsyncHttpClient-1-1] DEBUG org.asynchttpclient.netty.channel.DefaultChannelPool - Entry count for : http://localhost:64522 : 1
00:34:28.545 [AsyncHttpClient-1-1] DEBUG org.asynchttpclient.netty.channel.DefaultChannelPool - Entry count for : http://localhost:64522 : 1
00:34:29.646 [AsyncHttpClient-1-1] DEBUG org.asynchttpclient.netty.channel.DefaultChannelPool - Entry count for : http://localhost:64522 : 1
00:34:30.746 [AsyncHttpClient-1-1] DEBUG org.asynchttpclient.netty.channel.DefaultChannelPool - Entry count for : http://localhost:64522 : 1
00:34:31.093 [AsyncHttpClient-1-2] DEBUG org.asynchttpclient.netty.handler.HttpHandler - 

Request DefaultHttpRequest(decodeResult: success, version: HTTP/1.1)
POST /session/924a0e66ae2a3521b1c621a9432cb67a/url HTTP/1.1
User-Agent: selenium/4.1.2 (java windows)
Content-Length: 64
Content-Type: application/json; charset=utf-8
host: localhost:63968
accept: */*

Response DefaultHttpResponse(decodeResult: success, version: HTTP/1.1)
HTTP/1.1 200 OK
Content-Type: application/json; charset=utf-8
cache-control: no-cache
content-length: 14

00:34:31.094 [AsyncHttpClient-1-2] DEBUG org.asynchttpclient.netty.channel.ChannelManager - Adding key: http://localhost:63968 for channel [id: 0xcbcdbdc7, L:/127.0.0.1:64521 - R:localhost/127.0.0.1:63968]
00:34:31.098 [Forwarding setTimeout on session 924a0e66ae2a3521b1c621a9432cb67a to remote] DEBUG org.asynchttpclient.netty.request.NettyRequestSender - Using pooled Channel '[id: 0xcbcdbdc7, L:/127.0.0.1:64521 - R:localhost/127.0.0.1:63968]' for 'POST' to 'http://localhost:63968/session/924a0e66ae2a3521b1c621a9432cb67a/timeouts'
00:34:31.098 [Forwarding setTimeout on session 924a0e66ae2a3521b1c621a9432cb67a to remote] DEBUG org.asynchttpclient.netty.request.NettyRequestSender - Using open Channel [id: 0xcbcdbdc7, L:/127.0.0.1:64521 - R:localhost/127.0.0.1:63968] for POST '/session/924a0e66ae2a3521b1c621a9432cb67a/timeouts'
00:34:31.100 [AsyncHttpClient-1-2] DEBUG org.asynchttpclient.netty.handler.HttpHandler - 

Request DefaultHttpRequest(decodeResult: success, version: HTTP/1.1)
POST /session/924a0e66ae2a3521b1c621a9432cb67a/timeouts HTTP/1.1
User-Agent: selenium/4.1.2 (java windows)
Content-Length: 22
Content-Type: application/json; charset=utf-8
host: localhost:63968
accept: */*

Response DefaultHttpResponse(decodeResult: success, version: HTTP/1.1)
HTTP/1.1 200 OK
Content-Type: application/json; charset=utf-8
cache-control: no-cache
content-length: 14

00:34:31.101 [AsyncHttpClient-1-2] DEBUG org.asynchttpclient.netty.channel.ChannelManager - Adding key: http://localhost:63968 for channel [id: 0xcbcdbdc7, L:/127.0.0.1:64521 - R:localhost/127.0.0.1:63968]
00:34:31.108 [Forwarding getCurrentUrl on session 924a0e66ae2a3521b1c621a9432cb67a to remote] DEBUG org.asynchttpclient.netty.request.NettyRequestSender - Using pooled Channel '[id: 0xcbcdbdc7, L:/127.0.0.1:64521 - R:localhost/127.0.0.1:63968]' for 'GET' to 'http://localhost:63968/session/924a0e66ae2a3521b1c621a9432cb67a/url'
00:34:31.109 [Forwarding getCurrentUrl on session 924a0e66ae2a3521b1c621a9432cb67a to remote] DEBUG org.asynchttpclient.netty.request.NettyRequestSender - Using open Channel [id: 0xcbcdbdc7, L:/127.0.0.1:64521 - R:localhost/127.0.0.1:63968] for GET '/session/924a0e66ae2a3521b1c621a9432cb67a/url'
00:34:31.117 [AsyncHttpClient-1-2] DEBUG org.asynchttpclient.netty.handler.HttpHandler - 

Request DefaultFullHttpRequest(decodeResult: success, version: HTTP/1.1, content: EmptyByteBufBE)
GET /session/924a0e66ae2a3521b1c621a9432cb67a/url HTTP/1.1
User-Agent: selenium/4.1.2 (java windows)
Cache-Control: no-cache
Content-Type: application/json; charset=utf-8
host: localhost:63968
accept: */*

Response DefaultHttpResponse(decodeResult: success, version: HTTP/1.1)
HTTP/1.1 200 OK
Content-Type: application/json; charset=utf-8
cache-control: no-cache
content-length: 41

00:34:31.118 [AsyncHttpClient-1-2] DEBUG org.asynchttpclient.netty.channel.ChannelManager - Adding key: http://localhost:63968 for channel [id: 0xcbcdbdc7, L:/127.0.0.1:64521 - R:localhost/127.0.0.1:63968]
00:34:31.127 [main] DEBUG net.serenitybdd.core.photography.Darkroom - Opening darkroom
00:34:31.128 [Darkroom Processing Line] DEBUG net.serenitybdd.core.photography.DarkroomProcessingLine - Darkroom processing line starting up
00:34:31.129 [Forwarding screenshot on session 924a0e66ae2a3521b1c621a9432cb67a to remote] DEBUG org.asynchttpclient.netty.request.NettyRequestSender - Using pooled Channel '[id: 0xcbcdbdc7, L:/127.0.0.1:64521 - R:localhost/127.0.0.1:63968]' for 'GET' to 'http://localhost:63968/session/924a0e66ae2a3521b1c621a9432cb67a/screenshot'
00:34:31.129 [Forwarding screenshot on session 924a0e66ae2a3521b1c621a9432cb67a to remote] DEBUG org.asynchttpclient.netty.request.NettyRequestSender - Using open Channel [id: 0xcbcdbdc7, L:/127.0.0.1:64521 - R:localhost/127.0.0.1:63968] for GET '/session/924a0e66ae2a3521b1c621a9432cb67a/screenshot'
00:34:31.311 [AsyncHttpClient-1-2] DEBUG org.asynchttpclient.netty.handler.HttpHandler - 

Request DefaultFullHttpRequest(decodeResult: success, version: HTTP/1.1, content: EmptyByteBufBE)
GET /session/924a0e66ae2a3521b1c621a9432cb67a/screenshot HTTP/1.1
User-Agent: selenium/4.1.2 (java windows)
Cache-Control: no-cache
Content-Type: application/json; charset=utf-8
host: localhost:63968
accept: */*

Response DefaultHttpResponse(decodeResult: success, version: HTTP/1.1)
HTTP/1.1 200 OK
Content-Type: application/json; charset=utf-8
cache-control: no-cache
content-length: 24984

00:34:31.312 [AsyncHttpClient-1-2] DEBUG org.asynchttpclient.netty.channel.ChannelManager - Adding key: http://localhost:63968 for channel [id: 0xcbcdbdc7, L:/127.0.0.1:64521 - R:localhost/127.0.0.1:63968]
00:34:31.315 [main] DEBUG net.serenitybdd.core.photography.Darkroom - Send negative for processing for target\site\serenity\5279a2677f51cd42d80df4d0bf105786ca0efdec9c31dd310d9911ecf03761b4.png
00:34:31.316 [main] DEBUG net.thucydides.core.steps.StepInterceptor - STEP DONE: openUrl
00:34:31.327 [main] DEBUG net.thucydides.core.steps.StepInterceptor - STARTING STEP: LoginSteps.iAmOnTheLoginPage - validateOnLoginPage
00:34:31.330 [Forwarding findElement on session 924a0e66ae2a3521b1c621a9432cb67a to remote] DEBUG org.asynchttpclient.netty.request.NettyRequestSender - Using pooled Channel '[id: 0xcbcdbdc7, L:/127.0.0.1:64521 - R:localhost/127.0.0.1:63968]' for 'POST' to 'http://localhost:63968/session/924a0e66ae2a3521b1c621a9432cb67a/element'
00:34:31.330 [Forwarding findElement on session 924a0e66ae2a3521b1c621a9432cb67a to remote] DEBUG org.asynchttpclient.netty.request.NettyRequestSender - Using open Channel [id: 0xcbcdbdc7, L:/127.0.0.1:64521 - R:localhost/127.0.0.1:63968] for POST '/session/924a0e66ae2a3521b1c621a9432cb67a/element'
00:34:31.354 [AsyncHttpClient-1-2] DEBUG org.asynchttpclient.netty.handler.HttpHandler - 

Request DefaultHttpRequest(decodeResult: success, version: HTTP/1.1)
POST /session/924a0e66ae2a3521b1c621a9432cb67a/element HTTP/1.1
User-Agent: selenium/4.1.2 (java windows)
Content-Length: 165
Content-Type: application/json; charset=utf-8
host: localhost:63968
accept: */*

Response DefaultHttpResponse(decodeResult: success, version: HTTP/1.1)
HTTP/1.1 200 OK
Content-Type: application/json; charset=utf-8
cache-control: no-cache
content-length: 88

00:34:31.354 [AsyncHttpClient-1-2] DEBUG org.asynchttpclient.netty.channel.ChannelManager - Adding key: http://localhost:63968 for channel [id: 0xcbcdbdc7, L:/127.0.0.1:64521 - R:localhost/127.0.0.1:63968]
00:34:31.355 [Forwarding isElementDisplayed on session 924a0e66ae2a3521b1c621a9432cb67a to remote] DEBUG org.asynchttpclient.netty.request.NettyRequestSender - Using pooled Channel '[id: 0xcbcdbdc7, L:/127.0.0.1:64521 - R:localhost/127.0.0.1:63968]' for 'POST' to 'http://localhost:63968/session/924a0e66ae2a3521b1c621a9432cb67a/execute/sync'
00:34:31.355 [Forwarding isElementDisplayed on session 924a0e66ae2a3521b1c621a9432cb67a to remote] DEBUG org.asynchttpclient.netty.request.NettyRequestSender - Using open Channel [id: 0xcbcdbdc7, L:/127.0.0.1:64521 - R:localhost/127.0.0.1:63968] for POST '/session/924a0e66ae2a3521b1c621a9432cb67a/execute/sync'
00:34:31.381 [AsyncHttpClient-1-2] DEBUG org.asynchttpclient.netty.handler.HttpHandler - 

Request DefaultHttpRequest(decodeResult: success, version: HTTP/1.1)
POST /session/924a0e66ae2a3521b1c621a9432cb67a/execute/sync HTTP/1.1
User-Agent: selenium/4.1.2 (java windows)
Content-Length: 48780
Content-Type: application/json; charset=utf-8
host: localhost:63968
accept: */*

Response DefaultHttpResponse(decodeResult: success, version: HTTP/1.1)
HTTP/1.1 200 OK
Content-Type: application/json; charset=utf-8
cache-control: no-cache
content-length: 14

00:34:31.381 [AsyncHttpClient-1-2] DEBUG org.asynchttpclient.netty.channel.ChannelManager - Adding key: http://localhost:63968 for channel [id: 0xcbcdbdc7, L:/127.0.0.1:64521 - R:localhost/127.0.0.1:63968]
00:34:31.396 [Forwarding screenshot on session 924a0e66ae2a3521b1c621a9432cb67a to remote] DEBUG org.asynchttpclient.netty.request.NettyRequestSender - Using pooled Channel '[id: 0xcbcdbdc7, L:/127.0.0.1:64521 - R:localhost/127.0.0.1:63968]' for 'GET' to 'http://localhost:63968/session/924a0e66ae2a3521b1c621a9432cb67a/screenshot'
00:34:31.396 [Forwarding screenshot on session 924a0e66ae2a3521b1c621a9432cb67a to remote] DEBUG org.asynchttpclient.netty.request.NettyRequestSender - Using open Channel [id: 0xcbcdbdc7, L:/127.0.0.1:64521 - R:localhost/127.0.0.1:63968] for GET '/session/924a0e66ae2a3521b1c621a9432cb67a/screenshot'
00:34:31.551 [AsyncHttpClient-1-2] DEBUG org.asynchttpclient.netty.handler.HttpHandler - 

Request DefaultFullHttpRequest(decodeResult: success, version: HTTP/1.1, content: EmptyByteBufBE)
GET /session/924a0e66ae2a3521b1c621a9432cb67a/screenshot HTTP/1.1
User-Agent: selenium/4.1.2 (java windows)
Cache-Control: no-cache
Content-Type: application/json; charset=utf-8
host: localhost:63968
accept: */*

Response DefaultHttpResponse(decodeResult: success, version: HTTP/1.1)
HTTP/1.1 200 OK
Content-Type: application/json; charset=utf-8
cache-control: no-cache
content-length: 24984

00:34:31.551 [AsyncHttpClient-1-2] DEBUG org.asynchttpclient.netty.channel.ChannelManager - Adding key: http://localhost:63968 for channel [id: 0xcbcdbdc7, L:/127.0.0.1:64521 - R:localhost/127.0.0.1:63968]
00:34:31.567 [main] DEBUG net.serenitybdd.core.photography.Darkroom - Send negative for processing for target\site\serenity\5279a2677f51cd42d80df4d0bf105786ca0efdec9c31dd310d9911ecf03761b4.png
00:34:31.567 [main] DEBUG net.thucydides.core.steps.StepInterceptor - STEP DONE: validateOnLoginPage
  &amp#27;[32mGiven &amp#27;[0m&amp#27;[32mI am on the login page&amp#27;[0m               &amp#27;[90m# starter.stepdefinitions.LoginSteps.iAmOnTheLoginPage()&amp#27;[0m
00:34:31.645 [Forwarding screenshot on session 924a0e66ae2a3521b1c621a9432cb67a to remote] DEBUG org.asynchttpclient.netty.request.NettyRequestSender - Using pooled Channel '[id: 0xcbcdbdc7, L:/127.0.0.1:64521 - R:localhost/127.0.0.1:63968]' for 'GET' to 'http://localhost:63968/session/924a0e66ae2a3521b1c621a9432cb67a/screenshot'
00:34:31.645 [Forwarding screenshot on session 924a0e66ae2a3521b1c621a9432cb67a to remote] DEBUG org.asynchttpclient.netty.request.NettyRequestSender - Using open Channel [id: 0xcbcdbdc7, L:/127.0.0.1:64521 - R:localhost/127.0.0.1:63968] for GET '/session/924a0e66ae2a3521b1c621a9432cb67a/screenshot'
00:34:31.854 [AsyncHttpClient-1-1] DEBUG org.asynchttpclient.netty.channel.DefaultChannelPool - Entry count for : http://localhost:64522 : 1
00:34:31.869 [AsyncHttpClient-1-2] DEBUG org.asynchttpclient.netty.handler.HttpHandler - 

Request DefaultFullHttpRequest(decodeResult: success, version: HTTP/1.1, content: EmptyByteBufBE)
GET /session/924a0e66ae2a3521b1c621a9432cb67a/screenshot HTTP/1.1
User-Agent: selenium/4.1.2 (java windows)
Cache-Control: no-cache
Content-Type: application/json; charset=utf-8
host: localhost:63968
accept: */*

Response DefaultHttpResponse(decodeResult: success, version: HTTP/1.1)
HTTP/1.1 200 OK
Content-Type: application/json; charset=utf-8
cache-control: no-cache
content-length: 24984

00:34:31.869 [AsyncHttpClient-1-2] DEBUG org.asynchttpclient.netty.channel.ChannelManager - Adding key: http://localhost:63968 for channel [id: 0xcbcdbdc7, L:/127.0.0.1:64521 - R:localhost/127.0.0.1:63968]
00:34:31.869 [main] DEBUG net.serenitybdd.core.photography.Darkroom - Send negative for processing for target\site\serenity\5279a2677f51cd42d80df4d0bf105786ca0efdec9c31dd310d9911ecf03761b4.png
00:34:31.869 [main] DEBUG net.thucydides.core.steps.StepInterceptor - STARTING STEP: RegisterSteps.iInputValidEmail - inputEmail
00:34:31.869 [Forwarding findElement on session 924a0e66ae2a3521b1c621a9432cb67a to remote] DEBUG org.asynchttpclient.netty.request.NettyRequestSender - Using pooled Channel '[id: 0xcbcdbdc7, L:/127.0.0.1:64521 - R:localhost/127.0.0.1:63968]' for 'POST' to 'http://localhost:63968/session/924a0e66ae2a3521b1c621a9432cb67a/element'
00:34:31.869 [Forwarding findElement on session 924a0e66ae2a3521b1c621a9432cb67a to remote] DEBUG org.asynchttpclient.netty.request.NettyRequestSender - Using open Channel [id: 0xcbcdbdc7, L:/127.0.0.1:64521 - R:localhost/127.0.0.1:63968] for POST '/session/924a0e66ae2a3521b1c621a9432cb67a/element'
00:34:31.904 [AsyncHttpClient-1-2] DEBUG org.asynchttpclient.netty.handler.HttpHandler - 

Request DefaultHttpRequest(decodeResult: success, version: HTTP/1.1)
POST /session/924a0e66ae2a3521b1c621a9432cb67a/element HTTP/1.1
User-Agent: selenium/4.1.2 (java windows)
Content-Length: 86
Content-Type: application/json; charset=utf-8
host: localhost:63968
accept: */*

Response DefaultHttpResponse(decodeResult: success, version: HTTP/1.1)
HTTP/1.1 200 OK
Content-Type: application/json; charset=utf-8
cache-control: no-cache
content-length: 88

00:34:31.904 [AsyncHttpClient-1-2] DEBUG org.asynchttpclient.netty.channel.ChannelManager - Adding key: http://localhost:63968 for channel [id: 0xcbcdbdc7, L:/127.0.0.1:64521 - R:localhost/127.0.0.1:63968]
00:34:31.909 [Forwarding clearElement on session 924a0e66ae2a3521b1c621a9432cb67a to remote] DEBUG org.asynchttpclient.netty.request.NettyRequestSender - Using pooled Channel '[id: 0xcbcdbdc7, L:/127.0.0.1:64521 - R:localhost/127.0.0.1:63968]' for 'POST' to 'http://localhost:63968/session/924a0e66ae2a3521b1c621a9432cb67a/element/bf6f7680-6d65-4d90-846e-bd476156db7f/clear'
00:34:31.909 [Forwarding clearElement on session 924a0e66ae2a3521b1c621a9432cb67a to remote] DEBUG org.asynchttpclient.netty.request.NettyRequestSender - Using open Channel [id: 0xcbcdbdc7, L:/127.0.0.1:64521 - R:localhost/127.0.0.1:63968] for POST '/session/924a0e66ae2a3521b1c621a9432cb67a/element/bf6f7680-6d65-4d90-846e-bd476156db7f/clear'
00:34:31.959 [AsyncHttpClient-1-2] DEBUG org.asynchttpclient.netty.handler.HttpHandler - 

Request DefaultHttpRequest(decodeResult: success, version: HTTP/1.1)
POST /session/924a0e66ae2a3521b1c621a9432cb67a/element/bf6f7680-6d65-4d90-846e-bd476156db7f/clear HTTP/1.1
User-Agent: selenium/4.1.2 (java windows)
Content-Length: 50
Content-Type: application/json; charset=utf-8
host: localhost:63968
accept: */*

Response DefaultHttpResponse(decodeResult: success, version: HTTP/1.1)
HTTP/1.1 200 OK
Content-Type: application/json; charset=utf-8
cache-control: no-cache
content-length: 14

00:34:31.959 [AsyncHttpClient-1-2] DEBUG org.asynchttpclient.netty.channel.ChannelManager - Adding key: http://localhost:63968 for channel [id: 0xcbcdbdc7, L:/127.0.0.1:64521 - R:localhost/127.0.0.1:63968]
00:34:31.975 [Forwarding sendKeysToElement on session 924a0e66ae2a3521b1c621a9432cb67a to remote] DEBUG org.asynchttpclient.netty.request.NettyRequestSender - Using pooled Channel '[id: 0xcbcdbdc7, L:/127.0.0.1:64521 - R:localhost/127.0.0.1:63968]' for 'POST' to 'http://localhost:63968/session/924a0e66ae2a3521b1c621a9432cb67a/element/bf6f7680-6d65-4d90-846e-bd476156db7f/value'
00:34:31.975 [Forwarding sendKeysToElement on session 924a0e66ae2a3521b1c621a9432cb67a to remote] DEBUG org.asynchttpclient.netty.request.NettyRequestSender - Using open Channel [id: 0xcbcdbdc7, L:/127.0.0.1:64521 - R:localhost/127.0.0.1:63968] for POST '/session/924a0e66ae2a3521b1c621a9432cb67a/element/bf6f7680-6d65-4d90-846e-bd476156db7f/value'
00:34:32.557 [AsyncHttpClient-1-2] DEBUG org.asynchttpclient.netty.handler.HttpHandler - 

Request DefaultHttpRequest(decodeResult: success, version: HTTP/1.1)
POST /session/924a0e66ae2a3521b1c621a9432cb67a/element/bf6f7680-6d65-4d90-846e-bd476156db7f/value HTTP/1.1
User-Agent: selenium/4.1.2 (java windows)
Content-Length: 381
Content-Type: application/json; charset=utf-8
host: localhost:63968
accept: */*

Response DefaultHttpResponse(decodeResult: success, version: HTTP/1.1)
HTTP/1.1 200 OK
Content-Type: application/json; charset=utf-8
cache-control: no-cache
content-length: 14

00:34:32.557 [AsyncHttpClient-1-2] DEBUG org.asynchttpclient.netty.channel.ChannelManager - Adding key: http://localhost:63968 for channel [id: 0xcbcdbdc7, L:/127.0.0.1:64521 - R:localhost/127.0.0.1:63968]
00:34:32.573 [Forwarding screenshot on session 924a0e66ae2a3521b1c621a9432cb67a to remote] DEBUG org.asynchttpclient.netty.request.NettyRequestSender - Using pooled Channel '[id: 0xcbcdbdc7, L:/127.0.0.1:64521 - R:localhost/127.0.0.1:63968]' for 'GET' to 'http://localhost:63968/session/924a0e66ae2a3521b1c621a9432cb67a/screenshot'
00:34:32.573 [Forwarding screenshot on session 924a0e66ae2a3521b1c621a9432cb67a to remote] DEBUG org.asynchttpclient.netty.request.NettyRequestSender - Using open Channel [id: 0xcbcdbdc7, L:/127.0.0.1:64521 - R:localhost/127.0.0.1:63968] for GET '/session/924a0e66ae2a3521b1c621a9432cb67a/screenshot'
00:34:32.776 [AsyncHttpClient-1-2] DEBUG org.asynchttpclient.netty.handler.HttpHandler - 

Request DefaultFullHttpRequest(decodeResult: success, version: HTTP/1.1, content: EmptyByteBufBE)
GET /session/924a0e66ae2a3521b1c621a9432cb67a/screenshot HTTP/1.1
User-Agent: selenium/4.1.2 (java windows)
Cache-Control: no-cache
Content-Type: application/json; charset=utf-8
host: localhost:63968
accept: */*

Response DefaultHttpResponse(decodeResult: success, version: HTTP/1.1)
HTTP/1.1 200 OK
Content-Type: application/json; charset=utf-8
cache-control: no-cache
content-length: 31236

00:34:32.778 [AsyncHttpClient-1-2] DEBUG org.asynchttpclient.netty.channel.ChannelManager - Adding key: http://localhost:63968 for channel [id: 0xcbcdbdc7, L:/127.0.0.1:64521 - R:localhost/127.0.0.1:63968]
00:34:32.784 [main] DEBUG net.serenitybdd.core.photography.Darkroom - Send negative for processing for target\site\serenity\c15140c29a4b83598ffbf7245a3b1d29d7d9919366b2043c8382be01025b9ca2.png
00:34:32.784 [main] DEBUG net.thucydides.core.steps.StepInterceptor - STEP DONE: inputEmail
  &amp#27;[32mAnd &amp#27;[0m&amp#27;[32mI input valid email&amp#27;[0m                    &amp#27;[90m# starter.stepdefinitions.RegisterSteps.iInputValidEmail()&amp#27;[0m
00:34:32.785 [Darkroom Processing Line] DEBUG net.serenitybdd.core.photography.DarkroomProcessingLine - Processing screenshot image in /var/screenshots/screenshot-13540239415542617005
00:34:32.785 [Darkroom Processing Line] DEBUG net.serenitybdd.core.photography.DarkroomProcessingLine - Saving screenshot to target\site\serenity\c15140c29a4b83598ffbf7245a3b1d29d7d9919366b2043c8382be01025b9ca2.png
00:34:32.814 [main] DEBUG net.thucydides.core.steps.StepInterceptor - STARTING STEP: RegisterSteps.iInputValidPassword - inputPassword
00:34:32.819 [Forwarding findElement on session 924a0e66ae2a3521b1c621a9432cb67a to remote] DEBUG org.asynchttpclient.netty.request.NettyRequestSender - Using pooled Channel '[id: 0xcbcdbdc7, L:/127.0.0.1:64521 - R:localhost/127.0.0.1:63968]' for 'POST' to 'http://localhost:63968/session/924a0e66ae2a3521b1c621a9432cb67a/element'
00:34:32.819 [Forwarding findElement on session 924a0e66ae2a3521b1c621a9432cb67a to remote] DEBUG org.asynchttpclient.netty.request.NettyRequestSender - Using open Channel [id: 0xcbcdbdc7, L:/127.0.0.1:64521 - R:localhost/127.0.0.1:63968] for POST '/session/924a0e66ae2a3521b1c621a9432cb67a/element'
00:34:32.848 [AsyncHttpClient-1-2] DEBUG org.asynchttpclient.netty.handler.HttpHandler - 

Request DefaultHttpRequest(decodeResult: success, version: HTTP/1.1)
POST /session/924a0e66ae2a3521b1c621a9432cb67a/element HTTP/1.1
User-Agent: selenium/4.1.2 (java windows)
Content-Length: 89
Content-Type: application/json; charset=utf-8
host: localhost:63968
accept: */*

Response DefaultHttpResponse(decodeResult: success, version: HTTP/1.1)
HTTP/1.1 200 OK
Content-Type: application/json; charset=utf-8
cache-control: no-cache
content-length: 88

00:34:32.848 [AsyncHttpClient-1-2] DEBUG org.asynchttpclient.netty.channel.ChannelManager - Adding key: http://localhost:63968 for channel [id: 0xcbcdbdc7, L:/127.0.0.1:64521 - R:localhost/127.0.0.1:63968]
00:34:32.851 [Forwarding clearElement on session 924a0e66ae2a3521b1c621a9432cb67a to remote] DEBUG org.asynchttpclient.netty.request.NettyRequestSender - Using pooled Channel '[id: 0xcbcdbdc7, L:/127.0.0.1:64521 - R:localhost/127.0.0.1:63968]' for 'POST' to 'http://localhost:63968/session/924a0e66ae2a3521b1c621a9432cb67a/element/edc6ab07-82df-4391-b4f4-8621f7853926/clear'
00:34:32.851 [Forwarding clearElement on session 924a0e66ae2a3521b1c621a9432cb67a to remote] DEBUG org.asynchttpclient.netty.request.NettyRequestSender - Using open Channel [id: 0xcbcdbdc7, L:/127.0.0.1:64521 - R:localhost/127.0.0.1:63968] for POST '/session/924a0e66ae2a3521b1c621a9432cb67a/element/edc6ab07-82df-4391-b4f4-8621f7853926/clear'
00:34:32.944 [AsyncHttpClient-1-1] DEBUG org.asynchttpclient.netty.channel.DefaultChannelPool - Entry count for : http://localhost:64522 : 1
00:34:32.968 [AsyncHttpClient-1-2] DEBUG org.asynchttpclient.netty.handler.HttpHandler - 

Request DefaultHttpRequest(decodeResult: success, version: HTTP/1.1)
POST /session/924a0e66ae2a3521b1c621a9432cb67a/element/edc6ab07-82df-4391-b4f4-8621f7853926/clear HTTP/1.1
User-Agent: selenium/4.1.2 (java windows)
Content-Length: 50
Content-Type: application/json; charset=utf-8
host: localhost:63968
accept: */*

Response DefaultHttpResponse(decodeResult: success, version: HTTP/1.1)
HTTP/1.1 200 OK
Content-Type: application/json; charset=utf-8
cache-control: no-cache
content-length: 14

00:34:32.969 [AsyncHttpClient-1-2] DEBUG org.asynchttpclient.netty.channel.ChannelManager - Adding key: http://localhost:63968 for channel [id: 0xcbcdbdc7, L:/127.0.0.1:64521 - R:localhost/127.0.0.1:63968]
00:34:32.972 [Forwarding sendKeysToElement on session 924a0e66ae2a3521b1c621a9432cb67a to remote] DEBUG org.asynchttpclient.netty.request.NettyRequestSender - Using pooled Channel '[id: 0xcbcdbdc7, L:/127.0.0.1:64521 - R:localhost/127.0.0.1:63968]' for 'POST' to 'http://localhost:63968/session/924a0e66ae2a3521b1c621a9432cb67a/element/edc6ab07-82df-4391-b4f4-8621f7853926/value'
00:34:32.973 [Forwarding sendKeysToElement on session 924a0e66ae2a3521b1c621a9432cb67a to remote] DEBUG org.asynchttpclient.netty.request.NettyRequestSender - Using open Channel [id: 0xcbcdbdc7, L:/127.0.0.1:64521 - R:localhost/127.0.0.1:63968] for POST '/session/924a0e66ae2a3521b1c621a9432cb67a/element/edc6ab07-82df-4391-b4f4-8621f7853926/value'
00:34:33.471 [AsyncHttpClient-1-2] DEBUG org.asynchttpclient.netty.handler.HttpHandler - 

Request DefaultHttpRequest(decodeResult: success, version: HTTP/1.1)
POST /session/924a0e66ae2a3521b1c621a9432cb67a/element/edc6ab07-82df-4391-b4f4-8621f7853926/value HTTP/1.1
User-Agent: selenium/4.1.2 (java windows)
Content-Length: 201
Content-Type: application/json; charset=utf-8
host: localhost:63968
accept: */*

Response DefaultHttpResponse(decodeResult: success, version: HTTP/1.1)
HTTP/1.1 200 OK
Content-Type: application/json; charset=utf-8
cache-control: no-cache
content-length: 14

00:34:33.471 [AsyncHttpClient-1-2] DEBUG org.asynchttpclient.netty.channel.ChannelManager - Adding key: http://localhost:63968 for channel [id: 0xcbcdbdc7, L:/127.0.0.1:64521 - R:localhost/127.0.0.1:63968]
00:34:33.552 [Forwarding screenshot on session 924a0e66ae2a3521b1c621a9432cb67a to remote] DEBUG org.asynchttpclient.netty.request.NettyRequestSender - Using pooled Channel '[id: 0xcbcdbdc7, L:/127.0.0.1:64521 - R:localhost/127.0.0.1:63968]' for 'GET' to 'http://localhost:63968/session/924a0e66ae2a3521b1c621a9432cb67a/screenshot'
00:34:33.552 [Forwarding screenshot on session 924a0e66ae2a3521b1c621a9432cb67a to remote] DEBUG org.asynchttpclient.netty.request.NettyRequestSender - Using open Channel [id: 0xcbcdbdc7, L:/127.0.0.1:64521 - R:localhost/127.0.0.1:63968] for GET '/session/924a0e66ae2a3521b1c621a9432cb67a/screenshot'
00:34:33.804 [AsyncHttpClient-1-2] DEBUG org.asynchttpclient.netty.handler.HttpHandler - 

Request DefaultFullHttpRequest(decodeResult: success, version: HTTP/1.1, content: EmptyByteBufBE)
GET /session/924a0e66ae2a3521b1c621a9432cb67a/screenshot HTTP/1.1
User-Agent: selenium/4.1.2 (java windows)
Cache-Control: no-cache
Content-Type: application/json; charset=utf-8
host: localhost:63968
accept: */*

Response DefaultHttpResponse(decodeResult: success, version: HTTP/1.1)
HTTP/1.1 200 OK
Content-Type: application/json; charset=utf-8
cache-control: no-cache
content-length: 34056

00:34:33.805 [AsyncHttpClient-1-2] DEBUG org.asynchttpclient.netty.channel.ChannelManager - Adding key: http://localhost:63968 for channel [id: 0xcbcdbdc7, L:/127.0.0.1:64521 - R:localhost/127.0.0.1:63968]
00:34:33.808 [main] DEBUG net.serenitybdd.core.photography.Darkroom - Send negative for processing for target\site\serenity\abe48bfeff2608ffdb8906de1653da64540632cf2709eef1f5f52349f7a35f07.png
00:34:33.809 [Darkroom Processing Line] DEBUG net.serenitybdd.core.photography.DarkroomProcessingLine - Processing screenshot image in /var/screenshots/screenshot-13532118645420955955
00:34:33.809 [Darkroom Processing Line] DEBUG net.serenitybdd.core.photography.DarkroomProcessingLine - Saving screenshot to target\site\serenity\abe48bfeff2608ffdb8906de1653da64540632cf2709eef1f5f52349f7a35f07.png
00:34:33.810 [main] DEBUG net.thucydides.core.steps.StepInterceptor - STEP DONE: inputPassword
  &amp#27;[32mAnd &amp#27;[0m&amp#27;[32mI input valid password&amp#27;[0m                 &amp#27;[90m# starter.stepdefinitions.RegisterSteps.iInputValidPassword()&amp#27;[0m
00:34:33.853 [main] DEBUG net.thucydides.core.steps.StepInterceptor - STARTING STEP: LoginSteps.clickLoginButton - clickLoginButton
00:34:33.863 [Forwarding findElement on session 924a0e66ae2a3521b1c621a9432cb67a to remote] DEBUG org.asynchttpclient.netty.request.NettyRequestSender - Using pooled Channel '[id: 0xcbcdbdc7, L:/127.0.0.1:64521 - R:localhost/127.0.0.1:63968]' for 'POST' to 'http://localhost:63968/session/924a0e66ae2a3521b1c621a9432cb67a/element'
00:34:33.864 [Forwarding findElement on session 924a0e66ae2a3521b1c621a9432cb67a to remote] DEBUG org.asynchttpclient.netty.request.NettyRequestSender - Using open Channel [id: 0xcbcdbdc7, L:/127.0.0.1:64521 - R:localhost/127.0.0.1:63968] for POST '/session/924a0e66ae2a3521b1c621a9432cb67a/element'
00:34:33.907 [AsyncHttpClient-1-2] DEBUG org.asynchttpclient.netty.handler.HttpHandler - 

Request DefaultHttpRequest(decodeResult: success, version: HTTP/1.1)
POST /session/924a0e66ae2a3521b1c621a9432cb67a/element HTTP/1.1
User-Agent: selenium/4.1.2 (java windows)
Content-Length: 165
Content-Type: application/json; charset=utf-8
host: localhost:63968
accept: */*

Response DefaultHttpResponse(decodeResult: success, version: HTTP/1.1)
HTTP/1.1 200 OK
Content-Type: application/json; charset=utf-8
cache-control: no-cache
content-length: 88

00:34:33.908 [AsyncHttpClient-1-2] DEBUG org.asynchttpclient.netty.channel.ChannelManager - Adding key: http://localhost:63968 for channel [id: 0xcbcdbdc7, L:/127.0.0.1:64521 - R:localhost/127.0.0.1:63968]
00:34:33.911 [Forwarding getElementTagName on session 924a0e66ae2a3521b1c621a9432cb67a to remote] DEBUG org.asynchttpclient.netty.request.NettyRequestSender - Using pooled Channel '[id: 0xcbcdbdc7, L:/127.0.0.1:64521 - R:localhost/127.0.0.1:63968]' for 'GET' to 'http://localhost:63968/session/924a0e66ae2a3521b1c621a9432cb67a/element/2407e3e0-c8b9-404f-96fb-0b3bd05cde7f/name'
00:34:33.912 [Forwarding getElementTagName on session 924a0e66ae2a3521b1c621a9432cb67a to remote] DEBUG org.asynchttpclient.netty.request.NettyRequestSender - Using open Channel [id: 0xcbcdbdc7, L:/127.0.0.1:64521 - R:localhost/127.0.0.1:63968] for GET '/session/924a0e66ae2a3521b1c621a9432cb67a/element/2407e3e0-c8b9-404f-96fb-0b3bd05cde7f/name'
00:34:33.927 [AsyncHttpClient-1-2] DEBUG org.asynchttpclient.netty.handler.HttpHandler - 

Request DefaultFullHttpRequest(decodeResult: success, version: HTTP/1.1, content: EmptyByteBufBE)
GET /session/924a0e66ae2a3521b1c621a9432cb67a/element/2407e3e0-c8b9-404f-96fb-0b3bd05cde7f/name HTTP/1.1
User-Agent: selenium/4.1.2 (java windows)
Cache-Control: no-cache
Content-Type: application/json; charset=utf-8
host: localhost:63968
accept: */*

Response DefaultHttpResponse(decodeResult: success, version: HTTP/1.1)
HTTP/1.1 200 OK
Content-Type: application/json; charset=utf-8
cache-control: no-cache
content-length: 16

00:34:33.928 [AsyncHttpClient-1-2] DEBUG org.asynchttpclient.netty.channel.ChannelManager - Adding key: http://localhost:63968 for channel [id: 0xcbcdbdc7, L:/127.0.0.1:64521 - R:localhost/127.0.0.1:63968]
00:34:33.932 [Forwarding getElementTagName on session 924a0e66ae2a3521b1c621a9432cb67a to remote] DEBUG org.asynchttpclient.netty.request.NettyRequestSender - Using pooled Channel '[id: 0xcbcdbdc7, L:/127.0.0.1:64521 - R:localhost/127.0.0.1:63968]' for 'GET' to 'http://localhost:63968/session/924a0e66ae2a3521b1c621a9432cb67a/element/2407e3e0-c8b9-404f-96fb-0b3bd05cde7f/name'
00:34:33.932 [Forwarding getElementTagName on session 924a0e66ae2a3521b1c621a9432cb67a to remote] DEBUG org.asynchttpclient.netty.request.NettyRequestSender - Using open Channel [id: 0xcbcdbdc7, L:/127.0.0.1:64521 - R:localhost/127.0.0.1:63968] for GET '/session/924a0e66ae2a3521b1c621a9432cb67a/element/2407e3e0-c8b9-404f-96fb-0b3bd05cde7f/name'
00:34:33.945 [AsyncHttpClient-1-2] DEBUG org.asynchttpclient.netty.handler.HttpHandler - 

Request DefaultFullHttpRequest(decodeResult: success, version: HTTP/1.1, content: EmptyByteBufBE)
GET /session/924a0e66ae2a3521b1c621a9432cb67a/element/2407e3e0-c8b9-404f-96fb-0b3bd05cde7f/name HTTP/1.1
User-Agent: selenium/4.1.2 (java windows)
Cache-Control: no-cache
Content-Type: application/json; charset=utf-8
host: localhost:63968
accept: */*

Response DefaultHttpResponse(decodeResult: success, version: HTTP/1.1)
HTTP/1.1 200 OK
Content-Type: application/json; charset=utf-8
cache-control: no-cache
content-length: 16

00:34:33.946 [AsyncHttpClient-1-2] DEBUG org.asynchttpclient.netty.channel.ChannelManager - Adding key: http://localhost:63968 for channel [id: 0xcbcdbdc7, L:/127.0.0.1:64521 - R:localhost/127.0.0.1:63968]
00:34:33.958 [Forwarding findElement on session 924a0e66ae2a3521b1c621a9432cb67a to remote] DEBUG org.asynchttpclient.netty.request.NettyRequestSender - Using pooled Channel '[id: 0xcbcdbdc7, L:/127.0.0.1:64521 - R:localhost/127.0.0.1:63968]' for 'POST' to 'http://localhost:63968/session/924a0e66ae2a3521b1c621a9432cb67a/element'
00:34:33.958 [Forwarding findElement on session 924a0e66ae2a3521b1c621a9432cb67a to remote] DEBUG org.asynchttpclient.netty.request.NettyRequestSender - Using open Channel [id: 0xcbcdbdc7, L:/127.0.0.1:64521 - R:localhost/127.0.0.1:63968] for POST '/session/924a0e66ae2a3521b1c621a9432cb67a/element'
00:34:33.976 [AsyncHttpClient-1-2] DEBUG org.asynchttpclient.netty.handler.HttpHandler - 

Request DefaultHttpRequest(decodeResult: success, version: HTTP/1.1)
POST /session/924a0e66ae2a3521b1c621a9432cb67a/element HTTP/1.1
User-Agent: selenium/4.1.2 (java windows)
Content-Length: 165
Content-Type: application/json; charset=utf-8
host: localhost:63968
accept: */*

Response DefaultHttpResponse(decodeResult: success, version: HTTP/1.1)
HTTP/1.1 200 OK
Content-Type: application/json; charset=utf-8
cache-control: no-cache
content-length: 88

00:34:33.976 [AsyncHttpClient-1-2] DEBUG org.asynchttpclient.netty.channel.ChannelManager - Adding key: http://localhost:63968 for channel [id: 0xcbcdbdc7, L:/127.0.0.1:64521 - R:localhost/127.0.0.1:63968]
00:34:33.978 [Forwarding clickElement on session 924a0e66ae2a3521b1c621a9432cb67a to remote] DEBUG org.asynchttpclient.netty.request.NettyRequestSender - Using pooled Channel '[id: 0xcbcdbdc7, L:/127.0.0.1:64521 - R:localhost/127.0.0.1:63968]' for 'POST' to 'http://localhost:63968/session/924a0e66ae2a3521b1c621a9432cb67a/element/2407e3e0-c8b9-404f-96fb-0b3bd05cde7f/click'
00:34:33.979 [Forwarding clickElement on session 924a0e66ae2a3521b1c621a9432cb67a to remote] DEBUG org.asynchttpclient.netty.request.NettyRequestSender - Using open Channel [id: 0xcbcdbdc7, L:/127.0.0.1:64521 - R:localhost/127.0.0.1:63968] for POST '/session/924a0e66ae2a3521b1c621a9432cb67a/element/2407e3e0-c8b9-404f-96fb-0b3bd05cde7f/click'
00:34:34.047 [AsyncHttpClient-1-1] DEBUG org.asynchttpclient.netty.channel.DefaultChannelPool - Entry count for : http://localhost:64522 : 1
00:34:34.131 [AsyncHttpClient-1-2] DEBUG org.asynchttpclient.netty.handler.HttpHandler - 

Request DefaultHttpRequest(decodeResult: success, version: HTTP/1.1)
POST /session/924a0e66ae2a3521b1c621a9432cb67a/element/2407e3e0-c8b9-404f-96fb-0b3bd05cde7f/click HTTP/1.1
User-Agent: selenium/4.1.2 (java windows)
Content-Length: 50
Content-Type: application/json; charset=utf-8
host: localhost:63968
accept: */*

Response DefaultHttpResponse(decodeResult: success, version: HTTP/1.1)
HTTP/1.1 200 OK
Content-Type: application/json; charset=utf-8
cache-control: no-cache
content-length: 14

00:34:34.131 [AsyncHttpClient-1-2] DEBUG org.asynchttpclient.netty.channel.ChannelManager - Adding key: http://localhost:63968 for channel [id: 0xcbcdbdc7, L:/127.0.0.1:64521 - R:localhost/127.0.0.1:63968]
00:34:34.147 [Forwarding screenshot on session 924a0e66ae2a3521b1c621a9432cb67a to remote] DEBUG org.asynchttpclient.netty.request.NettyRequestSender - Using pooled Channel '[id: 0xcbcdbdc7, L:/127.0.0.1:64521 - R:localhost/127.0.0.1:63968]' for 'GET' to 'http://localhost:63968/session/924a0e66ae2a3521b1c621a9432cb67a/screenshot'
00:34:34.147 [Forwarding screenshot on session 924a0e66ae2a3521b1c621a9432cb67a to remote] DEBUG org.asynchttpclient.netty.request.NettyRequestSender - Using open Channel [id: 0xcbcdbdc7, L:/127.0.0.1:64521 - R:localhost/127.0.0.1:63968] for GET '/session/924a0e66ae2a3521b1c621a9432cb67a/screenshot'
00:34:34.707 [AsyncHttpClient-1-2] DEBUG org.asynchttpclient.netty.handler.HttpHandler - 

Request DefaultFullHttpRequest(decodeResult: success, version: HTTP/1.1, content: EmptyByteBufBE)
GET /session/924a0e66ae2a3521b1c621a9432cb67a/screenshot HTTP/1.1
User-Agent: selenium/4.1.2 (java windows)
Cache-Control: no-cache
Content-Type: application/json; charset=utf-8
host: localhost:63968
accept: */*

Response DefaultHttpResponse(decodeResult: success, version: HTTP/1.1)
HTTP/1.1 200 OK
Content-Type: application/json; charset=utf-8
cache-control: no-cache
content-length: 33352

00:34:34.708 [AsyncHttpClient-1-2] DEBUG org.asynchttpclient.netty.channel.ChannelManager - Adding key: http://localhost:63968 for channel [id: 0xcbcdbdc7, L:/127.0.0.1:64521 - R:localhost/127.0.0.1:63968]
00:34:34.716 [main] DEBUG net.serenitybdd.core.photography.Darkroom - Send negative for processing for target\site\serenity\fa82da30062413fdab4f78353cb0e1c8ac36a46ff801bb1a8b4ae89e23f5f028.png
00:34:34.716 [main] DEBUG net.thucydides.core.steps.StepInterceptor - STEP DONE: clickLoginButton
  &amp#27;[32mWhen &amp#27;[0m&amp#27;[32mclick login button&amp#27;[0m                    &amp#27;[90m# starter.stepdefinitions.LoginSteps.clickLoginButton()&amp#27;[0m
00:34:35.076 [Darkroom Processing Line] DEBUG net.serenitybdd.core.photography.DarkroomProcessingLine - Processing screenshot image in /var/screenshots/screenshot-17663268063456438280
00:34:35.076 [Darkroom Processing Line] DEBUG net.serenitybdd.core.photography.DarkroomProcessingLine - Saving screenshot to target\site\serenity\fa82da30062413fdab4f78353cb0e1c8ac36a46ff801bb1a8b4ae89e23f5f028.png
00:34:35.171 [AsyncHttpClient-1-1] DEBUG org.asynchttpclient.netty.channel.DefaultChannelPool - Entry count for : http://localhost:63968 : 1
00:34:35.171 [AsyncHttpClient-1-1] DEBUG org.asynchttpclient.netty.channel.DefaultChannelPool - Entry count for : http://localhost:64522 : 1
00:34:35.597 [Forwarding screenshot on session 924a0e66ae2a3521b1c621a9432cb67a to remote] DEBUG org.asynchttpclient.netty.request.NettyRequestSender - Using pooled Channel '[id: 0xcbcdbdc7, L:/127.0.0.1:64521 - R:localhost/127.0.0.1:63968]' for 'GET' to 'http://localhost:63968/session/924a0e66ae2a3521b1c621a9432cb67a/screenshot'
00:34:35.598 [Forwarding screenshot on session 924a0e66ae2a3521b1c621a9432cb67a to remote] DEBUG org.asynchttpclient.netty.request.NettyRequestSender - Using open Channel [id: 0xcbcdbdc7, L:/127.0.0.1:64521 - R:localhost/127.0.0.1:63968] for GET '/session/924a0e66ae2a3521b1c621a9432cb67a/screenshot'
00:34:36.047 [AsyncHttpClient-1-2] DEBUG org.asynchttpclient.netty.handler.HttpHandler - 

Request DefaultFullHttpRequest(decodeResult: success, version: HTTP/1.1, content: EmptyByteBufBE)
GET /session/924a0e66ae2a3521b1c621a9432cb67a/screenshot HTTP/1.1
User-Agent: selenium/4.1.2 (java windows)
Cache-Control: no-cache
Content-Type: application/json; charset=utf-8
host: localhost:63968
accept: */*

Response DefaultHttpResponse(decodeResult: success, version: HTTP/1.1)
HTTP/1.1 200 OK
Content-Type: application/json; charset=utf-8
cache-control: no-cache
content-length: 35188

00:34:36.050 [AsyncHttpClient-1-2] DEBUG org.asynchttpclient.netty.channel.ChannelManager - Adding key: http://localhost:63968 for channel [id: 0xcbcdbdc7, L:/127.0.0.1:64521 - R:localhost/127.0.0.1:63968]
00:34:36.056 [main] DEBUG net.serenitybdd.core.photography.Darkroom - Send negative for processing for target\site\serenity\29d384154278be0e3f3768b6b5f27970c60dc2850bc61f7bd6b4bea861a62afd.png
00:34:36.059 [main] DEBUG net.thucydides.core.steps.StepInterceptor - STARTING STEP: LogoutSteps.iAmOnTheHomepage - validateOnLogoutPage
00:34:36.065 [Forwarding findElement on session 924a0e66ae2a3521b1c621a9432cb67a to remote] DEBUG org.asynchttpclient.netty.request.NettyRequestSender - Using pooled Channel '[id: 0xcbcdbdc7, L:/127.0.0.1:64521 - R:localhost/127.0.0.1:63968]' for 'POST' to 'http://localhost:63968/session/924a0e66ae2a3521b1c621a9432cb67a/element'
00:34:36.065 [Forwarding findElement on session 924a0e66ae2a3521b1c621a9432cb67a to remote] DEBUG org.asynchttpclient.netty.request.NettyRequestSender - Using open Channel [id: 0xcbcdbdc7, L:/127.0.0.1:64521 - R:localhost/127.0.0.1:63968] for POST '/session/924a0e66ae2a3521b1c621a9432cb67a/element'
00:34:36.071 [Darkroom Processing Line] DEBUG net.serenitybdd.core.photography.DarkroomProcessingLine - Processing screenshot image in /var/screenshots/screenshot-1421284368957832967
00:34:36.071 [Darkroom Processing Line] DEBUG net.serenitybdd.core.photography.DarkroomProcessingLine - Saving screenshot to target\site\serenity\29d384154278be0e3f3768b6b5f27970c60dc2850bc61f7bd6b4bea861a62afd.png
00:34:36.356 [AsyncHttpClient-1-1] DEBUG org.asynchttpclient.netty.channel.DefaultChannelPool - Entry count for : http://localhost:64522 : 1
00:34:36.412 [AsyncHttpClient-1-2] DEBUG org.asynchttpclient.netty.handler.HttpHandler - 

Request DefaultHttpRequest(decodeResult: success, version: HTTP/1.1)
POST /session/924a0e66ae2a3521b1c621a9432cb67a/element HTTP/1.1
User-Agent: selenium/4.1.2 (java windows)
Content-Length: 128
Content-Type: application/json; charset=utf-8
host: localhost:63968
accept: */*

Response DefaultHttpResponse(decodeResult: success, version: HTTP/1.1)
HTTP/1.1 200 OK
Content-Type: application/json; charset=utf-8
cache-control: no-cache
content-length: 88

00:34:36.414 [AsyncHttpClient-1-2] DEBUG org.asynchttpclient.netty.channel.ChannelManager - Adding key: http://localhost:63968 for channel [id: 0xcbcdbdc7, L:/127.0.0.1:64521 - R:localhost/127.0.0.1:63968]
00:34:36.433 [Forwarding isElementDisplayed on session 924a0e66ae2a3521b1c621a9432cb67a to remote] DEBUG org.asynchttpclient.netty.request.NettyRequestSender - Using pooled Channel '[id: 0xcbcdbdc7, L:/127.0.0.1:64521 - R:localhost/127.0.0.1:63968]' for 'POST' to 'http://localhost:63968/session/924a0e66ae2a3521b1c621a9432cb67a/execute/sync'
00:34:36.433 [Forwarding isElementDisplayed on session 924a0e66ae2a3521b1c621a9432cb67a to remote] DEBUG org.asynchttpclient.netty.request.NettyRequestSender - Using open Channel [id: 0xcbcdbdc7, L:/127.0.0.1:64521 - R:localhost/127.0.0.1:63968] for POST '/session/924a0e66ae2a3521b1c621a9432cb67a/execute/sync'
00:34:37.473 [AsyncHttpClient-1-1] DEBUG org.asynchttpclient.netty.channel.DefaultChannelPool - Entry count for : http://localhost:64522 : 1
00:34:38.560 [AsyncHttpClient-1-1] DEBUG org.asynchttpclient.netty.channel.DefaultChannelPool - Entry count for : http://localhost:64522 : 1
00:34:39.681 [AsyncHttpClient-1-1] DEBUG org.asynchttpclient.netty.channel.DefaultChannelPool - Entry count for : http://localhost:64522 : 1
00:34:40.753 [AsyncHttpClient-1-1] DEBUG org.asynchttpclient.netty.channel.DefaultChannelPool - Entry count for : http://localhost:64522 : 1
00:34:41.874 [AsyncHttpClient-1-1] DEBUG org.asynchttpclient.netty.channel.DefaultChannelPool - Entry count for : http://localhost:64522 : 1
00:34:43.248 [AsyncHttpClient-1-1] DEBUG org.asynchttpclient.netty.channel.DefaultChannelPool - Entry count for : http://localhost:64522 : 1
00:34:44.367 [AsyncHttpClient-1-1] DEBUG org.asynchttpclient.netty.channel.DefaultChannelPool - Entry count for : http://localhost:64522 : 1
00:34:44.552 [AsyncHttpClient-1-2] DEBUG org.asynchttpclient.netty.handler.HttpHandler - 

Request DefaultHttpRequest(decodeResult: success, version: HTTP/1.1)
POST /session/924a0e66ae2a3521b1c621a9432cb67a/execute/sync HTTP/1.1
User-Agent: selenium/4.1.2 (java windows)
Content-Length: 48780
Content-Type: application/json; charset=utf-8
host: localhost:63968
accept: */*

Response DefaultHttpResponse(decodeResult: success, version: HTTP/1.1)
HTTP/1.1 200 OK
Content-Type: application/json; charset=utf-8
cache-control: no-cache
content-length: 14

00:34:44.553 [AsyncHttpClient-1-2] DEBUG org.asynchttpclient.netty.channel.ChannelManager - Adding key: http://localhost:63968 for channel [id: 0xcbcdbdc7, L:/127.0.0.1:64521 - R:localhost/127.0.0.1:63968]
00:34:44.575 [Forwarding screenshot on session 924a0e66ae2a3521b1c621a9432cb67a to remote] DEBUG org.asynchttpclient.netty.request.NettyRequestSender - Using pooled Channel '[id: 0xcbcdbdc7, L:/127.0.0.1:64521 - R:localhost/127.0.0.1:63968]' for 'GET' to 'http://localhost:63968/session/924a0e66ae2a3521b1c621a9432cb67a/screenshot'
00:34:44.575 [Forwarding screenshot on session 924a0e66ae2a3521b1c621a9432cb67a to remote] DEBUG org.asynchttpclient.netty.request.NettyRequestSender - Using open Channel [id: 0xcbcdbdc7, L:/127.0.0.1:64521 - R:localhost/127.0.0.1:63968] for GET '/session/924a0e66ae2a3521b1c621a9432cb67a/screenshot'
00:34:44.802 [AsyncHttpClient-1-2] DEBUG org.asynchttpclient.netty.handler.HttpHandler - 

Request DefaultFullHttpRequest(decodeResult: success, version: HTTP/1.1, content: EmptyByteBufBE)
GET /session/924a0e66ae2a3521b1c621a9432cb67a/screenshot HTTP/1.1
User-Agent: selenium/4.1.2 (java windows)
Cache-Control: no-cache
Content-Type: application/json; charset=utf-8
host: localhost:63968
accept: */*

Response DefaultHttpResponse(decodeResult: success, version: HTTP/1.1)
HTTP/1.1 200 OK
Content-Type: application/json; charset=utf-8
cache-control: no-cache
content-length: 81100

00:34:44.802 [AsyncHttpClient-1-2] DEBUG org.asynchttpclient.netty.channel.ChannelManager - Adding key: http://localhost:63968 for channel [id: 0xcbcdbdc7, L:/127.0.0.1:64521 - R:localhost/127.0.0.1:63968]
00:34:44.818 [main] DEBUG net.serenitybdd.core.photography.Darkroom - Send negative for processing for target\site\serenity\c54206febc55c879d7e0096534676ea152ee4b05b7bcc98fc1ecf304042f7a9d.png
00:34:44.818 [main] DEBUG net.thucydides.core.steps.StepInterceptor - STEP DONE: validateOnLogoutPage
  &amp#27;[32mAnd &amp#27;[0m&amp#27;[32mI am on the homepage&amp#27;[0m                   &amp#27;[90m# starter.stepdefinitions.LogoutSteps.iAmOnTheHomepage()&amp#27;[0m
00:34:44.834 [main] DEBUG net.thucydides.core.steps.StepInterceptor - STARTING STEP: LogoutSteps.iClickButtonIcon - clickIconButton
00:34:44.849 [Forwarding findElement on session 924a0e66ae2a3521b1c621a9432cb67a to remote] DEBUG org.asynchttpclient.netty.request.NettyRequestSender - Using pooled Channel '[id: 0xcbcdbdc7, L:/127.0.0.1:64521 - R:localhost/127.0.0.1:63968]' for 'POST' to 'http://localhost:63968/session/924a0e66ae2a3521b1c621a9432cb67a/element'
00:34:44.849 [Forwarding findElement on session 924a0e66ae2a3521b1c621a9432cb67a to remote] DEBUG org.asynchttpclient.netty.request.NettyRequestSender - Using open Channel [id: 0xcbcdbdc7, L:/127.0.0.1:64521 - R:localhost/127.0.0.1:63968] for POST '/session/924a0e66ae2a3521b1c621a9432cb67a/element'
00:34:44.955 [AsyncHttpClient-1-2] DEBUG org.asynchttpclient.netty.handler.HttpHandler - 

Request DefaultHttpRequest(decodeResult: success, version: HTTP/1.1)
POST /session/924a0e66ae2a3521b1c621a9432cb67a/element HTTP/1.1
User-Agent: selenium/4.1.2 (java windows)
Content-Length: 128
Content-Type: application/json; charset=utf-8
host: localhost:63968
accept: */*

Response DefaultHttpResponse(decodeResult: success, version: HTTP/1.1)
HTTP/1.1 200 OK
Content-Type: application/json; charset=utf-8
cache-control: no-cache
content-length: 88

00:34:44.955 [AsyncHttpClient-1-2] DEBUG org.asynchttpclient.netty.channel.ChannelManager - Adding key: http://localhost:63968 for channel [id: 0xcbcdbdc7, L:/127.0.0.1:64521 - R:localhost/127.0.0.1:63968]
00:34:44.971 [Forwarding getElementTagName on session 924a0e66ae2a3521b1c621a9432cb67a to remote] DEBUG org.asynchttpclient.netty.request.NettyRequestSender - Using pooled Channel '[id: 0xcbcdbdc7, L:/127.0.0.1:64521 - R:localhost/127.0.0.1:63968]' for 'GET' to 'http://localhost:63968/session/924a0e66ae2a3521b1c621a9432cb67a/element/07e57689-eafd-477c-b972-e70fe0d031ab/name'
00:34:44.971 [Forwarding getElementTagName on session 924a0e66ae2a3521b1c621a9432cb67a to remote] DEBUG org.asynchttpclient.netty.request.NettyRequestSender - Using open Channel [id: 0xcbcdbdc7, L:/127.0.0.1:64521 - R:localhost/127.0.0.1:63968] for GET '/session/924a0e66ae2a3521b1c621a9432cb67a/element/07e57689-eafd-477c-b972-e70fe0d031ab/name'
00:34:44.991 [AsyncHttpClient-1-2] DEBUG org.asynchttpclient.netty.handler.HttpHandler - 

Request DefaultFullHttpRequest(decodeResult: success, version: HTTP/1.1, content: EmptyByteBufBE)
GET /session/924a0e66ae2a3521b1c621a9432cb67a/element/07e57689-eafd-477c-b972-e70fe0d031ab/name HTTP/1.1
User-Agent: selenium/4.1.2 (java windows)
Cache-Control: no-cache
Content-Type: application/json; charset=utf-8
host: localhost:63968
accept: */*

Response DefaultHttpResponse(decodeResult: success, version: HTTP/1.1)
HTTP/1.1 200 OK
Content-Type: application/json; charset=utf-8
cache-control: no-cache
content-length: 13

00:34:44.991 [AsyncHttpClient-1-2] DEBUG org.asynchttpclient.netty.channel.ChannelManager - Adding key: http://localhost:63968 for channel [id: 0xcbcdbdc7, L:/127.0.0.1:64521 - R:localhost/127.0.0.1:63968]
00:34:45.006 [Forwarding getElementTagName on session 924a0e66ae2a3521b1c621a9432cb67a to remote] DEBUG org.asynchttpclient.netty.request.NettyRequestSender - Using pooled Channel '[id: 0xcbcdbdc7, L:/127.0.0.1:64521 - R:localhost/127.0.0.1:63968]' for 'GET' to 'http://localhost:63968/session/924a0e66ae2a3521b1c621a9432cb67a/element/07e57689-eafd-477c-b972-e70fe0d031ab/name'
00:34:45.006 [Forwarding getElementTagName on session 924a0e66ae2a3521b1c621a9432cb67a to remote] DEBUG org.asynchttpclient.netty.request.NettyRequestSender - Using open Channel [id: 0xcbcdbdc7, L:/127.0.0.1:64521 - R:localhost/127.0.0.1:63968] for GET '/session/924a0e66ae2a3521b1c621a9432cb67a/element/07e57689-eafd-477c-b972-e70fe0d031ab/name'
00:34:45.035 [AsyncHttpClient-1-2] DEBUG org.asynchttpclient.netty.handler.HttpHandler - 

Request DefaultFullHttpRequest(decodeResult: success, version: HTTP/1.1, content: EmptyByteBufBE)
GET /session/924a0e66ae2a3521b1c621a9432cb67a/element/07e57689-eafd-477c-b972-e70fe0d031ab/name HTTP/1.1
User-Agent: selenium/4.1.2 (java windows)
Cache-Control: no-cache
Content-Type: application/json; charset=utf-8
host: localhost:63968
accept: */*

Response DefaultHttpResponse(decodeResult: success, version: HTTP/1.1)
HTTP/1.1 200 OK
Content-Type: application/json; charset=utf-8
cache-control: no-cache
content-length: 13

00:34:45.035 [AsyncHttpClient-1-2] DEBUG org.asynchttpclient.netty.channel.ChannelManager - Adding key: http://localhost:63968 for channel [id: 0xcbcdbdc7, L:/127.0.0.1:64521 - R:localhost/127.0.0.1:63968]
00:34:45.066 [Forwarding findElement on session 924a0e66ae2a3521b1c621a9432cb67a to remote] DEBUG org.asynchttpclient.netty.request.NettyRequestSender - Using pooled Channel '[id: 0xcbcdbdc7, L:/127.0.0.1:64521 - R:localhost/127.0.0.1:63968]' for 'POST' to 'http://localhost:63968/session/924a0e66ae2a3521b1c621a9432cb67a/element'
00:34:45.066 [Forwarding findElement on session 924a0e66ae2a3521b1c621a9432cb67a to remote] DEBUG org.asynchttpclient.netty.request.NettyRequestSender - Using open Channel [id: 0xcbcdbdc7, L:/127.0.0.1:64521 - R:localhost/127.0.0.1:63968] for POST '/session/924a0e66ae2a3521b1c621a9432cb67a/element'
00:34:45.087 [AsyncHttpClient-1-2] DEBUG org.asynchttpclient.netty.handler.HttpHandler - 

Request DefaultHttpRequest(decodeResult: success, version: HTTP/1.1)
POST /session/924a0e66ae2a3521b1c621a9432cb67a/element HTTP/1.1
User-Agent: selenium/4.1.2 (java windows)
Content-Length: 128
Content-Type: application/json; charset=utf-8
host: localhost:63968
accept: */*

Response DefaultHttpResponse(decodeResult: success, version: HTTP/1.1)
HTTP/1.1 200 OK
Content-Type: application/json; charset=utf-8
cache-control: no-cache
content-length: 88

00:34:45.087 [AsyncHttpClient-1-2] DEBUG org.asynchttpclient.netty.channel.ChannelManager - Adding key: http://localhost:63968 for channel [id: 0xcbcdbdc7, L:/127.0.0.1:64521 - R:localhost/127.0.0.1:63968]
00:34:45.087 [Forwarding clickElement on session 924a0e66ae2a3521b1c621a9432cb67a to remote] DEBUG org.asynchttpclient.netty.request.NettyRequestSender - Using pooled Channel '[id: 0xcbcdbdc7, L:/127.0.0.1:64521 - R:localhost/127.0.0.1:63968]' for 'POST' to 'http://localhost:63968/session/924a0e66ae2a3521b1c621a9432cb67a/element/07e57689-eafd-477c-b972-e70fe0d031ab/click'
00:34:45.087 [Forwarding clickElement on session 924a0e66ae2a3521b1c621a9432cb67a to remote] DEBUG org.asynchttpclient.netty.request.NettyRequestSender - Using open Channel [id: 0xcbcdbdc7, L:/127.0.0.1:64521 - R:localhost/127.0.0.1:63968] for POST '/session/924a0e66ae2a3521b1c621a9432cb67a/element/07e57689-eafd-477c-b972-e70fe0d031ab/click'
00:34:45.239 [AsyncHttpClient-1-2] DEBUG org.asynchttpclient.netty.handler.HttpHandler - 

Request DefaultHttpRequest(decodeResult: success, version: HTTP/1.1)
POST /session/924a0e66ae2a3521b1c621a9432cb67a/element/07e57689-eafd-477c-b972-e70fe0d031ab/click HTTP/1.1
User-Agent: selenium/4.1.2 (java windows)
Content-Length: 50
Content-Type: application/json; charset=utf-8
host: localhost:63968
accept: */*

Response DefaultHttpResponse(decodeResult: success, version: HTTP/1.1)
HTTP/1.1 200 OK
Content-Type: application/json; charset=utf-8
cache-control: no-cache
content-length: 14

00:34:45.239 [AsyncHttpClient-1-2] DEBUG org.asynchttpclient.netty.channel.ChannelManager - Adding key: http://localhost:63968 for channel [id: 0xcbcdbdc7, L:/127.0.0.1:64521 - R:localhost/127.0.0.1:63968]
00:34:45.251 [Forwarding screenshot on session 924a0e66ae2a3521b1c621a9432cb67a to remote] DEBUG org.asynchttpclient.netty.request.NettyRequestSender - Using pooled Channel '[id: 0xcbcdbdc7, L:/127.0.0.1:64521 - R:localhost/127.0.0.1:63968]' for 'GET' to 'http://localhost:63968/session/924a0e66ae2a3521b1c621a9432cb67a/screenshot'
00:34:45.252 [Forwarding screenshot on session 924a0e66ae2a3521b1c621a9432cb67a to remote] DEBUG org.asynchttpclient.netty.request.NettyRequestSender - Using open Channel [id: 0xcbcdbdc7, L:/127.0.0.1:64521 - R:localhost/127.0.0.1:63968] for GET '/session/924a0e66ae2a3521b1c621a9432cb67a/screenshot'
00:34:45.466 [AsyncHttpClient-1-1] DEBUG org.asynchttpclient.netty.channel.DefaultChannelPool - Entry count for : http://localhost:64522 : 1
00:34:45.707 [AsyncHttpClient-1-2] DEBUG org.asynchttpclient.netty.handler.HttpHandler - 

Request DefaultFullHttpRequest(decodeResult: success, version: HTTP/1.1, content: EmptyByteBufBE)
GET /session/924a0e66ae2a3521b1c621a9432cb67a/screenshot HTTP/1.1
User-Agent: selenium/4.1.2 (java windows)
Cache-Control: no-cache
Content-Type: application/json; charset=utf-8
host: localhost:63968
accept: */*

Response DefaultHttpResponse(decodeResult: success, version: HTTP/1.1)
HTTP/1.1 200 OK
Content-Type: application/json; charset=utf-8
cache-control: no-cache
content-length: 88848

00:34:45.709 [AsyncHttpClient-1-2] DEBUG org.asynchttpclient.netty.channel.ChannelManager - Adding key: http://localhost:63968 for channel [id: 0xcbcdbdc7, L:/127.0.0.1:64521 - R:localhost/127.0.0.1:63968]
00:34:45.719 [main] DEBUG net.serenitybdd.core.photography.Darkroom - Send negative for processing for target\site\serenity\e865c9c683fb039b8e318ffd6fd0f1b36c2ee90b7c1dd546bfd75239de84c5eb.png
00:34:45.719 [main] DEBUG net.thucydides.core.steps.StepInterceptor - STEP DONE: clickIconButton
  &amp#27;[32mAnd &amp#27;[0m&amp#27;[32mI click button icon&amp#27;[0m                    &amp#27;[90m# starter.stepdefinitions.LogoutSteps.iClickButtonIcon()&amp#27;[0m
00:34:45.719 [Darkroom Processing Line] DEBUG net.serenitybdd.core.photography.DarkroomProcessingLine - Processing screenshot image in /var/screenshots/screenshot-12358431836855542590
00:34:45.720 [Darkroom Processing Line] DEBUG net.serenitybdd.core.photography.DarkroomProcessingLine - Saving screenshot to target\site\serenity\e865c9c683fb039b8e318ffd6fd0f1b36c2ee90b7c1dd546bfd75239de84c5eb.png
00:34:45.751 [main] DEBUG net.thucydides.core.steps.StepInterceptor - STARTING STEP: LogoutSteps.iClickButtonLogout - clickLogoutButton
00:34:45.758 [Forwarding findElement on session 924a0e66ae2a3521b1c621a9432cb67a to remote] DEBUG org.asynchttpclient.netty.request.NettyRequestSender - Using pooled Channel '[id: 0xcbcdbdc7, L:/127.0.0.1:64521 - R:localhost/127.0.0.1:63968]' for 'POST' to 'http://localhost:63968/session/924a0e66ae2a3521b1c621a9432cb67a/element'
00:34:45.758 [Forwarding findElement on session 924a0e66ae2a3521b1c621a9432cb67a to remote] DEBUG org.asynchttpclient.netty.request.NettyRequestSender - Using open Channel [id: 0xcbcdbdc7, L:/127.0.0.1:64521 - R:localhost/127.0.0.1:63968] for POST '/session/924a0e66ae2a3521b1c621a9432cb67a/element'
00:34:45.798 [AsyncHttpClient-1-2] DEBUG org.asynchttpclient.netty.handler.HttpHandler - 

Request DefaultHttpRequest(decodeResult: success, version: HTTP/1.1)
POST /session/924a0e66ae2a3521b1c621a9432cb67a/element HTTP/1.1
User-Agent: selenium/4.1.2 (java windows)
Content-Length: 86
Content-Type: application/json; charset=utf-8
host: localhost:63968
accept: */*

Response DefaultHttpResponse(decodeResult: success, version: HTTP/1.1)
HTTP/1.1 200 OK
Content-Type: application/json; charset=utf-8
cache-control: no-cache
content-length: 88

00:34:45.798 [AsyncHttpClient-1-2] DEBUG org.asynchttpclient.netty.channel.ChannelManager - Adding key: http://localhost:63968 for channel [id: 0xcbcdbdc7, L:/127.0.0.1:64521 - R:localhost/127.0.0.1:63968]
00:34:45.801 [Forwarding getElementTagName on session 924a0e66ae2a3521b1c621a9432cb67a to remote] DEBUG org.asynchttpclient.netty.request.NettyRequestSender - Using pooled Channel '[id: 0xcbcdbdc7, L:/127.0.0.1:64521 - R:localhost/127.0.0.1:63968]' for 'GET' to 'http://localhost:63968/session/924a0e66ae2a3521b1c621a9432cb67a/element/eb57f9aa-2bd0-4ab8-9acd-a6eb5561ce8c/name'
00:34:45.801 [Forwarding getElementTagName on session 924a0e66ae2a3521b1c621a9432cb67a to remote] DEBUG org.asynchttpclient.netty.request.NettyRequestSender - Using open Channel [id: 0xcbcdbdc7, L:/127.0.0.1:64521 - R:localhost/127.0.0.1:63968] for GET '/session/924a0e66ae2a3521b1c621a9432cb67a/element/eb57f9aa-2bd0-4ab8-9acd-a6eb5561ce8c/name'
00:34:45.809 [AsyncHttpClient-1-2] DEBUG org.asynchttpclient.netty.handler.HttpHandler - 

Request DefaultFullHttpRequest(decodeResult: success, version: HTTP/1.1, content: EmptyByteBufBE)
GET /session/924a0e66ae2a3521b1c621a9432cb67a/element/eb57f9aa-2bd0-4ab8-9acd-a6eb5561ce8c/name HTTP/1.1
User-Agent: selenium/4.1.2 (java windows)
Cache-Control: no-cache
Content-Type: application/json; charset=utf-8
host: localhost:63968
accept: */*

Response DefaultHttpResponse(decodeResult: success, version: HTTP/1.1)
HTTP/1.1 200 OK
Content-Type: application/json; charset=utf-8
cache-control: no-cache
content-length: 15

00:34:45.809 [AsyncHttpClient-1-2] DEBUG org.asynchttpclient.netty.channel.ChannelManager - Adding key: http://localhost:63968 for channel [id: 0xcbcdbdc7, L:/127.0.0.1:64521 - R:localhost/127.0.0.1:63968]
00:34:45.812 [Forwarding getElementTagName on session 924a0e66ae2a3521b1c621a9432cb67a to remote] DEBUG org.asynchttpclient.netty.request.NettyRequestSender - Using pooled Channel '[id: 0xcbcdbdc7, L:/127.0.0.1:64521 - R:localhost/127.0.0.1:63968]' for 'GET' to 'http://localhost:63968/session/924a0e66ae2a3521b1c621a9432cb67a/element/eb57f9aa-2bd0-4ab8-9acd-a6eb5561ce8c/name'
00:34:45.812 [Forwarding getElementTagName on session 924a0e66ae2a3521b1c621a9432cb67a to remote] DEBUG org.asynchttpclient.netty.request.NettyRequestSender - Using open Channel [id: 0xcbcdbdc7, L:/127.0.0.1:64521 - R:localhost/127.0.0.1:63968] for GET '/session/924a0e66ae2a3521b1c621a9432cb67a/element/eb57f9aa-2bd0-4ab8-9acd-a6eb5561ce8c/name'
00:34:45.814 [AsyncHttpClient-1-2] DEBUG org.asynchttpclient.netty.handler.HttpHandler - 

Request DefaultFullHttpRequest(decodeResult: success, version: HTTP/1.1, content: EmptyByteBufBE)
GET /session/924a0e66ae2a3521b1c621a9432cb67a/element/eb57f9aa-2bd0-4ab8-9acd-a6eb5561ce8c/name HTTP/1.1
User-Agent: selenium/4.1.2 (java windows)
Cache-Control: no-cache
Content-Type: application/json; charset=utf-8
host: localhost:63968
accept: */*

Response DefaultHttpResponse(decodeResult: success, version: HTTP/1.1)
HTTP/1.1 200 OK
Content-Type: application/json; charset=utf-8
cache-control: no-cache
content-length: 15

00:34:45.814 [AsyncHttpClient-1-2] DEBUG org.asynchttpclient.netty.channel.ChannelManager - Adding key: http://localhost:63968 for channel [id: 0xcbcdbdc7, L:/127.0.0.1:64521 - R:localhost/127.0.0.1:63968]
00:34:45.814 [Forwarding findElement on session 924a0e66ae2a3521b1c621a9432cb67a to remote] DEBUG org.asynchttpclient.netty.request.NettyRequestSender - Using pooled Channel '[id: 0xcbcdbdc7, L:/127.0.0.1:64521 - R:localhost/127.0.0.1:63968]' for 'POST' to 'http://localhost:63968/session/924a0e66ae2a3521b1c621a9432cb67a/element'
00:34:45.814 [Forwarding findElement on session 924a0e66ae2a3521b1c621a9432cb67a to remote] DEBUG org.asynchttpclient.netty.request.NettyRequestSender - Using open Channel [id: 0xcbcdbdc7, L:/127.0.0.1:64521 - R:localhost/127.0.0.1:63968] for POST '/session/924a0e66ae2a3521b1c621a9432cb67a/element'
00:34:45.841 [AsyncHttpClient-1-2] DEBUG org.asynchttpclient.netty.handler.HttpHandler - 

Request DefaultHttpRequest(decodeResult: success, version: HTTP/1.1)
POST /session/924a0e66ae2a3521b1c621a9432cb67a/element HTTP/1.1
User-Agent: selenium/4.1.2 (java windows)
Content-Length: 86
Content-Type: application/json; charset=utf-8
host: localhost:63968
accept: */*

Response DefaultHttpResponse(decodeResult: success, version: HTTP/1.1)
HTTP/1.1 200 OK
Content-Type: application/json; charset=utf-8
cache-control: no-cache
content-length: 88

00:34:45.841 [AsyncHttpClient-1-2] DEBUG org.asynchttpclient.netty.channel.ChannelManager - Adding key: http://localhost:63968 for channel [id: 0xcbcdbdc7, L:/127.0.0.1:64521 - R:localhost/127.0.0.1:63968]
00:34:45.841 [Forwarding clickElement on session 924a0e66ae2a3521b1c621a9432cb67a to remote] DEBUG org.asynchttpclient.netty.request.NettyRequestSender - Using pooled Channel '[id: 0xcbcdbdc7, L:/127.0.0.1:64521 - R:localhost/127.0.0.1:63968]' for 'POST' to 'http://localhost:63968/session/924a0e66ae2a3521b1c621a9432cb67a/element/eb57f9aa-2bd0-4ab8-9acd-a6eb5561ce8c/click'
00:34:45.841 [Forwarding clickElement on session 924a0e66ae2a3521b1c621a9432cb67a to remote] DEBUG org.asynchttpclient.netty.request.NettyRequestSender - Using open Channel [id: 0xcbcdbdc7, L:/127.0.0.1:64521 - R:localhost/127.0.0.1:63968] for POST '/session/924a0e66ae2a3521b1c621a9432cb67a/element/eb57f9aa-2bd0-4ab8-9acd-a6eb5561ce8c/click'
00:34:45.961 [AsyncHttpClient-1-2] DEBUG org.asynchttpclient.netty.handler.HttpHandler - 

Request DefaultHttpRequest(decodeResult: success, version: HTTP/1.1)
POST /session/924a0e66ae2a3521b1c621a9432cb67a/element/eb57f9aa-2bd0-4ab8-9acd-a6eb5561ce8c/click HTTP/1.1
User-Agent: selenium/4.1.2 (java windows)
Content-Length: 50
Content-Type: application/json; charset=utf-8
host: localhost:63968
accept: */*

Response DefaultHttpResponse(decodeResult: success, version: HTTP/1.1)
HTTP/1.1 200 OK
Content-Type: application/json; charset=utf-8
cache-control: no-cache
content-length: 14

00:34:45.962 [AsyncHttpClient-1-2] DEBUG org.asynchttpclient.netty.channel.ChannelManager - Adding key: http://localhost:63968 for channel [id: 0xcbcdbdc7, L:/127.0.0.1:64521 - R:localhost/127.0.0.1:63968]
00:34:45.976 [Forwarding screenshot on session 924a0e66ae2a3521b1c621a9432cb67a to remote] DEBUG org.asynchttpclient.netty.request.NettyRequestSender - Using pooled Channel '[id: 0xcbcdbdc7, L:/127.0.0.1:64521 - R:localhost/127.0.0.1:63968]' for 'GET' to 'http://localhost:63968/session/924a0e66ae2a3521b1c621a9432cb67a/screenshot'
00:34:45.976 [Forwarding screenshot on session 924a0e66ae2a3521b1c621a9432cb67a to remote] DEBUG org.asynchttpclient.netty.request.NettyRequestSender - Using open Channel [id: 0xcbcdbdc7, L:/127.0.0.1:64521 - R:localhost/127.0.0.1:63968] for GET '/session/924a0e66ae2a3521b1c621a9432cb67a/screenshot'
00:34:46.357 [AsyncHttpClient-1-2] DEBUG org.asynchttpclient.netty.handler.HttpHandler - 

Request DefaultFullHttpRequest(decodeResult: success, version: HTTP/1.1, content: EmptyByteBufBE)
GET /session/924a0e66ae2a3521b1c621a9432cb67a/screenshot HTTP/1.1
User-Agent: selenium/4.1.2 (java windows)
Cache-Control: no-cache
Content-Type: application/json; charset=utf-8
host: localhost:63968
accept: */*

Response DefaultHttpResponse(decodeResult: success, version: HTTP/1.1)
HTTP/1.1 200 OK
Content-Type: application/json; charset=utf-8
cache-control: no-cache
content-length: 88148

00:34:46.358 [AsyncHttpClient-1-2] DEBUG org.asynchttpclient.netty.channel.ChannelManager - Adding key: http://localhost:63968 for channel [id: 0xcbcdbdc7, L:/127.0.0.1:64521 - R:localhost/127.0.0.1:63968]
00:34:46.365 [main] DEBUG net.serenitybdd.core.photography.Darkroom - Send negative for processing for target\site\serenity\908e30ca716cf615e0e6f603bb365e232503198c38018a0d7409a968556dc9dd.png
00:34:46.366 [main] DEBUG net.thucydides.core.steps.StepInterceptor - STEP DONE: clickLogoutButton
  &amp#27;[32mAnd &amp#27;[0m&amp#27;[32mI click button logout&amp#27;[0m                  &amp#27;[90m# starter.stepdefinitions.LogoutSteps.iClickButtonLogout()&amp#27;[0m
00:34:46.383 [Forwarding get on session 924a0e66ae2a3521b1c621a9432cb67a to remote] DEBUG org.asynchttpclient.netty.request.NettyRequestSender - Using pooled Channel '[id: 0xcbcdbdc7, L:/127.0.0.1:64521 - R:localhost/127.0.0.1:63968]' for 'POST' to 'http://localhost:63968/session/924a0e66ae2a3521b1c621a9432cb67a/url'
00:34:46.383 [Forwarding get on session 924a0e66ae2a3521b1c621a9432cb67a to remote] DEBUG org.asynchttpclient.netty.request.NettyRequestSender - Using open Channel [id: 0xcbcdbdc7, L:/127.0.0.1:64521 - R:localhost/127.0.0.1:63968] for POST '/session/924a0e66ae2a3521b1c621a9432cb67a/url'
00:34:46.386 [Darkroom Processing Line] DEBUG net.serenitybdd.core.photography.DarkroomProcessingLine - Processing screenshot image in /var/screenshots/screenshot-2972991326485745306
00:34:46.386 [Darkroom Processing Line] DEBUG net.serenitybdd.core.photography.DarkroomProcessingLine - Saving screenshot to target\site\serenity\908e30ca716cf615e0e6f603bb365e232503198c38018a0d7409a968556dc9dd.png
00:34:46.550 [AsyncHttpClient-1-1] DEBUG org.asynchttpclient.netty.channel.DefaultChannelPool - Entry count for : http://localhost:64522 : 1
00:34:47.659 [AsyncHttpClient-1-1] DEBUG org.asynchttpclient.netty.channel.DefaultChannelPool - Entry count for : http://localhost:64522 : 1
00:34:47.910 [AsyncHttpClient-1-2] DEBUG org.asynchttpclient.netty.handler.HttpHandler - 

Request DefaultHttpRequest(decodeResult: success, version: HTTP/1.1)
POST /session/924a0e66ae2a3521b1c621a9432cb67a/url HTTP/1.1
User-Agent: selenium/4.1.2 (java windows)
Content-Length: 64
Content-Type: application/json; charset=utf-8
host: localhost:63968
accept: */*

Response DefaultHttpResponse(decodeResult: success, version: HTTP/1.1)
HTTP/1.1 200 OK
Content-Type: application/json; charset=utf-8
cache-control: no-cache
content-length: 14

00:34:47.911 [AsyncHttpClient-1-2] DEBUG org.asynchttpclient.netty.channel.ChannelManager - Adding key: http://localhost:63968 for channel [id: 0xcbcdbdc7, L:/127.0.0.1:64521 - R:localhost/127.0.0.1:63968]
00:34:47.915 [Forwarding getCurrentUrl on session 924a0e66ae2a3521b1c621a9432cb67a to remote] DEBUG org.asynchttpclient.netty.request.NettyRequestSender - Using pooled Channel '[id: 0xcbcdbdc7, L:/127.0.0.1:64521 - R:localhost/127.0.0.1:63968]' for 'GET' to 'http://localhost:63968/session/924a0e66ae2a3521b1c621a9432cb67a/url'
00:34:47.916 [Forwarding getCurrentUrl on session 924a0e66ae2a3521b1c621a9432cb67a to remote] DEBUG org.asynchttpclient.netty.request.NettyRequestSender - Using open Channel [id: 0xcbcdbdc7, L:/127.0.0.1:64521 - R:localhost/127.0.0.1:63968] for GET '/session/924a0e66ae2a3521b1c621a9432cb67a/url'
00:34:47.943 [AsyncHttpClient-1-2] DEBUG org.asynchttpclient.netty.handler.HttpHandler - 

Request DefaultFullHttpRequest(decodeResult: success, version: HTTP/1.1, content: EmptyByteBufBE)
GET /session/924a0e66ae2a3521b1c621a9432cb67a/url HTTP/1.1
User-Agent: selenium/4.1.2 (java windows)
Cache-Control: no-cache
Content-Type: application/json; charset=utf-8
host: localhost:63968
accept: */*

Response DefaultHttpResponse(decodeResult: success, version: HTTP/1.1)
HTTP/1.1 200 OK
Content-Type: application/json; charset=utf-8
cache-control: no-cache
content-length: 41

00:34:47.943 [AsyncHttpClient-1-2] DEBUG org.asynchttpclient.netty.channel.ChannelManager - Adding key: http://localhost:63968 for channel [id: 0xcbcdbdc7, L:/127.0.0.1:64521 - R:localhost/127.0.0.1:63968]
  &amp#27;[32mThen &amp#27;[0m&amp#27;[32mI go to login page&amp#27;[0m                    &amp#27;[90m# starter.stepdefinitions.RegisterSteps.iGoToLoginPage()&amp#27;[0m
00:34:47.957 [Forwarding screenshot on session 924a0e66ae2a3521b1c621a9432cb67a to remote] DEBUG org.asynchttpclient.netty.request.NettyRequestSender - Using pooled Channel '[id: 0xcbcdbdc7, L:/127.0.0.1:64521 - R:localhost/127.0.0.1:63968]' for 'GET' to 'http://localhost:63968/session/924a0e66ae2a3521b1c621a9432cb67a/screenshot'
00:34:47.957 [Forwarding screenshot on session 924a0e66ae2a3521b1c621a9432cb67a to remote] DEBUG org.asynchttpclient.netty.request.NettyRequestSender - Using open Channel [id: 0xcbcdbdc7, L:/127.0.0.1:64521 - R:localhost/127.0.0.1:63968] for GET '/session/924a0e66ae2a3521b1c621a9432cb67a/screenshot'
00:34:48.183 [AsyncHttpClient-1-2] DEBUG org.asynchttpclient.netty.handler.HttpHandler - 

Request DefaultFullHttpRequest(decodeResult: success, version: HTTP/1.1, content: EmptyByteBufBE)
GET /session/924a0e66ae2a3521b1c621a9432cb67a/screenshot HTTP/1.1
User-Agent: selenium/4.1.2 (java windows)
Cache-Control: no-cache
Content-Type: application/json; charset=utf-8
host: localhost:63968
accept: */*

Response DefaultHttpResponse(decodeResult: success, version: HTTP/1.1)
HTTP/1.1 200 OK
Content-Type: application/json; charset=utf-8
cache-control: no-cache
content-length: 24932

00:34:48.184 [AsyncHttpClient-1-2] DEBUG org.asynchttpclient.netty.channel.ChannelManager - Adding key: http://localhost:63968 for channel [id: 0xcbcdbdc7, L:/127.0.0.1:64521 - R:localhost/127.0.0.1:63968]
00:34:48.190 [main] DEBUG net.serenitybdd.core.photography.Darkroom - Send negative for processing for target\site\serenity\f8c9cbda304c36ab10973408a596b38fb4a24e450cdf73decd928fa3729d77d2.png
00:34:48.194 [main] INFO  - 
  _____   ___   ___   _____     ___     _     ___   ___   ___   ___  
 |_   _| | __| / __| |_   _|   | _ \   /_\   / __| / __| | __| |   \ 
   | |   | _|  \__ \   | |     |  _/  / _ \  \__ \ \__ \ | _|  | |) |
   |_|   |___| |___/   |_|     |_|   /_/ \_\ |___/ |___/ |___| |___/ 

As a user I have to be able logout
----------------------------------------------------------------------
00:34:48.201 [AsyncHttpClient-1-4] DEBUG org.asynchttpclient.netty.handler.WebSocketHandler - Channel Closed: [id: 0x6f319cea, L:/127.0.0.1:64528 ! R:localhost/127.0.0.1:64522] with attribute NettyResponseFuture{currentRetry=5,
	isDone=1,
	isCancelled=0,
	asyncHandler=org.asynchttpclient.ws.WebSocketUpgradeHandler@3da066e,
	nettyRequest=org.asynchttpclient.netty.request.NettyRequest@75610170,
	future=java.util.concurrent.CompletableFuture@5e7d4863[Completed normally],
	uri=ws://localhost:64522/devtools/browser/f997b781-8215-4cf0-aa59-b9ce31bfcbe5,
	keepAlive=true,
	redirectCount=0,
	timeoutsHolder=null,
	inAuth=0,
	touch=1652636066485}
00:34:48.201 [AsyncHttpClient-1-4] DEBUG org.asynchttpclient.netty.channel.ChannelManager - Closing Channel [id: 0x6f319cea, L:/127.0.0.1:64528 ! R:localhost/127.0.0.1:64522] 
00:34:48.201 [Darkroom Processing Line] DEBUG net.serenitybdd.core.photography.DarkroomProcessingLine - Processing screenshot image in /var/screenshots/screenshot-12300818034756349978
00:34:48.201 [Darkroom Processing Line] DEBUG net.serenitybdd.core.photography.DarkroomProcessingLine - Saving screenshot to target\site\serenity\f8c9cbda304c36ab10973408a596b38fb4a24e450cdf73decd928fa3729d77d2.png
00:34:48.222 [Driver Command Executor] DEBUG org.asynchttpclient.netty.request.NettyRequestSender - Using pooled Channel '[id: 0xcbcdbdc7, L:/127.0.0.1:64521 - R:localhost/127.0.0.1:63968]' for 'DELETE' to 'http://localhost:63968/session/924a0e66ae2a3521b1c621a9432cb67a'
00:34:48.222 [Driver Command Executor] DEBUG org.asynchttpclient.netty.request.NettyRequestSender - Using open Channel [id: 0xcbcdbdc7, L:/127.0.0.1:64521 - R:localhost/127.0.0.1:63968] for DELETE '/session/924a0e66ae2a3521b1c621a9432cb67a'
00:34:48.778 [AsyncHttpClient-1-1] DEBUG org.asynchttpclient.netty.channel.DefaultChannelPool - Entry count for : http://localhost:64522 : 1
00:34:49.361 [AsyncHttpClient-1-3] DEBUG org.asynchttpclient.netty.handler.HttpHandler - Unexpected I/O exception on channel [id: 0xf0c4eb7c, L:/127.0.0.1:64527 - R:localhost/127.0.0.1:64522]
java.net.SocketException: Connection reset
	at java.base/sun.nio.ch.SocketChannelImpl.throwConnectionReset(SocketChannelImpl.java:367)
	at java.base/sun.nio.ch.SocketChannelImpl.read(SocketChannelImpl.java:398)
	at io.netty.buffer.PooledByteBuf.setBytes(PooledByteBuf.java:258)
	at io.netty.buffer.AbstractByteBuf.writeBytes(AbstractByteBuf.java:1132)
	at io.netty.channel.socket.nio.NioSocketChannel.doReadBytes(NioSocketChannel.java:350)
	at io.netty.channel.nio.AbstractNioByteChannel$NioByteUnsafe.read(AbstractNioByteChannel.java:151)
	at io.netty.channel.nio.NioEventLoop.processSelectedKey(NioEventLoop.java:722)
	at io.netty.channel.nio.NioEventLoop.processSelectedKeysOptimized(NioEventLoop.java:658)
	at io.netty.channel.nio.NioEventLoop.processSelectedKeys(NioEventLoop.java:584)
	at io.netty.channel.nio.NioEventLoop.run(NioEventLoop.java:496)
	at io.netty.util.concurrent.SingleThreadEventExecutor$4.run(SingleThreadEventExecutor.java:986)
	at io.netty.util.internal.ThreadExecutorMap$2.run(ThreadExecutorMap.java:74)
	at io.netty.util.concurrent.FastThreadLocalRunnable.run(FastThreadLocalRunnable.java:30)
	at java.base/java.lang.Thread.run(Thread.java:832)
00:34:49.361 [AsyncHttpClient-1-3] DEBUG org.asynchttpclient.netty.channel.ChannelManager - Closing Channel [id: 0xf0c4eb7c, L:/127.0.0.1:64527 - R:localhost/127.0.0.1:64522] 
00:34:49.361 [AsyncHttpClient-1-3] DEBUG org.asynchttpclient.netty.handler.HttpHandler - Channel Closed: [id: 0xf0c4eb7c, L:/127.0.0.1:64527 ! R:localhost/127.0.0.1:64522] with attribute DISCARD
00:34:49.392 [AsyncHttpClient-1-2] DEBUG org.asynchttpclient.netty.handler.HttpHandler - 

Request DefaultFullHttpRequest(decodeResult: success, version: HTTP/1.1, content: EmptyByteBufBE)
DELETE /session/924a0e66ae2a3521b1c621a9432cb67a HTTP/1.1
User-Agent: selenium/4.1.2 (java windows)
Content-Type: application/json; charset=utf-8
host: localhost:63968
accept: */*

Response DefaultHttpResponse(decodeResult: success, version: HTTP/1.1)
HTTP/1.1 200 OK
Content-Type: application/json; charset=utf-8
cache-control: no-cache
content-length: 14

00:34:49.392 [AsyncHttpClient-1-2] DEBUG org.asynchttpclient.netty.channel.ChannelManager - Adding key: http://localhost:63968 for channel [id: 0xcbcdbdc7, L:/127.0.0.1:64521 - R:localhost/127.0.0.1:63968]
00:34:49.754 [AsyncHttpClient-1-2] DEBUG org.asynchttpclient.netty.handler.HttpHandler - Channel Closed: [id: 0xcbcdbdc7, L:/127.0.0.1:64521 ! R:localhost/127.0.0.1:63968] with attribute DISCARD
00:34:49.847 [AsyncHttpClient-1-1] DEBUG org.asynchttpclient.netty.channel.DefaultChannelPool - Entry count for : http://localhost:63968 : 1
00:34:49.847 [AsyncHttpClient-1-1] DEBUG org.asynchttpclient.netty.channel.DefaultChannelPool - Entry count for : http://localhost:64522 : 1
00:34:49.847 [AsyncHttpClient-1-1] DEBUG org.asynchttpclient.netty.channel.DefaultChannelPool - Adding Candidate expired Channel [id: 0xcbcdbdc7, L:/127.0.0.1:64521 ! R:localhost/127.0.0.1:63968] isIdleTimeoutExpired=false isRemotelyClosed=true isTtlExpired=false
00:34:49.847 [AsyncHttpClient-1-1] DEBUG org.asynchttpclient.netty.channel.DefaultChannelPool - Closing Idle Channel [id: 0xcbcdbdc7, L:/127.0.0.1:64521 ! R:localhost/127.0.0.1:63968]
00:34:49.847 [AsyncHttpClient-1-1] DEBUG org.asynchttpclient.netty.channel.DefaultChannelPool - Adding Candidate expired Channel [id: 0xf0c4eb7c, L:/127.0.0.1:64527 ! R:localhost/127.0.0.1:64522] isIdleTimeoutExpired=false isRemotelyClosed=true isTtlExpired=false
00:34:49.847 [AsyncHttpClient-1-1] DEBUG org.asynchttpclient.netty.channel.DefaultChannelPool - Closing Idle Channel [id: 0xf0c4eb7c, L:/127.0.0.1:64527 ! R:localhost/127.0.0.1:64522]
00:34:49.847 [AsyncHttpClient-1-1] DEBUG org.asynchttpclient.netty.channel.DefaultChannelPool - Closed 2 connections out of 2 in 0 ms
]]></system-out>
    <system-err><![CDATA[Starting ChromeDriver 101.0.4951.41 (93c720db8323b3ec10d056025ab95c23a31997c9-refs/branch-heads/4951@{#904}) on port 63968
Only local connections are allowed.
Please see https://chromedriver.chromium.org/security-considerations for suggestions on keeping ChromeDriver safe.
ChromeDriver was started successfully.
May 16, 2022 12:34:26 AM org.openqa.selenium.remote.ProtocolHandshake createSession
INFO: Detected dialect: W3C
May 16, 2022 12:34:26 AM org.openqa.selenium.devtools.CdpVersionFinder findNearestMatch
WARNING: Unable to find an exact match for CDP version 101, so returning the closest version found: 97
May 16, 2022 12:34:26 AM org.openqa.selenium.devtools.CdpVersionFinder findNearestMatch
INFO: Found CDP implementation for version 101 of 97
]]></system-err>
  </testcase>
  <testcase name="As a user I have to have product" classname="Order" time="25.828">
    <system-out><![CDATA[00:34:50.279 [main] INFO io.cucumber.core.plugin.SerenityReporter - Running feature from file:///D:/web-automation-using-serenity/src/test/resources/features/Order.feature
00:34:50.279 [main] DEBUG net.thucydides.core.steps.StepEventBus - Test suite started for story net.thucydides.core.model.Story@cc4b76a8
00:34:50.279 [main] INFO  - Test Suite Started: Order

Scenario: As a user I have to have product &amp#27;[90m# src/test/resources/features/Order.feature:5&amp#27;[0m
00:34:50.295 [main] INFO io.cucumber.core.plugin.SerenityReporter - Running feature from file:///D:/web-automation-using-serenity/src/test/resources/features/Order.feature
00:34:50.295 [main] INFO  - 
  _____   ___   ___   _____     ___   _____     _     ___   _____   ___   ___  
 |_   _| | __| / __| |_   _|   / __| |_   _|   /_\   | _ \ |_   _| | __| |   \ 
   | |   | _|  \__ \   | |     \__ \   | |    / _ \  |   /   | |   | _|  | |) |
   |_|   |___| |___/   |_|     |___/   |_|   /_/ \_\ |_|_\   |_|   |___| |___/ 

As a user I have to have product(order;as-a-user-i-have-to-have-product)
--------------------------------------------------------------------------------
00:34:50.357 [main] DEBUG net.thucydides.core.steps.StepInterceptor - STARTING STEP: LoginSteps.iAmOnTheLoginPage - openUrl
00:34:50.389 [main] INFO net.serenitybdd.core.webdriver.driverproviders.ChromeDriverProvider - Using automatically driver download
00:34:50.692 [main] DEBUG io.github.bonigarcia.wdm.cache.ResolutionCache - Resolution chrome=101 in cache (valid until 01:32:11 16/05/2022 WIB)
00:34:50.708 [main] DEBUG io.github.bonigarcia.wdm.cache.ResolutionCache - Resolution chrome101=101.0.4951.41 in cache (valid until 00:32:11 17/05/2022 WIB)
00:34:50.708 [main] INFO io.github.bonigarcia.wdm.WebDriverManager - Using chromedriver 101.0.4951.41 (resolved driver for Chrome 101)
00:34:50.723 [main] DEBUG io.github.bonigarcia.wdm.WebDriverManager - Driver chromedriver 101.0.4951.41 found in cache
00:34:50.723 [main] INFO io.github.bonigarcia.wdm.WebDriverManager - Exporting webdriver.chrome.driver as C:\Users\A\.cache\selenium\chromedriver\win32\101.0.4951.41\chromedriver.exe
00:34:50.976 [main] DEBUG net.serenitybdd.core.webdriver.driverproviders.ProvideNewDriver - Instantiating driver
00:34:50.976 [main] DEBUG net.serenitybdd.core.webdriver.driverproviders.ProvideNewDriver - Driver capabilities: Capabilities {acceptInsecureCerts: false, base.url: https://qa.alta.id, browserName: chrome, chrome.driver: src/test/resources/webdrive..., driver: chrome, goog:chromeOptions: {args: [], extensions: []}}
00:34:51.542 [AsyncHttpClient-1-5] DEBUG org.asynchttpclient.netty.channel.NettyConnectListener - Using new Channel '[id: 0xe04a7e20, L:/127.0.0.1:64551 - R:localhost/127.0.0.1:54080]' for 'POST' to '/session'
00:34:53.252 [AsyncHttpClient-1-5] DEBUG org.asynchttpclient.netty.handler.HttpHandler - 

Request DefaultHttpRequest(decodeResult: success, version: HTTP/1.1)
POST /session HTTP/1.1
User-Agent: selenium/4.1.2 (java windows)
Content-Length: 599
Content-Type: application/json; charset=utf-8
host: localhost:54080
accept: */*

Response DefaultHttpResponse(decodeResult: success, version: HTTP/1.1)
HTTP/1.1 200 OK
Content-Type: application/json; charset=utf-8
cache-control: no-cache
content-length: 783

00:34:53.252 [AsyncHttpClient-1-5] DEBUG org.asynchttpclient.netty.channel.ChannelManager - Adding key: http://localhost:54080 for channel [id: 0xe04a7e20, L:/127.0.0.1:64551 - R:localhost/127.0.0.1:54080]
00:34:53.284 [AsyncHttpClient-1-2] DEBUG org.asynchttpclient.netty.channel.NettyConnectListener - Using new Channel '[id: 0x923567ba, L:/127.0.0.1:64557 - R:localhost/127.0.0.1:64552]' for 'GET' to '/json/version'
00:34:53.296 [AsyncHttpClient-1-2] DEBUG org.asynchttpclient.netty.handler.HttpHandler - 

Request DefaultFullHttpRequest(decodeResult: success, version: HTTP/1.1, content: EmptyByteBufBE)
GET /json/version HTTP/1.1
User-Agent: selenium/4.1.2 (java windows)
host: localhost:64552
accept: */*

Response DefaultHttpResponse(decodeResult: success, version: HTTP/1.1)
HTTP/1.1 200 OK
Content-Type: application/json; charset=UTF-8
content-length: 427

00:34:53.297 [AsyncHttpClient-1-2] DEBUG org.asynchttpclient.netty.channel.ChannelManager - Adding key: http://localhost:64552 for channel [id: 0x923567ba, L:/127.0.0.1:64557 - R:localhost/127.0.0.1:64552]
00:34:53.301 [AsyncHttpClient-1-3] DEBUG org.asynchttpclient.netty.channel.NettyConnectListener - Using new Channel '[id: 0x9f8a1e10, L:/127.0.0.1:64558 - R:localhost/127.0.0.1:64552]' for 'GET' to '/devtools/browser/86a9e8c8-e484-42b2-8754-239740186071'
00:34:53.302 [AsyncHttpClient-1-3] DEBUG org.asynchttpclient.netty.handler.WebSocketHandler - 

Request DefaultFullHttpRequest(decodeResult: success, version: HTTP/1.1, content: EmptyByteBufBE)
GET /devtools/browser/86a9e8c8-e484-42b2-8754-239740186071 HTTP/1.1
upgrade: websocket
connection: upgrade
sec-websocket-key: 49eKGRROfnp/q3wlEi5trQ==
sec-websocket-version: 13
origin: http://localhost:64552
host: localhost:64552
accept: */*
user-agent: AHC/2.1

Response DefaultHttpResponse(decodeResult: success, version: HTTP/1.1)
HTTP/1.1 101 WebSocket Protocol Handshake
Upgrade: WebSocket
Connection: Upgrade
Sec-WebSocket-Accept: wJA5dWod5IllPgz4EEQlmLDqDr4=

00:34:53.317 [Forwarding maximizeCurrentWindow on session c1f3ade145e167046793a1b8d647d134 to remote] DEBUG org.asynchttpclient.netty.request.NettyRequestSender - Using pooled Channel '[id: 0xe04a7e20, L:/127.0.0.1:64551 - R:localhost/127.0.0.1:54080]' for 'POST' to 'http://localhost:54080/session/c1f3ade145e167046793a1b8d647d134/window/maximize'
00:34:53.317 [Forwarding maximizeCurrentWindow on session c1f3ade145e167046793a1b8d647d134 to remote] DEBUG org.asynchttpclient.netty.request.NettyRequestSender - Using open Channel [id: 0xe04a7e20, L:/127.0.0.1:64551 - R:localhost/127.0.0.1:54080] for POST '/session/c1f3ade145e167046793a1b8d647d134/window/maximize'
00:34:53.867 [AsyncHttpClient-1-5] DEBUG org.asynchttpclient.netty.handler.HttpHandler - 

Request DefaultHttpRequest(decodeResult: success, version: HTTP/1.1)
POST /session/c1f3ade145e167046793a1b8d647d134/window/maximize HTTP/1.1
User-Agent: selenium/4.1.2 (java windows)
Content-Length: 3
Content-Type: application/json; charset=utf-8
host: localhost:54080
accept: */*

Response DefaultHttpResponse(decodeResult: success, version: HTTP/1.1)
HTTP/1.1 200 OK
Content-Type: application/json; charset=utf-8
cache-control: no-cache
content-length: 51

00:34:53.867 [AsyncHttpClient-1-5] DEBUG org.asynchttpclient.netty.channel.ChannelManager - Adding key: http://localhost:54080 for channel [id: 0xe04a7e20, L:/127.0.0.1:64551 - R:localhost/127.0.0.1:54080]
00:34:53.871 [Forwarding get on session c1f3ade145e167046793a1b8d647d134 to remote] DEBUG org.asynchttpclient.netty.request.NettyRequestSender - Using pooled Channel '[id: 0xe04a7e20, L:/127.0.0.1:64551 - R:localhost/127.0.0.1:54080]' for 'POST' to 'http://localhost:54080/session/c1f3ade145e167046793a1b8d647d134/url'
00:34:53.871 [Forwarding get on session c1f3ade145e167046793a1b8d647d134 to remote] DEBUG org.asynchttpclient.netty.request.NettyRequestSender - Using open Channel [id: 0xe04a7e20, L:/127.0.0.1:64551 - R:localhost/127.0.0.1:54080] for POST '/session/c1f3ade145e167046793a1b8d647d134/url'
00:34:54.250 [AsyncHttpClient-1-1] DEBUG org.asynchttpclient.netty.channel.DefaultChannelPool - Entry count for : http://localhost:64552 : 1
00:34:55.344 [AsyncHttpClient-1-1] DEBUG org.asynchttpclient.netty.channel.DefaultChannelPool - Entry count for : http://localhost:64552 : 1
00:34:56.444 [AsyncHttpClient-1-1] DEBUG org.asynchttpclient.netty.channel.DefaultChannelPool - Entry count for : http://localhost:64552 : 1
00:34:56.964 [AsyncHttpClient-1-5] DEBUG org.asynchttpclient.netty.handler.HttpHandler - 

Request DefaultHttpRequest(decodeResult: success, version: HTTP/1.1)
POST /session/c1f3ade145e167046793a1b8d647d134/url HTTP/1.1
User-Agent: selenium/4.1.2 (java windows)
Content-Length: 64
Content-Type: application/json; charset=utf-8
host: localhost:54080
accept: */*

Response DefaultHttpResponse(decodeResult: success, version: HTTP/1.1)
HTTP/1.1 200 OK
Content-Type: application/json; charset=utf-8
cache-control: no-cache
content-length: 14

00:34:56.964 [AsyncHttpClient-1-5] DEBUG org.asynchttpclient.netty.channel.ChannelManager - Adding key: http://localhost:54080 for channel [id: 0xe04a7e20, L:/127.0.0.1:64551 - R:localhost/127.0.0.1:54080]
00:34:56.984 [Forwarding setTimeout on session c1f3ade145e167046793a1b8d647d134 to remote] DEBUG org.asynchttpclient.netty.request.NettyRequestSender - Using pooled Channel '[id: 0xe04a7e20, L:/127.0.0.1:64551 - R:localhost/127.0.0.1:54080]' for 'POST' to 'http://localhost:54080/session/c1f3ade145e167046793a1b8d647d134/timeouts'
00:34:56.984 [Forwarding setTimeout on session c1f3ade145e167046793a1b8d647d134 to remote] DEBUG org.asynchttpclient.netty.request.NettyRequestSender - Using open Channel [id: 0xe04a7e20, L:/127.0.0.1:64551 - R:localhost/127.0.0.1:54080] for POST '/session/c1f3ade145e167046793a1b8d647d134/timeouts'
00:34:57.015 [AsyncHttpClient-1-5] DEBUG org.asynchttpclient.netty.handler.HttpHandler - 

Request DefaultHttpRequest(decodeResult: success, version: HTTP/1.1)
POST /session/c1f3ade145e167046793a1b8d647d134/timeouts HTTP/1.1
User-Agent: selenium/4.1.2 (java windows)
Content-Length: 22
Content-Type: application/json; charset=utf-8
host: localhost:54080
accept: */*

Response DefaultHttpResponse(decodeResult: success, version: HTTP/1.1)
HTTP/1.1 200 OK
Content-Type: application/json; charset=utf-8
cache-control: no-cache
content-length: 14

00:34:57.016 [AsyncHttpClient-1-5] DEBUG org.asynchttpclient.netty.channel.ChannelManager - Adding key: http://localhost:54080 for channel [id: 0xe04a7e20, L:/127.0.0.1:64551 - R:localhost/127.0.0.1:54080]
00:34:57.035 [Forwarding getCurrentUrl on session c1f3ade145e167046793a1b8d647d134 to remote] DEBUG org.asynchttpclient.netty.request.NettyRequestSender - Using pooled Channel '[id: 0xe04a7e20, L:/127.0.0.1:64551 - R:localhost/127.0.0.1:54080]' for 'GET' to 'http://localhost:54080/session/c1f3ade145e167046793a1b8d647d134/url'
00:34:57.035 [Forwarding getCurrentUrl on session c1f3ade145e167046793a1b8d647d134 to remote] DEBUG org.asynchttpclient.netty.request.NettyRequestSender - Using open Channel [id: 0xe04a7e20, L:/127.0.0.1:64551 - R:localhost/127.0.0.1:54080] for GET '/session/c1f3ade145e167046793a1b8d647d134/url'
00:34:57.049 [AsyncHttpClient-1-5] DEBUG org.asynchttpclient.netty.handler.HttpHandler - 

Request DefaultFullHttpRequest(decodeResult: success, version: HTTP/1.1, content: EmptyByteBufBE)
GET /session/c1f3ade145e167046793a1b8d647d134/url HTTP/1.1
User-Agent: selenium/4.1.2 (java windows)
Cache-Control: no-cache
Content-Type: application/json; charset=utf-8
host: localhost:54080
accept: */*

Response DefaultHttpResponse(decodeResult: success, version: HTTP/1.1)
HTTP/1.1 200 OK
Content-Type: application/json; charset=utf-8
cache-control: no-cache
content-length: 41

00:34:57.050 [AsyncHttpClient-1-5] DEBUG org.asynchttpclient.netty.channel.ChannelManager - Adding key: http://localhost:54080 for channel [id: 0xe04a7e20, L:/127.0.0.1:64551 - R:localhost/127.0.0.1:54080]
00:34:57.058 [main] DEBUG net.serenitybdd.core.photography.Darkroom - Opening darkroom
00:34:57.058 [Forwarding screenshot on session c1f3ade145e167046793a1b8d647d134 to remote] DEBUG org.asynchttpclient.netty.request.NettyRequestSender - Using pooled Channel '[id: 0xe04a7e20, L:/127.0.0.1:64551 - R:localhost/127.0.0.1:54080]' for 'GET' to 'http://localhost:54080/session/c1f3ade145e167046793a1b8d647d134/screenshot'
00:34:57.058 [Forwarding screenshot on session c1f3ade145e167046793a1b8d647d134 to remote] DEBUG org.asynchttpclient.netty.request.NettyRequestSender - Using open Channel [id: 0xe04a7e20, L:/127.0.0.1:64551 - R:localhost/127.0.0.1:54080] for GET '/session/c1f3ade145e167046793a1b8d647d134/screenshot'
00:34:57.085 [Darkroom Processing Line] DEBUG net.serenitybdd.core.photography.DarkroomProcessingLine - Darkroom processing line starting up
00:34:57.243 [AsyncHttpClient-1-5] DEBUG org.asynchttpclient.netty.handler.HttpHandler - 

Request DefaultFullHttpRequest(decodeResult: success, version: HTTP/1.1, content: EmptyByteBufBE)
GET /session/c1f3ade145e167046793a1b8d647d134/screenshot HTTP/1.1
User-Agent: selenium/4.1.2 (java windows)
Cache-Control: no-cache
Content-Type: application/json; charset=utf-8
host: localhost:54080
accept: */*

Response DefaultHttpResponse(decodeResult: success, version: HTTP/1.1)
HTTP/1.1 200 OK
Content-Type: application/json; charset=utf-8
cache-control: no-cache
content-length: 24984

00:34:57.244 [AsyncHttpClient-1-5] DEBUG org.asynchttpclient.netty.channel.ChannelManager - Adding key: http://localhost:54080 for channel [id: 0xe04a7e20, L:/127.0.0.1:64551 - R:localhost/127.0.0.1:54080]
00:34:57.250 [main] DEBUG net.serenitybdd.core.photography.Darkroom - Send negative for processing for target\site\serenity\5279a2677f51cd42d80df4d0bf105786ca0efdec9c31dd310d9911ecf03761b4.png
00:34:57.250 [main] DEBUG net.thucydides.core.steps.StepInterceptor - STEP DONE: openUrl
00:34:57.260 [main] DEBUG net.thucydides.core.steps.StepInterceptor - STARTING STEP: LoginSteps.iAmOnTheLoginPage - validateOnLoginPage
00:34:57.260 [Forwarding findElement on session c1f3ade145e167046793a1b8d647d134 to remote] DEBUG org.asynchttpclient.netty.request.NettyRequestSender - Using pooled Channel '[id: 0xe04a7e20, L:/127.0.0.1:64551 - R:localhost/127.0.0.1:54080]' for 'POST' to 'http://localhost:54080/session/c1f3ade145e167046793a1b8d647d134/element'
00:34:57.260 [Forwarding findElement on session c1f3ade145e167046793a1b8d647d134 to remote] DEBUG org.asynchttpclient.netty.request.NettyRequestSender - Using open Channel [id: 0xe04a7e20, L:/127.0.0.1:64551 - R:localhost/127.0.0.1:54080] for POST '/session/c1f3ade145e167046793a1b8d647d134/element'
00:34:57.292 [AsyncHttpClient-1-5] DEBUG org.asynchttpclient.netty.handler.HttpHandler - 

Request DefaultHttpRequest(decodeResult: success, version: HTTP/1.1)
POST /session/c1f3ade145e167046793a1b8d647d134/element HTTP/1.1
User-Agent: selenium/4.1.2 (java windows)
Content-Length: 165
Content-Type: application/json; charset=utf-8
host: localhost:54080
accept: */*

Response DefaultHttpResponse(decodeResult: success, version: HTTP/1.1)
HTTP/1.1 200 OK
Content-Type: application/json; charset=utf-8
cache-control: no-cache
content-length: 88

00:34:57.292 [AsyncHttpClient-1-5] DEBUG org.asynchttpclient.netty.channel.ChannelManager - Adding key: http://localhost:54080 for channel [id: 0xe04a7e20, L:/127.0.0.1:64551 - R:localhost/127.0.0.1:54080]
00:34:57.297 [Forwarding isElementDisplayed on session c1f3ade145e167046793a1b8d647d134 to remote] DEBUG org.asynchttpclient.netty.request.NettyRequestSender - Using pooled Channel '[id: 0xe04a7e20, L:/127.0.0.1:64551 - R:localhost/127.0.0.1:54080]' for 'POST' to 'http://localhost:54080/session/c1f3ade145e167046793a1b8d647d134/execute/sync'
00:34:57.297 [Forwarding isElementDisplayed on session c1f3ade145e167046793a1b8d647d134 to remote] DEBUG org.asynchttpclient.netty.request.NettyRequestSender - Using open Channel [id: 0xe04a7e20, L:/127.0.0.1:64551 - R:localhost/127.0.0.1:54080] for POST '/session/c1f3ade145e167046793a1b8d647d134/execute/sync'
00:34:57.333 [AsyncHttpClient-1-5] DEBUG org.asynchttpclient.netty.handler.HttpHandler - 

Request DefaultHttpRequest(decodeResult: success, version: HTTP/1.1)
POST /session/c1f3ade145e167046793a1b8d647d134/execute/sync HTTP/1.1
User-Agent: selenium/4.1.2 (java windows)
Content-Length: 48780
Content-Type: application/json; charset=utf-8
host: localhost:54080
accept: */*

Response DefaultHttpResponse(decodeResult: success, version: HTTP/1.1)
HTTP/1.1 200 OK
Content-Type: application/json; charset=utf-8
cache-control: no-cache
content-length: 14

00:34:57.333 [AsyncHttpClient-1-5] DEBUG org.asynchttpclient.netty.channel.ChannelManager - Adding key: http://localhost:54080 for channel [id: 0xe04a7e20, L:/127.0.0.1:64551 - R:localhost/127.0.0.1:54080]
00:34:57.333 [Forwarding screenshot on session c1f3ade145e167046793a1b8d647d134 to remote] DEBUG org.asynchttpclient.netty.request.NettyRequestSender - Using pooled Channel '[id: 0xe04a7e20, L:/127.0.0.1:64551 - R:localhost/127.0.0.1:54080]' for 'GET' to 'http://localhost:54080/session/c1f3ade145e167046793a1b8d647d134/screenshot'
00:34:57.333 [Forwarding screenshot on session c1f3ade145e167046793a1b8d647d134 to remote] DEBUG org.asynchttpclient.netty.request.NettyRequestSender - Using open Channel [id: 0xe04a7e20, L:/127.0.0.1:64551 - R:localhost/127.0.0.1:54080] for GET '/session/c1f3ade145e167046793a1b8d647d134/screenshot'
00:34:57.502 [AsyncHttpClient-1-5] DEBUG org.asynchttpclient.netty.handler.HttpHandler - 

Request DefaultFullHttpRequest(decodeResult: success, version: HTTP/1.1, content: EmptyByteBufBE)
GET /session/c1f3ade145e167046793a1b8d647d134/screenshot HTTP/1.1
User-Agent: selenium/4.1.2 (java windows)
Cache-Control: no-cache
Content-Type: application/json; charset=utf-8
host: localhost:54080
accept: */*

Response DefaultHttpResponse(decodeResult: success, version: HTTP/1.1)
HTTP/1.1 200 OK
Content-Type: application/json; charset=utf-8
cache-control: no-cache
content-length: 24984

00:34:57.503 [AsyncHttpClient-1-5] DEBUG org.asynchttpclient.netty.channel.ChannelManager - Adding key: http://localhost:54080 for channel [id: 0xe04a7e20, L:/127.0.0.1:64551 - R:localhost/127.0.0.1:54080]
00:34:57.507 [main] DEBUG net.serenitybdd.core.photography.Darkroom - Send negative for processing for target\site\serenity\5279a2677f51cd42d80df4d0bf105786ca0efdec9c31dd310d9911ecf03761b4.png
00:34:57.507 [main] DEBUG net.thucydides.core.steps.StepInterceptor - STEP DONE: validateOnLoginPage
  &amp#27;[32mGiven &amp#27;[0m&amp#27;[32mI am on the login page&amp#27;[0m             &amp#27;[90m# starter.stepdefinitions.LoginSteps.iAmOnTheLoginPage()&amp#27;[0m
00:34:57.542 [AsyncHttpClient-1-1] DEBUG org.asynchttpclient.netty.channel.DefaultChannelPool - Entry count for : http://localhost:54080 : 1
00:34:57.542 [AsyncHttpClient-1-1] DEBUG org.asynchttpclient.netty.channel.DefaultChannelPool - Entry count for : http://localhost:64552 : 1
00:34:57.558 [Forwarding screenshot on session c1f3ade145e167046793a1b8d647d134 to remote] DEBUG org.asynchttpclient.netty.request.NettyRequestSender - Using pooled Channel '[id: 0xe04a7e20, L:/127.0.0.1:64551 - R:localhost/127.0.0.1:54080]' for 'GET' to 'http://localhost:54080/session/c1f3ade145e167046793a1b8d647d134/screenshot'
00:34:57.558 [Forwarding screenshot on session c1f3ade145e167046793a1b8d647d134 to remote] DEBUG org.asynchttpclient.netty.request.NettyRequestSender - Using open Channel [id: 0xe04a7e20, L:/127.0.0.1:64551 - R:localhost/127.0.0.1:54080] for GET '/session/c1f3ade145e167046793a1b8d647d134/screenshot'
00:34:57.722 [AsyncHttpClient-1-5] DEBUG org.asynchttpclient.netty.handler.HttpHandler - 

Request DefaultFullHttpRequest(decodeResult: success, version: HTTP/1.1, content: EmptyByteBufBE)
GET /session/c1f3ade145e167046793a1b8d647d134/screenshot HTTP/1.1
User-Agent: selenium/4.1.2 (java windows)
Cache-Control: no-cache
Content-Type: application/json; charset=utf-8
host: localhost:54080
accept: */*

Response DefaultHttpResponse(decodeResult: success, version: HTTP/1.1)
HTTP/1.1 200 OK
Content-Type: application/json; charset=utf-8
cache-control: no-cache
content-length: 24984

00:34:57.722 [AsyncHttpClient-1-5] DEBUG org.asynchttpclient.netty.channel.ChannelManager - Adding key: http://localhost:54080 for channel [id: 0xe04a7e20, L:/127.0.0.1:64551 - R:localhost/127.0.0.1:54080]
00:34:57.722 [main] DEBUG net.serenitybdd.core.photography.Darkroom - Send negative for processing for target\site\serenity\5279a2677f51cd42d80df4d0bf105786ca0efdec9c31dd310d9911ecf03761b4.png
00:34:57.722 [main] DEBUG net.thucydides.core.steps.StepInterceptor - STARTING STEP: RegisterSteps.iInputValidEmail - inputEmail
00:34:57.722 [Forwarding findElement on session c1f3ade145e167046793a1b8d647d134 to remote] DEBUG org.asynchttpclient.netty.request.NettyRequestSender - Using pooled Channel '[id: 0xe04a7e20, L:/127.0.0.1:64551 - R:localhost/127.0.0.1:54080]' for 'POST' to 'http://localhost:54080/session/c1f3ade145e167046793a1b8d647d134/element'
00:34:57.722 [Forwarding findElement on session c1f3ade145e167046793a1b8d647d134 to remote] DEBUG org.asynchttpclient.netty.request.NettyRequestSender - Using open Channel [id: 0xe04a7e20, L:/127.0.0.1:64551 - R:localhost/127.0.0.1:54080] for POST '/session/c1f3ade145e167046793a1b8d647d134/element'
00:34:57.754 [AsyncHttpClient-1-5] DEBUG org.asynchttpclient.netty.handler.HttpHandler - 

Request DefaultHttpRequest(decodeResult: success, version: HTTP/1.1)
POST /session/c1f3ade145e167046793a1b8d647d134/element HTTP/1.1
User-Agent: selenium/4.1.2 (java windows)
Content-Length: 86
Content-Type: application/json; charset=utf-8
host: localhost:54080
accept: */*

Response DefaultHttpResponse(decodeResult: success, version: HTTP/1.1)
HTTP/1.1 200 OK
Content-Type: application/json; charset=utf-8
cache-control: no-cache
content-length: 88

00:34:57.754 [AsyncHttpClient-1-5] DEBUG org.asynchttpclient.netty.channel.ChannelManager - Adding key: http://localhost:54080 for channel [id: 0xe04a7e20, L:/127.0.0.1:64551 - R:localhost/127.0.0.1:54080]
00:34:57.754 [Forwarding clearElement on session c1f3ade145e167046793a1b8d647d134 to remote] DEBUG org.asynchttpclient.netty.request.NettyRequestSender - Using pooled Channel '[id: 0xe04a7e20, L:/127.0.0.1:64551 - R:localhost/127.0.0.1:54080]' for 'POST' to 'http://localhost:54080/session/c1f3ade145e167046793a1b8d647d134/element/5c0c4561-1972-456b-beab-41ffe33178fd/clear'
00:34:57.754 [Forwarding clearElement on session c1f3ade145e167046793a1b8d647d134 to remote] DEBUG org.asynchttpclient.netty.request.NettyRequestSender - Using open Channel [id: 0xe04a7e20, L:/127.0.0.1:64551 - R:localhost/127.0.0.1:54080] for POST '/session/c1f3ade145e167046793a1b8d647d134/element/5c0c4561-1972-456b-beab-41ffe33178fd/clear'
00:34:57.824 [AsyncHttpClient-1-5] DEBUG org.asynchttpclient.netty.handler.HttpHandler - 

Request DefaultHttpRequest(decodeResult: success, version: HTTP/1.1)
POST /session/c1f3ade145e167046793a1b8d647d134/element/5c0c4561-1972-456b-beab-41ffe33178fd/clear HTTP/1.1
User-Agent: selenium/4.1.2 (java windows)
Content-Length: 50
Content-Type: application/json; charset=utf-8
host: localhost:54080
accept: */*

Response DefaultHttpResponse(decodeResult: success, version: HTTP/1.1)
HTTP/1.1 200 OK
Content-Type: application/json; charset=utf-8
cache-control: no-cache
content-length: 14

00:34:57.824 [AsyncHttpClient-1-5] DEBUG org.asynchttpclient.netty.channel.ChannelManager - Adding key: http://localhost:54080 for channel [id: 0xe04a7e20, L:/127.0.0.1:64551 - R:localhost/127.0.0.1:54080]
00:34:57.824 [Forwarding sendKeysToElement on session c1f3ade145e167046793a1b8d647d134 to remote] DEBUG org.asynchttpclient.netty.request.NettyRequestSender - Using pooled Channel '[id: 0xe04a7e20, L:/127.0.0.1:64551 - R:localhost/127.0.0.1:54080]' for 'POST' to 'http://localhost:54080/session/c1f3ade145e167046793a1b8d647d134/element/5c0c4561-1972-456b-beab-41ffe33178fd/value'
00:34:57.824 [Forwarding sendKeysToElement on session c1f3ade145e167046793a1b8d647d134 to remote] DEBUG org.asynchttpclient.netty.request.NettyRequestSender - Using open Channel [id: 0xe04a7e20, L:/127.0.0.1:64551 - R:localhost/127.0.0.1:54080] for POST '/session/c1f3ade145e167046793a1b8d647d134/element/5c0c4561-1972-456b-beab-41ffe33178fd/value'
00:34:58.367 [AsyncHttpClient-1-5] DEBUG org.asynchttpclient.netty.handler.HttpHandler - 

Request DefaultHttpRequest(decodeResult: success, version: HTTP/1.1)
POST /session/c1f3ade145e167046793a1b8d647d134/element/5c0c4561-1972-456b-beab-41ffe33178fd/value HTTP/1.1
User-Agent: selenium/4.1.2 (java windows)
Content-Length: 381
Content-Type: application/json; charset=utf-8
host: localhost:54080
accept: */*

Response DefaultHttpResponse(decodeResult: success, version: HTTP/1.1)
HTTP/1.1 200 OK
Content-Type: application/json; charset=utf-8
cache-control: no-cache
content-length: 14

00:34:58.367 [AsyncHttpClient-1-5] DEBUG org.asynchttpclient.netty.channel.ChannelManager - Adding key: http://localhost:54080 for channel [id: 0xe04a7e20, L:/127.0.0.1:64551 - R:localhost/127.0.0.1:54080]
00:34:58.378 [Forwarding screenshot on session c1f3ade145e167046793a1b8d647d134 to remote] DEBUG org.asynchttpclient.netty.request.NettyRequestSender - Using pooled Channel '[id: 0xe04a7e20, L:/127.0.0.1:64551 - R:localhost/127.0.0.1:54080]' for 'GET' to 'http://localhost:54080/session/c1f3ade145e167046793a1b8d647d134/screenshot'
00:34:58.378 [Forwarding screenshot on session c1f3ade145e167046793a1b8d647d134 to remote] DEBUG org.asynchttpclient.netty.request.NettyRequestSender - Using open Channel [id: 0xe04a7e20, L:/127.0.0.1:64551 - R:localhost/127.0.0.1:54080] for GET '/session/c1f3ade145e167046793a1b8d647d134/screenshot'
00:34:58.614 [AsyncHttpClient-1-5] DEBUG org.asynchttpclient.netty.handler.HttpHandler - 

Request DefaultFullHttpRequest(decodeResult: success, version: HTTP/1.1, content: EmptyByteBufBE)
GET /session/c1f3ade145e167046793a1b8d647d134/screenshot HTTP/1.1
User-Agent: selenium/4.1.2 (java windows)
Cache-Control: no-cache
Content-Type: application/json; charset=utf-8
host: localhost:54080
accept: */*

Response DefaultHttpResponse(decodeResult: success, version: HTTP/1.1)
HTTP/1.1 200 OK
Content-Type: application/json; charset=utf-8
cache-control: no-cache
content-length: 31228

00:34:58.615 [AsyncHttpClient-1-5] DEBUG org.asynchttpclient.netty.channel.ChannelManager - Adding key: http://localhost:54080 for channel [id: 0xe04a7e20, L:/127.0.0.1:64551 - R:localhost/127.0.0.1:54080]
00:34:58.620 [main] DEBUG net.serenitybdd.core.photography.Darkroom - Send negative for processing for target\site\serenity\5980c605dde01862d4c3957526f68c951f73e1eb00837fbe1b74edb36dcfe6a6.png
00:34:58.620 [main] DEBUG net.thucydides.core.steps.StepInterceptor - STEP DONE: inputEmail
  &amp#27;[32mAnd &amp#27;[0m&amp#27;[32mI input valid email&amp#27;[0m                  &amp#27;[90m# starter.stepdefinitions.RegisterSteps.iInputValidEmail()&amp#27;[0m
00:34:58.626 [Darkroom Processing Line] DEBUG net.serenitybdd.core.photography.DarkroomProcessingLine - Processing screenshot image in /var/screenshots/screenshot-9025394291076666120
00:34:58.626 [Darkroom Processing Line] DEBUG net.serenitybdd.core.photography.DarkroomProcessingLine - Saving screenshot to target\site\serenity\5980c605dde01862d4c3957526f68c951f73e1eb00837fbe1b74edb36dcfe6a6.png
00:34:58.648 [AsyncHttpClient-1-1] DEBUG org.asynchttpclient.netty.channel.DefaultChannelPool - Entry count for : http://localhost:54080 : 1
00:34:58.648 [AsyncHttpClient-1-1] DEBUG org.asynchttpclient.netty.channel.DefaultChannelPool - Entry count for : http://localhost:64552 : 1
00:34:58.651 [main] DEBUG net.thucydides.core.steps.StepInterceptor - STARTING STEP: RegisterSteps.iInputValidPassword - inputPassword
00:34:58.656 [Forwarding findElement on session c1f3ade145e167046793a1b8d647d134 to remote] DEBUG org.asynchttpclient.netty.request.NettyRequestSender - Using pooled Channel '[id: 0xe04a7e20, L:/127.0.0.1:64551 - R:localhost/127.0.0.1:54080]' for 'POST' to 'http://localhost:54080/session/c1f3ade145e167046793a1b8d647d134/element'
00:34:58.657 [Forwarding findElement on session c1f3ade145e167046793a1b8d647d134 to remote] DEBUG org.asynchttpclient.netty.request.NettyRequestSender - Using open Channel [id: 0xe04a7e20, L:/127.0.0.1:64551 - R:localhost/127.0.0.1:54080] for POST '/session/c1f3ade145e167046793a1b8d647d134/element'
00:34:58.679 [AsyncHttpClient-1-5] DEBUG org.asynchttpclient.netty.handler.HttpHandler - 

Request DefaultHttpRequest(decodeResult: success, version: HTTP/1.1)
POST /session/c1f3ade145e167046793a1b8d647d134/element HTTP/1.1
User-Agent: selenium/4.1.2 (java windows)
Content-Length: 89
Content-Type: application/json; charset=utf-8
host: localhost:54080
accept: */*

Response DefaultHttpResponse(decodeResult: success, version: HTTP/1.1)
HTTP/1.1 200 OK
Content-Type: application/json; charset=utf-8
cache-control: no-cache
content-length: 88

00:34:58.680 [AsyncHttpClient-1-5] DEBUG org.asynchttpclient.netty.channel.ChannelManager - Adding key: http://localhost:54080 for channel [id: 0xe04a7e20, L:/127.0.0.1:64551 - R:localhost/127.0.0.1:54080]
00:34:58.683 [Forwarding clearElement on session c1f3ade145e167046793a1b8d647d134 to remote] DEBUG org.asynchttpclient.netty.request.NettyRequestSender - Using pooled Channel '[id: 0xe04a7e20, L:/127.0.0.1:64551 - R:localhost/127.0.0.1:54080]' for 'POST' to 'http://localhost:54080/session/c1f3ade145e167046793a1b8d647d134/element/5cff6931-4506-4204-b881-be02c94fe36f/clear'
00:34:58.683 [Forwarding clearElement on session c1f3ade145e167046793a1b8d647d134 to remote] DEBUG org.asynchttpclient.netty.request.NettyRequestSender - Using open Channel [id: 0xe04a7e20, L:/127.0.0.1:64551 - R:localhost/127.0.0.1:54080] for POST '/session/c1f3ade145e167046793a1b8d647d134/element/5cff6931-4506-4204-b881-be02c94fe36f/clear'
00:34:58.745 [AsyncHttpClient-1-5] DEBUG org.asynchttpclient.netty.handler.HttpHandler - 

Request DefaultHttpRequest(decodeResult: success, version: HTTP/1.1)
POST /session/c1f3ade145e167046793a1b8d647d134/element/5cff6931-4506-4204-b881-be02c94fe36f/clear HTTP/1.1
User-Agent: selenium/4.1.2 (java windows)
Content-Length: 50
Content-Type: application/json; charset=utf-8
host: localhost:54080
accept: */*

Response DefaultHttpResponse(decodeResult: success, version: HTTP/1.1)
HTTP/1.1 200 OK
Content-Type: application/json; charset=utf-8
cache-control: no-cache
content-length: 14

00:34:58.745 [AsyncHttpClient-1-5] DEBUG org.asynchttpclient.netty.channel.ChannelManager - Adding key: http://localhost:54080 for channel [id: 0xe04a7e20, L:/127.0.0.1:64551 - R:localhost/127.0.0.1:54080]
00:34:58.745 [Forwarding sendKeysToElement on session c1f3ade145e167046793a1b8d647d134 to remote] DEBUG org.asynchttpclient.netty.request.NettyRequestSender - Using pooled Channel '[id: 0xe04a7e20, L:/127.0.0.1:64551 - R:localhost/127.0.0.1:54080]' for 'POST' to 'http://localhost:54080/session/c1f3ade145e167046793a1b8d647d134/element/5cff6931-4506-4204-b881-be02c94fe36f/value'
00:34:58.745 [Forwarding sendKeysToElement on session c1f3ade145e167046793a1b8d647d134 to remote] DEBUG org.asynchttpclient.netty.request.NettyRequestSender - Using open Channel [id: 0xe04a7e20, L:/127.0.0.1:64551 - R:localhost/127.0.0.1:54080] for POST '/session/c1f3ade145e167046793a1b8d647d134/element/5cff6931-4506-4204-b881-be02c94fe36f/value'
00:34:59.160 [AsyncHttpClient-1-5] DEBUG org.asynchttpclient.netty.handler.HttpHandler - 

Request DefaultHttpRequest(decodeResult: success, version: HTTP/1.1)
POST /session/c1f3ade145e167046793a1b8d647d134/element/5cff6931-4506-4204-b881-be02c94fe36f/value HTTP/1.1
User-Agent: selenium/4.1.2 (java windows)
Content-Length: 201
Content-Type: application/json; charset=utf-8
host: localhost:54080
accept: */*

Response DefaultHttpResponse(decodeResult: success, version: HTTP/1.1)
HTTP/1.1 200 OK
Content-Type: application/json; charset=utf-8
cache-control: no-cache
content-length: 14

00:34:59.160 [AsyncHttpClient-1-5] DEBUG org.asynchttpclient.netty.channel.ChannelManager - Adding key: http://localhost:54080 for channel [id: 0xe04a7e20, L:/127.0.0.1:64551 - R:localhost/127.0.0.1:54080]
00:34:59.178 [Forwarding screenshot on session c1f3ade145e167046793a1b8d647d134 to remote] DEBUG org.asynchttpclient.netty.request.NettyRequestSender - Using pooled Channel '[id: 0xe04a7e20, L:/127.0.0.1:64551 - R:localhost/127.0.0.1:54080]' for 'GET' to 'http://localhost:54080/session/c1f3ade145e167046793a1b8d647d134/screenshot'
00:34:59.178 [Forwarding screenshot on session c1f3ade145e167046793a1b8d647d134 to remote] DEBUG org.asynchttpclient.netty.request.NettyRequestSender - Using open Channel [id: 0xe04a7e20, L:/127.0.0.1:64551 - R:localhost/127.0.0.1:54080] for GET '/session/c1f3ade145e167046793a1b8d647d134/screenshot'
00:34:59.486 [AsyncHttpClient-1-5] DEBUG org.asynchttpclient.netty.handler.HttpHandler - 

Request DefaultFullHttpRequest(decodeResult: success, version: HTTP/1.1, content: EmptyByteBufBE)
GET /session/c1f3ade145e167046793a1b8d647d134/screenshot HTTP/1.1
User-Agent: selenium/4.1.2 (java windows)
Cache-Control: no-cache
Content-Type: application/json; charset=utf-8
host: localhost:54080
accept: */*

Response DefaultHttpResponse(decodeResult: success, version: HTTP/1.1)
HTTP/1.1 200 OK
Content-Type: application/json; charset=utf-8
cache-control: no-cache
content-length: 34056

00:34:59.488 [AsyncHttpClient-1-5] DEBUG org.asynchttpclient.netty.channel.ChannelManager - Adding key: http://localhost:54080 for channel [id: 0xe04a7e20, L:/127.0.0.1:64551 - R:localhost/127.0.0.1:54080]
00:34:59.500 [main] DEBUG net.serenitybdd.core.photography.Darkroom - Send negative for processing for target\site\serenity\1f1fe46ced96aca05e51e0e5e0287b8c2d798e3208f38067f8229f5f7834cc88.png
00:34:59.500 [main] DEBUG net.thucydides.core.steps.StepInterceptor - STEP DONE: inputPassword
  &amp#27;[32mAnd &amp#27;[0m&amp#27;[32mI input valid password&amp#27;[0m               &amp#27;[90m# starter.stepdefinitions.RegisterSteps.iInputValidPassword()&amp#27;[0m
00:34:59.547 [main] DEBUG net.thucydides.core.steps.StepInterceptor - STARTING STEP: LoginSteps.clickLoginButton - clickLoginButton
00:34:59.547 [Forwarding findElement on session c1f3ade145e167046793a1b8d647d134 to remote] DEBUG org.asynchttpclient.netty.request.NettyRequestSender - Using pooled Channel '[id: 0xe04a7e20, L:/127.0.0.1:64551 - R:localhost/127.0.0.1:54080]' for 'POST' to 'http://localhost:54080/session/c1f3ade145e167046793a1b8d647d134/element'
00:34:59.547 [Darkroom Processing Line] DEBUG net.serenitybdd.core.photography.DarkroomProcessingLine - Processing screenshot image in /var/screenshots/screenshot-5898709553598676694
00:34:59.547 [Darkroom Processing Line] DEBUG net.serenitybdd.core.photography.DarkroomProcessingLine - Saving screenshot to target\site\serenity\1f1fe46ced96aca05e51e0e5e0287b8c2d798e3208f38067f8229f5f7834cc88.png
00:34:59.610 [Forwarding findElement on session c1f3ade145e167046793a1b8d647d134 to remote] DEBUG org.asynchttpclient.netty.request.NettyRequestSender - Using open Channel [id: 0xe04a7e20, L:/127.0.0.1:64551 - R:localhost/127.0.0.1:54080] for POST '/session/c1f3ade145e167046793a1b8d647d134/element'
00:34:59.767 [AsyncHttpClient-1-5] DEBUG org.asynchttpclient.netty.handler.HttpHandler - 

Request DefaultHttpRequest(decodeResult: success, version: HTTP/1.1)
POST /session/c1f3ade145e167046793a1b8d647d134/element HTTP/1.1
User-Agent: selenium/4.1.2 (java windows)
Content-Length: 165
Content-Type: application/json; charset=utf-8
host: localhost:54080
accept: */*

Response DefaultHttpResponse(decodeResult: success, version: HTTP/1.1)
HTTP/1.1 200 OK
Content-Type: application/json; charset=utf-8
cache-control: no-cache
content-length: 88

00:34:59.767 [AsyncHttpClient-1-5] DEBUG org.asynchttpclient.netty.channel.ChannelManager - Adding key: http://localhost:54080 for channel [id: 0xe04a7e20, L:/127.0.0.1:64551 - R:localhost/127.0.0.1:54080]
00:34:59.767 [Forwarding getElementTagName on session c1f3ade145e167046793a1b8d647d134 to remote] DEBUG org.asynchttpclient.netty.request.NettyRequestSender - Using pooled Channel '[id: 0xe04a7e20, L:/127.0.0.1:64551 - R:localhost/127.0.0.1:54080]' for 'GET' to 'http://localhost:54080/session/c1f3ade145e167046793a1b8d647d134/element/b637a4bc-22d9-4726-92d9-319bcbaf7d91/name'
00:34:59.767 [Forwarding getElementTagName on session c1f3ade145e167046793a1b8d647d134 to remote] DEBUG org.asynchttpclient.netty.request.NettyRequestSender - Using open Channel [id: 0xe04a7e20, L:/127.0.0.1:64551 - R:localhost/127.0.0.1:54080] for GET '/session/c1f3ade145e167046793a1b8d647d134/element/b637a4bc-22d9-4726-92d9-319bcbaf7d91/name'
00:34:59.772 [AsyncHttpClient-1-5] DEBUG org.asynchttpclient.netty.handler.HttpHandler - 

Request DefaultFullHttpRequest(decodeResult: success, version: HTTP/1.1, content: EmptyByteBufBE)
GET /session/c1f3ade145e167046793a1b8d647d134/element/b637a4bc-22d9-4726-92d9-319bcbaf7d91/name HTTP/1.1
User-Agent: selenium/4.1.2 (java windows)
Cache-Control: no-cache
Content-Type: application/json; charset=utf-8
host: localhost:54080
accept: */*

Response DefaultHttpResponse(decodeResult: success, version: HTTP/1.1)
HTTP/1.1 200 OK
Content-Type: application/json; charset=utf-8
cache-control: no-cache
content-length: 16

00:34:59.772 [AsyncHttpClient-1-5] DEBUG org.asynchttpclient.netty.channel.ChannelManager - Adding key: http://localhost:54080 for channel [id: 0xe04a7e20, L:/127.0.0.1:64551 - R:localhost/127.0.0.1:54080]
00:34:59.772 [Forwarding getElementTagName on session c1f3ade145e167046793a1b8d647d134 to remote] DEBUG org.asynchttpclient.netty.request.NettyRequestSender - Using pooled Channel '[id: 0xe04a7e20, L:/127.0.0.1:64551 - R:localhost/127.0.0.1:54080]' for 'GET' to 'http://localhost:54080/session/c1f3ade145e167046793a1b8d647d134/element/b637a4bc-22d9-4726-92d9-319bcbaf7d91/name'
00:34:59.772 [Forwarding getElementTagName on session c1f3ade145e167046793a1b8d647d134 to remote] DEBUG org.asynchttpclient.netty.request.NettyRequestSender - Using open Channel [id: 0xe04a7e20, L:/127.0.0.1:64551 - R:localhost/127.0.0.1:54080] for GET '/session/c1f3ade145e167046793a1b8d647d134/element/b637a4bc-22d9-4726-92d9-319bcbaf7d91/name'
00:34:59.784 [AsyncHttpClient-1-5] DEBUG org.asynchttpclient.netty.handler.HttpHandler - 

Request DefaultFullHttpRequest(decodeResult: success, version: HTTP/1.1, content: EmptyByteBufBE)
GET /session/c1f3ade145e167046793a1b8d647d134/element/b637a4bc-22d9-4726-92d9-319bcbaf7d91/name HTTP/1.1
User-Agent: selenium/4.1.2 (java windows)
Cache-Control: no-cache
Content-Type: application/json; charset=utf-8
host: localhost:54080
accept: */*

Response DefaultHttpResponse(decodeResult: success, version: HTTP/1.1)
HTTP/1.1 200 OK
Content-Type: application/json; charset=utf-8
cache-control: no-cache
content-length: 16

00:34:59.784 [AsyncHttpClient-1-5] DEBUG org.asynchttpclient.netty.channel.ChannelManager - Adding key: http://localhost:54080 for channel [id: 0xe04a7e20, L:/127.0.0.1:64551 - R:localhost/127.0.0.1:54080]
00:34:59.800 [Forwarding findElement on session c1f3ade145e167046793a1b8d647d134 to remote] DEBUG org.asynchttpclient.netty.request.NettyRequestSender - Using pooled Channel '[id: 0xe04a7e20, L:/127.0.0.1:64551 - R:localhost/127.0.0.1:54080]' for 'POST' to 'http://localhost:54080/session/c1f3ade145e167046793a1b8d647d134/element'
00:34:59.800 [Forwarding findElement on session c1f3ade145e167046793a1b8d647d134 to remote] DEBUG org.asynchttpclient.netty.request.NettyRequestSender - Using open Channel [id: 0xe04a7e20, L:/127.0.0.1:64551 - R:localhost/127.0.0.1:54080] for POST '/session/c1f3ade145e167046793a1b8d647d134/element'
00:34:59.817 [AsyncHttpClient-1-5] DEBUG org.asynchttpclient.netty.handler.HttpHandler - 

Request DefaultHttpRequest(decodeResult: success, version: HTTP/1.1)
POST /session/c1f3ade145e167046793a1b8d647d134/element HTTP/1.1
User-Agent: selenium/4.1.2 (java windows)
Content-Length: 165
Content-Type: application/json; charset=utf-8
host: localhost:54080
accept: */*

Response DefaultHttpResponse(decodeResult: success, version: HTTP/1.1)
HTTP/1.1 200 OK
Content-Type: application/json; charset=utf-8
cache-control: no-cache
content-length: 88

00:34:59.817 [AsyncHttpClient-1-5] DEBUG org.asynchttpclient.netty.channel.ChannelManager - Adding key: http://localhost:54080 for channel [id: 0xe04a7e20, L:/127.0.0.1:64551 - R:localhost/127.0.0.1:54080]
00:34:59.817 [Forwarding clickElement on session c1f3ade145e167046793a1b8d647d134 to remote] DEBUG org.asynchttpclient.netty.request.NettyRequestSender - Using pooled Channel '[id: 0xe04a7e20, L:/127.0.0.1:64551 - R:localhost/127.0.0.1:54080]' for 'POST' to 'http://localhost:54080/session/c1f3ade145e167046793a1b8d647d134/element/b637a4bc-22d9-4726-92d9-319bcbaf7d91/click'
00:34:59.817 [Forwarding clickElement on session c1f3ade145e167046793a1b8d647d134 to remote] DEBUG org.asynchttpclient.netty.request.NettyRequestSender - Using open Channel [id: 0xe04a7e20, L:/127.0.0.1:64551 - R:localhost/127.0.0.1:54080] for POST '/session/c1f3ade145e167046793a1b8d647d134/element/b637a4bc-22d9-4726-92d9-319bcbaf7d91/click'
00:34:59.890 [AsyncHttpClient-1-1] DEBUG org.asynchttpclient.netty.channel.DefaultChannelPool - Entry count for : http://localhost:64552 : 1
00:35:00.229 [AsyncHttpClient-1-5] DEBUG org.asynchttpclient.netty.handler.HttpHandler - 

Request DefaultHttpRequest(decodeResult: success, version: HTTP/1.1)
POST /session/c1f3ade145e167046793a1b8d647d134/element/b637a4bc-22d9-4726-92d9-319bcbaf7d91/click HTTP/1.1
User-Agent: selenium/4.1.2 (java windows)
Content-Length: 50
Content-Type: application/json; charset=utf-8
host: localhost:54080
accept: */*

Response DefaultHttpResponse(decodeResult: success, version: HTTP/1.1)
HTTP/1.1 200 OK
Content-Type: application/json; charset=utf-8
cache-control: no-cache
content-length: 14

00:35:00.229 [AsyncHttpClient-1-5] DEBUG org.asynchttpclient.netty.channel.ChannelManager - Adding key: http://localhost:54080 for channel [id: 0xe04a7e20, L:/127.0.0.1:64551 - R:localhost/127.0.0.1:54080]
00:35:00.257 [Forwarding screenshot on session c1f3ade145e167046793a1b8d647d134 to remote] DEBUG org.asynchttpclient.netty.request.NettyRequestSender - Using pooled Channel '[id: 0xe04a7e20, L:/127.0.0.1:64551 - R:localhost/127.0.0.1:54080]' for 'GET' to 'http://localhost:54080/session/c1f3ade145e167046793a1b8d647d134/screenshot'
00:35:00.257 [Forwarding screenshot on session c1f3ade145e167046793a1b8d647d134 to remote] DEBUG org.asynchttpclient.netty.request.NettyRequestSender - Using open Channel [id: 0xe04a7e20, L:/127.0.0.1:64551 - R:localhost/127.0.0.1:54080] for GET '/session/c1f3ade145e167046793a1b8d647d134/screenshot'
00:35:00.812 [AsyncHttpClient-1-5] DEBUG org.asynchttpclient.netty.handler.HttpHandler - 

Request DefaultFullHttpRequest(decodeResult: success, version: HTTP/1.1, content: EmptyByteBufBE)
GET /session/c1f3ade145e167046793a1b8d647d134/screenshot HTTP/1.1
User-Agent: selenium/4.1.2 (java windows)
Cache-Control: no-cache
Content-Type: application/json; charset=utf-8
host: localhost:54080
accept: */*

Response DefaultHttpResponse(decodeResult: success, version: HTTP/1.1)
HTTP/1.1 200 OK
Content-Type: application/json; charset=utf-8
cache-control: no-cache
content-length: 33320

00:35:00.813 [AsyncHttpClient-1-5] DEBUG org.asynchttpclient.netty.channel.ChannelManager - Adding key: http://localhost:54080 for channel [id: 0xe04a7e20, L:/127.0.0.1:64551 - R:localhost/127.0.0.1:54080]
00:35:00.841 [main] DEBUG net.serenitybdd.core.photography.Darkroom - Send negative for processing for target\site\serenity\c72af1f97e73432558ca2588a48c2bfe5d7516b398fd37d56fec1cb240c7a7ef.png
00:35:00.841 [main] DEBUG net.thucydides.core.steps.StepInterceptor - STEP DONE: clickLoginButton
  &amp#27;[32mWhen &amp#27;[0m&amp#27;[32mclick login button&amp#27;[0m                  &amp#27;[90m# starter.stepdefinitions.LoginSteps.clickLoginButton()&amp#27;[0m
00:35:00.865 [Darkroom Processing Line] DEBUG net.serenitybdd.core.photography.DarkroomProcessingLine - Processing screenshot image in /var/screenshots/screenshot-13338682469567151760
00:35:00.865 [Darkroom Processing Line] DEBUG net.serenitybdd.core.photography.DarkroomProcessingLine - Saving screenshot to target\site\serenity\c72af1f97e73432558ca2588a48c2bfe5d7516b398fd37d56fec1cb240c7a7ef.png
00:35:01.167 [Forwarding screenshot on session c1f3ade145e167046793a1b8d647d134 to remote] DEBUG org.asynchttpclient.netty.request.NettyRequestSender - Using pooled Channel '[id: 0xe04a7e20, L:/127.0.0.1:64551 - R:localhost/127.0.0.1:54080]' for 'GET' to 'http://localhost:54080/session/c1f3ade145e167046793a1b8d647d134/screenshot'
00:35:01.167 [Forwarding screenshot on session c1f3ade145e167046793a1b8d647d134 to remote] DEBUG org.asynchttpclient.netty.request.NettyRequestSender - Using open Channel [id: 0xe04a7e20, L:/127.0.0.1:64551 - R:localhost/127.0.0.1:54080] for GET '/session/c1f3ade145e167046793a1b8d647d134/screenshot'
00:35:01.180 [AsyncHttpClient-1-1] DEBUG org.asynchttpclient.netty.channel.DefaultChannelPool - Entry count for : http://localhost:64552 : 1
00:35:01.856 [AsyncHttpClient-1-5] DEBUG org.asynchttpclient.netty.handler.HttpHandler - 

Request DefaultFullHttpRequest(decodeResult: success, version: HTTP/1.1, content: EmptyByteBufBE)
GET /session/c1f3ade145e167046793a1b8d647d134/screenshot HTTP/1.1
User-Agent: selenium/4.1.2 (java windows)
Cache-Control: no-cache
Content-Type: application/json; charset=utf-8
host: localhost:54080
accept: */*

Response DefaultHttpResponse(decodeResult: success, version: HTTP/1.1)
HTTP/1.1 200 OK
Content-Type: application/json; charset=utf-8
cache-control: no-cache
content-length: 31368

00:35:01.857 [AsyncHttpClient-1-5] DEBUG org.asynchttpclient.netty.channel.ChannelManager - Adding key: http://localhost:54080 for channel [id: 0xe04a7e20, L:/127.0.0.1:64551 - R:localhost/127.0.0.1:54080]
00:35:01.908 [main] DEBUG net.serenitybdd.core.photography.Darkroom - Send negative for processing for target\site\serenity\bcafb6a2f76c1386b2ae0e646ef6a52896d05a77f39ce4bc40a7a41a9ed878ee.png
00:35:01.923 [Darkroom Processing Line] DEBUG net.serenitybdd.core.photography.DarkroomProcessingLine - Processing screenshot image in /var/screenshots/screenshot-6875318839265929011
00:35:01.923 [Darkroom Processing Line] DEBUG net.serenitybdd.core.photography.DarkroomProcessingLine - Saving screenshot to target\site\serenity\bcafb6a2f76c1386b2ae0e646ef6a52896d05a77f39ce4bc40a7a41a9ed878ee.png
00:35:02.039 [Forwarding screenshot on session c1f3ade145e167046793a1b8d647d134 to remote] DEBUG org.asynchttpclient.netty.request.NettyRequestSender - Using pooled Channel '[id: 0xe04a7e20, L:/127.0.0.1:64551 - R:localhost/127.0.0.1:54080]' for 'GET' to 'http://localhost:54080/session/c1f3ade145e167046793a1b8d647d134/screenshot'
00:35:02.039 [Forwarding screenshot on session c1f3ade145e167046793a1b8d647d134 to remote] DEBUG org.asynchttpclient.netty.request.NettyRequestSender - Using open Channel [id: 0xe04a7e20, L:/127.0.0.1:64551 - R:localhost/127.0.0.1:54080] for GET '/session/c1f3ade145e167046793a1b8d647d134/screenshot'
00:35:02.256 [AsyncHttpClient-1-1] DEBUG org.asynchttpclient.netty.channel.DefaultChannelPool - Entry count for : http://localhost:64552 : 1
00:35:03.378 [AsyncHttpClient-1-1] DEBUG org.asynchttpclient.netty.channel.DefaultChannelPool - Entry count for : http://localhost:64552 : 1
00:35:04.461 [AsyncHttpClient-1-1] DEBUG org.asynchttpclient.netty.channel.DefaultChannelPool - Entry count for : http://localhost:64552 : 1
00:35:05.601 [AsyncHttpClient-1-1] DEBUG org.asynchttpclient.netty.channel.DefaultChannelPool - Entry count for : http://localhost:64552 : 1
00:35:06.656 [AsyncHttpClient-1-1] DEBUG org.asynchttpclient.netty.channel.DefaultChannelPool - Entry count for : http://localhost:64552 : 1
00:35:07.761 [AsyncHttpClient-1-1] DEBUG org.asynchttpclient.netty.channel.DefaultChannelPool - Entry count for : http://localhost:64552 : 1
00:35:08.949 [AsyncHttpClient-1-1] DEBUG org.asynchttpclient.netty.channel.DefaultChannelPool - Entry count for : http://localhost:64552 : 1
00:35:10.049 [AsyncHttpClient-1-1] DEBUG org.asynchttpclient.netty.channel.DefaultChannelPool - Entry count for : http://localhost:64552 : 1
00:35:10.505 [AsyncHttpClient-1-5] DEBUG org.asynchttpclient.netty.handler.HttpHandler - 

Request DefaultFullHttpRequest(decodeResult: success, version: HTTP/1.1, content: EmptyByteBufBE)
GET /session/c1f3ade145e167046793a1b8d647d134/screenshot HTTP/1.1
User-Agent: selenium/4.1.2 (java windows)
Cache-Control: no-cache
Content-Type: application/json; charset=utf-8
host: localhost:54080
accept: */*

Response DefaultHttpResponse(decodeResult: success, version: HTTP/1.1)
HTTP/1.1 200 OK
Content-Type: application/json; charset=utf-8
cache-control: no-cache
content-length: 37868

00:35:10.506 [AsyncHttpClient-1-5] DEBUG org.asynchttpclient.netty.channel.ChannelManager - Adding key: http://localhost:54080 for channel [id: 0xe04a7e20, L:/127.0.0.1:64551 - R:localhost/127.0.0.1:54080]
00:35:10.529 [main] DEBUG net.serenitybdd.core.photography.Darkroom - Send negative for processing for target\site\serenity\ea2736c652c50dcea558ed890194e8d979fcca74bfb81c3536d2b29cfead5029.png
00:35:10.530 [main] DEBUG net.thucydides.core.steps.StepInterceptor - STARTING STEP: HomeSteps.iClickButtonBeli - clickBeliButton
00:35:10.535 [Forwarding findElement on session c1f3ade145e167046793a1b8d647d134 to remote] DEBUG org.asynchttpclient.netty.request.NettyRequestSender - Using pooled Channel '[id: 0xe04a7e20, L:/127.0.0.1:64551 - R:localhost/127.0.0.1:54080]' for 'POST' to 'http://localhost:54080/session/c1f3ade145e167046793a1b8d647d134/element'
00:35:10.536 [Forwarding findElement on session c1f3ade145e167046793a1b8d647d134 to remote] DEBUG org.asynchttpclient.netty.request.NettyRequestSender - Using open Channel [id: 0xe04a7e20, L:/127.0.0.1:64551 - R:localhost/127.0.0.1:54080] for POST '/session/c1f3ade145e167046793a1b8d647d134/element'
00:35:10.544 [Darkroom Processing Line] DEBUG net.serenitybdd.core.photography.DarkroomProcessingLine - Processing screenshot image in /var/screenshots/screenshot-15371036972235810454
00:35:10.544 [Darkroom Processing Line] DEBUG net.serenitybdd.core.photography.DarkroomProcessingLine - Saving screenshot to target\site\serenity\ea2736c652c50dcea558ed890194e8d979fcca74bfb81c3536d2b29cfead5029.png
00:35:10.606 [AsyncHttpClient-1-5] DEBUG org.asynchttpclient.netty.handler.HttpHandler - 

Request DefaultHttpRequest(decodeResult: success, version: HTTP/1.1)
POST /session/c1f3ade145e167046793a1b8d647d134/element HTTP/1.1
User-Agent: selenium/4.1.2 (java windows)
Content-Length: 122
Content-Type: application/json; charset=utf-8
host: localhost:54080
accept: */*

Response DefaultHttpResponse(decodeResult: success, version: HTTP/1.1)
HTTP/1.1 200 OK
Content-Type: application/json; charset=utf-8
cache-control: no-cache
content-length: 88

00:35:10.606 [AsyncHttpClient-1-5] DEBUG org.asynchttpclient.netty.channel.ChannelManager - Adding key: http://localhost:54080 for channel [id: 0xe04a7e20, L:/127.0.0.1:64551 - R:localhost/127.0.0.1:54080]
00:35:10.606 [Forwarding getElementTagName on session c1f3ade145e167046793a1b8d647d134 to remote] DEBUG org.asynchttpclient.netty.request.NettyRequestSender - Using pooled Channel '[id: 0xe04a7e20, L:/127.0.0.1:64551 - R:localhost/127.0.0.1:54080]' for 'GET' to 'http://localhost:54080/session/c1f3ade145e167046793a1b8d647d134/element/2b13cc7a-eb08-4160-9261-d48c9c5ac69a/name'
00:35:10.606 [Forwarding getElementTagName on session c1f3ade145e167046793a1b8d647d134 to remote] DEBUG org.asynchttpclient.netty.request.NettyRequestSender - Using open Channel [id: 0xe04a7e20, L:/127.0.0.1:64551 - R:localhost/127.0.0.1:54080] for GET '/session/c1f3ade145e167046793a1b8d647d134/element/2b13cc7a-eb08-4160-9261-d48c9c5ac69a/name'
00:35:10.606 [AsyncHttpClient-1-5] DEBUG org.asynchttpclient.netty.handler.HttpHandler - 

Request DefaultFullHttpRequest(decodeResult: success, version: HTTP/1.1, content: EmptyByteBufBE)
GET /session/c1f3ade145e167046793a1b8d647d134/element/2b13cc7a-eb08-4160-9261-d48c9c5ac69a/name HTTP/1.1
User-Agent: selenium/4.1.2 (java windows)
Cache-Control: no-cache
Content-Type: application/json; charset=utf-8
host: localhost:54080
accept: */*

Response DefaultHttpResponse(decodeResult: success, version: HTTP/1.1)
HTTP/1.1 200 OK
Content-Type: application/json; charset=utf-8
cache-control: no-cache
content-length: 16

00:35:10.606 [AsyncHttpClient-1-5] DEBUG org.asynchttpclient.netty.channel.ChannelManager - Adding key: http://localhost:54080 for channel [id: 0xe04a7e20, L:/127.0.0.1:64551 - R:localhost/127.0.0.1:54080]
00:35:10.622 [Forwarding getElementTagName on session c1f3ade145e167046793a1b8d647d134 to remote] DEBUG org.asynchttpclient.netty.request.NettyRequestSender - Using pooled Channel '[id: 0xe04a7e20, L:/127.0.0.1:64551 - R:localhost/127.0.0.1:54080]' for 'GET' to 'http://localhost:54080/session/c1f3ade145e167046793a1b8d647d134/element/2b13cc7a-eb08-4160-9261-d48c9c5ac69a/name'
00:35:10.622 [Forwarding getElementTagName on session c1f3ade145e167046793a1b8d647d134 to remote] DEBUG org.asynchttpclient.netty.request.NettyRequestSender - Using open Channel [id: 0xe04a7e20, L:/127.0.0.1:64551 - R:localhost/127.0.0.1:54080] for GET '/session/c1f3ade145e167046793a1b8d647d134/element/2b13cc7a-eb08-4160-9261-d48c9c5ac69a/name'
00:35:10.622 [AsyncHttpClient-1-5] DEBUG org.asynchttpclient.netty.handler.HttpHandler - 

Request DefaultFullHttpRequest(decodeResult: success, version: HTTP/1.1, content: EmptyByteBufBE)
GET /session/c1f3ade145e167046793a1b8d647d134/element/2b13cc7a-eb08-4160-9261-d48c9c5ac69a/name HTTP/1.1
User-Agent: selenium/4.1.2 (java windows)
Cache-Control: no-cache
Content-Type: application/json; charset=utf-8
host: localhost:54080
accept: */*

Response DefaultHttpResponse(decodeResult: success, version: HTTP/1.1)
HTTP/1.1 200 OK
Content-Type: application/json; charset=utf-8
cache-control: no-cache
content-length: 16

00:35:10.622 [AsyncHttpClient-1-5] DEBUG org.asynchttpclient.netty.channel.ChannelManager - Adding key: http://localhost:54080 for channel [id: 0xe04a7e20, L:/127.0.0.1:64551 - R:localhost/127.0.0.1:54080]
00:35:10.622 [Forwarding findElement on session c1f3ade145e167046793a1b8d647d134 to remote] DEBUG org.asynchttpclient.netty.request.NettyRequestSender - Using pooled Channel '[id: 0xe04a7e20, L:/127.0.0.1:64551 - R:localhost/127.0.0.1:54080]' for 'POST' to 'http://localhost:54080/session/c1f3ade145e167046793a1b8d647d134/element'
00:35:10.622 [Forwarding findElement on session c1f3ade145e167046793a1b8d647d134 to remote] DEBUG org.asynchttpclient.netty.request.NettyRequestSender - Using open Channel [id: 0xe04a7e20, L:/127.0.0.1:64551 - R:localhost/127.0.0.1:54080] for POST '/session/c1f3ade145e167046793a1b8d647d134/element'
00:35:10.660 [AsyncHttpClient-1-5] DEBUG org.asynchttpclient.netty.handler.HttpHandler - 

Request DefaultHttpRequest(decodeResult: success, version: HTTP/1.1)
POST /session/c1f3ade145e167046793a1b8d647d134/element HTTP/1.1
User-Agent: selenium/4.1.2 (java windows)
Content-Length: 122
Content-Type: application/json; charset=utf-8
host: localhost:54080
accept: */*

Response DefaultHttpResponse(decodeResult: success, version: HTTP/1.1)
HTTP/1.1 200 OK
Content-Type: application/json; charset=utf-8
cache-control: no-cache
content-length: 88

00:35:10.660 [AsyncHttpClient-1-5] DEBUG org.asynchttpclient.netty.channel.ChannelManager - Adding key: http://localhost:54080 for channel [id: 0xe04a7e20, L:/127.0.0.1:64551 - R:localhost/127.0.0.1:54080]
00:35:10.660 [Forwarding clickElement on session c1f3ade145e167046793a1b8d647d134 to remote] DEBUG org.asynchttpclient.netty.request.NettyRequestSender - Using pooled Channel '[id: 0xe04a7e20, L:/127.0.0.1:64551 - R:localhost/127.0.0.1:54080]' for 'POST' to 'http://localhost:54080/session/c1f3ade145e167046793a1b8d647d134/element/2b13cc7a-eb08-4160-9261-d48c9c5ac69a/click'
00:35:10.660 [Forwarding clickElement on session c1f3ade145e167046793a1b8d647d134 to remote] DEBUG org.asynchttpclient.netty.request.NettyRequestSender - Using open Channel [id: 0xe04a7e20, L:/127.0.0.1:64551 - R:localhost/127.0.0.1:54080] for POST '/session/c1f3ade145e167046793a1b8d647d134/element/2b13cc7a-eb08-4160-9261-d48c9c5ac69a/click'
00:35:10.805 [AsyncHttpClient-1-5] DEBUG org.asynchttpclient.netty.handler.HttpHandler - 

Request DefaultHttpRequest(decodeResult: success, version: HTTP/1.1)
POST /session/c1f3ade145e167046793a1b8d647d134/element/2b13cc7a-eb08-4160-9261-d48c9c5ac69a/click HTTP/1.1
User-Agent: selenium/4.1.2 (java windows)
Content-Length: 50
Content-Type: application/json; charset=utf-8
host: localhost:54080
accept: */*

Response DefaultHttpResponse(decodeResult: success, version: HTTP/1.1)
HTTP/1.1 200 OK
Content-Type: application/json; charset=utf-8
cache-control: no-cache
content-length: 14

00:35:10.805 [AsyncHttpClient-1-5] DEBUG org.asynchttpclient.netty.channel.ChannelManager - Adding key: http://localhost:54080 for channel [id: 0xe04a7e20, L:/127.0.0.1:64551 - R:localhost/127.0.0.1:54080]
00:35:10.840 [Forwarding screenshot on session c1f3ade145e167046793a1b8d647d134 to remote] DEBUG org.asynchttpclient.netty.request.NettyRequestSender - Using pooled Channel '[id: 0xe04a7e20, L:/127.0.0.1:64551 - R:localhost/127.0.0.1:54080]' for 'GET' to 'http://localhost:54080/session/c1f3ade145e167046793a1b8d647d134/screenshot'
00:35:10.840 [Forwarding screenshot on session c1f3ade145e167046793a1b8d647d134 to remote] DEBUG org.asynchttpclient.netty.request.NettyRequestSender - Using open Channel [id: 0xe04a7e20, L:/127.0.0.1:64551 - R:localhost/127.0.0.1:54080] for GET '/session/c1f3ade145e167046793a1b8d647d134/screenshot'
00:35:11.087 [AsyncHttpClient-1-5] DEBUG org.asynchttpclient.netty.handler.HttpHandler - 

Request DefaultFullHttpRequest(decodeResult: success, version: HTTP/1.1, content: EmptyByteBufBE)
GET /session/c1f3ade145e167046793a1b8d647d134/screenshot HTTP/1.1
User-Agent: selenium/4.1.2 (java windows)
Cache-Control: no-cache
Content-Type: application/json; charset=utf-8
host: localhost:54080
accept: */*

Response DefaultHttpResponse(decodeResult: success, version: HTTP/1.1)
HTTP/1.1 200 OK
Content-Type: application/json; charset=utf-8
cache-control: no-cache
content-length: 82832

00:35:11.088 [AsyncHttpClient-1-5] DEBUG org.asynchttpclient.netty.channel.ChannelManager - Adding key: http://localhost:54080 for channel [id: 0xe04a7e20, L:/127.0.0.1:64551 - R:localhost/127.0.0.1:54080]
00:35:11.095 [main] DEBUG net.serenitybdd.core.photography.Darkroom - Send negative for processing for target\site\serenity\4f9c1f96a9d8174b5947c103f009bdeb536da284095620eccbf5e6f5e0018100.png
00:35:11.095 [main] DEBUG net.thucydides.core.steps.StepInterceptor - STEP DONE: clickBeliButton
  &amp#27;[32mAnd &amp#27;[0m&amp#27;[32mI click button Beli&amp#27;[0m                  &amp#27;[90m# starter.stepdefinitions.HomeSteps.iClickButtonBeli()&amp#27;[0m
00:35:11.096 [Darkroom Processing Line] DEBUG net.serenitybdd.core.photography.DarkroomProcessingLine - Processing screenshot image in /var/screenshots/screenshot-16072566313912198140
00:35:11.097 [Darkroom Processing Line] DEBUG net.serenitybdd.core.photography.DarkroomProcessingLine - Saving screenshot to target\site\serenity\4f9c1f96a9d8174b5947c103f009bdeb536da284095620eccbf5e6f5e0018100.png
00:35:11.137 [main] DEBUG net.thucydides.core.steps.StepInterceptor - STARTING STEP: HomeSteps.productGoToOrderPage - clickOrderButton
00:35:11.146 [Forwarding findElement on session c1f3ade145e167046793a1b8d647d134 to remote] DEBUG org.asynchttpclient.netty.request.NettyRequestSender - Using pooled Channel '[id: 0xe04a7e20, L:/127.0.0.1:64551 - R:localhost/127.0.0.1:54080]' for 'POST' to 'http://localhost:54080/session/c1f3ade145e167046793a1b8d647d134/element'
00:35:11.147 [Forwarding findElement on session c1f3ade145e167046793a1b8d647d134 to remote] DEBUG org.asynchttpclient.netty.request.NettyRequestSender - Using open Channel [id: 0xe04a7e20, L:/127.0.0.1:64551 - R:localhost/127.0.0.1:54080] for POST '/session/c1f3ade145e167046793a1b8d647d134/element'
00:35:11.155 [AsyncHttpClient-1-1] DEBUG org.asynchttpclient.netty.channel.DefaultChannelPool - Entry count for : http://localhost:64552 : 1
00:35:11.218 [AsyncHttpClient-1-5] DEBUG org.asynchttpclient.netty.handler.HttpHandler - 

Request DefaultHttpRequest(decodeResult: success, version: HTTP/1.1)
POST /session/c1f3ade145e167046793a1b8d647d134/element HTTP/1.1
User-Agent: selenium/4.1.2 (java windows)
Content-Length: 135
Content-Type: application/json; charset=utf-8
host: localhost:54080
accept: */*

Response DefaultHttpResponse(decodeResult: success, version: HTTP/1.1)
HTTP/1.1 200 OK
Content-Type: application/json; charset=utf-8
cache-control: no-cache
content-length: 88

00:35:11.219 [AsyncHttpClient-1-5] DEBUG org.asynchttpclient.netty.channel.ChannelManager - Adding key: http://localhost:54080 for channel [id: 0xe04a7e20, L:/127.0.0.1:64551 - R:localhost/127.0.0.1:54080]
00:35:11.222 [Forwarding getElementTagName on session c1f3ade145e167046793a1b8d647d134 to remote] DEBUG org.asynchttpclient.netty.request.NettyRequestSender - Using pooled Channel '[id: 0xe04a7e20, L:/127.0.0.1:64551 - R:localhost/127.0.0.1:54080]' for 'GET' to 'http://localhost:54080/session/c1f3ade145e167046793a1b8d647d134/element/79e9249c-1fd4-434c-b433-f13cbc611ce3/name'
00:35:11.222 [Forwarding getElementTagName on session c1f3ade145e167046793a1b8d647d134 to remote] DEBUG org.asynchttpclient.netty.request.NettyRequestSender - Using open Channel [id: 0xe04a7e20, L:/127.0.0.1:64551 - R:localhost/127.0.0.1:54080] for GET '/session/c1f3ade145e167046793a1b8d647d134/element/79e9249c-1fd4-434c-b433-f13cbc611ce3/name'
00:35:11.236 [AsyncHttpClient-1-5] DEBUG org.asynchttpclient.netty.handler.HttpHandler - 

Request DefaultFullHttpRequest(decodeResult: success, version: HTTP/1.1, content: EmptyByteBufBE)
GET /session/c1f3ade145e167046793a1b8d647d134/element/79e9249c-1fd4-434c-b433-f13cbc611ce3/name HTTP/1.1
User-Agent: selenium/4.1.2 (java windows)
Cache-Control: no-cache
Content-Type: application/json; charset=utf-8
host: localhost:54080
accept: */*

Response DefaultHttpResponse(decodeResult: success, version: HTTP/1.1)
HTTP/1.1 200 OK
Content-Type: application/json; charset=utf-8
cache-control: no-cache
content-length: 13

00:35:11.236 [AsyncHttpClient-1-5] DEBUG org.asynchttpclient.netty.channel.ChannelManager - Adding key: http://localhost:54080 for channel [id: 0xe04a7e20, L:/127.0.0.1:64551 - R:localhost/127.0.0.1:54080]
00:35:11.238 [Forwarding getElementTagName on session c1f3ade145e167046793a1b8d647d134 to remote] DEBUG org.asynchttpclient.netty.request.NettyRequestSender - Using pooled Channel '[id: 0xe04a7e20, L:/127.0.0.1:64551 - R:localhost/127.0.0.1:54080]' for 'GET' to 'http://localhost:54080/session/c1f3ade145e167046793a1b8d647d134/element/79e9249c-1fd4-434c-b433-f13cbc611ce3/name'
00:35:11.239 [Forwarding getElementTagName on session c1f3ade145e167046793a1b8d647d134 to remote] DEBUG org.asynchttpclient.netty.request.NettyRequestSender - Using open Channel [id: 0xe04a7e20, L:/127.0.0.1:64551 - R:localhost/127.0.0.1:54080] for GET '/session/c1f3ade145e167046793a1b8d647d134/element/79e9249c-1fd4-434c-b433-f13cbc611ce3/name'
00:35:11.247 [AsyncHttpClient-1-5] DEBUG org.asynchttpclient.netty.handler.HttpHandler - 

Request DefaultFullHttpRequest(decodeResult: success, version: HTTP/1.1, content: EmptyByteBufBE)
GET /session/c1f3ade145e167046793a1b8d647d134/element/79e9249c-1fd4-434c-b433-f13cbc611ce3/name HTTP/1.1
User-Agent: selenium/4.1.2 (java windows)
Cache-Control: no-cache
Content-Type: application/json; charset=utf-8
host: localhost:54080
accept: */*

Response DefaultHttpResponse(decodeResult: success, version: HTTP/1.1)
HTTP/1.1 200 OK
Content-Type: application/json; charset=utf-8
cache-control: no-cache
content-length: 13

00:35:11.247 [AsyncHttpClient-1-5] DEBUG org.asynchttpclient.netty.channel.ChannelManager - Adding key: http://localhost:54080 for channel [id: 0xe04a7e20, L:/127.0.0.1:64551 - R:localhost/127.0.0.1:54080]
00:35:11.252 [Forwarding findElement on session c1f3ade145e167046793a1b8d647d134 to remote] DEBUG org.asynchttpclient.netty.request.NettyRequestSender - Using pooled Channel '[id: 0xe04a7e20, L:/127.0.0.1:64551 - R:localhost/127.0.0.1:54080]' for 'POST' to 'http://localhost:54080/session/c1f3ade145e167046793a1b8d647d134/element'
00:35:11.252 [Forwarding findElement on session c1f3ade145e167046793a1b8d647d134 to remote] DEBUG org.asynchttpclient.netty.request.NettyRequestSender - Using open Channel [id: 0xe04a7e20, L:/127.0.0.1:64551 - R:localhost/127.0.0.1:54080] for POST '/session/c1f3ade145e167046793a1b8d647d134/element'
00:35:11.279 [AsyncHttpClient-1-5] DEBUG org.asynchttpclient.netty.handler.HttpHandler - 

Request DefaultHttpRequest(decodeResult: success, version: HTTP/1.1)
POST /session/c1f3ade145e167046793a1b8d647d134/element HTTP/1.1
User-Agent: selenium/4.1.2 (java windows)
Content-Length: 135
Content-Type: application/json; charset=utf-8
host: localhost:54080
accept: */*

Response DefaultHttpResponse(decodeResult: success, version: HTTP/1.1)
HTTP/1.1 200 OK
Content-Type: application/json; charset=utf-8
cache-control: no-cache
content-length: 88

00:35:11.279 [AsyncHttpClient-1-5] DEBUG org.asynchttpclient.netty.channel.ChannelManager - Adding key: http://localhost:54080 for channel [id: 0xe04a7e20, L:/127.0.0.1:64551 - R:localhost/127.0.0.1:54080]
00:35:11.283 [Forwarding clickElement on session c1f3ade145e167046793a1b8d647d134 to remote] DEBUG org.asynchttpclient.netty.request.NettyRequestSender - Using pooled Channel '[id: 0xe04a7e20, L:/127.0.0.1:64551 - R:localhost/127.0.0.1:54080]' for 'POST' to 'http://localhost:54080/session/c1f3ade145e167046793a1b8d647d134/element/79e9249c-1fd4-434c-b433-f13cbc611ce3/click'
00:35:11.283 [Forwarding clickElement on session c1f3ade145e167046793a1b8d647d134 to remote] DEBUG org.asynchttpclient.netty.request.NettyRequestSender - Using open Channel [id: 0xe04a7e20, L:/127.0.0.1:64551 - R:localhost/127.0.0.1:54080] for POST '/session/c1f3ade145e167046793a1b8d647d134/element/79e9249c-1fd4-434c-b433-f13cbc611ce3/click'
00:35:11.440 [AsyncHttpClient-1-5] DEBUG org.asynchttpclient.netty.handler.HttpHandler - 

Request DefaultHttpRequest(decodeResult: success, version: HTTP/1.1)
POST /session/c1f3ade145e167046793a1b8d647d134/element/79e9249c-1fd4-434c-b433-f13cbc611ce3/click HTTP/1.1
User-Agent: selenium/4.1.2 (java windows)
Content-Length: 50
Content-Type: application/json; charset=utf-8
host: localhost:54080
accept: */*

Response DefaultHttpResponse(decodeResult: success, version: HTTP/1.1)
HTTP/1.1 200 OK
Content-Type: application/json; charset=utf-8
cache-control: no-cache
content-length: 14

00:35:11.441 [AsyncHttpClient-1-5] DEBUG org.asynchttpclient.netty.channel.ChannelManager - Adding key: http://localhost:54080 for channel [id: 0xe04a7e20, L:/127.0.0.1:64551 - R:localhost/127.0.0.1:54080]
00:35:11.455 [Forwarding screenshot on session c1f3ade145e167046793a1b8d647d134 to remote] DEBUG org.asynchttpclient.netty.request.NettyRequestSender - Using pooled Channel '[id: 0xe04a7e20, L:/127.0.0.1:64551 - R:localhost/127.0.0.1:54080]' for 'GET' to 'http://localhost:54080/session/c1f3ade145e167046793a1b8d647d134/screenshot'
00:35:11.455 [Forwarding screenshot on session c1f3ade145e167046793a1b8d647d134 to remote] DEBUG org.asynchttpclient.netty.request.NettyRequestSender - Using open Channel [id: 0xe04a7e20, L:/127.0.0.1:64551 - R:localhost/127.0.0.1:54080] for GET '/session/c1f3ade145e167046793a1b8d647d134/screenshot'
00:35:12.104 [AsyncHttpClient-1-5] DEBUG org.asynchttpclient.netty.handler.HttpHandler - 

Request DefaultFullHttpRequest(decodeResult: success, version: HTTP/1.1, content: EmptyByteBufBE)
GET /session/c1f3ade145e167046793a1b8d647d134/screenshot HTTP/1.1
User-Agent: selenium/4.1.2 (java windows)
Cache-Control: no-cache
Content-Type: application/json; charset=utf-8
host: localhost:54080
accept: */*

Response DefaultHttpResponse(decodeResult: success, version: HTTP/1.1)
HTTP/1.1 200 OK
Content-Type: application/json; charset=utf-8
cache-control: no-cache
content-length: 32788

00:35:12.105 [AsyncHttpClient-1-5] DEBUG org.asynchttpclient.netty.channel.ChannelManager - Adding key: http://localhost:54080 for channel [id: 0xe04a7e20, L:/127.0.0.1:64551 - R:localhost/127.0.0.1:54080]
00:35:12.108 [main] DEBUG net.serenitybdd.core.photography.Darkroom - Send negative for processing for target\site\serenity\0ea0022ec2ab4c3f84e1dd5fe8ae0ee7e26d7f2ae1f9023591c0f871be8cc128.png
00:35:12.109 [main] DEBUG net.thucydides.core.steps.StepInterceptor - STEP DONE: clickOrderButton
00:35:12.109 [Darkroom Processing Line] DEBUG net.serenitybdd.core.photography.DarkroomProcessingLine - Processing screenshot image in /var/screenshots/screenshot-16320356742025153314
  &amp#27;[32mAnd &amp#27;[0m&amp#27;[32mproduct go to order page&amp#27;[0m             &amp#27;[90m# starter.stepdefinitions.HomeSteps.productGoToOrderPage()&amp#27;[0m
00:35:12.109 [Darkroom Processing Line] DEBUG net.serenitybdd.core.photography.DarkroomProcessingLine - Saving screenshot to target\site\serenity\0ea0022ec2ab4c3f84e1dd5fe8ae0ee7e26d7f2ae1f9023591c0f871be8cc128.png
00:35:12.264 [AsyncHttpClient-1-1] DEBUG org.asynchttpclient.netty.channel.DefaultChannelPool - Entry count for : http://localhost:54080 : 1
00:35:12.264 [AsyncHttpClient-1-1] DEBUG org.asynchttpclient.netty.channel.DefaultChannelPool - Entry count for : http://localhost:64552 : 1
00:35:12.424 [Forwarding screenshot on session c1f3ade145e167046793a1b8d647d134 to remote] DEBUG org.asynchttpclient.netty.request.NettyRequestSender - Using pooled Channel '[id: 0xe04a7e20, L:/127.0.0.1:64551 - R:localhost/127.0.0.1:54080]' for 'GET' to 'http://localhost:54080/session/c1f3ade145e167046793a1b8d647d134/screenshot'
00:35:12.424 [Forwarding screenshot on session c1f3ade145e167046793a1b8d647d134 to remote] DEBUG org.asynchttpclient.netty.request.NettyRequestSender - Using open Channel [id: 0xe04a7e20, L:/127.0.0.1:64551 - R:localhost/127.0.0.1:54080] for GET '/session/c1f3ade145e167046793a1b8d647d134/screenshot'
00:35:12.596 [AsyncHttpClient-1-5] DEBUG org.asynchttpclient.netty.handler.HttpHandler - 

Request DefaultFullHttpRequest(decodeResult: success, version: HTTP/1.1, content: EmptyByteBufBE)
GET /session/c1f3ade145e167046793a1b8d647d134/screenshot HTTP/1.1
User-Agent: selenium/4.1.2 (java windows)
Cache-Control: no-cache
Content-Type: application/json; charset=utf-8
host: localhost:54080
accept: */*

Response DefaultHttpResponse(decodeResult: success, version: HTTP/1.1)
HTTP/1.1 200 OK
Content-Type: application/json; charset=utf-8
cache-control: no-cache
content-length: 32668

00:35:12.596 [AsyncHttpClient-1-5] DEBUG org.asynchttpclient.netty.channel.ChannelManager - Adding key: http://localhost:54080 for channel [id: 0xe04a7e20, L:/127.0.0.1:64551 - R:localhost/127.0.0.1:54080]
00:35:12.612 [main] DEBUG net.serenitybdd.core.photography.Darkroom - Send negative for processing for target\site\serenity\0f6dd11263741c3801af673ce2eda5fa680feb9df020d5b5f323c1ed7345615b.png
00:35:12.612 [main] DEBUG net.thucydides.core.steps.StepInterceptor - STARTING STEP: OrderSteps.iAmOnTheHomepageOrder - validateOnHomepageOrder
00:35:12.612 [Darkroom Processing Line] DEBUG net.serenitybdd.core.photography.DarkroomProcessingLine - Processing screenshot image in /var/screenshots/screenshot-1948431781257236646
00:35:12.612 [Darkroom Processing Line] DEBUG net.serenitybdd.core.photography.DarkroomProcessingLine - Saving screenshot to target\site\serenity\0f6dd11263741c3801af673ce2eda5fa680feb9df020d5b5f323c1ed7345615b.png
00:35:12.612 [Forwarding findElement on session c1f3ade145e167046793a1b8d647d134 to remote] DEBUG org.asynchttpclient.netty.request.NettyRequestSender - Using pooled Channel '[id: 0xe04a7e20, L:/127.0.0.1:64551 - R:localhost/127.0.0.1:54080]' for 'POST' to 'http://localhost:54080/session/c1f3ade145e167046793a1b8d647d134/element'
00:35:12.612 [Forwarding findElement on session c1f3ade145e167046793a1b8d647d134 to remote] DEBUG org.asynchttpclient.netty.request.NettyRequestSender - Using open Channel [id: 0xe04a7e20, L:/127.0.0.1:64551 - R:localhost/127.0.0.1:54080] for POST '/session/c1f3ade145e167046793a1b8d647d134/element'
00:35:12.644 [AsyncHttpClient-1-5] DEBUG org.asynchttpclient.netty.handler.HttpHandler - 

Request DefaultHttpRequest(decodeResult: success, version: HTTP/1.1)
POST /session/c1f3ade145e167046793a1b8d647d134/element HTTP/1.1
User-Agent: selenium/4.1.2 (java windows)
Content-Length: 82
Content-Type: application/json; charset=utf-8
host: localhost:54080
accept: */*

Response DefaultHttpResponse(decodeResult: success, version: HTTP/1.1)
HTTP/1.1 200 OK
Content-Type: application/json; charset=utf-8
cache-control: no-cache
content-length: 88

00:35:12.644 [AsyncHttpClient-1-5] DEBUG org.asynchttpclient.netty.channel.ChannelManager - Adding key: http://localhost:54080 for channel [id: 0xe04a7e20, L:/127.0.0.1:64551 - R:localhost/127.0.0.1:54080]
00:35:12.644 [Forwarding isElementDisplayed on session c1f3ade145e167046793a1b8d647d134 to remote] DEBUG org.asynchttpclient.netty.request.NettyRequestSender - Using pooled Channel '[id: 0xe04a7e20, L:/127.0.0.1:64551 - R:localhost/127.0.0.1:54080]' for 'POST' to 'http://localhost:54080/session/c1f3ade145e167046793a1b8d647d134/execute/sync'
00:35:12.644 [Forwarding isElementDisplayed on session c1f3ade145e167046793a1b8d647d134 to remote] DEBUG org.asynchttpclient.netty.request.NettyRequestSender - Using open Channel [id: 0xe04a7e20, L:/127.0.0.1:64551 - R:localhost/127.0.0.1:54080] for POST '/session/c1f3ade145e167046793a1b8d647d134/execute/sync'
00:35:12.715 [AsyncHttpClient-1-5] DEBUG org.asynchttpclient.netty.handler.HttpHandler - 

Request DefaultHttpRequest(decodeResult: success, version: HTTP/1.1)
POST /session/c1f3ade145e167046793a1b8d647d134/execute/sync HTTP/1.1
User-Agent: selenium/4.1.2 (java windows)
Content-Length: 48780
Content-Type: application/json; charset=utf-8
host: localhost:54080
accept: */*

Response DefaultHttpResponse(decodeResult: success, version: HTTP/1.1)
HTTP/1.1 200 OK
Content-Type: application/json; charset=utf-8
cache-control: no-cache
content-length: 14

00:35:12.715 [AsyncHttpClient-1-5] DEBUG org.asynchttpclient.netty.channel.ChannelManager - Adding key: http://localhost:54080 for channel [id: 0xe04a7e20, L:/127.0.0.1:64551 - R:localhost/127.0.0.1:54080]
00:35:12.731 [Forwarding screenshot on session c1f3ade145e167046793a1b8d647d134 to remote] DEBUG org.asynchttpclient.netty.request.NettyRequestSender - Using pooled Channel '[id: 0xe04a7e20, L:/127.0.0.1:64551 - R:localhost/127.0.0.1:54080]' for 'GET' to 'http://localhost:54080/session/c1f3ade145e167046793a1b8d647d134/screenshot'
00:35:12.731 [Forwarding screenshot on session c1f3ade145e167046793a1b8d647d134 to remote] DEBUG org.asynchttpclient.netty.request.NettyRequestSender - Using open Channel [id: 0xe04a7e20, L:/127.0.0.1:64551 - R:localhost/127.0.0.1:54080] for GET '/session/c1f3ade145e167046793a1b8d647d134/screenshot'
00:35:12.896 [AsyncHttpClient-1-5] DEBUG org.asynchttpclient.netty.handler.HttpHandler - 

Request DefaultFullHttpRequest(decodeResult: success, version: HTTP/1.1, content: EmptyByteBufBE)
GET /session/c1f3ade145e167046793a1b8d647d134/screenshot HTTP/1.1
User-Agent: selenium/4.1.2 (java windows)
Cache-Control: no-cache
Content-Type: application/json; charset=utf-8
host: localhost:54080
accept: */*

Response DefaultHttpResponse(decodeResult: success, version: HTTP/1.1)
HTTP/1.1 200 OK
Content-Type: application/json; charset=utf-8
cache-control: no-cache
content-length: 32668

00:35:12.896 [AsyncHttpClient-1-5] DEBUG org.asynchttpclient.netty.channel.ChannelManager - Adding key: http://localhost:54080 for channel [id: 0xe04a7e20, L:/127.0.0.1:64551 - R:localhost/127.0.0.1:54080]
00:35:12.896 [main] DEBUG net.serenitybdd.core.photography.Darkroom - Send negative for processing for target\site\serenity\0f6dd11263741c3801af673ce2eda5fa680feb9df020d5b5f323c1ed7345615b.png
00:35:12.896 [main] DEBUG net.thucydides.core.steps.StepInterceptor - STEP DONE: validateOnHomepageOrder
  &amp#27;[32mAnd &amp#27;[0m&amp#27;[32mI am on the homepage order&amp#27;[0m           &amp#27;[90m# starter.stepdefinitions.OrderSteps.iAmOnTheHomepageOrder()&amp#27;[0m
00:35:12.928 [main] DEBUG net.thucydides.core.steps.StepInterceptor - STARTING STEP: OrderSteps.iClickButtonBayar - clickBayarButton
00:35:12.943 [Forwarding findElement on session c1f3ade145e167046793a1b8d647d134 to remote] DEBUG org.asynchttpclient.netty.request.NettyRequestSender - Using pooled Channel '[id: 0xe04a7e20, L:/127.0.0.1:64551 - R:localhost/127.0.0.1:54080]' for 'POST' to 'http://localhost:54080/session/c1f3ade145e167046793a1b8d647d134/element'
00:35:12.943 [Forwarding findElement on session c1f3ade145e167046793a1b8d647d134 to remote] DEBUG org.asynchttpclient.netty.request.NettyRequestSender - Using open Channel [id: 0xe04a7e20, L:/127.0.0.1:64551 - R:localhost/127.0.0.1:54080] for POST '/session/c1f3ade145e167046793a1b8d647d134/element'
00:35:12.949 [AsyncHttpClient-1-5] DEBUG org.asynchttpclient.netty.handler.HttpHandler - 

Request DefaultHttpRequest(decodeResult: success, version: HTTP/1.1)
POST /session/c1f3ade145e167046793a1b8d647d134/element HTTP/1.1
User-Agent: selenium/4.1.2 (java windows)
Content-Length: 82
Content-Type: application/json; charset=utf-8
host: localhost:54080
accept: */*

Response DefaultHttpResponse(decodeResult: success, version: HTTP/1.1)
HTTP/1.1 200 OK
Content-Type: application/json; charset=utf-8
cache-control: no-cache
content-length: 88

00:35:12.949 [AsyncHttpClient-1-5] DEBUG org.asynchttpclient.netty.channel.ChannelManager - Adding key: http://localhost:54080 for channel [id: 0xe04a7e20, L:/127.0.0.1:64551 - R:localhost/127.0.0.1:54080]
00:35:12.949 [Forwarding getElementTagName on session c1f3ade145e167046793a1b8d647d134 to remote] DEBUG org.asynchttpclient.netty.request.NettyRequestSender - Using pooled Channel '[id: 0xe04a7e20, L:/127.0.0.1:64551 - R:localhost/127.0.0.1:54080]' for 'GET' to 'http://localhost:54080/session/c1f3ade145e167046793a1b8d647d134/element/67fb3740-f974-4609-ad00-953a0183d4ce/name'
00:35:12.949 [Forwarding getElementTagName on session c1f3ade145e167046793a1b8d647d134 to remote] DEBUG org.asynchttpclient.netty.request.NettyRequestSender - Using open Channel [id: 0xe04a7e20, L:/127.0.0.1:64551 - R:localhost/127.0.0.1:54080] for GET '/session/c1f3ade145e167046793a1b8d647d134/element/67fb3740-f974-4609-ad00-953a0183d4ce/name'
00:35:12.965 [AsyncHttpClient-1-5] DEBUG org.asynchttpclient.netty.handler.HttpHandler - 

Request DefaultFullHttpRequest(decodeResult: success, version: HTTP/1.1, content: EmptyByteBufBE)
GET /session/c1f3ade145e167046793a1b8d647d134/element/67fb3740-f974-4609-ad00-953a0183d4ce/name HTTP/1.1
User-Agent: selenium/4.1.2 (java windows)
Cache-Control: no-cache
Content-Type: application/json; charset=utf-8
host: localhost:54080
accept: */*

Response DefaultHttpResponse(decodeResult: success, version: HTTP/1.1)
HTTP/1.1 200 OK
Content-Type: application/json; charset=utf-8
cache-control: no-cache
content-length: 16

00:35:12.965 [AsyncHttpClient-1-5] DEBUG org.asynchttpclient.netty.channel.ChannelManager - Adding key: http://localhost:54080 for channel [id: 0xe04a7e20, L:/127.0.0.1:64551 - R:localhost/127.0.0.1:54080]
00:35:12.965 [Forwarding getElementTagName on session c1f3ade145e167046793a1b8d647d134 to remote] DEBUG org.asynchttpclient.netty.request.NettyRequestSender - Using pooled Channel '[id: 0xe04a7e20, L:/127.0.0.1:64551 - R:localhost/127.0.0.1:54080]' for 'GET' to 'http://localhost:54080/session/c1f3ade145e167046793a1b8d647d134/element/67fb3740-f974-4609-ad00-953a0183d4ce/name'
00:35:12.965 [Forwarding getElementTagName on session c1f3ade145e167046793a1b8d647d134 to remote] DEBUG org.asynchttpclient.netty.request.NettyRequestSender - Using open Channel [id: 0xe04a7e20, L:/127.0.0.1:64551 - R:localhost/127.0.0.1:54080] for GET '/session/c1f3ade145e167046793a1b8d647d134/element/67fb3740-f974-4609-ad00-953a0183d4ce/name'
00:35:12.981 [AsyncHttpClient-1-5] DEBUG org.asynchttpclient.netty.handler.HttpHandler - 

Request DefaultFullHttpRequest(decodeResult: success, version: HTTP/1.1, content: EmptyByteBufBE)
GET /session/c1f3ade145e167046793a1b8d647d134/element/67fb3740-f974-4609-ad00-953a0183d4ce/name HTTP/1.1
User-Agent: selenium/4.1.2 (java windows)
Cache-Control: no-cache
Content-Type: application/json; charset=utf-8
host: localhost:54080
accept: */*

Response DefaultHttpResponse(decodeResult: success, version: HTTP/1.1)
HTTP/1.1 200 OK
Content-Type: application/json; charset=utf-8
cache-control: no-cache
content-length: 16

00:35:12.981 [AsyncHttpClient-1-5] DEBUG org.asynchttpclient.netty.channel.ChannelManager - Adding key: http://localhost:54080 for channel [id: 0xe04a7e20, L:/127.0.0.1:64551 - R:localhost/127.0.0.1:54080]
00:35:12.981 [Forwarding findElement on session c1f3ade145e167046793a1b8d647d134 to remote] DEBUG org.asynchttpclient.netty.request.NettyRequestSender - Using pooled Channel '[id: 0xe04a7e20, L:/127.0.0.1:64551 - R:localhost/127.0.0.1:54080]' for 'POST' to 'http://localhost:54080/session/c1f3ade145e167046793a1b8d647d134/element'
00:35:12.981 [Forwarding findElement on session c1f3ade145e167046793a1b8d647d134 to remote] DEBUG org.asynchttpclient.netty.request.NettyRequestSender - Using open Channel [id: 0xe04a7e20, L:/127.0.0.1:64551 - R:localhost/127.0.0.1:54080] for POST '/session/c1f3ade145e167046793a1b8d647d134/element'
00:35:13.009 [AsyncHttpClient-1-5] DEBUG org.asynchttpclient.netty.handler.HttpHandler - 

Request DefaultHttpRequest(decodeResult: success, version: HTTP/1.1)
POST /session/c1f3ade145e167046793a1b8d647d134/element HTTP/1.1
User-Agent: selenium/4.1.2 (java windows)
Content-Length: 82
Content-Type: application/json; charset=utf-8
host: localhost:54080
accept: */*

Response DefaultHttpResponse(decodeResult: success, version: HTTP/1.1)
HTTP/1.1 200 OK
Content-Type: application/json; charset=utf-8
cache-control: no-cache
content-length: 88

00:35:13.009 [AsyncHttpClient-1-5] DEBUG org.asynchttpclient.netty.channel.ChannelManager - Adding key: http://localhost:54080 for channel [id: 0xe04a7e20, L:/127.0.0.1:64551 - R:localhost/127.0.0.1:54080]
00:35:13.009 [Forwarding clickElement on session c1f3ade145e167046793a1b8d647d134 to remote] DEBUG org.asynchttpclient.netty.request.NettyRequestSender - Using pooled Channel '[id: 0xe04a7e20, L:/127.0.0.1:64551 - R:localhost/127.0.0.1:54080]' for 'POST' to 'http://localhost:54080/session/c1f3ade145e167046793a1b8d647d134/element/67fb3740-f974-4609-ad00-953a0183d4ce/click'
00:35:13.009 [Forwarding clickElement on session c1f3ade145e167046793a1b8d647d134 to remote] DEBUG org.asynchttpclient.netty.request.NettyRequestSender - Using open Channel [id: 0xe04a7e20, L:/127.0.0.1:64551 - R:localhost/127.0.0.1:54080] for POST '/session/c1f3ade145e167046793a1b8d647d134/element/67fb3740-f974-4609-ad00-953a0183d4ce/click'
00:35:13.096 [AsyncHttpClient-1-5] DEBUG org.asynchttpclient.netty.handler.HttpHandler - 

Request DefaultHttpRequest(decodeResult: success, version: HTTP/1.1)
POST /session/c1f3ade145e167046793a1b8d647d134/element/67fb3740-f974-4609-ad00-953a0183d4ce/click HTTP/1.1
User-Agent: selenium/4.1.2 (java windows)
Content-Length: 50
Content-Type: application/json; charset=utf-8
host: localhost:54080
accept: */*

Response DefaultHttpResponse(decodeResult: success, version: HTTP/1.1)
HTTP/1.1 200 OK
Content-Type: application/json; charset=utf-8
cache-control: no-cache
content-length: 14

00:35:13.096 [AsyncHttpClient-1-5] DEBUG org.asynchttpclient.netty.channel.ChannelManager - Adding key: http://localhost:54080 for channel [id: 0xe04a7e20, L:/127.0.0.1:64551 - R:localhost/127.0.0.1:54080]
00:35:13.111 [Forwarding screenshot on session c1f3ade145e167046793a1b8d647d134 to remote] DEBUG org.asynchttpclient.netty.request.NettyRequestSender - Using pooled Channel '[id: 0xe04a7e20, L:/127.0.0.1:64551 - R:localhost/127.0.0.1:54080]' for 'GET' to 'http://localhost:54080/session/c1f3ade145e167046793a1b8d647d134/screenshot'
00:35:13.112 [Forwarding screenshot on session c1f3ade145e167046793a1b8d647d134 to remote] DEBUG org.asynchttpclient.netty.request.NettyRequestSender - Using open Channel [id: 0xe04a7e20, L:/127.0.0.1:64551 - R:localhost/127.0.0.1:54080] for GET '/session/c1f3ade145e167046793a1b8d647d134/screenshot'
00:35:13.364 [AsyncHttpClient-1-1] DEBUG org.asynchttpclient.netty.channel.DefaultChannelPool - Entry count for : http://localhost:64552 : 1
00:35:13.450 [AsyncHttpClient-1-5] DEBUG org.asynchttpclient.netty.handler.HttpHandler - 

Request DefaultFullHttpRequest(decodeResult: success, version: HTTP/1.1, content: EmptyByteBufBE)
GET /session/c1f3ade145e167046793a1b8d647d134/screenshot HTTP/1.1
User-Agent: selenium/4.1.2 (java windows)
Cache-Control: no-cache
Content-Type: application/json; charset=utf-8
host: localhost:54080
accept: */*

Response DefaultHttpResponse(decodeResult: success, version: HTTP/1.1)
HTTP/1.1 200 OK
Content-Type: application/json; charset=utf-8
cache-control: no-cache
content-length: 30420

00:35:13.450 [AsyncHttpClient-1-5] DEBUG org.asynchttpclient.netty.channel.ChannelManager - Adding key: http://localhost:54080 for channel [id: 0xe04a7e20, L:/127.0.0.1:64551 - R:localhost/127.0.0.1:54080]
00:35:13.456 [main] DEBUG net.serenitybdd.core.photography.Darkroom - Send negative for processing for target\site\serenity\176137fa2b9227959ed6c90a69dd3a5bcf2bd3585d196b46dd46900e7e316dfa.png
00:35:13.457 [main] DEBUG net.thucydides.core.steps.StepInterceptor - STEP DONE: clickBayarButton
  &amp#27;[32mThen &amp#27;[0m&amp#27;[32mI click button bayar&amp#27;[0m                &amp#27;[90m# starter.stepdefinitions.OrderSteps.iClickButtonBayar()&amp#27;[0m
00:35:13.462 [Darkroom Processing Line] DEBUG net.serenitybdd.core.photography.DarkroomProcessingLine - Processing screenshot image in /var/screenshots/screenshot-6069586853556927375
00:35:13.463 [Darkroom Processing Line] DEBUG net.serenitybdd.core.photography.DarkroomProcessingLine - Saving screenshot to target\site\serenity\176137fa2b9227959ed6c90a69dd3a5bcf2bd3585d196b46dd46900e7e316dfa.png
00:35:13.488 [main] DEBUG net.thucydides.core.steps.StepInterceptor - STARTING STEP: OrderSteps.iGoToTransactionPage - headerTextEqual
00:35:13.531 [Forwarding findElement on session c1f3ade145e167046793a1b8d647d134 to remote] DEBUG org.asynchttpclient.netty.request.NettyRequestSender - Using pooled Channel '[id: 0xe04a7e20, L:/127.0.0.1:64551 - R:localhost/127.0.0.1:54080]' for 'POST' to 'http://localhost:54080/session/c1f3ade145e167046793a1b8d647d134/element'
00:35:13.531 [Forwarding findElement on session c1f3ade145e167046793a1b8d647d134 to remote] DEBUG org.asynchttpclient.netty.request.NettyRequestSender - Using open Channel [id: 0xe04a7e20, L:/127.0.0.1:64551 - R:localhost/127.0.0.1:54080] for POST '/session/c1f3ade145e167046793a1b8d647d134/element'
00:35:14.444 [AsyncHttpClient-1-1] DEBUG org.asynchttpclient.netty.channel.DefaultChannelPool - Entry count for : http://localhost:64552 : 1
00:35:14.505 [AsyncHttpClient-1-5] DEBUG org.asynchttpclient.netty.handler.HttpHandler - 

Request DefaultHttpRequest(decodeResult: success, version: HTTP/1.1)
POST /session/c1f3ade145e167046793a1b8d647d134/element HTTP/1.1
User-Agent: selenium/4.1.2 (java windows)
Content-Length: 108
Content-Type: application/json; charset=utf-8
host: localhost:54080
accept: */*

Response DefaultHttpResponse(decodeResult: success, version: HTTP/1.1)
HTTP/1.1 200 OK
Content-Type: application/json; charset=utf-8
cache-control: no-cache
content-length: 88

00:35:14.506 [AsyncHttpClient-1-5] DEBUG org.asynchttpclient.netty.channel.ChannelManager - Adding key: http://localhost:54080 for channel [id: 0xe04a7e20, L:/127.0.0.1:64551 - R:localhost/127.0.0.1:54080]
00:35:14.507 [Forwarding getElementText on session c1f3ade145e167046793a1b8d647d134 to remote] DEBUG org.asynchttpclient.netty.request.NettyRequestSender - Using pooled Channel '[id: 0xe04a7e20, L:/127.0.0.1:64551 - R:localhost/127.0.0.1:54080]' for 'GET' to 'http://localhost:54080/session/c1f3ade145e167046793a1b8d647d134/element/88a2b970-b89c-4851-88bc-5176d73399c7/text'
00:35:14.507 [Forwarding getElementText on session c1f3ade145e167046793a1b8d647d134 to remote] DEBUG org.asynchttpclient.netty.request.NettyRequestSender - Using open Channel [id: 0xe04a7e20, L:/127.0.0.1:64551 - R:localhost/127.0.0.1:54080] for GET '/session/c1f3ade145e167046793a1b8d647d134/element/88a2b970-b89c-4851-88bc-5176d73399c7/text'
00:35:14.544 [AsyncHttpClient-1-5] DEBUG org.asynchttpclient.netty.handler.HttpHandler - 

Request DefaultFullHttpRequest(decodeResult: success, version: HTTP/1.1, content: EmptyByteBufBE)
GET /session/c1f3ade145e167046793a1b8d647d134/element/88a2b970-b89c-4851-88bc-5176d73399c7/text HTTP/1.1
User-Agent: selenium/4.1.2 (java windows)
Cache-Control: no-cache
Content-Type: application/json; charset=utf-8
host: localhost:54080
accept: */*

Response DefaultHttpResponse(decodeResult: success, version: HTTP/1.1)
HTTP/1.1 200 OK
Content-Type: application/json; charset=utf-8
cache-control: no-cache
content-length: 24

00:35:14.544 [AsyncHttpClient-1-5] DEBUG org.asynchttpclient.netty.channel.ChannelManager - Adding key: http://localhost:54080 for channel [id: 0xe04a7e20, L:/127.0.0.1:64551 - R:localhost/127.0.0.1:54080]
00:35:14.544 [Forwarding screenshot on session c1f3ade145e167046793a1b8d647d134 to remote] DEBUG org.asynchttpclient.netty.request.NettyRequestSender - Using pooled Channel '[id: 0xe04a7e20, L:/127.0.0.1:64551 - R:localhost/127.0.0.1:54080]' for 'GET' to 'http://localhost:54080/session/c1f3ade145e167046793a1b8d647d134/screenshot'
00:35:14.544 [Forwarding screenshot on session c1f3ade145e167046793a1b8d647d134 to remote] DEBUG org.asynchttpclient.netty.request.NettyRequestSender - Using open Channel [id: 0xe04a7e20, L:/127.0.0.1:64551 - R:localhost/127.0.0.1:54080] for GET '/session/c1f3ade145e167046793a1b8d647d134/screenshot'
00:35:14.718 [AsyncHttpClient-1-5] DEBUG org.asynchttpclient.netty.handler.HttpHandler - 

Request DefaultFullHttpRequest(decodeResult: success, version: HTTP/1.1, content: EmptyByteBufBE)
GET /session/c1f3ade145e167046793a1b8d647d134/screenshot HTTP/1.1
User-Agent: selenium/4.1.2 (java windows)
Cache-Control: no-cache
Content-Type: application/json; charset=utf-8
host: localhost:54080
accept: */*

Response DefaultHttpResponse(decodeResult: success, version: HTTP/1.1)
HTTP/1.1 200 OK
Content-Type: application/json; charset=utf-8
cache-control: no-cache
content-length: 30100

00:35:14.718 [AsyncHttpClient-1-5] DEBUG org.asynchttpclient.netty.channel.ChannelManager - Adding key: http://localhost:54080 for channel [id: 0xe04a7e20, L:/127.0.0.1:64551 - R:localhost/127.0.0.1:54080]
00:35:14.722 [main] DEBUG net.serenitybdd.core.photography.Darkroom - Send negative for processing for target\site\serenity\b7ec72b8c15ed645ec261bcab378a5c4221034604d91d06854ac54034f3b27a1.png
00:35:14.722 [main] DEBUG net.thucydides.core.steps.StepInterceptor - STEP DONE: headerTextEqual
  &amp#27;[32mAnd &amp#27;[0m&amp#27;[32mI go to transaction page&amp#27;[0m             &amp#27;[90m# starter.stepdefinitions.OrderSteps.iGoToTransactionPage()&amp#27;[0m
00:35:14.722 [Darkroom Processing Line] DEBUG net.serenitybdd.core.photography.DarkroomProcessingLine - Processing screenshot image in /var/screenshots/screenshot-16554976932919930014
00:35:14.722 [Darkroom Processing Line] DEBUG net.serenitybdd.core.photography.DarkroomProcessingLine - Saving screenshot to target\site\serenity\b7ec72b8c15ed645ec261bcab378a5c4221034604d91d06854ac54034f3b27a1.png
00:35:14.733 [main] INFO  - 
  _____   ___   ___   _____     ___     _     ___   ___   ___   ___  
 |_   _| | __| / __| |_   _|   | _ \   /_\   / __| / __| | __| |   \ 
   | |   | _|  \__ \   | |     |  _/  / _ \  \__ \ \__ \ | _|  | |) |
   |_|   |___| |___/   |_|     |_|   /_/ \_\ |___/ |___/ |___| |___/ 

As a user I have to have product
----------------------------------------------------------------------
00:35:14.736 [AsyncHttpClient-1-3] DEBUG org.asynchttpclient.netty.handler.WebSocketHandler - Channel Closed: [id: 0x9f8a1e10, L:/127.0.0.1:64558 ! R:localhost/127.0.0.1:64552] with attribute NettyResponseFuture{currentRetry=5,
	isDone=1,
	isCancelled=0,
	asyncHandler=org.asynchttpclient.ws.WebSocketUpgradeHandler@72bf2b76,
	nettyRequest=org.asynchttpclient.netty.request.NettyRequest@135fac79,
	future=java.util.concurrent.CompletableFuture@22f99b2[Completed normally],
	uri=ws://localhost:64552/devtools/browser/86a9e8c8-e484-42b2-8754-239740186071,
	keepAlive=true,
	redirectCount=0,
	timeoutsHolder=null,
	inAuth=0,
	touch=1652636093303}
00:35:14.736 [AsyncHttpClient-1-3] DEBUG org.asynchttpclient.netty.channel.ChannelManager - Closing Channel [id: 0x9f8a1e10, L:/127.0.0.1:64558 ! R:localhost/127.0.0.1:64552] 
00:35:14.739 [Driver Command Executor] DEBUG org.asynchttpclient.netty.request.NettyRequestSender - Using pooled Channel '[id: 0xe04a7e20, L:/127.0.0.1:64551 - R:localhost/127.0.0.1:54080]' for 'DELETE' to 'http://localhost:54080/session/c1f3ade145e167046793a1b8d647d134'
00:35:14.739 [Driver Command Executor] DEBUG org.asynchttpclient.netty.request.NettyRequestSender - Using open Channel [id: 0xe04a7e20, L:/127.0.0.1:64551 - R:localhost/127.0.0.1:54080] for DELETE '/session/c1f3ade145e167046793a1b8d647d134'
00:35:15.021 [AsyncHttpClient-1-2] DEBUG org.asynchttpclient.netty.handler.HttpHandler - Unexpected I/O exception on channel [id: 0x923567ba, L:/127.0.0.1:64557 - R:localhost/127.0.0.1:64552]
java.net.SocketException: Connection reset
	at java.base/sun.nio.ch.SocketChannelImpl.throwConnectionReset(SocketChannelImpl.java:367)
	at java.base/sun.nio.ch.SocketChannelImpl.read(SocketChannelImpl.java:398)
	at io.netty.buffer.PooledByteBuf.setBytes(PooledByteBuf.java:258)
	at io.netty.buffer.AbstractByteBuf.writeBytes(AbstractByteBuf.java:1132)
	at io.netty.channel.socket.nio.NioSocketChannel.doReadBytes(NioSocketChannel.java:350)
	at io.netty.channel.nio.AbstractNioByteChannel$NioByteUnsafe.read(AbstractNioByteChannel.java:151)
	at io.netty.channel.nio.NioEventLoop.processSelectedKey(NioEventLoop.java:722)
	at io.netty.channel.nio.NioEventLoop.processSelectedKeysOptimized(NioEventLoop.java:658)
	at io.netty.channel.nio.NioEventLoop.processSelectedKeys(NioEventLoop.java:584)
	at io.netty.channel.nio.NioEventLoop.run(NioEventLoop.java:496)
	at io.netty.util.concurrent.SingleThreadEventExecutor$4.run(SingleThreadEventExecutor.java:986)
	at io.netty.util.internal.ThreadExecutorMap$2.run(ThreadExecutorMap.java:74)
	at io.netty.util.concurrent.FastThreadLocalRunnable.run(FastThreadLocalRunnable.java:30)
	at java.base/java.lang.Thread.run(Thread.java:832)
00:35:15.021 [AsyncHttpClient-1-2] DEBUG org.asynchttpclient.netty.channel.ChannelManager - Closing Channel [id: 0x923567ba, L:/127.0.0.1:64557 - R:localhost/127.0.0.1:64552] 
00:35:15.021 [AsyncHttpClient-1-2] DEBUG org.asynchttpclient.netty.handler.HttpHandler - Channel Closed: [id: 0x923567ba, L:/127.0.0.1:64557 ! R:localhost/127.0.0.1:64552] with attribute DISCARD
00:35:15.087 [AsyncHttpClient-1-5] DEBUG org.asynchttpclient.netty.handler.HttpHandler - 

Request DefaultFullHttpRequest(decodeResult: success, version: HTTP/1.1, content: EmptyByteBufBE)
DELETE /session/c1f3ade145e167046793a1b8d647d134 HTTP/1.1
User-Agent: selenium/4.1.2 (java windows)
Content-Type: application/json; charset=utf-8
host: localhost:54080
accept: */*

Response DefaultHttpResponse(decodeResult: success, version: HTTP/1.1)
HTTP/1.1 200 OK
Content-Type: application/json; charset=utf-8
cache-control: no-cache
content-length: 14

00:35:15.087 [AsyncHttpClient-1-5] DEBUG org.asynchttpclient.netty.channel.ChannelManager - Adding key: http://localhost:54080 for channel [id: 0xe04a7e20, L:/127.0.0.1:64551 - R:localhost/127.0.0.1:54080]
00:35:15.547 [AsyncHttpClient-1-1] DEBUG org.asynchttpclient.netty.channel.DefaultChannelPool - Entry count for : http://localhost:54080 : 1
00:35:15.547 [AsyncHttpClient-1-1] DEBUG org.asynchttpclient.netty.channel.DefaultChannelPool - Entry count for : http://localhost:64552 : 1
00:35:15.547 [AsyncHttpClient-1-1] DEBUG org.asynchttpclient.netty.channel.DefaultChannelPool - Adding Candidate expired Channel [id: 0x923567ba, L:/127.0.0.1:64557 ! R:localhost/127.0.0.1:64552] isIdleTimeoutExpired=false isRemotelyClosed=true isTtlExpired=false
00:35:15.547 [AsyncHttpClient-1-1] DEBUG org.asynchttpclient.netty.channel.DefaultChannelPool - Closing Idle Channel [id: 0x923567ba, L:/127.0.0.1:64557 ! R:localhost/127.0.0.1:64552]
00:35:15.547 [AsyncHttpClient-1-1] DEBUG org.asynchttpclient.netty.channel.DefaultChannelPool - Closed 1 connections out of 2 in 0 ms
00:35:15.578 [AsyncHttpClient-1-5] DEBUG org.asynchttpclient.netty.handler.HttpHandler - Channel Closed: [id: 0xe04a7e20, L:/127.0.0.1:64551 ! R:localhost/127.0.0.1:54080] with attribute DISCARD
]]></system-out>
    <system-err><![CDATA[Starting ChromeDriver 101.0.4951.41 (93c720db8323b3ec10d056025ab95c23a31997c9-refs/branch-heads/4951@{#904}) on port 54080
Only local connections are allowed.
Please see https://chromedriver.chromium.org/security-considerations for suggestions on keeping ChromeDriver safe.
ChromeDriver was started successfully.
May 16, 2022 12:34:53 AM org.openqa.selenium.remote.ProtocolHandshake createSession
INFO: Detected dialect: W3C
May 16, 2022 12:34:53 AM org.openqa.selenium.devtools.CdpVersionFinder findNearestMatch
WARNING: Unable to find an exact match for CDP version 101, so returning the closest version found: 97
May 16, 2022 12:34:53 AM org.openqa.selenium.devtools.CdpVersionFinder findNearestMatch
INFO: Found CDP implementation for version 101 of 97
]]></system-err>
  </testcase>
  <testcase name="As a user I have to be able registration" classname="register" time="16.021">
    <system-out><![CDATA[00:35:16.107 [main] INFO io.cucumber.core.plugin.SerenityReporter - Running feature from file:///D:/web-automation-using-serenity/src/test/resources/features/Register.feature
00:35:16.107 [main] DEBUG net.thucydides.core.steps.StepEventBus - Test suite started for story net.thucydides.core.model.Story@30e75088
00:35:16.107 [main] INFO  - Test Suite Started: Register

Scenario: As a user I have to be able registration &amp#27;[90m# src/test/resources/features/Register.feature:5&amp#27;[0m
00:35:16.138 [main] INFO io.cucumber.core.plugin.SerenityReporter - Running feature from file:///D:/web-automation-using-serenity/src/test/resources/features/Register.feature
00:35:16.154 [main] INFO  - 
  _____   ___   ___   _____     ___   _____     _     ___   _____   ___   ___  
 |_   _| | __| / __| |_   _|   / __| |_   _|   /_\   | _ \ |_   _| | __| |   \ 
   | |   | _|  \__ \   | |     \__ \   | |    / _ \  |   /   | |   | _|  | |) |
   |_|   |___| |___/   |_|     |___/   |_|   /_/ \_\ |_|_\   |_|   |___| |___/ 

As a user I have to be able registration(register;as-a-user-i-have-to-be-able-registration)
--------------------------------------------------------------------------------
00:35:16.247 [main] DEBUG net.thucydides.core.steps.StepInterceptor - STARTING STEP: RegisterSteps.iAmOnTheRegisterPage - openUrl
00:35:16.247 [main] INFO net.serenitybdd.core.webdriver.driverproviders.ChromeDriverProvider - Using automatically driver download
00:35:16.653 [AsyncHttpClient-1-1] DEBUG org.asynchttpclient.netty.channel.DefaultChannelPool - Entry count for : http://localhost:54080 : 1
00:35:16.653 [AsyncHttpClient-1-1] DEBUG org.asynchttpclient.netty.channel.DefaultChannelPool - Adding Candidate expired Channel [id: 0xe04a7e20, L:/127.0.0.1:64551 ! R:localhost/127.0.0.1:54080] isIdleTimeoutExpired=false isRemotelyClosed=true isTtlExpired=false
00:35:16.653 [AsyncHttpClient-1-1] DEBUG org.asynchttpclient.netty.channel.DefaultChannelPool - Closing Idle Channel [id: 0xe04a7e20, L:/127.0.0.1:64551 ! R:localhost/127.0.0.1:54080]
00:35:16.653 [AsyncHttpClient-1-1] DEBUG org.asynchttpclient.netty.channel.DefaultChannelPool - Closed 1 connections out of 1 in 0 ms
00:35:16.747 [main] DEBUG io.github.bonigarcia.wdm.cache.ResolutionCache - Resolution chrome=101 in cache (valid until 01:32:11 16/05/2022 WIB)
00:35:16.762 [main] DEBUG io.github.bonigarcia.wdm.cache.ResolutionCache - Resolution chrome101=101.0.4951.41 in cache (valid until 00:32:11 17/05/2022 WIB)
00:35:16.762 [main] INFO io.github.bonigarcia.wdm.WebDriverManager - Using chromedriver 101.0.4951.41 (resolved driver for Chrome 101)
00:35:16.778 [main] DEBUG io.github.bonigarcia.wdm.WebDriverManager - Driver chromedriver 101.0.4951.41 found in cache
00:35:16.778 [main] INFO io.github.bonigarcia.wdm.WebDriverManager - Exporting webdriver.chrome.driver as C:\Users\A\.cache\selenium\chromedriver\win32\101.0.4951.41\chromedriver.exe
00:35:17.038 [main] DEBUG net.serenitybdd.core.webdriver.driverproviders.ProvideNewDriver - Instantiating driver
00:35:17.038 [main] DEBUG net.serenitybdd.core.webdriver.driverproviders.ProvideNewDriver - Driver capabilities: Capabilities {acceptInsecureCerts: false, base.url: https://qa.alta.id, browserName: chrome, chrome.driver: src/test/resources/webdrive..., driver: chrome, goog:chromeOptions: {args: [], extensions: []}}
00:35:17.600 [AsyncHttpClient-1-4] DEBUG org.asynchttpclient.netty.channel.NettyConnectListener - Using new Channel '[id: 0x24f3267f, L:/127.0.0.1:64582 - R:localhost/127.0.0.1:61393]' for 'POST' to '/session'
00:35:19.565 [AsyncHttpClient-1-4] DEBUG org.asynchttpclient.netty.handler.HttpHandler - 

Request DefaultHttpRequest(decodeResult: success, version: HTTP/1.1)
POST /session HTTP/1.1
User-Agent: selenium/4.1.2 (java windows)
Content-Length: 599
Content-Type: application/json; charset=utf-8
host: localhost:61393
accept: */*

Response DefaultHttpResponse(decodeResult: success, version: HTTP/1.1)
HTTP/1.1 200 OK
Content-Type: application/json; charset=utf-8
cache-control: no-cache
content-length: 784

00:35:19.565 [AsyncHttpClient-1-4] DEBUG org.asynchttpclient.netty.channel.ChannelManager - Adding key: http://localhost:61393 for channel [id: 0x24f3267f, L:/127.0.0.1:64582 - R:localhost/127.0.0.1:61393]
00:35:19.578 [AsyncHttpClient-1-5] DEBUG org.asynchttpclient.netty.channel.NettyConnectListener - Using new Channel '[id: 0xf7e1d1ce, L:/127.0.0.1:64589 - R:localhost/127.0.0.1:64583]' for 'GET' to '/json/version'
00:35:19.580 [AsyncHttpClient-1-5] DEBUG org.asynchttpclient.netty.handler.HttpHandler - 

Request DefaultFullHttpRequest(decodeResult: success, version: HTTP/1.1, content: EmptyByteBufBE)
GET /json/version HTTP/1.1
User-Agent: selenium/4.1.2 (java windows)
host: localhost:64583
accept: */*

Response DefaultHttpResponse(decodeResult: success, version: HTTP/1.1)
HTTP/1.1 200 OK
Content-Type: application/json; charset=UTF-8
content-length: 427

00:35:19.580 [AsyncHttpClient-1-5] DEBUG org.asynchttpclient.netty.channel.ChannelManager - Adding key: http://localhost:64583 for channel [id: 0xf7e1d1ce, L:/127.0.0.1:64589 - R:localhost/127.0.0.1:64583]
00:35:19.583 [AsyncHttpClient-1-2] DEBUG org.asynchttpclient.netty.channel.NettyConnectListener - Using new Channel '[id: 0xead9437c, L:/127.0.0.1:64590 - R:localhost/127.0.0.1:64583]' for 'GET' to '/devtools/browser/b4592846-9fc6-4b7b-abc9-b9cb47790472'
00:35:19.584 [AsyncHttpClient-1-2] DEBUG org.asynchttpclient.netty.handler.WebSocketHandler - 

Request DefaultFullHttpRequest(decodeResult: success, version: HTTP/1.1, content: EmptyByteBufBE)
GET /devtools/browser/b4592846-9fc6-4b7b-abc9-b9cb47790472 HTTP/1.1
upgrade: websocket
connection: upgrade
sec-websocket-key: Xb5gfRnqsgmQ89wSSpxrxQ==
sec-websocket-version: 13
origin: http://localhost:64583
host: localhost:64583
accept: */*
user-agent: AHC/2.1

Response DefaultHttpResponse(decodeResult: success, version: HTTP/1.1)
HTTP/1.1 101 WebSocket Protocol Handshake
Upgrade: WebSocket
Connection: Upgrade
Sec-WebSocket-Accept: y/yiD3ghUMlgE6ZuICSadvhMpjc=

00:35:19.601 [Forwarding maximizeCurrentWindow on session 6f60c876790d6bc6bb65196d95f3fff6 to remote] DEBUG org.asynchttpclient.netty.request.NettyRequestSender - Using pooled Channel '[id: 0x24f3267f, L:/127.0.0.1:64582 - R:localhost/127.0.0.1:61393]' for 'POST' to 'http://localhost:61393/session/6f60c876790d6bc6bb65196d95f3fff6/window/maximize'
00:35:19.601 [Forwarding maximizeCurrentWindow on session 6f60c876790d6bc6bb65196d95f3fff6 to remote] DEBUG org.asynchttpclient.netty.request.NettyRequestSender - Using open Channel [id: 0x24f3267f, L:/127.0.0.1:64582 - R:localhost/127.0.0.1:61393] for POST '/session/6f60c876790d6bc6bb65196d95f3fff6/window/maximize'
00:35:20.060 [AsyncHttpClient-1-1] DEBUG org.asynchttpclient.netty.channel.DefaultChannelPool - Entry count for : http://localhost:64583 : 1
00:35:20.060 [AsyncHttpClient-1-4] DEBUG org.asynchttpclient.netty.handler.HttpHandler - 

Request DefaultHttpRequest(decodeResult: success, version: HTTP/1.1)
POST /session/6f60c876790d6bc6bb65196d95f3fff6/window/maximize HTTP/1.1
User-Agent: selenium/4.1.2 (java windows)
Content-Length: 3
Content-Type: application/json; charset=utf-8
host: localhost:61393
accept: */*

Response DefaultHttpResponse(decodeResult: success, version: HTTP/1.1)
HTTP/1.1 200 OK
Content-Type: application/json; charset=utf-8
cache-control: no-cache
content-length: 51

00:35:20.060 [AsyncHttpClient-1-4] DEBUG org.asynchttpclient.netty.channel.ChannelManager - Adding key: http://localhost:61393 for channel [id: 0x24f3267f, L:/127.0.0.1:64582 - R:localhost/127.0.0.1:61393]
00:35:20.075 [Forwarding get on session 6f60c876790d6bc6bb65196d95f3fff6 to remote] DEBUG org.asynchttpclient.netty.request.NettyRequestSender - Using pooled Channel '[id: 0x24f3267f, L:/127.0.0.1:64582 - R:localhost/127.0.0.1:61393]' for 'POST' to 'http://localhost:61393/session/6f60c876790d6bc6bb65196d95f3fff6/url'
00:35:20.075 [Forwarding get on session 6f60c876790d6bc6bb65196d95f3fff6 to remote] DEBUG org.asynchttpclient.netty.request.NettyRequestSender - Using open Channel [id: 0x24f3267f, L:/127.0.0.1:64582 - R:localhost/127.0.0.1:61393] for POST '/session/6f60c876790d6bc6bb65196d95f3fff6/url'
00:35:21.145 [AsyncHttpClient-1-1] DEBUG org.asynchttpclient.netty.channel.DefaultChannelPool - Entry count for : http://localhost:64583 : 1
00:35:22.247 [AsyncHttpClient-1-1] DEBUG org.asynchttpclient.netty.channel.DefaultChannelPool - Entry count for : http://localhost:64583 : 1
00:35:23.347 [AsyncHttpClient-1-1] DEBUG org.asynchttpclient.netty.channel.DefaultChannelPool - Entry count for : http://localhost:64583 : 1
00:35:24.445 [AsyncHttpClient-1-1] DEBUG org.asynchttpclient.netty.channel.DefaultChannelPool - Entry count for : http://localhost:64583 : 1
00:35:25.545 [AsyncHttpClient-1-1] DEBUG org.asynchttpclient.netty.channel.DefaultChannelPool - Entry count for : http://localhost:64583 : 1
00:35:25.992 [AsyncHttpClient-1-4] DEBUG org.asynchttpclient.netty.handler.HttpHandler - 

Request DefaultHttpRequest(decodeResult: success, version: HTTP/1.1)
POST /session/6f60c876790d6bc6bb65196d95f3fff6/url HTTP/1.1
User-Agent: selenium/4.1.2 (java windows)
Content-Length: 67
Content-Type: application/json; charset=utf-8
host: localhost:61393
accept: */*

Response DefaultHttpResponse(decodeResult: success, version: HTTP/1.1)
HTTP/1.1 200 OK
Content-Type: application/json; charset=utf-8
cache-control: no-cache
content-length: 14

00:35:25.992 [AsyncHttpClient-1-4] DEBUG org.asynchttpclient.netty.channel.ChannelManager - Adding key: http://localhost:61393 for channel [id: 0x24f3267f, L:/127.0.0.1:64582 - R:localhost/127.0.0.1:61393]
00:35:25.995 [Forwarding setTimeout on session 6f60c876790d6bc6bb65196d95f3fff6 to remote] DEBUG org.asynchttpclient.netty.request.NettyRequestSender - Using pooled Channel '[id: 0x24f3267f, L:/127.0.0.1:64582 - R:localhost/127.0.0.1:61393]' for 'POST' to 'http://localhost:61393/session/6f60c876790d6bc6bb65196d95f3fff6/timeouts'
00:35:25.995 [Forwarding setTimeout on session 6f60c876790d6bc6bb65196d95f3fff6 to remote] DEBUG org.asynchttpclient.netty.request.NettyRequestSender - Using open Channel [id: 0x24f3267f, L:/127.0.0.1:64582 - R:localhost/127.0.0.1:61393] for POST '/session/6f60c876790d6bc6bb65196d95f3fff6/timeouts'
00:35:26.000 [AsyncHttpClient-1-4] DEBUG org.asynchttpclient.netty.handler.HttpHandler - 

Request DefaultHttpRequest(decodeResult: success, version: HTTP/1.1)
POST /session/6f60c876790d6bc6bb65196d95f3fff6/timeouts HTTP/1.1
User-Agent: selenium/4.1.2 (java windows)
Content-Length: 22
Content-Type: application/json; charset=utf-8
host: localhost:61393
accept: */*

Response DefaultHttpResponse(decodeResult: success, version: HTTP/1.1)
HTTP/1.1 200 OK
Content-Type: application/json; charset=utf-8
cache-control: no-cache
content-length: 14

00:35:26.001 [AsyncHttpClient-1-4] DEBUG org.asynchttpclient.netty.channel.ChannelManager - Adding key: http://localhost:61393 for channel [id: 0x24f3267f, L:/127.0.0.1:64582 - R:localhost/127.0.0.1:61393]
00:35:26.010 [Forwarding getCurrentUrl on session 6f60c876790d6bc6bb65196d95f3fff6 to remote] DEBUG org.asynchttpclient.netty.request.NettyRequestSender - Using pooled Channel '[id: 0x24f3267f, L:/127.0.0.1:64582 - R:localhost/127.0.0.1:61393]' for 'GET' to 'http://localhost:61393/session/6f60c876790d6bc6bb65196d95f3fff6/url'
00:35:26.010 [Forwarding getCurrentUrl on session 6f60c876790d6bc6bb65196d95f3fff6 to remote] DEBUG org.asynchttpclient.netty.request.NettyRequestSender - Using open Channel [id: 0x24f3267f, L:/127.0.0.1:64582 - R:localhost/127.0.0.1:61393] for GET '/session/6f60c876790d6bc6bb65196d95f3fff6/url'
00:35:26.018 [AsyncHttpClient-1-4] DEBUG org.asynchttpclient.netty.handler.HttpHandler - 

Request DefaultFullHttpRequest(decodeResult: success, version: HTTP/1.1, content: EmptyByteBufBE)
GET /session/6f60c876790d6bc6bb65196d95f3fff6/url HTTP/1.1
User-Agent: selenium/4.1.2 (java windows)
Cache-Control: no-cache
Content-Type: application/json; charset=utf-8
host: localhost:61393
accept: */*

Response DefaultHttpResponse(decodeResult: success, version: HTTP/1.1)
HTTP/1.1 200 OK
Content-Type: application/json; charset=utf-8
cache-control: no-cache
content-length: 44

00:35:26.019 [AsyncHttpClient-1-4] DEBUG org.asynchttpclient.netty.channel.ChannelManager - Adding key: http://localhost:61393 for channel [id: 0x24f3267f, L:/127.0.0.1:64582 - R:localhost/127.0.0.1:61393]
00:35:26.037 [main] DEBUG net.serenitybdd.core.photography.Darkroom - Opening darkroom
00:35:26.053 [Forwarding screenshot on session 6f60c876790d6bc6bb65196d95f3fff6 to remote] DEBUG org.asynchttpclient.netty.request.NettyRequestSender - Using pooled Channel '[id: 0x24f3267f, L:/127.0.0.1:64582 - R:localhost/127.0.0.1:61393]' for 'GET' to 'http://localhost:61393/session/6f60c876790d6bc6bb65196d95f3fff6/screenshot'
00:35:26.053 [Forwarding screenshot on session 6f60c876790d6bc6bb65196d95f3fff6 to remote] DEBUG org.asynchttpclient.netty.request.NettyRequestSender - Using open Channel [id: 0x24f3267f, L:/127.0.0.1:64582 - R:localhost/127.0.0.1:61393] for GET '/session/6f60c876790d6bc6bb65196d95f3fff6/screenshot'
00:35:26.076 [Darkroom Processing Line] DEBUG net.serenitybdd.core.photography.DarkroomProcessingLine - Darkroom processing line starting up
00:35:26.230 [AsyncHttpClient-1-4] DEBUG org.asynchttpclient.netty.handler.HttpHandler - 

Request DefaultFullHttpRequest(decodeResult: success, version: HTTP/1.1, content: EmptyByteBufBE)
GET /session/6f60c876790d6bc6bb65196d95f3fff6/screenshot HTTP/1.1
User-Agent: selenium/4.1.2 (java windows)
Cache-Control: no-cache
Content-Type: application/json; charset=utf-8
host: localhost:61393
accept: */*

Response DefaultHttpResponse(decodeResult: success, version: HTTP/1.1)
HTTP/1.1 200 OK
Content-Type: application/json; charset=utf-8
cache-control: no-cache
content-length: 29668

00:35:26.230 [AsyncHttpClient-1-4] DEBUG org.asynchttpclient.netty.channel.ChannelManager - Adding key: http://localhost:61393 for channel [id: 0x24f3267f, L:/127.0.0.1:64582 - R:localhost/127.0.0.1:61393]
00:35:26.234 [main] DEBUG net.serenitybdd.core.photography.Darkroom - Send negative for processing for target\site\serenity\0ba6e8bb0dbd98adfe749502cc48ff0da377cd7b0172f40fe1ccbac8137b3703.png
00:35:26.234 [main] DEBUG net.thucydides.core.steps.StepInterceptor - STEP DONE: openUrl
00:35:26.234 [Darkroom Processing Line] DEBUG net.serenitybdd.core.photography.DarkroomProcessingLine - Processing screenshot image in /var/screenshots/screenshot-2308290963909199870
00:35:26.234 [Darkroom Processing Line] DEBUG net.serenitybdd.core.photography.DarkroomProcessingLine - Saving screenshot to target\site\serenity\0ba6e8bb0dbd98adfe749502cc48ff0da377cd7b0172f40fe1ccbac8137b3703.png
00:35:26.244 [main] DEBUG net.thucydides.core.steps.StepInterceptor - STARTING STEP: RegisterSteps.iAmOnTheRegisterPage - validateOnRegisterPage
00:35:26.248 [Forwarding findElement on session 6f60c876790d6bc6bb65196d95f3fff6 to remote] DEBUG org.asynchttpclient.netty.request.NettyRequestSender - Using pooled Channel '[id: 0x24f3267f, L:/127.0.0.1:64582 - R:localhost/127.0.0.1:61393]' for 'POST' to 'http://localhost:61393/session/6f60c876790d6bc6bb65196d95f3fff6/element'
00:35:26.248 [Forwarding findElement on session 6f60c876790d6bc6bb65196d95f3fff6 to remote] DEBUG org.asynchttpclient.netty.request.NettyRequestSender - Using open Channel [id: 0x24f3267f, L:/127.0.0.1:64582 - R:localhost/127.0.0.1:61393] for POST '/session/6f60c876790d6bc6bb65196d95f3fff6/element'
00:35:26.270 [AsyncHttpClient-1-4] DEBUG org.asynchttpclient.netty.handler.HttpHandler - 

Request DefaultHttpRequest(decodeResult: success, version: HTTP/1.1)
POST /session/6f60c876790d6bc6bb65196d95f3fff6/element HTTP/1.1
User-Agent: selenium/4.1.2 (java windows)
Content-Length: 155
Content-Type: application/json; charset=utf-8
host: localhost:61393
accept: */*

Response DefaultHttpResponse(decodeResult: success, version: HTTP/1.1)
HTTP/1.1 200 OK
Content-Type: application/json; charset=utf-8
cache-control: no-cache
content-length: 88

00:35:26.270 [AsyncHttpClient-1-4] DEBUG org.asynchttpclient.netty.channel.ChannelManager - Adding key: http://localhost:61393 for channel [id: 0x24f3267f, L:/127.0.0.1:64582 - R:localhost/127.0.0.1:61393]
00:35:26.271 [Forwarding isElementDisplayed on session 6f60c876790d6bc6bb65196d95f3fff6 to remote] DEBUG org.asynchttpclient.netty.request.NettyRequestSender - Using pooled Channel '[id: 0x24f3267f, L:/127.0.0.1:64582 - R:localhost/127.0.0.1:61393]' for 'POST' to 'http://localhost:61393/session/6f60c876790d6bc6bb65196d95f3fff6/execute/sync'
00:35:26.271 [Forwarding isElementDisplayed on session 6f60c876790d6bc6bb65196d95f3fff6 to remote] DEBUG org.asynchttpclient.netty.request.NettyRequestSender - Using open Channel [id: 0x24f3267f, L:/127.0.0.1:64582 - R:localhost/127.0.0.1:61393] for POST '/session/6f60c876790d6bc6bb65196d95f3fff6/execute/sync'
00:35:26.310 [AsyncHttpClient-1-4] DEBUG org.asynchttpclient.netty.handler.HttpHandler - 

Request DefaultHttpRequest(decodeResult: success, version: HTTP/1.1)
POST /session/6f60c876790d6bc6bb65196d95f3fff6/execute/sync HTTP/1.1
User-Agent: selenium/4.1.2 (java windows)
Content-Length: 48780
Content-Type: application/json; charset=utf-8
host: localhost:61393
accept: */*

Response DefaultHttpResponse(decodeResult: success, version: HTTP/1.1)
HTTP/1.1 200 OK
Content-Type: application/json; charset=utf-8
cache-control: no-cache
content-length: 14

00:35:26.310 [AsyncHttpClient-1-4] DEBUG org.asynchttpclient.netty.channel.ChannelManager - Adding key: http://localhost:61393 for channel [id: 0x24f3267f, L:/127.0.0.1:64582 - R:localhost/127.0.0.1:61393]
00:35:26.315 [Forwarding screenshot on session 6f60c876790d6bc6bb65196d95f3fff6 to remote] DEBUG org.asynchttpclient.netty.request.NettyRequestSender - Using pooled Channel '[id: 0x24f3267f, L:/127.0.0.1:64582 - R:localhost/127.0.0.1:61393]' for 'GET' to 'http://localhost:61393/session/6f60c876790d6bc6bb65196d95f3fff6/screenshot'
00:35:26.315 [Forwarding screenshot on session 6f60c876790d6bc6bb65196d95f3fff6 to remote] DEBUG org.asynchttpclient.netty.request.NettyRequestSender - Using open Channel [id: 0x24f3267f, L:/127.0.0.1:64582 - R:localhost/127.0.0.1:61393] for GET '/session/6f60c876790d6bc6bb65196d95f3fff6/screenshot'
00:35:26.486 [AsyncHttpClient-1-4] DEBUG org.asynchttpclient.netty.handler.HttpHandler - 

Request DefaultFullHttpRequest(decodeResult: success, version: HTTP/1.1, content: EmptyByteBufBE)
GET /session/6f60c876790d6bc6bb65196d95f3fff6/screenshot HTTP/1.1
User-Agent: selenium/4.1.2 (java windows)
Cache-Control: no-cache
Content-Type: application/json; charset=utf-8
host: localhost:61393
accept: */*

Response DefaultHttpResponse(decodeResult: success, version: HTTP/1.1)
HTTP/1.1 200 OK
Content-Type: application/json; charset=utf-8
cache-control: no-cache
content-length: 29668

00:35:26.486 [AsyncHttpClient-1-4] DEBUG org.asynchttpclient.netty.channel.ChannelManager - Adding key: http://localhost:61393 for channel [id: 0x24f3267f, L:/127.0.0.1:64582 - R:localhost/127.0.0.1:61393]
00:35:26.486 [main] DEBUG net.serenitybdd.core.photography.Darkroom - Send negative for processing for target\site\serenity\0ba6e8bb0dbd98adfe749502cc48ff0da377cd7b0172f40fe1ccbac8137b3703.png
00:35:26.486 [main] DEBUG net.thucydides.core.steps.StepInterceptor - STEP DONE: validateOnRegisterPage
  &amp#27;[32mGiven &amp#27;[0m&amp#27;[32mI am on the register page&amp#27;[0m                  &amp#27;[90m# starter.stepdefinitions.RegisterSteps.iAmOnTheRegisterPage()&amp#27;[0m
00:35:26.517 [main] DEBUG net.thucydides.core.steps.StepInterceptor - STARTING STEP: RegisterSteps.iInputValidFullname - inputFullname
00:35:26.517 [Forwarding findElement on session 6f60c876790d6bc6bb65196d95f3fff6 to remote] DEBUG org.asynchttpclient.netty.request.NettyRequestSender - Using pooled Channel '[id: 0x24f3267f, L:/127.0.0.1:64582 - R:localhost/127.0.0.1:61393]' for 'POST' to 'http://localhost:61393/session/6f60c876790d6bc6bb65196d95f3fff6/element'
00:35:26.517 [Forwarding findElement on session 6f60c876790d6bc6bb65196d95f3fff6 to remote] DEBUG org.asynchttpclient.netty.request.NettyRequestSender - Using open Channel [id: 0x24f3267f, L:/127.0.0.1:64582 - R:localhost/127.0.0.1:61393] for POST '/session/6f60c876790d6bc6bb65196d95f3fff6/element'
00:35:26.557 [AsyncHttpClient-1-4] DEBUG org.asynchttpclient.netty.handler.HttpHandler - 

Request DefaultHttpRequest(decodeResult: success, version: HTTP/1.1)
POST /session/6f60c876790d6bc6bb65196d95f3fff6/element HTTP/1.1
User-Agent: selenium/4.1.2 (java windows)
Content-Length: 93
Content-Type: application/json; charset=utf-8
host: localhost:61393
accept: */*

Response DefaultHttpResponse(decodeResult: success, version: HTTP/1.1)
HTTP/1.1 200 OK
Content-Type: application/json; charset=utf-8
cache-control: no-cache
content-length: 88

00:35:26.557 [AsyncHttpClient-1-4] DEBUG org.asynchttpclient.netty.channel.ChannelManager - Adding key: http://localhost:61393 for channel [id: 0x24f3267f, L:/127.0.0.1:64582 - R:localhost/127.0.0.1:61393]
00:35:26.557 [Forwarding clearElement on session 6f60c876790d6bc6bb65196d95f3fff6 to remote] DEBUG org.asynchttpclient.netty.request.NettyRequestSender - Using pooled Channel '[id: 0x24f3267f, L:/127.0.0.1:64582 - R:localhost/127.0.0.1:61393]' for 'POST' to 'http://localhost:61393/session/6f60c876790d6bc6bb65196d95f3fff6/element/cadbd937-95c8-4321-898b-3a8e0cc26613/clear'
00:35:26.557 [Forwarding clearElement on session 6f60c876790d6bc6bb65196d95f3fff6 to remote] DEBUG org.asynchttpclient.netty.request.NettyRequestSender - Using open Channel [id: 0x24f3267f, L:/127.0.0.1:64582 - R:localhost/127.0.0.1:61393] for POST '/session/6f60c876790d6bc6bb65196d95f3fff6/element/cadbd937-95c8-4321-898b-3a8e0cc26613/clear'
00:35:26.635 [AsyncHttpClient-1-4] DEBUG org.asynchttpclient.netty.handler.HttpHandler - 

Request DefaultHttpRequest(decodeResult: success, version: HTTP/1.1)
POST /session/6f60c876790d6bc6bb65196d95f3fff6/element/cadbd937-95c8-4321-898b-3a8e0cc26613/clear HTTP/1.1
User-Agent: selenium/4.1.2 (java windows)
Content-Length: 50
Content-Type: application/json; charset=utf-8
host: localhost:61393
accept: */*

Response DefaultHttpResponse(decodeResult: success, version: HTTP/1.1)
HTTP/1.1 200 OK
Content-Type: application/json; charset=utf-8
cache-control: no-cache
content-length: 14

00:35:26.636 [AsyncHttpClient-1-4] DEBUG org.asynchttpclient.netty.channel.ChannelManager - Adding key: http://localhost:61393 for channel [id: 0x24f3267f, L:/127.0.0.1:64582 - R:localhost/127.0.0.1:61393]
00:35:26.639 [Forwarding sendKeysToElement on session 6f60c876790d6bc6bb65196d95f3fff6 to remote] DEBUG org.asynchttpclient.netty.request.NettyRequestSender - Using pooled Channel '[id: 0x24f3267f, L:/127.0.0.1:64582 - R:localhost/127.0.0.1:61393]' for 'POST' to 'http://localhost:61393/session/6f60c876790d6bc6bb65196d95f3fff6/element/cadbd937-95c8-4321-898b-3a8e0cc26613/value'
00:35:26.639 [Forwarding sendKeysToElement on session 6f60c876790d6bc6bb65196d95f3fff6 to remote] DEBUG org.asynchttpclient.netty.request.NettyRequestSender - Using open Channel [id: 0x24f3267f, L:/127.0.0.1:64582 - R:localhost/127.0.0.1:61393] for POST '/session/6f60c876790d6bc6bb65196d95f3fff6/element/cadbd937-95c8-4321-898b-3a8e0cc26613/value'
00:35:26.652 [AsyncHttpClient-1-1] DEBUG org.asynchttpclient.netty.channel.DefaultChannelPool - Entry count for : http://localhost:64583 : 1
00:35:27.007 [AsyncHttpClient-1-4] DEBUG org.asynchttpclient.netty.handler.HttpHandler - 

Request DefaultHttpRequest(decodeResult: success, version: HTTP/1.1)
POST /session/6f60c876790d6bc6bb65196d95f3fff6/element/cadbd937-95c8-4321-898b-3a8e0cc26613/value HTTP/1.1
User-Agent: selenium/4.1.2 (java windows)
Content-Length: 201
Content-Type: application/json; charset=utf-8
host: localhost:61393
accept: */*

Response DefaultHttpResponse(decodeResult: success, version: HTTP/1.1)
HTTP/1.1 200 OK
Content-Type: application/json; charset=utf-8
cache-control: no-cache
content-length: 14

00:35:27.009 [AsyncHttpClient-1-4] DEBUG org.asynchttpclient.netty.channel.ChannelManager - Adding key: http://localhost:61393 for channel [id: 0x24f3267f, L:/127.0.0.1:64582 - R:localhost/127.0.0.1:61393]
00:35:27.021 [Forwarding screenshot on session 6f60c876790d6bc6bb65196d95f3fff6 to remote] DEBUG org.asynchttpclient.netty.request.NettyRequestSender - Using pooled Channel '[id: 0x24f3267f, L:/127.0.0.1:64582 - R:localhost/127.0.0.1:61393]' for 'GET' to 'http://localhost:61393/session/6f60c876790d6bc6bb65196d95f3fff6/screenshot'
00:35:27.021 [Forwarding screenshot on session 6f60c876790d6bc6bb65196d95f3fff6 to remote] DEBUG org.asynchttpclient.netty.request.NettyRequestSender - Using open Channel [id: 0x24f3267f, L:/127.0.0.1:64582 - R:localhost/127.0.0.1:61393] for GET '/session/6f60c876790d6bc6bb65196d95f3fff6/screenshot'
00:35:27.288 [AsyncHttpClient-1-4] DEBUG org.asynchttpclient.netty.handler.HttpHandler - 

Request DefaultFullHttpRequest(decodeResult: success, version: HTTP/1.1, content: EmptyByteBufBE)
GET /session/6f60c876790d6bc6bb65196d95f3fff6/screenshot HTTP/1.1
User-Agent: selenium/4.1.2 (java windows)
Cache-Control: no-cache
Content-Type: application/json; charset=utf-8
host: localhost:61393
accept: */*

Response DefaultHttpResponse(decodeResult: success, version: HTTP/1.1)
HTTP/1.1 200 OK
Content-Type: application/json; charset=utf-8
cache-control: no-cache
content-length: 30872

00:35:27.289 [AsyncHttpClient-1-4] DEBUG org.asynchttpclient.netty.channel.ChannelManager - Adding key: http://localhost:61393 for channel [id: 0x24f3267f, L:/127.0.0.1:64582 - R:localhost/127.0.0.1:61393]
00:35:27.292 [main] DEBUG net.serenitybdd.core.photography.Darkroom - Send negative for processing for target\site\serenity\2c08c2d731b287a2c025af6008e44039ecca83a5f373b84906341764ccf9f872.png
00:35:27.292 [main] DEBUG net.thucydides.core.steps.StepInterceptor - STEP DONE: inputFullname
  &amp#27;[32mWhen &amp#27;[0m&amp#27;[32mI input valid fullname&amp#27;[0m                      &amp#27;[90m# starter.stepdefinitions.RegisterSteps.iInputValidFullname()&amp#27;[0m
00:35:27.295 [Darkroom Processing Line] DEBUG net.serenitybdd.core.photography.DarkroomProcessingLine - Processing screenshot image in /var/screenshots/screenshot-1280947040087404877
00:35:27.295 [Darkroom Processing Line] DEBUG net.serenitybdd.core.photography.DarkroomProcessingLine - Saving screenshot to target\site\serenity\2c08c2d731b287a2c025af6008e44039ecca83a5f373b84906341764ccf9f872.png
00:35:27.319 [main] DEBUG net.thucydides.core.steps.StepInterceptor - STARTING STEP: RegisterSteps.iInputValidEmail - inputEmail
00:35:27.324 [Forwarding findElement on session 6f60c876790d6bc6bb65196d95f3fff6 to remote] DEBUG org.asynchttpclient.netty.request.NettyRequestSender - Using pooled Channel '[id: 0x24f3267f, L:/127.0.0.1:64582 - R:localhost/127.0.0.1:61393]' for 'POST' to 'http://localhost:61393/session/6f60c876790d6bc6bb65196d95f3fff6/element'
00:35:27.324 [Forwarding findElement on session 6f60c876790d6bc6bb65196d95f3fff6 to remote] DEBUG org.asynchttpclient.netty.request.NettyRequestSender - Using open Channel [id: 0x24f3267f, L:/127.0.0.1:64582 - R:localhost/127.0.0.1:61393] for POST '/session/6f60c876790d6bc6bb65196d95f3fff6/element'
00:35:27.345 [AsyncHttpClient-1-4] DEBUG org.asynchttpclient.netty.handler.HttpHandler - 

Request DefaultHttpRequest(decodeResult: success, version: HTTP/1.1)
POST /session/6f60c876790d6bc6bb65196d95f3fff6/element HTTP/1.1
User-Agent: selenium/4.1.2 (java windows)
Content-Length: 86
Content-Type: application/json; charset=utf-8
host: localhost:61393
accept: */*

Response DefaultHttpResponse(decodeResult: success, version: HTTP/1.1)
HTTP/1.1 200 OK
Content-Type: application/json; charset=utf-8
cache-control: no-cache
content-length: 88

00:35:27.345 [AsyncHttpClient-1-4] DEBUG org.asynchttpclient.netty.channel.ChannelManager - Adding key: http://localhost:61393 for channel [id: 0x24f3267f, L:/127.0.0.1:64582 - R:localhost/127.0.0.1:61393]
00:35:27.345 [Forwarding clearElement on session 6f60c876790d6bc6bb65196d95f3fff6 to remote] DEBUG org.asynchttpclient.netty.request.NettyRequestSender - Using pooled Channel '[id: 0x24f3267f, L:/127.0.0.1:64582 - R:localhost/127.0.0.1:61393]' for 'POST' to 'http://localhost:61393/session/6f60c876790d6bc6bb65196d95f3fff6/element/a558d6aa-4eb5-4e45-be02-5831fff5741a/clear'
00:35:27.345 [Forwarding clearElement on session 6f60c876790d6bc6bb65196d95f3fff6 to remote] DEBUG org.asynchttpclient.netty.request.NettyRequestSender - Using open Channel [id: 0x24f3267f, L:/127.0.0.1:64582 - R:localhost/127.0.0.1:61393] for POST '/session/6f60c876790d6bc6bb65196d95f3fff6/element/a558d6aa-4eb5-4e45-be02-5831fff5741a/clear'
00:35:27.410 [AsyncHttpClient-1-4] DEBUG org.asynchttpclient.netty.handler.HttpHandler - 

Request DefaultHttpRequest(decodeResult: success, version: HTTP/1.1)
POST /session/6f60c876790d6bc6bb65196d95f3fff6/element/a558d6aa-4eb5-4e45-be02-5831fff5741a/clear HTTP/1.1
User-Agent: selenium/4.1.2 (java windows)
Content-Length: 50
Content-Type: application/json; charset=utf-8
host: localhost:61393
accept: */*

Response DefaultHttpResponse(decodeResult: success, version: HTTP/1.1)
HTTP/1.1 200 OK
Content-Type: application/json; charset=utf-8
cache-control: no-cache
content-length: 14

00:35:27.410 [AsyncHttpClient-1-4] DEBUG org.asynchttpclient.netty.channel.ChannelManager - Adding key: http://localhost:61393 for channel [id: 0x24f3267f, L:/127.0.0.1:64582 - R:localhost/127.0.0.1:61393]
00:35:27.441 [Forwarding sendKeysToElement on session 6f60c876790d6bc6bb65196d95f3fff6 to remote] DEBUG org.asynchttpclient.netty.request.NettyRequestSender - Using pooled Channel '[id: 0x24f3267f, L:/127.0.0.1:64582 - R:localhost/127.0.0.1:61393]' for 'POST' to 'http://localhost:61393/session/6f60c876790d6bc6bb65196d95f3fff6/element/a558d6aa-4eb5-4e45-be02-5831fff5741a/value'
00:35:27.441 [Forwarding sendKeysToElement on session 6f60c876790d6bc6bb65196d95f3fff6 to remote] DEBUG org.asynchttpclient.netty.request.NettyRequestSender - Using open Channel [id: 0x24f3267f, L:/127.0.0.1:64582 - R:localhost/127.0.0.1:61393] for POST '/session/6f60c876790d6bc6bb65196d95f3fff6/element/a558d6aa-4eb5-4e45-be02-5831fff5741a/value'
00:35:27.772 [AsyncHttpClient-1-1] DEBUG org.asynchttpclient.netty.channel.DefaultChannelPool - Entry count for : http://localhost:64583 : 1
00:35:28.085 [AsyncHttpClient-1-4] DEBUG org.asynchttpclient.netty.handler.HttpHandler - 

Request DefaultHttpRequest(decodeResult: success, version: HTTP/1.1)
POST /session/6f60c876790d6bc6bb65196d95f3fff6/element/a558d6aa-4eb5-4e45-be02-5831fff5741a/value HTTP/1.1
User-Agent: selenium/4.1.2 (java windows)
Content-Length: 381
Content-Type: application/json; charset=utf-8
host: localhost:61393
accept: */*

Response DefaultHttpResponse(decodeResult: success, version: HTTP/1.1)
HTTP/1.1 200 OK
Content-Type: application/json; charset=utf-8
cache-control: no-cache
content-length: 14

00:35:28.085 [AsyncHttpClient-1-4] DEBUG org.asynchttpclient.netty.channel.ChannelManager - Adding key: http://localhost:61393 for channel [id: 0x24f3267f, L:/127.0.0.1:64582 - R:localhost/127.0.0.1:61393]
00:35:28.100 [Forwarding screenshot on session 6f60c876790d6bc6bb65196d95f3fff6 to remote] DEBUG org.asynchttpclient.netty.request.NettyRequestSender - Using pooled Channel '[id: 0x24f3267f, L:/127.0.0.1:64582 - R:localhost/127.0.0.1:61393]' for 'GET' to 'http://localhost:61393/session/6f60c876790d6bc6bb65196d95f3fff6/screenshot'
00:35:28.100 [Forwarding screenshot on session 6f60c876790d6bc6bb65196d95f3fff6 to remote] DEBUG org.asynchttpclient.netty.request.NettyRequestSender - Using open Channel [id: 0x24f3267f, L:/127.0.0.1:64582 - R:localhost/127.0.0.1:61393] for GET '/session/6f60c876790d6bc6bb65196d95f3fff6/screenshot'
00:35:28.372 [AsyncHttpClient-1-4] DEBUG org.asynchttpclient.netty.handler.HttpHandler - 

Request DefaultFullHttpRequest(decodeResult: success, version: HTTP/1.1, content: EmptyByteBufBE)
GET /session/6f60c876790d6bc6bb65196d95f3fff6/screenshot HTTP/1.1
User-Agent: selenium/4.1.2 (java windows)
Cache-Control: no-cache
Content-Type: application/json; charset=utf-8
host: localhost:61393
accept: */*

Response DefaultHttpResponse(decodeResult: success, version: HTTP/1.1)
HTTP/1.1 200 OK
Content-Type: application/json; charset=utf-8
cache-control: no-cache
content-length: 37024

00:35:28.372 [AsyncHttpClient-1-4] DEBUG org.asynchttpclient.netty.channel.ChannelManager - Adding key: http://localhost:61393 for channel [id: 0x24f3267f, L:/127.0.0.1:64582 - R:localhost/127.0.0.1:61393]
00:35:28.380 [main] DEBUG net.serenitybdd.core.photography.Darkroom - Send negative for processing for target\site\serenity\0c8c8b22a047c71d6518931821acecfd49ecc9474c842c23c695dfaa9950d4e2.png
00:35:28.381 [main] DEBUG net.thucydides.core.steps.StepInterceptor - STEP DONE: inputEmail
  &amp#27;[32mAnd &amp#27;[0m&amp#27;[32mI input valid email&amp#27;[0m                          &amp#27;[90m# starter.stepdefinitions.RegisterSteps.iInputValidEmail()&amp#27;[0m
00:35:28.393 [Darkroom Processing Line] DEBUG net.serenitybdd.core.photography.DarkroomProcessingLine - Processing screenshot image in /var/screenshots/screenshot-17147347559940599975
00:35:28.393 [Darkroom Processing Line] DEBUG net.serenitybdd.core.photography.DarkroomProcessingLine - Saving screenshot to target\site\serenity\0c8c8b22a047c71d6518931821acecfd49ecc9474c842c23c695dfaa9950d4e2.png
00:35:28.407 [main] DEBUG net.thucydides.core.steps.StepInterceptor - STARTING STEP: RegisterSteps.iInputValidPassword - inputPassword
00:35:28.408 [Forwarding findElement on session 6f60c876790d6bc6bb65196d95f3fff6 to remote] DEBUG org.asynchttpclient.netty.request.NettyRequestSender - Using pooled Channel '[id: 0x24f3267f, L:/127.0.0.1:64582 - R:localhost/127.0.0.1:61393]' for 'POST' to 'http://localhost:61393/session/6f60c876790d6bc6bb65196d95f3fff6/element'
00:35:28.408 [Forwarding findElement on session 6f60c876790d6bc6bb65196d95f3fff6 to remote] DEBUG org.asynchttpclient.netty.request.NettyRequestSender - Using open Channel [id: 0x24f3267f, L:/127.0.0.1:64582 - R:localhost/127.0.0.1:61393] for POST '/session/6f60c876790d6bc6bb65196d95f3fff6/element'
00:35:28.423 [AsyncHttpClient-1-4] DEBUG org.asynchttpclient.netty.handler.HttpHandler - 

Request DefaultHttpRequest(decodeResult: success, version: HTTP/1.1)
POST /session/6f60c876790d6bc6bb65196d95f3fff6/element HTTP/1.1
User-Agent: selenium/4.1.2 (java windows)
Content-Length: 89
Content-Type: application/json; charset=utf-8
host: localhost:61393
accept: */*

Response DefaultHttpResponse(decodeResult: success, version: HTTP/1.1)
HTTP/1.1 200 OK
Content-Type: application/json; charset=utf-8
cache-control: no-cache
content-length: 88

00:35:28.423 [AsyncHttpClient-1-4] DEBUG org.asynchttpclient.netty.channel.ChannelManager - Adding key: http://localhost:61393 for channel [id: 0x24f3267f, L:/127.0.0.1:64582 - R:localhost/127.0.0.1:61393]
00:35:28.438 [Forwarding clearElement on session 6f60c876790d6bc6bb65196d95f3fff6 to remote] DEBUG org.asynchttpclient.netty.request.NettyRequestSender - Using pooled Channel '[id: 0x24f3267f, L:/127.0.0.1:64582 - R:localhost/127.0.0.1:61393]' for 'POST' to 'http://localhost:61393/session/6f60c876790d6bc6bb65196d95f3fff6/element/fddc3440-c71c-48c0-9647-af331e3b7a14/clear'
00:35:28.438 [Forwarding clearElement on session 6f60c876790d6bc6bb65196d95f3fff6 to remote] DEBUG org.asynchttpclient.netty.request.NettyRequestSender - Using open Channel [id: 0x24f3267f, L:/127.0.0.1:64582 - R:localhost/127.0.0.1:61393] for POST '/session/6f60c876790d6bc6bb65196d95f3fff6/element/fddc3440-c71c-48c0-9647-af331e3b7a14/clear'
00:35:28.506 [AsyncHttpClient-1-4] DEBUG org.asynchttpclient.netty.handler.HttpHandler - 

Request DefaultHttpRequest(decodeResult: success, version: HTTP/1.1)
POST /session/6f60c876790d6bc6bb65196d95f3fff6/element/fddc3440-c71c-48c0-9647-af331e3b7a14/clear HTTP/1.1
User-Agent: selenium/4.1.2 (java windows)
Content-Length: 50
Content-Type: application/json; charset=utf-8
host: localhost:61393
accept: */*

Response DefaultHttpResponse(decodeResult: success, version: HTTP/1.1)
HTTP/1.1 200 OK
Content-Type: application/json; charset=utf-8
cache-control: no-cache
content-length: 14

00:35:28.506 [AsyncHttpClient-1-4] DEBUG org.asynchttpclient.netty.channel.ChannelManager - Adding key: http://localhost:61393 for channel [id: 0x24f3267f, L:/127.0.0.1:64582 - R:localhost/127.0.0.1:61393]
00:35:28.511 [Forwarding sendKeysToElement on session 6f60c876790d6bc6bb65196d95f3fff6 to remote] DEBUG org.asynchttpclient.netty.request.NettyRequestSender - Using pooled Channel '[id: 0x24f3267f, L:/127.0.0.1:64582 - R:localhost/127.0.0.1:61393]' for 'POST' to 'http://localhost:61393/session/6f60c876790d6bc6bb65196d95f3fff6/element/fddc3440-c71c-48c0-9647-af331e3b7a14/value'
00:35:28.511 [Forwarding sendKeysToElement on session 6f60c876790d6bc6bb65196d95f3fff6 to remote] DEBUG org.asynchttpclient.netty.request.NettyRequestSender - Using open Channel [id: 0x24f3267f, L:/127.0.0.1:64582 - R:localhost/127.0.0.1:61393] for POST '/session/6f60c876790d6bc6bb65196d95f3fff6/element/fddc3440-c71c-48c0-9647-af331e3b7a14/value'
00:35:28.811 [AsyncHttpClient-1-4] DEBUG org.asynchttpclient.netty.handler.HttpHandler - 

Request DefaultHttpRequest(decodeResult: success, version: HTTP/1.1)
POST /session/6f60c876790d6bc6bb65196d95f3fff6/element/fddc3440-c71c-48c0-9647-af331e3b7a14/value HTTP/1.1
User-Agent: selenium/4.1.2 (java windows)
Content-Length: 201
Content-Type: application/json; charset=utf-8
host: localhost:61393
accept: */*

Response DefaultHttpResponse(decodeResult: success, version: HTTP/1.1)
HTTP/1.1 200 OK
Content-Type: application/json; charset=utf-8
cache-control: no-cache
content-length: 14

00:35:28.811 [AsyncHttpClient-1-4] DEBUG org.asynchttpclient.netty.channel.ChannelManager - Adding key: http://localhost:61393 for channel [id: 0x24f3267f, L:/127.0.0.1:64582 - R:localhost/127.0.0.1:61393]
00:35:28.830 [Forwarding screenshot on session 6f60c876790d6bc6bb65196d95f3fff6 to remote] DEBUG org.asynchttpclient.netty.request.NettyRequestSender - Using pooled Channel '[id: 0x24f3267f, L:/127.0.0.1:64582 - R:localhost/127.0.0.1:61393]' for 'GET' to 'http://localhost:61393/session/6f60c876790d6bc6bb65196d95f3fff6/screenshot'
00:35:28.830 [Forwarding screenshot on session 6f60c876790d6bc6bb65196d95f3fff6 to remote] DEBUG org.asynchttpclient.netty.request.NettyRequestSender - Using open Channel [id: 0x24f3267f, L:/127.0.0.1:64582 - R:localhost/127.0.0.1:61393] for GET '/session/6f60c876790d6bc6bb65196d95f3fff6/screenshot'
00:35:28.845 [AsyncHttpClient-1-1] DEBUG org.asynchttpclient.netty.channel.DefaultChannelPool - Entry count for : http://localhost:64583 : 1
00:35:29.079 [AsyncHttpClient-1-4] DEBUG org.asynchttpclient.netty.handler.HttpHandler - 

Request DefaultFullHttpRequest(decodeResult: success, version: HTTP/1.1, content: EmptyByteBufBE)
GET /session/6f60c876790d6bc6bb65196d95f3fff6/screenshot HTTP/1.1
User-Agent: selenium/4.1.2 (java windows)
Cache-Control: no-cache
Content-Type: application/json; charset=utf-8
host: localhost:61393
accept: */*

Response DefaultHttpResponse(decodeResult: success, version: HTTP/1.1)
HTTP/1.1 200 OK
Content-Type: application/json; charset=utf-8
cache-control: no-cache
content-length: 39628

00:35:29.080 [AsyncHttpClient-1-4] DEBUG org.asynchttpclient.netty.channel.ChannelManager - Adding key: http://localhost:61393 for channel [id: 0x24f3267f, L:/127.0.0.1:64582 - R:localhost/127.0.0.1:61393]
00:35:29.086 [main] DEBUG net.serenitybdd.core.photography.Darkroom - Send negative for processing for target\site\serenity\ecdc8486c35f934515a642b80e3727322d742ec8b1f8a089497f8c7934c45573.png
00:35:29.087 [main] DEBUG net.thucydides.core.steps.StepInterceptor - STEP DONE: inputPassword
  &amp#27;[32mAnd &amp#27;[0m&amp#27;[32mI input valid password&amp#27;[0m                       &amp#27;[90m# starter.stepdefinitions.RegisterSteps.iInputValidPassword()&amp#27;[0m
00:35:29.089 [Darkroom Processing Line] DEBUG net.serenitybdd.core.photography.DarkroomProcessingLine - Processing screenshot image in /var/screenshots/screenshot-43637024816119224
00:35:29.089 [Darkroom Processing Line] DEBUG net.serenitybdd.core.photography.DarkroomProcessingLine - Saving screenshot to target\site\serenity\ecdc8486c35f934515a642b80e3727322d742ec8b1f8a089497f8c7934c45573.png
00:35:29.113 [main] DEBUG net.thucydides.core.steps.StepInterceptor - STARTING STEP: RegisterSteps.clickRegisterButton - clickRegisterButton
00:35:29.122 [Forwarding findElement on session 6f60c876790d6bc6bb65196d95f3fff6 to remote] DEBUG org.asynchttpclient.netty.request.NettyRequestSender - Using pooled Channel '[id: 0x24f3267f, L:/127.0.0.1:64582 - R:localhost/127.0.0.1:61393]' for 'POST' to 'http://localhost:61393/session/6f60c876790d6bc6bb65196d95f3fff6/element'
00:35:29.122 [Forwarding findElement on session 6f60c876790d6bc6bb65196d95f3fff6 to remote] DEBUG org.asynchttpclient.netty.request.NettyRequestSender - Using open Channel [id: 0x24f3267f, L:/127.0.0.1:64582 - R:localhost/127.0.0.1:61393] for POST '/session/6f60c876790d6bc6bb65196d95f3fff6/element'
00:35:29.138 [AsyncHttpClient-1-4] DEBUG org.asynchttpclient.netty.handler.HttpHandler - 

Request DefaultHttpRequest(decodeResult: success, version: HTTP/1.1)
POST /session/6f60c876790d6bc6bb65196d95f3fff6/element HTTP/1.1
User-Agent: selenium/4.1.2 (java windows)
Content-Length: 155
Content-Type: application/json; charset=utf-8
host: localhost:61393
accept: */*

Response DefaultHttpResponse(decodeResult: success, version: HTTP/1.1)
HTTP/1.1 200 OK
Content-Type: application/json; charset=utf-8
cache-control: no-cache
content-length: 88

00:35:29.138 [AsyncHttpClient-1-4] DEBUG org.asynchttpclient.netty.channel.ChannelManager - Adding key: http://localhost:61393 for channel [id: 0x24f3267f, L:/127.0.0.1:64582 - R:localhost/127.0.0.1:61393]
00:35:29.141 [Forwarding getElementTagName on session 6f60c876790d6bc6bb65196d95f3fff6 to remote] DEBUG org.asynchttpclient.netty.request.NettyRequestSender - Using pooled Channel '[id: 0x24f3267f, L:/127.0.0.1:64582 - R:localhost/127.0.0.1:61393]' for 'GET' to 'http://localhost:61393/session/6f60c876790d6bc6bb65196d95f3fff6/element/6e74c790-aabe-4bca-8bf3-473cf0a72fd0/name'
00:35:29.141 [Forwarding getElementTagName on session 6f60c876790d6bc6bb65196d95f3fff6 to remote] DEBUG org.asynchttpclient.netty.request.NettyRequestSender - Using open Channel [id: 0x24f3267f, L:/127.0.0.1:64582 - R:localhost/127.0.0.1:61393] for GET '/session/6f60c876790d6bc6bb65196d95f3fff6/element/6e74c790-aabe-4bca-8bf3-473cf0a72fd0/name'
00:35:29.149 [AsyncHttpClient-1-4] DEBUG org.asynchttpclient.netty.handler.HttpHandler - 

Request DefaultFullHttpRequest(decodeResult: success, version: HTTP/1.1, content: EmptyByteBufBE)
GET /session/6f60c876790d6bc6bb65196d95f3fff6/element/6e74c790-aabe-4bca-8bf3-473cf0a72fd0/name HTTP/1.1
User-Agent: selenium/4.1.2 (java windows)
Cache-Control: no-cache
Content-Type: application/json; charset=utf-8
host: localhost:61393
accept: */*

Response DefaultHttpResponse(decodeResult: success, version: HTTP/1.1)
HTTP/1.1 200 OK
Content-Type: application/json; charset=utf-8
cache-control: no-cache
content-length: 18

00:35:29.149 [AsyncHttpClient-1-4] DEBUG org.asynchttpclient.netty.channel.ChannelManager - Adding key: http://localhost:61393 for channel [id: 0x24f3267f, L:/127.0.0.1:64582 - R:localhost/127.0.0.1:61393]
00:35:29.154 [Forwarding getElementTagName on session 6f60c876790d6bc6bb65196d95f3fff6 to remote] DEBUG org.asynchttpclient.netty.request.NettyRequestSender - Using pooled Channel '[id: 0x24f3267f, L:/127.0.0.1:64582 - R:localhost/127.0.0.1:61393]' for 'GET' to 'http://localhost:61393/session/6f60c876790d6bc6bb65196d95f3fff6/element/6e74c790-aabe-4bca-8bf3-473cf0a72fd0/name'
00:35:29.154 [Forwarding getElementTagName on session 6f60c876790d6bc6bb65196d95f3fff6 to remote] DEBUG org.asynchttpclient.netty.request.NettyRequestSender - Using open Channel [id: 0x24f3267f, L:/127.0.0.1:64582 - R:localhost/127.0.0.1:61393] for GET '/session/6f60c876790d6bc6bb65196d95f3fff6/element/6e74c790-aabe-4bca-8bf3-473cf0a72fd0/name'
00:35:29.160 [AsyncHttpClient-1-4] DEBUG org.asynchttpclient.netty.handler.HttpHandler - 

Request DefaultFullHttpRequest(decodeResult: success, version: HTTP/1.1, content: EmptyByteBufBE)
GET /session/6f60c876790d6bc6bb65196d95f3fff6/element/6e74c790-aabe-4bca-8bf3-473cf0a72fd0/name HTTP/1.1
User-Agent: selenium/4.1.2 (java windows)
Cache-Control: no-cache
Content-Type: application/json; charset=utf-8
host: localhost:61393
accept: */*

Response DefaultHttpResponse(decodeResult: success, version: HTTP/1.1)
HTTP/1.1 200 OK
Content-Type: application/json; charset=utf-8
cache-control: no-cache
content-length: 18

00:35:29.160 [AsyncHttpClient-1-4] DEBUG org.asynchttpclient.netty.channel.ChannelManager - Adding key: http://localhost:61393 for channel [id: 0x24f3267f, L:/127.0.0.1:64582 - R:localhost/127.0.0.1:61393]
00:35:29.170 [Forwarding isElementEnabled on session 6f60c876790d6bc6bb65196d95f3fff6 to remote] DEBUG org.asynchttpclient.netty.request.NettyRequestSender - Using pooled Channel '[id: 0x24f3267f, L:/127.0.0.1:64582 - R:localhost/127.0.0.1:61393]' for 'GET' to 'http://localhost:61393/session/6f60c876790d6bc6bb65196d95f3fff6/element/6e74c790-aabe-4bca-8bf3-473cf0a72fd0/enabled'
00:35:29.170 [Forwarding isElementEnabled on session 6f60c876790d6bc6bb65196d95f3fff6 to remote] DEBUG org.asynchttpclient.netty.request.NettyRequestSender - Using open Channel [id: 0x24f3267f, L:/127.0.0.1:64582 - R:localhost/127.0.0.1:61393] for GET '/session/6f60c876790d6bc6bb65196d95f3fff6/element/6e74c790-aabe-4bca-8bf3-473cf0a72fd0/enabled'
00:35:29.186 [AsyncHttpClient-1-4] DEBUG org.asynchttpclient.netty.handler.HttpHandler - 

Request DefaultFullHttpRequest(decodeResult: success, version: HTTP/1.1, content: EmptyByteBufBE)
GET /session/6f60c876790d6bc6bb65196d95f3fff6/element/6e74c790-aabe-4bca-8bf3-473cf0a72fd0/enabled HTTP/1.1
User-Agent: selenium/4.1.2 (java windows)
Cache-Control: no-cache
Content-Type: application/json; charset=utf-8
host: localhost:61393
accept: */*

Response DefaultHttpResponse(decodeResult: success, version: HTTP/1.1)
HTTP/1.1 200 OK
Content-Type: application/json; charset=utf-8
cache-control: no-cache
content-length: 14

00:35:29.186 [AsyncHttpClient-1-4] DEBUG org.asynchttpclient.netty.channel.ChannelManager - Adding key: http://localhost:61393 for channel [id: 0x24f3267f, L:/127.0.0.1:64582 - R:localhost/127.0.0.1:61393]
00:35:29.189 [Forwarding isElementEnabled on session 6f60c876790d6bc6bb65196d95f3fff6 to remote] DEBUG org.asynchttpclient.netty.request.NettyRequestSender - Using pooled Channel '[id: 0x24f3267f, L:/127.0.0.1:64582 - R:localhost/127.0.0.1:61393]' for 'GET' to 'http://localhost:61393/session/6f60c876790d6bc6bb65196d95f3fff6/element/6e74c790-aabe-4bca-8bf3-473cf0a72fd0/enabled'
00:35:29.189 [Forwarding isElementEnabled on session 6f60c876790d6bc6bb65196d95f3fff6 to remote] DEBUG org.asynchttpclient.netty.request.NettyRequestSender - Using open Channel [id: 0x24f3267f, L:/127.0.0.1:64582 - R:localhost/127.0.0.1:61393] for GET '/session/6f60c876790d6bc6bb65196d95f3fff6/element/6e74c790-aabe-4bca-8bf3-473cf0a72fd0/enabled'
00:35:29.199 [AsyncHttpClient-1-4] DEBUG org.asynchttpclient.netty.handler.HttpHandler - 

Request DefaultFullHttpRequest(decodeResult: success, version: HTTP/1.1, content: EmptyByteBufBE)
GET /session/6f60c876790d6bc6bb65196d95f3fff6/element/6e74c790-aabe-4bca-8bf3-473cf0a72fd0/enabled HTTP/1.1
User-Agent: selenium/4.1.2 (java windows)
Cache-Control: no-cache
Content-Type: application/json; charset=utf-8
host: localhost:61393
accept: */*

Response DefaultHttpResponse(decodeResult: success, version: HTTP/1.1)
HTTP/1.1 200 OK
Content-Type: application/json; charset=utf-8
cache-control: no-cache
content-length: 14

00:35:29.200 [AsyncHttpClient-1-4] DEBUG org.asynchttpclient.netty.channel.ChannelManager - Adding key: http://localhost:61393 for channel [id: 0x24f3267f, L:/127.0.0.1:64582 - R:localhost/127.0.0.1:61393]
00:35:29.204 [Forwarding findElement on session 6f60c876790d6bc6bb65196d95f3fff6 to remote] DEBUG org.asynchttpclient.netty.request.NettyRequestSender - Using pooled Channel '[id: 0x24f3267f, L:/127.0.0.1:64582 - R:localhost/127.0.0.1:61393]' for 'POST' to 'http://localhost:61393/session/6f60c876790d6bc6bb65196d95f3fff6/element'
00:35:29.204 [Forwarding findElement on session 6f60c876790d6bc6bb65196d95f3fff6 to remote] DEBUG org.asynchttpclient.netty.request.NettyRequestSender - Using open Channel [id: 0x24f3267f, L:/127.0.0.1:64582 - R:localhost/127.0.0.1:61393] for POST '/session/6f60c876790d6bc6bb65196d95f3fff6/element'
00:35:29.217 [AsyncHttpClient-1-4] DEBUG org.asynchttpclient.netty.handler.HttpHandler - 

Request DefaultHttpRequest(decodeResult: success, version: HTTP/1.1)
POST /session/6f60c876790d6bc6bb65196d95f3fff6/element HTTP/1.1
User-Agent: selenium/4.1.2 (java windows)
Content-Length: 155
Content-Type: application/json; charset=utf-8
host: localhost:61393
accept: */*

Response DefaultHttpResponse(decodeResult: success, version: HTTP/1.1)
HTTP/1.1 200 OK
Content-Type: application/json; charset=utf-8
cache-control: no-cache
content-length: 88

00:35:29.218 [AsyncHttpClient-1-4] DEBUG org.asynchttpclient.netty.channel.ChannelManager - Adding key: http://localhost:61393 for channel [id: 0x24f3267f, L:/127.0.0.1:64582 - R:localhost/127.0.0.1:61393]
00:35:29.220 [Forwarding clickElement on session 6f60c876790d6bc6bb65196d95f3fff6 to remote] DEBUG org.asynchttpclient.netty.request.NettyRequestSender - Using pooled Channel '[id: 0x24f3267f, L:/127.0.0.1:64582 - R:localhost/127.0.0.1:61393]' for 'POST' to 'http://localhost:61393/session/6f60c876790d6bc6bb65196d95f3fff6/element/6e74c790-aabe-4bca-8bf3-473cf0a72fd0/click'
00:35:29.221 [Forwarding clickElement on session 6f60c876790d6bc6bb65196d95f3fff6 to remote] DEBUG org.asynchttpclient.netty.request.NettyRequestSender - Using open Channel [id: 0x24f3267f, L:/127.0.0.1:64582 - R:localhost/127.0.0.1:61393] for POST '/session/6f60c876790d6bc6bb65196d95f3fff6/element/6e74c790-aabe-4bca-8bf3-473cf0a72fd0/click'
00:35:29.352 [AsyncHttpClient-1-4] DEBUG org.asynchttpclient.netty.handler.HttpHandler - 

Request DefaultHttpRequest(decodeResult: success, version: HTTP/1.1)
POST /session/6f60c876790d6bc6bb65196d95f3fff6/element/6e74c790-aabe-4bca-8bf3-473cf0a72fd0/click HTTP/1.1
User-Agent: selenium/4.1.2 (java windows)
Content-Length: 50
Content-Type: application/json; charset=utf-8
host: localhost:61393
accept: */*

Response DefaultHttpResponse(decodeResult: success, version: HTTP/1.1)
HTTP/1.1 200 OK
Content-Type: application/json; charset=utf-8
cache-control: no-cache
content-length: 14

00:35:29.352 [AsyncHttpClient-1-4] DEBUG org.asynchttpclient.netty.channel.ChannelManager - Adding key: http://localhost:61393 for channel [id: 0x24f3267f, L:/127.0.0.1:64582 - R:localhost/127.0.0.1:61393]
00:35:29.365 [Forwarding screenshot on session 6f60c876790d6bc6bb65196d95f3fff6 to remote] DEBUG org.asynchttpclient.netty.request.NettyRequestSender - Using pooled Channel '[id: 0x24f3267f, L:/127.0.0.1:64582 - R:localhost/127.0.0.1:61393]' for 'GET' to 'http://localhost:61393/session/6f60c876790d6bc6bb65196d95f3fff6/screenshot'
00:35:29.365 [Forwarding screenshot on session 6f60c876790d6bc6bb65196d95f3fff6 to remote] DEBUG org.asynchttpclient.netty.request.NettyRequestSender - Using open Channel [id: 0x24f3267f, L:/127.0.0.1:64582 - R:localhost/127.0.0.1:61393] for GET '/session/6f60c876790d6bc6bb65196d95f3fff6/screenshot'
00:35:29.712 [AsyncHttpClient-1-4] DEBUG org.asynchttpclient.netty.handler.HttpHandler - 

Request DefaultFullHttpRequest(decodeResult: success, version: HTTP/1.1, content: EmptyByteBufBE)
GET /session/6f60c876790d6bc6bb65196d95f3fff6/screenshot HTTP/1.1
User-Agent: selenium/4.1.2 (java windows)
Cache-Control: no-cache
Content-Type: application/json; charset=utf-8
host: localhost:61393
accept: */*

Response DefaultHttpResponse(decodeResult: success, version: HTTP/1.1)
HTTP/1.1 200 OK
Content-Type: application/json; charset=utf-8
cache-control: no-cache
content-length: 39692

00:35:29.714 [AsyncHttpClient-1-4] DEBUG org.asynchttpclient.netty.channel.ChannelManager - Adding key: http://localhost:61393 for channel [id: 0x24f3267f, L:/127.0.0.1:64582 - R:localhost/127.0.0.1:61393]
00:35:29.722 [main] DEBUG net.serenitybdd.core.photography.Darkroom - Send negative for processing for target\site\serenity\2f91b39d6145003bf98cb9e2f4c035b18a97c95bb068e7acb2f9183833835e12.png
00:35:29.723 [main] DEBUG net.thucydides.core.steps.StepInterceptor - STEP DONE: clickRegisterButton
  &amp#27;[32mAnd &amp#27;[0m&amp#27;[32mclick register button&amp#27;[0m                        &amp#27;[90m# starter.stepdefinitions.RegisterSteps.clickRegisterButton()&amp#27;[0m
00:35:29.724 [Darkroom Processing Line] DEBUG net.serenitybdd.core.photography.DarkroomProcessingLine - Processing screenshot image in /var/screenshots/screenshot-1538401513876589593
00:35:29.725 [Darkroom Processing Line] DEBUG net.serenitybdd.core.photography.DarkroomProcessingLine - Saving screenshot to target\site\serenity\2f91b39d6145003bf98cb9e2f4c035b18a97c95bb068e7acb2f9183833835e12.png
00:35:29.742 [Forwarding get on session 6f60c876790d6bc6bb65196d95f3fff6 to remote] DEBUG org.asynchttpclient.netty.request.NettyRequestSender - Using pooled Channel '[id: 0x24f3267f, L:/127.0.0.1:64582 - R:localhost/127.0.0.1:61393]' for 'POST' to 'http://localhost:61393/session/6f60c876790d6bc6bb65196d95f3fff6/url'
00:35:29.742 [Forwarding get on session 6f60c876790d6bc6bb65196d95f3fff6 to remote] DEBUG org.asynchttpclient.netty.request.NettyRequestSender - Using open Channel [id: 0x24f3267f, L:/127.0.0.1:64582 - R:localhost/127.0.0.1:61393] for POST '/session/6f60c876790d6bc6bb65196d95f3fff6/url'
00:35:30.029 [AsyncHttpClient-1-1] DEBUG org.asynchttpclient.netty.channel.DefaultChannelPool - Entry count for : http://localhost:64583 : 1
00:35:30.462 [AsyncHttpClient-1-4] DEBUG org.asynchttpclient.netty.handler.HttpHandler - 

Request DefaultHttpRequest(decodeResult: success, version: HTTP/1.1)
POST /session/6f60c876790d6bc6bb65196d95f3fff6/url HTTP/1.1
User-Agent: selenium/4.1.2 (java windows)
Content-Length: 64
Content-Type: application/json; charset=utf-8
host: localhost:61393
accept: */*

Response DefaultHttpResponse(decodeResult: success, version: HTTP/1.1)
HTTP/1.1 200 OK
Content-Type: application/json; charset=utf-8
cache-control: no-cache
content-length: 14

00:35:30.462 [AsyncHttpClient-1-4] DEBUG org.asynchttpclient.netty.channel.ChannelManager - Adding key: http://localhost:61393 for channel [id: 0x24f3267f, L:/127.0.0.1:64582 - R:localhost/127.0.0.1:61393]
00:35:30.467 [Forwarding getCurrentUrl on session 6f60c876790d6bc6bb65196d95f3fff6 to remote] DEBUG org.asynchttpclient.netty.request.NettyRequestSender - Using pooled Channel '[id: 0x24f3267f, L:/127.0.0.1:64582 - R:localhost/127.0.0.1:61393]' for 'GET' to 'http://localhost:61393/session/6f60c876790d6bc6bb65196d95f3fff6/url'
00:35:30.467 [Forwarding getCurrentUrl on session 6f60c876790d6bc6bb65196d95f3fff6 to remote] DEBUG org.asynchttpclient.netty.request.NettyRequestSender - Using open Channel [id: 0x24f3267f, L:/127.0.0.1:64582 - R:localhost/127.0.0.1:61393] for GET '/session/6f60c876790d6bc6bb65196d95f3fff6/url'
00:35:30.474 [AsyncHttpClient-1-4] DEBUG org.asynchttpclient.netty.handler.HttpHandler - 

Request DefaultFullHttpRequest(decodeResult: success, version: HTTP/1.1, content: EmptyByteBufBE)
GET /session/6f60c876790d6bc6bb65196d95f3fff6/url HTTP/1.1
User-Agent: selenium/4.1.2 (java windows)
Cache-Control: no-cache
Content-Type: application/json; charset=utf-8
host: localhost:61393
accept: */*

Response DefaultHttpResponse(decodeResult: success, version: HTTP/1.1)
HTTP/1.1 200 OK
Content-Type: application/json; charset=utf-8
cache-control: no-cache
content-length: 41

00:35:30.475 [AsyncHttpClient-1-4] DEBUG org.asynchttpclient.netty.channel.ChannelManager - Adding key: http://localhost:61393 for channel [id: 0x24f3267f, L:/127.0.0.1:64582 - R:localhost/127.0.0.1:61393]
  &amp#27;[32mThen &amp#27;[0m&amp#27;[32mI go to login page&amp#27;[0m                          &amp#27;[90m# starter.stepdefinitions.RegisterSteps.iGoToLoginPage()&amp#27;[0m
00:35:30.485 [Forwarding screenshot on session 6f60c876790d6bc6bb65196d95f3fff6 to remote] DEBUG org.asynchttpclient.netty.request.NettyRequestSender - Using pooled Channel '[id: 0x24f3267f, L:/127.0.0.1:64582 - R:localhost/127.0.0.1:61393]' for 'GET' to 'http://localhost:61393/session/6f60c876790d6bc6bb65196d95f3fff6/screenshot'
00:35:30.485 [Forwarding screenshot on session 6f60c876790d6bc6bb65196d95f3fff6 to remote] DEBUG org.asynchttpclient.netty.request.NettyRequestSender - Using open Channel [id: 0x24f3267f, L:/127.0.0.1:64582 - R:localhost/127.0.0.1:61393] for GET '/session/6f60c876790d6bc6bb65196d95f3fff6/screenshot'
00:35:30.678 [AsyncHttpClient-1-4] DEBUG org.asynchttpclient.netty.handler.HttpHandler - 

Request DefaultFullHttpRequest(decodeResult: success, version: HTTP/1.1, content: EmptyByteBufBE)
GET /session/6f60c876790d6bc6bb65196d95f3fff6/screenshot HTTP/1.1
User-Agent: selenium/4.1.2 (java windows)
Cache-Control: no-cache
Content-Type: application/json; charset=utf-8
host: localhost:61393
accept: */*

Response DefaultHttpResponse(decodeResult: success, version: HTTP/1.1)
HTTP/1.1 200 OK
Content-Type: application/json; charset=utf-8
cache-control: no-cache
content-length: 24984

00:35:30.678 [AsyncHttpClient-1-4] DEBUG org.asynchttpclient.netty.channel.ChannelManager - Adding key: http://localhost:61393 for channel [id: 0x24f3267f, L:/127.0.0.1:64582 - R:localhost/127.0.0.1:61393]
00:35:30.681 [main] DEBUG net.serenitybdd.core.photography.Darkroom - Send negative for processing for target\site\serenity\5279a2677f51cd42d80df4d0bf105786ca0efdec9c31dd310d9911ecf03761b4.png
00:35:30.683 [main] INFO  - 
  _____   ___   ___   _____     ___     _     ___   ___   ___   ___  
 |_   _| | __| / __| |_   _|   | _ \   /_\   / __| / __| | __| |   \ 
   | |   | _|  \__ \   | |     |  _/  / _ \  \__ \ \__ \ | _|  | |) |
   |_|   |___| |___/   |_|     |_|   /_/ \_\ |___/ |___/ |___| |___/ 

As a user I have to be able registration
----------------------------------------------------------------------
00:35:30.687 [AsyncHttpClient-1-2] DEBUG org.asynchttpclient.netty.handler.WebSocketHandler - Channel Closed: [id: 0xead9437c, L:/127.0.0.1:64590 ! R:localhost/127.0.0.1:64583] with attribute NettyResponseFuture{currentRetry=5,
	isDone=1,
	isCancelled=0,
	asyncHandler=org.asynchttpclient.ws.WebSocketUpgradeHandler@5dbede7f,
	nettyRequest=org.asynchttpclient.netty.request.NettyRequest@788e10d5,
	future=java.util.concurrent.CompletableFuture@6a86f300[Completed normally],
	uri=ws://localhost:64583/devtools/browser/b4592846-9fc6-4b7b-abc9-b9cb47790472,
	keepAlive=true,
	redirectCount=0,
	timeoutsHolder=null,
	inAuth=0,
	touch=1652636119585}
00:35:30.687 [AsyncHttpClient-1-2] DEBUG org.asynchttpclient.netty.channel.ChannelManager - Closing Channel [id: 0xead9437c, L:/127.0.0.1:64590 ! R:localhost/127.0.0.1:64583] 
00:35:30.697 [Driver Command Executor] DEBUG org.asynchttpclient.netty.request.NettyRequestSender - Using pooled Channel '[id: 0x24f3267f, L:/127.0.0.1:64582 - R:localhost/127.0.0.1:61393]' for 'DELETE' to 'http://localhost:61393/session/6f60c876790d6bc6bb65196d95f3fff6'
00:35:30.697 [Driver Command Executor] DEBUG org.asynchttpclient.netty.request.NettyRequestSender - Using open Channel [id: 0x24f3267f, L:/127.0.0.1:64582 - R:localhost/127.0.0.1:61393] for DELETE '/session/6f60c876790d6bc6bb65196d95f3fff6'
00:35:30.942 [AsyncHttpClient-1-5] DEBUG org.asynchttpclient.netty.handler.HttpHandler - Unexpected I/O exception on channel [id: 0xf7e1d1ce, L:/127.0.0.1:64589 - R:localhost/127.0.0.1:64583]
java.net.SocketException: Connection reset
	at java.base/sun.nio.ch.SocketChannelImpl.throwConnectionReset(SocketChannelImpl.java:367)
	at java.base/sun.nio.ch.SocketChannelImpl.read(SocketChannelImpl.java:398)
	at io.netty.buffer.PooledByteBuf.setBytes(PooledByteBuf.java:258)
	at io.netty.buffer.AbstractByteBuf.writeBytes(AbstractByteBuf.java:1132)
	at io.netty.channel.socket.nio.NioSocketChannel.doReadBytes(NioSocketChannel.java:350)
	at io.netty.channel.nio.AbstractNioByteChannel$NioByteUnsafe.read(AbstractNioByteChannel.java:151)
	at io.netty.channel.nio.NioEventLoop.processSelectedKey(NioEventLoop.java:722)
	at io.netty.channel.nio.NioEventLoop.processSelectedKeysOptimized(NioEventLoop.java:658)
	at io.netty.channel.nio.NioEventLoop.processSelectedKeys(NioEventLoop.java:584)
	at io.netty.channel.nio.NioEventLoop.run(NioEventLoop.java:496)
	at io.netty.util.concurrent.SingleThreadEventExecutor$4.run(SingleThreadEventExecutor.java:986)
	at io.netty.util.internal.ThreadExecutorMap$2.run(ThreadExecutorMap.java:74)
	at io.netty.util.concurrent.FastThreadLocalRunnable.run(FastThreadLocalRunnable.java:30)
	at java.base/java.lang.Thread.run(Thread.java:832)
00:35:30.942 [AsyncHttpClient-1-5] DEBUG org.asynchttpclient.netty.channel.ChannelManager - Closing Channel [id: 0xf7e1d1ce, L:/127.0.0.1:64589 - R:localhost/127.0.0.1:64583] 
00:35:30.942 [AsyncHttpClient-1-5] DEBUG org.asynchttpclient.netty.handler.HttpHandler - Channel Closed: [id: 0xf7e1d1ce, L:/127.0.0.1:64589 ! R:localhost/127.0.0.1:64583] with attribute DISCARD
00:35:30.989 [AsyncHttpClient-1-4] DEBUG org.asynchttpclient.netty.handler.HttpHandler - 

Request DefaultFullHttpRequest(decodeResult: success, version: HTTP/1.1, content: EmptyByteBufBE)
DELETE /session/6f60c876790d6bc6bb65196d95f3fff6 HTTP/1.1
User-Agent: selenium/4.1.2 (java windows)
Content-Type: application/json; charset=utf-8
host: localhost:61393
accept: */*

Response DefaultHttpResponse(decodeResult: success, version: HTTP/1.1)
HTTP/1.1 200 OK
Content-Type: application/json; charset=utf-8
cache-control: no-cache
content-length: 14

00:35:30.989 [AsyncHttpClient-1-4] DEBUG org.asynchttpclient.netty.channel.ChannelManager - Adding key: http://localhost:61393 for channel [id: 0x24f3267f, L:/127.0.0.1:64582 - R:localhost/127.0.0.1:61393]
00:35:31.036 [AsyncHttpClient-1-1] DEBUG org.asynchttpclient.netty.channel.DefaultChannelPool - Entry count for : http://localhost:61393 : 1
00:35:31.036 [AsyncHttpClient-1-1] DEBUG org.asynchttpclient.netty.channel.DefaultChannelPool - Entry count for : http://localhost:64583 : 1
00:35:31.036 [AsyncHttpClient-1-1] DEBUG org.asynchttpclient.netty.channel.DefaultChannelPool - Adding Candidate expired Channel [id: 0xf7e1d1ce, L:/127.0.0.1:64589 ! R:localhost/127.0.0.1:64583] isIdleTimeoutExpired=false isRemotelyClosed=true isTtlExpired=false
00:35:31.036 [AsyncHttpClient-1-1] DEBUG org.asynchttpclient.netty.channel.DefaultChannelPool - Closing Idle Channel [id: 0xf7e1d1ce, L:/127.0.0.1:64589 ! R:localhost/127.0.0.1:64583]
00:35:31.036 [AsyncHttpClient-1-1] DEBUG org.asynchttpclient.netty.channel.DefaultChannelPool - Closed 1 connections out of 2 in 0 ms
00:35:31.624 [AsyncHttpClient-1-4] DEBUG org.asynchttpclient.netty.handler.HttpHandler - Channel Closed: [id: 0x24f3267f, L:/127.0.0.1:64582 ! R:localhost/127.0.0.1:61393] with attribute DISCARD
]]></system-out>
    <system-err><![CDATA[Starting ChromeDriver 101.0.4951.41 (93c720db8323b3ec10d056025ab95c23a31997c9-refs/branch-heads/4951@{#904}) on port 61393
Only local connections are allowed.
Please see https://chromedriver.chromium.org/security-considerations for suggestions on keeping ChromeDriver safe.
ChromeDriver was started successfully.
May 16, 2022 12:35:19 AM org.openqa.selenium.remote.ProtocolHandshake createSession
INFO: Detected dialect: W3C
May 16, 2022 12:35:19 AM org.openqa.selenium.devtools.CdpVersionFinder findNearestMatch
WARNING: Unable to find an exact match for CDP version 101, so returning the closest version found: 97
May 16, 2022 12:35:19 AM org.openqa.selenium.devtools.CdpVersionFinder findNearestMatch
INFO: Found CDP implementation for version 101 of 97
]]></system-err>
  </testcase>
  <testcase name="Fail registration" classname="register" time="15.094">
    <system-out><![CDATA[00:35:32.154 [AsyncHttpClient-1-1] DEBUG org.asynchttpclient.netty.channel.DefaultChannelPool - Entry count for : http://localhost:61393 : 1
00:35:32.154 [AsyncHttpClient-1-1] DEBUG org.asynchttpclient.netty.channel.DefaultChannelPool - Adding Candidate expired Channel [id: 0x24f3267f, L:/127.0.0.1:64582 ! R:localhost/127.0.0.1:61393] isIdleTimeoutExpired=false isRemotelyClosed=true isTtlExpired=false
00:35:32.154 [AsyncHttpClient-1-1] DEBUG org.asynchttpclient.netty.channel.DefaultChannelPool - Closing Idle Channel [id: 0x24f3267f, L:/127.0.0.1:64582 ! R:localhost/127.0.0.1:61393]
00:35:32.154 [AsyncHttpClient-1-1] DEBUG org.asynchttpclient.netty.channel.DefaultChannelPool - Closed 1 connections out of 1 in 0 ms

Scenario: Fail registration                                                                                       &amp#27;[90m# src/test/resources/features/Register.feature:13&amp#27;[0m
00:35:32.154 [main] INFO io.cucumber.core.plugin.SerenityReporter - Running feature from file:///D:/web-automation-using-serenity/src/test/resources/features/Register.feature
00:35:32.154 [main] INFO  - 
  _____   ___   ___   _____     ___   _____     _     ___   _____   ___   ___  
 |_   _| | __| / __| |_   _|   / __| |_   _|   /_\   | _ \ |_   _| | __| |   \ 
   | |   | _|  \__ \   | |     \__ \   | |    / _ \  |   /   | |   | _|  | |) |
   |_|   |___| |___/   |_|     |___/   |_|   /_/ \_\ |_|_\   |_|   |___| |___/ 

Fail registration(register;fail-registration)
--------------------------------------------------------------------------------
00:35:32.200 [main] DEBUG net.thucydides.core.steps.StepInterceptor - STARTING STEP: RegisterSteps.iAmOnTheRegisterPage - openUrl
00:35:32.216 [main] INFO net.serenitybdd.core.webdriver.driverproviders.ChromeDriverProvider - Using automatically driver download
00:35:32.994 [main] DEBUG io.github.bonigarcia.wdm.cache.ResolutionCache - Resolution chrome=101 in cache (valid until 01:32:11 16/05/2022 WIB)
00:35:33.009 [main] DEBUG io.github.bonigarcia.wdm.cache.ResolutionCache - Resolution chrome101=101.0.4951.41 in cache (valid until 00:32:11 17/05/2022 WIB)
00:35:33.009 [main] INFO io.github.bonigarcia.wdm.WebDriverManager - Using chromedriver 101.0.4951.41 (resolved driver for Chrome 101)
00:35:33.056 [main] DEBUG io.github.bonigarcia.wdm.WebDriverManager - Driver chromedriver 101.0.4951.41 found in cache
00:35:33.072 [main] INFO io.github.bonigarcia.wdm.WebDriverManager - Exporting webdriver.chrome.driver as C:\Users\A\.cache\selenium\chromedriver\win32\101.0.4951.41\chromedriver.exe
00:35:33.330 [main] DEBUG net.serenitybdd.core.webdriver.driverproviders.ProvideNewDriver - Instantiating driver
00:35:33.334 [main] DEBUG net.serenitybdd.core.webdriver.driverproviders.ProvideNewDriver - Driver capabilities: Capabilities {acceptInsecureCerts: false, base.url: https://qa.alta.id, browserName: chrome, chrome.driver: src/test/resources/webdrive..., driver: chrome, goog:chromeOptions: {args: [], extensions: []}}
00:35:33.894 [AsyncHttpClient-1-3] DEBUG org.asynchttpclient.netty.channel.NettyConnectListener - Using new Channel '[id: 0xe19325e1, L:/127.0.0.1:64610 - R:localhost/127.0.0.1:65061]' for 'POST' to '/session'
00:35:35.899 [AsyncHttpClient-1-3] DEBUG org.asynchttpclient.netty.handler.HttpHandler - 

Request DefaultHttpRequest(decodeResult: success, version: HTTP/1.1)
POST /session HTTP/1.1
User-Agent: selenium/4.1.2 (java windows)
Content-Length: 599
Content-Type: application/json; charset=utf-8
host: localhost:65061
accept: */*

Response DefaultHttpResponse(decodeResult: success, version: HTTP/1.1)
HTTP/1.1 200 OK
Content-Type: application/json; charset=utf-8
cache-control: no-cache
content-length: 785

00:35:35.899 [AsyncHttpClient-1-3] DEBUG org.asynchttpclient.netty.channel.ChannelManager - Adding key: http://localhost:65061 for channel [id: 0xe19325e1, L:/127.0.0.1:64610 - R:localhost/127.0.0.1:65061]
00:35:35.913 [AsyncHttpClient-1-4] DEBUG org.asynchttpclient.netty.channel.NettyConnectListener - Using new Channel '[id: 0xffe803da, L:/127.0.0.1:64617 - R:localhost/127.0.0.1:64611]' for 'GET' to '/json/version'
00:35:35.914 [AsyncHttpClient-1-4] DEBUG org.asynchttpclient.netty.handler.HttpHandler - 

Request DefaultFullHttpRequest(decodeResult: success, version: HTTP/1.1, content: EmptyByteBufBE)
GET /json/version HTTP/1.1
User-Agent: selenium/4.1.2 (java windows)
host: localhost:64611
accept: */*

Response DefaultHttpResponse(decodeResult: success, version: HTTP/1.1)
HTTP/1.1 200 OK
Content-Type: application/json; charset=UTF-8
content-length: 427

00:35:35.915 [AsyncHttpClient-1-4] DEBUG org.asynchttpclient.netty.channel.ChannelManager - Adding key: http://localhost:64611 for channel [id: 0xffe803da, L:/127.0.0.1:64617 - R:localhost/127.0.0.1:64611]
00:35:35.919 [AsyncHttpClient-1-5] DEBUG org.asynchttpclient.netty.channel.NettyConnectListener - Using new Channel '[id: 0x83f87e21, L:/127.0.0.1:64618 - R:localhost/127.0.0.1:64611]' for 'GET' to '/devtools/browser/7b38f74f-a6bb-4852-a4d6-989dc0ad9c50'
00:35:35.920 [AsyncHttpClient-1-5] DEBUG org.asynchttpclient.netty.handler.WebSocketHandler - 

Request DefaultFullHttpRequest(decodeResult: success, version: HTTP/1.1, content: EmptyByteBufBE)
GET /devtools/browser/7b38f74f-a6bb-4852-a4d6-989dc0ad9c50 HTTP/1.1
upgrade: websocket
connection: upgrade
sec-websocket-key: Akqjcr5hd1gr6WXfi4RThw==
sec-websocket-version: 13
origin: http://localhost:64611
host: localhost:64611
accept: */*
user-agent: AHC/2.1

Response DefaultHttpResponse(decodeResult: success, version: HTTP/1.1)
HTTP/1.1 101 WebSocket Protocol Handshake
Upgrade: WebSocket
Connection: Upgrade
Sec-WebSocket-Accept: f82ZTTMlaQgZwZiEX9cJobZNAyk=

00:35:35.941 [Forwarding maximizeCurrentWindow on session 882a4d62cdbbb75df0b45a4e08879025 to remote] DEBUG org.asynchttpclient.netty.request.NettyRequestSender - Using pooled Channel '[id: 0xe19325e1, L:/127.0.0.1:64610 - R:localhost/127.0.0.1:65061]' for 'POST' to 'http://localhost:65061/session/882a4d62cdbbb75df0b45a4e08879025/window/maximize'
00:35:35.941 [Forwarding maximizeCurrentWindow on session 882a4d62cdbbb75df0b45a4e08879025 to remote] DEBUG org.asynchttpclient.netty.request.NettyRequestSender - Using open Channel [id: 0xe19325e1, L:/127.0.0.1:64610 - R:localhost/127.0.0.1:65061] for POST '/session/882a4d62cdbbb75df0b45a4e08879025/window/maximize'
00:35:36.315 [AsyncHttpClient-1-3] DEBUG org.asynchttpclient.netty.handler.HttpHandler - 

Request DefaultHttpRequest(decodeResult: success, version: HTTP/1.1)
POST /session/882a4d62cdbbb75df0b45a4e08879025/window/maximize HTTP/1.1
User-Agent: selenium/4.1.2 (java windows)
Content-Length: 3
Content-Type: application/json; charset=utf-8
host: localhost:65061
accept: */*

Response DefaultHttpResponse(decodeResult: success, version: HTTP/1.1)
HTTP/1.1 200 OK
Content-Type: application/json; charset=utf-8
cache-control: no-cache
content-length: 51

00:35:36.315 [AsyncHttpClient-1-3] DEBUG org.asynchttpclient.netty.channel.ChannelManager - Adding key: http://localhost:65061 for channel [id: 0xe19325e1, L:/127.0.0.1:64610 - R:localhost/127.0.0.1:65061]
00:35:36.315 [Forwarding get on session 882a4d62cdbbb75df0b45a4e08879025 to remote] DEBUG org.asynchttpclient.netty.request.NettyRequestSender - Using pooled Channel '[id: 0xe19325e1, L:/127.0.0.1:64610 - R:localhost/127.0.0.1:65061]' for 'POST' to 'http://localhost:65061/session/882a4d62cdbbb75df0b45a4e08879025/url'
00:35:36.315 [Forwarding get on session 882a4d62cdbbb75df0b45a4e08879025 to remote] DEBUG org.asynchttpclient.netty.request.NettyRequestSender - Using open Channel [id: 0xe19325e1, L:/127.0.0.1:64610 - R:localhost/127.0.0.1:65061] for POST '/session/882a4d62cdbbb75df0b45a4e08879025/url'
00:35:36.545 [AsyncHttpClient-1-1] DEBUG org.asynchttpclient.netty.channel.DefaultChannelPool - Entry count for : http://localhost:64611 : 1
00:35:37.644 [AsyncHttpClient-1-1] DEBUG org.asynchttpclient.netty.channel.DefaultChannelPool - Entry count for : http://localhost:64611 : 1
00:35:38.746 [AsyncHttpClient-1-1] DEBUG org.asynchttpclient.netty.channel.DefaultChannelPool - Entry count for : http://localhost:64611 : 1
00:35:39.915 [AsyncHttpClient-1-1] DEBUG org.asynchttpclient.netty.channel.DefaultChannelPool - Entry count for : http://localhost:64611 : 1
00:35:40.209 [AsyncHttpClient-1-3] DEBUG org.asynchttpclient.netty.handler.HttpHandler - 

Request DefaultHttpRequest(decodeResult: success, version: HTTP/1.1)
POST /session/882a4d62cdbbb75df0b45a4e08879025/url HTTP/1.1
User-Agent: selenium/4.1.2 (java windows)
Content-Length: 67
Content-Type: application/json; charset=utf-8
host: localhost:65061
accept: */*

Response DefaultHttpResponse(decodeResult: success, version: HTTP/1.1)
HTTP/1.1 200 OK
Content-Type: application/json; charset=utf-8
cache-control: no-cache
content-length: 14

00:35:40.209 [AsyncHttpClient-1-3] DEBUG org.asynchttpclient.netty.channel.ChannelManager - Adding key: http://localhost:65061 for channel [id: 0xe19325e1, L:/127.0.0.1:64610 - R:localhost/127.0.0.1:65061]
00:35:40.218 [Forwarding setTimeout on session 882a4d62cdbbb75df0b45a4e08879025 to remote] DEBUG org.asynchttpclient.netty.request.NettyRequestSender - Using pooled Channel '[id: 0xe19325e1, L:/127.0.0.1:64610 - R:localhost/127.0.0.1:65061]' for 'POST' to 'http://localhost:65061/session/882a4d62cdbbb75df0b45a4e08879025/timeouts'
00:35:40.218 [Forwarding setTimeout on session 882a4d62cdbbb75df0b45a4e08879025 to remote] DEBUG org.asynchttpclient.netty.request.NettyRequestSender - Using open Channel [id: 0xe19325e1, L:/127.0.0.1:64610 - R:localhost/127.0.0.1:65061] for POST '/session/882a4d62cdbbb75df0b45a4e08879025/timeouts'
00:35:40.223 [AsyncHttpClient-1-3] DEBUG org.asynchttpclient.netty.handler.HttpHandler - 

Request DefaultHttpRequest(decodeResult: success, version: HTTP/1.1)
POST /session/882a4d62cdbbb75df0b45a4e08879025/timeouts HTTP/1.1
User-Agent: selenium/4.1.2 (java windows)
Content-Length: 22
Content-Type: application/json; charset=utf-8
host: localhost:65061
accept: */*

Response DefaultHttpResponse(decodeResult: success, version: HTTP/1.1)
HTTP/1.1 200 OK
Content-Type: application/json; charset=utf-8
cache-control: no-cache
content-length: 14

00:35:40.223 [AsyncHttpClient-1-3] DEBUG org.asynchttpclient.netty.channel.ChannelManager - Adding key: http://localhost:65061 for channel [id: 0xe19325e1, L:/127.0.0.1:64610 - R:localhost/127.0.0.1:65061]
00:35:40.231 [Forwarding getCurrentUrl on session 882a4d62cdbbb75df0b45a4e08879025 to remote] DEBUG org.asynchttpclient.netty.request.NettyRequestSender - Using pooled Channel '[id: 0xe19325e1, L:/127.0.0.1:64610 - R:localhost/127.0.0.1:65061]' for 'GET' to 'http://localhost:65061/session/882a4d62cdbbb75df0b45a4e08879025/url'
00:35:40.231 [Forwarding getCurrentUrl on session 882a4d62cdbbb75df0b45a4e08879025 to remote] DEBUG org.asynchttpclient.netty.request.NettyRequestSender - Using open Channel [id: 0xe19325e1, L:/127.0.0.1:64610 - R:localhost/127.0.0.1:65061] for GET '/session/882a4d62cdbbb75df0b45a4e08879025/url'
00:35:40.239 [AsyncHttpClient-1-3] DEBUG org.asynchttpclient.netty.handler.HttpHandler - 

Request DefaultFullHttpRequest(decodeResult: success, version: HTTP/1.1, content: EmptyByteBufBE)
GET /session/882a4d62cdbbb75df0b45a4e08879025/url HTTP/1.1
User-Agent: selenium/4.1.2 (java windows)
Cache-Control: no-cache
Content-Type: application/json; charset=utf-8
host: localhost:65061
accept: */*

Response DefaultHttpResponse(decodeResult: success, version: HTTP/1.1)
HTTP/1.1 200 OK
Content-Type: application/json; charset=utf-8
cache-control: no-cache
content-length: 44

00:35:40.239 [AsyncHttpClient-1-3] DEBUG org.asynchttpclient.netty.channel.ChannelManager - Adding key: http://localhost:65061 for channel [id: 0xe19325e1, L:/127.0.0.1:64610 - R:localhost/127.0.0.1:65061]
00:35:40.250 [Forwarding screenshot on session 882a4d62cdbbb75df0b45a4e08879025 to remote] DEBUG org.asynchttpclient.netty.request.NettyRequestSender - Using pooled Channel '[id: 0xe19325e1, L:/127.0.0.1:64610 - R:localhost/127.0.0.1:65061]' for 'GET' to 'http://localhost:65061/session/882a4d62cdbbb75df0b45a4e08879025/screenshot'
00:35:40.250 [Forwarding screenshot on session 882a4d62cdbbb75df0b45a4e08879025 to remote] DEBUG org.asynchttpclient.netty.request.NettyRequestSender - Using open Channel [id: 0xe19325e1, L:/127.0.0.1:64610 - R:localhost/127.0.0.1:65061] for GET '/session/882a4d62cdbbb75df0b45a4e08879025/screenshot'
00:35:40.439 [AsyncHttpClient-1-3] DEBUG org.asynchttpclient.netty.handler.HttpHandler - 

Request DefaultFullHttpRequest(decodeResult: success, version: HTTP/1.1, content: EmptyByteBufBE)
GET /session/882a4d62cdbbb75df0b45a4e08879025/screenshot HTTP/1.1
User-Agent: selenium/4.1.2 (java windows)
Cache-Control: no-cache
Content-Type: application/json; charset=utf-8
host: localhost:65061
accept: */*

Response DefaultHttpResponse(decodeResult: success, version: HTTP/1.1)
HTTP/1.1 200 OK
Content-Type: application/json; charset=utf-8
cache-control: no-cache
content-length: 29668

00:35:40.439 [AsyncHttpClient-1-3] DEBUG org.asynchttpclient.netty.channel.ChannelManager - Adding key: http://localhost:65061 for channel [id: 0xe19325e1, L:/127.0.0.1:64610 - R:localhost/127.0.0.1:65061]
00:35:40.446 [main] DEBUG net.serenitybdd.core.photography.Darkroom - Send negative for processing for target\site\serenity\0ba6e8bb0dbd98adfe749502cc48ff0da377cd7b0172f40fe1ccbac8137b3703.png
00:35:40.446 [main] DEBUG net.thucydides.core.steps.StepInterceptor - STEP DONE: openUrl
00:35:40.456 [main] DEBUG net.thucydides.core.steps.StepInterceptor - STARTING STEP: RegisterSteps.iAmOnTheRegisterPage - validateOnRegisterPage
00:35:40.459 [Forwarding findElement on session 882a4d62cdbbb75df0b45a4e08879025 to remote] DEBUG org.asynchttpclient.netty.request.NettyRequestSender - Using pooled Channel '[id: 0xe19325e1, L:/127.0.0.1:64610 - R:localhost/127.0.0.1:65061]' for 'POST' to 'http://localhost:65061/session/882a4d62cdbbb75df0b45a4e08879025/element'
00:35:40.459 [Forwarding findElement on session 882a4d62cdbbb75df0b45a4e08879025 to remote] DEBUG org.asynchttpclient.netty.request.NettyRequestSender - Using open Channel [id: 0xe19325e1, L:/127.0.0.1:64610 - R:localhost/127.0.0.1:65061] for POST '/session/882a4d62cdbbb75df0b45a4e08879025/element'
00:35:40.484 [AsyncHttpClient-1-3] DEBUG org.asynchttpclient.netty.handler.HttpHandler - 

Request DefaultHttpRequest(decodeResult: success, version: HTTP/1.1)
POST /session/882a4d62cdbbb75df0b45a4e08879025/element HTTP/1.1
User-Agent: selenium/4.1.2 (java windows)
Content-Length: 155
Content-Type: application/json; charset=utf-8
host: localhost:65061
accept: */*

Response DefaultHttpResponse(decodeResult: success, version: HTTP/1.1)
HTTP/1.1 200 OK
Content-Type: application/json; charset=utf-8
cache-control: no-cache
content-length: 88

00:35:40.484 [AsyncHttpClient-1-3] DEBUG org.asynchttpclient.netty.channel.ChannelManager - Adding key: http://localhost:65061 for channel [id: 0xe19325e1, L:/127.0.0.1:64610 - R:localhost/127.0.0.1:65061]
00:35:40.484 [Forwarding isElementDisplayed on session 882a4d62cdbbb75df0b45a4e08879025 to remote] DEBUG org.asynchttpclient.netty.request.NettyRequestSender - Using pooled Channel '[id: 0xe19325e1, L:/127.0.0.1:64610 - R:localhost/127.0.0.1:65061]' for 'POST' to 'http://localhost:65061/session/882a4d62cdbbb75df0b45a4e08879025/execute/sync'
00:35:40.484 [Forwarding isElementDisplayed on session 882a4d62cdbbb75df0b45a4e08879025 to remote] DEBUG org.asynchttpclient.netty.request.NettyRequestSender - Using open Channel [id: 0xe19325e1, L:/127.0.0.1:64610 - R:localhost/127.0.0.1:65061] for POST '/session/882a4d62cdbbb75df0b45a4e08879025/execute/sync'
00:35:40.523 [AsyncHttpClient-1-3] DEBUG org.asynchttpclient.netty.handler.HttpHandler - 

Request DefaultHttpRequest(decodeResult: success, version: HTTP/1.1)
POST /session/882a4d62cdbbb75df0b45a4e08879025/execute/sync HTTP/1.1
User-Agent: selenium/4.1.2 (java windows)
Content-Length: 48780
Content-Type: application/json; charset=utf-8
host: localhost:65061
accept: */*

Response DefaultHttpResponse(decodeResult: success, version: HTTP/1.1)
HTTP/1.1 200 OK
Content-Type: application/json; charset=utf-8
cache-control: no-cache
content-length: 14

00:35:40.523 [AsyncHttpClient-1-3] DEBUG org.asynchttpclient.netty.channel.ChannelManager - Adding key: http://localhost:65061 for channel [id: 0xe19325e1, L:/127.0.0.1:64610 - R:localhost/127.0.0.1:65061]
00:35:40.538 [Forwarding screenshot on session 882a4d62cdbbb75df0b45a4e08879025 to remote] DEBUG org.asynchttpclient.netty.request.NettyRequestSender - Using pooled Channel '[id: 0xe19325e1, L:/127.0.0.1:64610 - R:localhost/127.0.0.1:65061]' for 'GET' to 'http://localhost:65061/session/882a4d62cdbbb75df0b45a4e08879025/screenshot'
00:35:40.538 [Forwarding screenshot on session 882a4d62cdbbb75df0b45a4e08879025 to remote] DEBUG org.asynchttpclient.netty.request.NettyRequestSender - Using open Channel [id: 0xe19325e1, L:/127.0.0.1:64610 - R:localhost/127.0.0.1:65061] for GET '/session/882a4d62cdbbb75df0b45a4e08879025/screenshot'
00:35:40.707 [AsyncHttpClient-1-3] DEBUG org.asynchttpclient.netty.handler.HttpHandler - 

Request DefaultFullHttpRequest(decodeResult: success, version: HTTP/1.1, content: EmptyByteBufBE)
GET /session/882a4d62cdbbb75df0b45a4e08879025/screenshot HTTP/1.1
User-Agent: selenium/4.1.2 (java windows)
Cache-Control: no-cache
Content-Type: application/json; charset=utf-8
host: localhost:65061
accept: */*

Response DefaultHttpResponse(decodeResult: success, version: HTTP/1.1)
HTTP/1.1 200 OK
Content-Type: application/json; charset=utf-8
cache-control: no-cache
content-length: 29668

00:35:40.707 [AsyncHttpClient-1-3] DEBUG org.asynchttpclient.netty.channel.ChannelManager - Adding key: http://localhost:65061 for channel [id: 0xe19325e1, L:/127.0.0.1:64610 - R:localhost/127.0.0.1:65061]
00:35:40.707 [main] DEBUG net.serenitybdd.core.photography.Darkroom - Send negative for processing for target\site\serenity\0ba6e8bb0dbd98adfe749502cc48ff0da377cd7b0172f40fe1ccbac8137b3703.png
00:35:40.707 [main] DEBUG net.thucydides.core.steps.StepInterceptor - STEP DONE: validateOnRegisterPage
  &amp#27;[32mGiven &amp#27;[0m&amp#27;[32mI am on the register page&amp#27;[0m                                                                                 &amp#27;[90m# starter.stepdefinitions.RegisterSteps.iAmOnTheRegisterPage()&amp#27;[0m
00:35:40.739 [main] DEBUG net.thucydides.core.steps.StepInterceptor - STARTING STEP: RegisterSteps.iInputValidFullname - inputFullname
00:35:40.739 [Forwarding findElement on session 882a4d62cdbbb75df0b45a4e08879025 to remote] DEBUG org.asynchttpclient.netty.request.NettyRequestSender - Using pooled Channel '[id: 0xe19325e1, L:/127.0.0.1:64610 - R:localhost/127.0.0.1:65061]' for 'POST' to 'http://localhost:65061/session/882a4d62cdbbb75df0b45a4e08879025/element'
00:35:40.739 [Forwarding findElement on session 882a4d62cdbbb75df0b45a4e08879025 to remote] DEBUG org.asynchttpclient.netty.request.NettyRequestSender - Using open Channel [id: 0xe19325e1, L:/127.0.0.1:64610 - R:localhost/127.0.0.1:65061] for POST '/session/882a4d62cdbbb75df0b45a4e08879025/element'
00:35:40.766 [AsyncHttpClient-1-3] DEBUG org.asynchttpclient.netty.handler.HttpHandler - 

Request DefaultHttpRequest(decodeResult: success, version: HTTP/1.1)
POST /session/882a4d62cdbbb75df0b45a4e08879025/element HTTP/1.1
User-Agent: selenium/4.1.2 (java windows)
Content-Length: 93
Content-Type: application/json; charset=utf-8
host: localhost:65061
accept: */*

Response DefaultHttpResponse(decodeResult: success, version: HTTP/1.1)
HTTP/1.1 200 OK
Content-Type: application/json; charset=utf-8
cache-control: no-cache
content-length: 88

00:35:40.766 [AsyncHttpClient-1-3] DEBUG org.asynchttpclient.netty.channel.ChannelManager - Adding key: http://localhost:65061 for channel [id: 0xe19325e1, L:/127.0.0.1:64610 - R:localhost/127.0.0.1:65061]
00:35:40.766 [Forwarding clearElement on session 882a4d62cdbbb75df0b45a4e08879025 to remote] DEBUG org.asynchttpclient.netty.request.NettyRequestSender - Using pooled Channel '[id: 0xe19325e1, L:/127.0.0.1:64610 - R:localhost/127.0.0.1:65061]' for 'POST' to 'http://localhost:65061/session/882a4d62cdbbb75df0b45a4e08879025/element/1cfe5b08-70a6-48b4-81bc-3ef2c0a0d5bc/clear'
00:35:40.766 [Forwarding clearElement on session 882a4d62cdbbb75df0b45a4e08879025 to remote] DEBUG org.asynchttpclient.netty.request.NettyRequestSender - Using open Channel [id: 0xe19325e1, L:/127.0.0.1:64610 - R:localhost/127.0.0.1:65061] for POST '/session/882a4d62cdbbb75df0b45a4e08879025/element/1cfe5b08-70a6-48b4-81bc-3ef2c0a0d5bc/clear'
00:35:40.838 [AsyncHttpClient-1-3] DEBUG org.asynchttpclient.netty.handler.HttpHandler - 

Request DefaultHttpRequest(decodeResult: success, version: HTTP/1.1)
POST /session/882a4d62cdbbb75df0b45a4e08879025/element/1cfe5b08-70a6-48b4-81bc-3ef2c0a0d5bc/clear HTTP/1.1
User-Agent: selenium/4.1.2 (java windows)
Content-Length: 50
Content-Type: application/json; charset=utf-8
host: localhost:65061
accept: */*

Response DefaultHttpResponse(decodeResult: success, version: HTTP/1.1)
HTTP/1.1 200 OK
Content-Type: application/json; charset=utf-8
cache-control: no-cache
content-length: 14

00:35:40.838 [AsyncHttpClient-1-3] DEBUG org.asynchttpclient.netty.channel.ChannelManager - Adding key: http://localhost:65061 for channel [id: 0xe19325e1, L:/127.0.0.1:64610 - R:localhost/127.0.0.1:65061]
00:35:40.838 [Forwarding sendKeysToElement on session 882a4d62cdbbb75df0b45a4e08879025 to remote] DEBUG org.asynchttpclient.netty.request.NettyRequestSender - Using pooled Channel '[id: 0xe19325e1, L:/127.0.0.1:64610 - R:localhost/127.0.0.1:65061]' for 'POST' to 'http://localhost:65061/session/882a4d62cdbbb75df0b45a4e08879025/element/1cfe5b08-70a6-48b4-81bc-3ef2c0a0d5bc/value'
00:35:40.838 [Forwarding sendKeysToElement on session 882a4d62cdbbb75df0b45a4e08879025 to remote] DEBUG org.asynchttpclient.netty.request.NettyRequestSender - Using open Channel [id: 0xe19325e1, L:/127.0.0.1:64610 - R:localhost/127.0.0.1:65061] for POST '/session/882a4d62cdbbb75df0b45a4e08879025/element/1cfe5b08-70a6-48b4-81bc-3ef2c0a0d5bc/value'
00:35:40.977 [AsyncHttpClient-1-1] DEBUG org.asynchttpclient.netty.channel.DefaultChannelPool - Entry count for : http://localhost:64611 : 1
00:35:41.177 [AsyncHttpClient-1-3] DEBUG org.asynchttpclient.netty.handler.HttpHandler - 

Request DefaultHttpRequest(decodeResult: success, version: HTTP/1.1)
POST /session/882a4d62cdbbb75df0b45a4e08879025/element/1cfe5b08-70a6-48b4-81bc-3ef2c0a0d5bc/value HTTP/1.1
User-Agent: selenium/4.1.2 (java windows)
Content-Length: 201
Content-Type: application/json; charset=utf-8
host: localhost:65061
accept: */*

Response DefaultHttpResponse(decodeResult: success, version: HTTP/1.1)
HTTP/1.1 200 OK
Content-Type: application/json; charset=utf-8
cache-control: no-cache
content-length: 14

00:35:41.177 [AsyncHttpClient-1-3] DEBUG org.asynchttpclient.netty.channel.ChannelManager - Adding key: http://localhost:65061 for channel [id: 0xe19325e1, L:/127.0.0.1:64610 - R:localhost/127.0.0.1:65061]
00:35:41.192 [Forwarding screenshot on session 882a4d62cdbbb75df0b45a4e08879025 to remote] DEBUG org.asynchttpclient.netty.request.NettyRequestSender - Using pooled Channel '[id: 0xe19325e1, L:/127.0.0.1:64610 - R:localhost/127.0.0.1:65061]' for 'GET' to 'http://localhost:65061/session/882a4d62cdbbb75df0b45a4e08879025/screenshot'
00:35:41.193 [Forwarding screenshot on session 882a4d62cdbbb75df0b45a4e08879025 to remote] DEBUG org.asynchttpclient.netty.request.NettyRequestSender - Using open Channel [id: 0xe19325e1, L:/127.0.0.1:64610 - R:localhost/127.0.0.1:65061] for GET '/session/882a4d62cdbbb75df0b45a4e08879025/screenshot'
00:35:41.502 [AsyncHttpClient-1-3] DEBUG org.asynchttpclient.netty.handler.HttpHandler - 

Request DefaultFullHttpRequest(decodeResult: success, version: HTTP/1.1, content: EmptyByteBufBE)
GET /session/882a4d62cdbbb75df0b45a4e08879025/screenshot HTTP/1.1
User-Agent: selenium/4.1.2 (java windows)
Cache-Control: no-cache
Content-Type: application/json; charset=utf-8
host: localhost:65061
accept: */*

Response DefaultHttpResponse(decodeResult: success, version: HTTP/1.1)
HTTP/1.1 200 OK
Content-Type: application/json; charset=utf-8
cache-control: no-cache
content-length: 30876

00:35:41.503 [AsyncHttpClient-1-3] DEBUG org.asynchttpclient.netty.channel.ChannelManager - Adding key: http://localhost:65061 for channel [id: 0xe19325e1, L:/127.0.0.1:64610 - R:localhost/127.0.0.1:65061]
00:35:41.506 [main] DEBUG net.serenitybdd.core.photography.Darkroom - Send negative for processing for target\site\serenity\114b979ed664ce92796c64aae1cb0ac89dc6e96b7cb65c63f564c7db2242c6f7.png
00:35:41.506 [main] DEBUG net.thucydides.core.steps.StepInterceptor - STEP DONE: inputFullname
00:35:41.506 [Darkroom Processing Line] DEBUG net.serenitybdd.core.photography.DarkroomProcessingLine - Processing screenshot image in /var/screenshots/screenshot-1007906496567481996
00:35:41.507 [Darkroom Processing Line] DEBUG net.serenitybdd.core.photography.DarkroomProcessingLine - Saving screenshot to target\site\serenity\114b979ed664ce92796c64aae1cb0ac89dc6e96b7cb65c63f564c7db2242c6f7.png
  &amp#27;[32mWhen &amp#27;[0m&amp#27;[32mI input valid fullname&amp#27;[0m                                                                                     &amp#27;[90m# starter.stepdefinitions.RegisterSteps.iInputValidFullname()&amp#27;[0m
00:35:41.532 [main] DEBUG net.thucydides.core.steps.StepInterceptor - STARTING STEP: RegisterSteps.iInputSameEmail - inputEmail
00:35:41.538 [Forwarding findElement on session 882a4d62cdbbb75df0b45a4e08879025 to remote] DEBUG org.asynchttpclient.netty.request.NettyRequestSender - Using pooled Channel '[id: 0xe19325e1, L:/127.0.0.1:64610 - R:localhost/127.0.0.1:65061]' for 'POST' to 'http://localhost:65061/session/882a4d62cdbbb75df0b45a4e08879025/element'
00:35:41.539 [Forwarding findElement on session 882a4d62cdbbb75df0b45a4e08879025 to remote] DEBUG org.asynchttpclient.netty.request.NettyRequestSender - Using open Channel [id: 0xe19325e1, L:/127.0.0.1:64610 - R:localhost/127.0.0.1:65061] for POST '/session/882a4d62cdbbb75df0b45a4e08879025/element'
00:35:41.550 [AsyncHttpClient-1-3] DEBUG org.asynchttpclient.netty.handler.HttpHandler - 

Request DefaultHttpRequest(decodeResult: success, version: HTTP/1.1)
POST /session/882a4d62cdbbb75df0b45a4e08879025/element HTTP/1.1
User-Agent: selenium/4.1.2 (java windows)
Content-Length: 86
Content-Type: application/json; charset=utf-8
host: localhost:65061
accept: */*

Response DefaultHttpResponse(decodeResult: success, version: HTTP/1.1)
HTTP/1.1 200 OK
Content-Type: application/json; charset=utf-8
cache-control: no-cache
content-length: 88

00:35:41.550 [AsyncHttpClient-1-3] DEBUG org.asynchttpclient.netty.channel.ChannelManager - Adding key: http://localhost:65061 for channel [id: 0xe19325e1, L:/127.0.0.1:64610 - R:localhost/127.0.0.1:65061]
00:35:41.550 [Forwarding clearElement on session 882a4d62cdbbb75df0b45a4e08879025 to remote] DEBUG org.asynchttpclient.netty.request.NettyRequestSender - Using pooled Channel '[id: 0xe19325e1, L:/127.0.0.1:64610 - R:localhost/127.0.0.1:65061]' for 'POST' to 'http://localhost:65061/session/882a4d62cdbbb75df0b45a4e08879025/element/fc4c15a0-6db4-4e9c-addc-2e2c488d8726/clear'
00:35:41.550 [Forwarding clearElement on session 882a4d62cdbbb75df0b45a4e08879025 to remote] DEBUG org.asynchttpclient.netty.request.NettyRequestSender - Using open Channel [id: 0xe19325e1, L:/127.0.0.1:64610 - R:localhost/127.0.0.1:65061] for POST '/session/882a4d62cdbbb75df0b45a4e08879025/element/fc4c15a0-6db4-4e9c-addc-2e2c488d8726/clear'
00:35:41.612 [AsyncHttpClient-1-3] DEBUG org.asynchttpclient.netty.handler.HttpHandler - 

Request DefaultHttpRequest(decodeResult: success, version: HTTP/1.1)
POST /session/882a4d62cdbbb75df0b45a4e08879025/element/fc4c15a0-6db4-4e9c-addc-2e2c488d8726/clear HTTP/1.1
User-Agent: selenium/4.1.2 (java windows)
Content-Length: 50
Content-Type: application/json; charset=utf-8
host: localhost:65061
accept: */*

Response DefaultHttpResponse(decodeResult: success, version: HTTP/1.1)
HTTP/1.1 200 OK
Content-Type: application/json; charset=utf-8
cache-control: no-cache
content-length: 14

00:35:41.612 [AsyncHttpClient-1-3] DEBUG org.asynchttpclient.netty.channel.ChannelManager - Adding key: http://localhost:65061 for channel [id: 0xe19325e1, L:/127.0.0.1:64610 - R:localhost/127.0.0.1:65061]
00:35:41.627 [Forwarding sendKeysToElement on session 882a4d62cdbbb75df0b45a4e08879025 to remote] DEBUG org.asynchttpclient.netty.request.NettyRequestSender - Using pooled Channel '[id: 0xe19325e1, L:/127.0.0.1:64610 - R:localhost/127.0.0.1:65061]' for 'POST' to 'http://localhost:65061/session/882a4d62cdbbb75df0b45a4e08879025/element/fc4c15a0-6db4-4e9c-addc-2e2c488d8726/value'
00:35:41.627 [Forwarding sendKeysToElement on session 882a4d62cdbbb75df0b45a4e08879025 to remote] DEBUG org.asynchttpclient.netty.request.NettyRequestSender - Using open Channel [id: 0xe19325e1, L:/127.0.0.1:64610 - R:localhost/127.0.0.1:65061] for POST '/session/882a4d62cdbbb75df0b45a4e08879025/element/fc4c15a0-6db4-4e9c-addc-2e2c488d8726/value'
00:35:42.075 [AsyncHttpClient-1-1] DEBUG org.asynchttpclient.netty.channel.DefaultChannelPool - Entry count for : http://localhost:64611 : 1
00:35:42.116 [AsyncHttpClient-1-3] DEBUG org.asynchttpclient.netty.handler.HttpHandler - 

Request DefaultHttpRequest(decodeResult: success, version: HTTP/1.1)
POST /session/882a4d62cdbbb75df0b45a4e08879025/element/fc4c15a0-6db4-4e9c-addc-2e2c488d8726/value HTTP/1.1
User-Agent: selenium/4.1.2 (java windows)
Content-Length: 381
Content-Type: application/json; charset=utf-8
host: localhost:65061
accept: */*

Response DefaultHttpResponse(decodeResult: success, version: HTTP/1.1)
HTTP/1.1 200 OK
Content-Type: application/json; charset=utf-8
cache-control: no-cache
content-length: 14

00:35:42.121 [AsyncHttpClient-1-3] DEBUG org.asynchttpclient.netty.channel.ChannelManager - Adding key: http://localhost:65061 for channel [id: 0xe19325e1, L:/127.0.0.1:64610 - R:localhost/127.0.0.1:65061]
00:35:42.137 [Forwarding screenshot on session 882a4d62cdbbb75df0b45a4e08879025 to remote] DEBUG org.asynchttpclient.netty.request.NettyRequestSender - Using pooled Channel '[id: 0xe19325e1, L:/127.0.0.1:64610 - R:localhost/127.0.0.1:65061]' for 'GET' to 'http://localhost:65061/session/882a4d62cdbbb75df0b45a4e08879025/screenshot'
00:35:42.137 [Forwarding screenshot on session 882a4d62cdbbb75df0b45a4e08879025 to remote] DEBUG org.asynchttpclient.netty.request.NettyRequestSender - Using open Channel [id: 0xe19325e1, L:/127.0.0.1:64610 - R:localhost/127.0.0.1:65061] for GET '/session/882a4d62cdbbb75df0b45a4e08879025/screenshot'
00:35:42.409 [AsyncHttpClient-1-3] DEBUG org.asynchttpclient.netty.handler.HttpHandler - 

Request DefaultFullHttpRequest(decodeResult: success, version: HTTP/1.1, content: EmptyByteBufBE)
GET /session/882a4d62cdbbb75df0b45a4e08879025/screenshot HTTP/1.1
User-Agent: selenium/4.1.2 (java windows)
Cache-Control: no-cache
Content-Type: application/json; charset=utf-8
host: localhost:65061
accept: */*

Response DefaultHttpResponse(decodeResult: success, version: HTTP/1.1)
HTTP/1.1 200 OK
Content-Type: application/json; charset=utf-8
cache-control: no-cache
content-length: 37024

00:35:42.410 [AsyncHttpClient-1-3] DEBUG org.asynchttpclient.netty.channel.ChannelManager - Adding key: http://localhost:65061 for channel [id: 0xe19325e1, L:/127.0.0.1:64610 - R:localhost/127.0.0.1:65061]
00:35:42.415 [main] DEBUG net.serenitybdd.core.photography.Darkroom - Send negative for processing for target\site\serenity\0f56c20ea8be07670aed0b682a2a648f83c173636d08e4bdd0e3c9ff493dd7a3.png
00:35:42.415 [main] DEBUG net.thucydides.core.steps.StepInterceptor - STEP DONE: inputEmail
  &amp#27;[32mAnd &amp#27;[0m&amp#27;[32mI input same email&amp#27;[0m                                                                                          &amp#27;[90m# starter.stepdefinitions.RegisterSteps.iInputSameEmail()&amp#27;[0m
00:35:42.416 [Darkroom Processing Line] DEBUG net.serenitybdd.core.photography.DarkroomProcessingLine - Processing screenshot image in /var/screenshots/screenshot-8945054222977888323
00:35:42.416 [Darkroom Processing Line] DEBUG net.serenitybdd.core.photography.DarkroomProcessingLine - Saving screenshot to target\site\serenity\0f56c20ea8be07670aed0b682a2a648f83c173636d08e4bdd0e3c9ff493dd7a3.png
00:35:42.436 [main] DEBUG net.thucydides.core.steps.StepInterceptor - STARTING STEP: RegisterSteps.iInputValidPassword - inputPassword
00:35:42.436 [Forwarding findElement on session 882a4d62cdbbb75df0b45a4e08879025 to remote] DEBUG org.asynchttpclient.netty.request.NettyRequestSender - Using pooled Channel '[id: 0xe19325e1, L:/127.0.0.1:64610 - R:localhost/127.0.0.1:65061]' for 'POST' to 'http://localhost:65061/session/882a4d62cdbbb75df0b45a4e08879025/element'
00:35:42.436 [Forwarding findElement on session 882a4d62cdbbb75df0b45a4e08879025 to remote] DEBUG org.asynchttpclient.netty.request.NettyRequestSender - Using open Channel [id: 0xe19325e1, L:/127.0.0.1:64610 - R:localhost/127.0.0.1:65061] for POST '/session/882a4d62cdbbb75df0b45a4e08879025/element'
00:35:42.497 [AsyncHttpClient-1-3] DEBUG org.asynchttpclient.netty.handler.HttpHandler - 

Request DefaultHttpRequest(decodeResult: success, version: HTTP/1.1)
POST /session/882a4d62cdbbb75df0b45a4e08879025/element HTTP/1.1
User-Agent: selenium/4.1.2 (java windows)
Content-Length: 89
Content-Type: application/json; charset=utf-8
host: localhost:65061
accept: */*

Response DefaultHttpResponse(decodeResult: success, version: HTTP/1.1)
HTTP/1.1 200 OK
Content-Type: application/json; charset=utf-8
cache-control: no-cache
content-length: 88

00:35:42.497 [AsyncHttpClient-1-3] DEBUG org.asynchttpclient.netty.channel.ChannelManager - Adding key: http://localhost:65061 for channel [id: 0xe19325e1, L:/127.0.0.1:64610 - R:localhost/127.0.0.1:65061]
00:35:42.497 [Forwarding clearElement on session 882a4d62cdbbb75df0b45a4e08879025 to remote] DEBUG org.asynchttpclient.netty.request.NettyRequestSender - Using pooled Channel '[id: 0xe19325e1, L:/127.0.0.1:64610 - R:localhost/127.0.0.1:65061]' for 'POST' to 'http://localhost:65061/session/882a4d62cdbbb75df0b45a4e08879025/element/9f737518-b2eb-4d49-bbfc-eddd3396ee0e/clear'
00:35:42.497 [Forwarding clearElement on session 882a4d62cdbbb75df0b45a4e08879025 to remote] DEBUG org.asynchttpclient.netty.request.NettyRequestSender - Using open Channel [id: 0xe19325e1, L:/127.0.0.1:64610 - R:localhost/127.0.0.1:65061] for POST '/session/882a4d62cdbbb75df0b45a4e08879025/element/9f737518-b2eb-4d49-bbfc-eddd3396ee0e/clear'
00:35:42.572 [AsyncHttpClient-1-3] DEBUG org.asynchttpclient.netty.handler.HttpHandler - 

Request DefaultHttpRequest(decodeResult: success, version: HTTP/1.1)
POST /session/882a4d62cdbbb75df0b45a4e08879025/element/9f737518-b2eb-4d49-bbfc-eddd3396ee0e/clear HTTP/1.1
User-Agent: selenium/4.1.2 (java windows)
Content-Length: 50
Content-Type: application/json; charset=utf-8
host: localhost:65061
accept: */*

Response DefaultHttpResponse(decodeResult: success, version: HTTP/1.1)
HTTP/1.1 200 OK
Content-Type: application/json; charset=utf-8
cache-control: no-cache
content-length: 14

00:35:42.572 [AsyncHttpClient-1-3] DEBUG org.asynchttpclient.netty.channel.ChannelManager - Adding key: http://localhost:65061 for channel [id: 0xe19325e1, L:/127.0.0.1:64610 - R:localhost/127.0.0.1:65061]
00:35:42.572 [Forwarding sendKeysToElement on session 882a4d62cdbbb75df0b45a4e08879025 to remote] DEBUG org.asynchttpclient.netty.request.NettyRequestSender - Using pooled Channel '[id: 0xe19325e1, L:/127.0.0.1:64610 - R:localhost/127.0.0.1:65061]' for 'POST' to 'http://localhost:65061/session/882a4d62cdbbb75df0b45a4e08879025/element/9f737518-b2eb-4d49-bbfc-eddd3396ee0e/value'
00:35:42.572 [Forwarding sendKeysToElement on session 882a4d62cdbbb75df0b45a4e08879025 to remote] DEBUG org.asynchttpclient.netty.request.NettyRequestSender - Using open Channel [id: 0xe19325e1, L:/127.0.0.1:64610 - R:localhost/127.0.0.1:65061] for POST '/session/882a4d62cdbbb75df0b45a4e08879025/element/9f737518-b2eb-4d49-bbfc-eddd3396ee0e/value'
00:35:43.100 [AsyncHttpClient-1-3] DEBUG org.asynchttpclient.netty.handler.HttpHandler - 

Request DefaultHttpRequest(decodeResult: success, version: HTTP/1.1)
POST /session/882a4d62cdbbb75df0b45a4e08879025/element/9f737518-b2eb-4d49-bbfc-eddd3396ee0e/value HTTP/1.1
User-Agent: selenium/4.1.2 (java windows)
Content-Length: 201
Content-Type: application/json; charset=utf-8
host: localhost:65061
accept: */*

Response DefaultHttpResponse(decodeResult: success, version: HTTP/1.1)
HTTP/1.1 200 OK
Content-Type: application/json; charset=utf-8
cache-control: no-cache
content-length: 14

00:35:43.101 [AsyncHttpClient-1-3] DEBUG org.asynchttpclient.netty.channel.ChannelManager - Adding key: http://localhost:65061 for channel [id: 0xe19325e1, L:/127.0.0.1:64610 - R:localhost/127.0.0.1:65061]
00:35:43.116 [Forwarding screenshot on session 882a4d62cdbbb75df0b45a4e08879025 to remote] DEBUG org.asynchttpclient.netty.request.NettyRequestSender - Using pooled Channel '[id: 0xe19325e1, L:/127.0.0.1:64610 - R:localhost/127.0.0.1:65061]' for 'GET' to 'http://localhost:65061/session/882a4d62cdbbb75df0b45a4e08879025/screenshot'
00:35:43.116 [Forwarding screenshot on session 882a4d62cdbbb75df0b45a4e08879025 to remote] DEBUG org.asynchttpclient.netty.request.NettyRequestSender - Using open Channel [id: 0xe19325e1, L:/127.0.0.1:64610 - R:localhost/127.0.0.1:65061] for GET '/session/882a4d62cdbbb75df0b45a4e08879025/screenshot'
00:35:43.146 [AsyncHttpClient-1-1] DEBUG org.asynchttpclient.netty.channel.DefaultChannelPool - Entry count for : http://localhost:64611 : 1
00:35:43.377 [AsyncHttpClient-1-3] DEBUG org.asynchttpclient.netty.handler.HttpHandler - 

Request DefaultFullHttpRequest(decodeResult: success, version: HTTP/1.1, content: EmptyByteBufBE)
GET /session/882a4d62cdbbb75df0b45a4e08879025/screenshot HTTP/1.1
User-Agent: selenium/4.1.2 (java windows)
Cache-Control: no-cache
Content-Type: application/json; charset=utf-8
host: localhost:65061
accept: */*

Response DefaultHttpResponse(decodeResult: success, version: HTTP/1.1)
HTTP/1.1 200 OK
Content-Type: application/json; charset=utf-8
cache-control: no-cache
content-length: 39628

00:35:43.377 [AsyncHttpClient-1-3] DEBUG org.asynchttpclient.netty.channel.ChannelManager - Adding key: http://localhost:65061 for channel [id: 0xe19325e1, L:/127.0.0.1:64610 - R:localhost/127.0.0.1:65061]
00:35:43.381 [main] DEBUG net.serenitybdd.core.photography.Darkroom - Send negative for processing for target\site\serenity\58552215cc80b9840f67981d54bf62a22c50260406905e1f4627cb041c38ed78.png
00:35:43.382 [main] DEBUG net.thucydides.core.steps.StepInterceptor - STEP DONE: inputPassword
  &amp#27;[32mAnd &amp#27;[0m&amp#27;[32mI input valid password&amp#27;[0m                                                                                      &amp#27;[90m# starter.stepdefinitions.RegisterSteps.iInputValidPassword()&amp#27;[0m
00:35:43.405 [main] DEBUG net.thucydides.core.steps.StepInterceptor - STARTING STEP: RegisterSteps.clickRegisterButton - clickRegisterButton
00:35:43.421 [Darkroom Processing Line] DEBUG net.serenitybdd.core.photography.DarkroomProcessingLine - Processing screenshot image in /var/screenshots/screenshot-17030183466375361067
00:35:43.421 [Darkroom Processing Line] DEBUG net.serenitybdd.core.photography.DarkroomProcessingLine - Saving screenshot to target\site\serenity\58552215cc80b9840f67981d54bf62a22c50260406905e1f4627cb041c38ed78.png
00:35:43.452 [Forwarding findElement on session 882a4d62cdbbb75df0b45a4e08879025 to remote] DEBUG org.asynchttpclient.netty.request.NettyRequestSender - Using pooled Channel '[id: 0xe19325e1, L:/127.0.0.1:64610 - R:localhost/127.0.0.1:65061]' for 'POST' to 'http://localhost:65061/session/882a4d62cdbbb75df0b45a4e08879025/element'
00:35:43.468 [Forwarding findElement on session 882a4d62cdbbb75df0b45a4e08879025 to remote] DEBUG org.asynchttpclient.netty.request.NettyRequestSender - Using open Channel [id: 0xe19325e1, L:/127.0.0.1:64610 - R:localhost/127.0.0.1:65061] for POST '/session/882a4d62cdbbb75df0b45a4e08879025/element'
00:35:43.475 [AsyncHttpClient-1-3] DEBUG org.asynchttpclient.netty.handler.HttpHandler - 

Request DefaultHttpRequest(decodeResult: success, version: HTTP/1.1)
POST /session/882a4d62cdbbb75df0b45a4e08879025/element HTTP/1.1
User-Agent: selenium/4.1.2 (java windows)
Content-Length: 155
Content-Type: application/json; charset=utf-8
host: localhost:65061
accept: */*

Response DefaultHttpResponse(decodeResult: success, version: HTTP/1.1)
HTTP/1.1 200 OK
Content-Type: application/json; charset=utf-8
cache-control: no-cache
content-length: 88

00:35:43.475 [AsyncHttpClient-1-3] DEBUG org.asynchttpclient.netty.channel.ChannelManager - Adding key: http://localhost:65061 for channel [id: 0xe19325e1, L:/127.0.0.1:64610 - R:localhost/127.0.0.1:65061]
00:35:43.490 [Forwarding getElementTagName on session 882a4d62cdbbb75df0b45a4e08879025 to remote] DEBUG org.asynchttpclient.netty.request.NettyRequestSender - Using pooled Channel '[id: 0xe19325e1, L:/127.0.0.1:64610 - R:localhost/127.0.0.1:65061]' for 'GET' to 'http://localhost:65061/session/882a4d62cdbbb75df0b45a4e08879025/element/a604a9f2-c4f7-464c-9a2e-6eddc59ae01d/name'
00:35:43.490 [Forwarding getElementTagName on session 882a4d62cdbbb75df0b45a4e08879025 to remote] DEBUG org.asynchttpclient.netty.request.NettyRequestSender - Using open Channel [id: 0xe19325e1, L:/127.0.0.1:64610 - R:localhost/127.0.0.1:65061] for GET '/session/882a4d62cdbbb75df0b45a4e08879025/element/a604a9f2-c4f7-464c-9a2e-6eddc59ae01d/name'
00:35:43.494 [AsyncHttpClient-1-3] DEBUG org.asynchttpclient.netty.handler.HttpHandler - 

Request DefaultFullHttpRequest(decodeResult: success, version: HTTP/1.1, content: EmptyByteBufBE)
GET /session/882a4d62cdbbb75df0b45a4e08879025/element/a604a9f2-c4f7-464c-9a2e-6eddc59ae01d/name HTTP/1.1
User-Agent: selenium/4.1.2 (java windows)
Cache-Control: no-cache
Content-Type: application/json; charset=utf-8
host: localhost:65061
accept: */*

Response DefaultHttpResponse(decodeResult: success, version: HTTP/1.1)
HTTP/1.1 200 OK
Content-Type: application/json; charset=utf-8
cache-control: no-cache
content-length: 18

00:35:43.494 [AsyncHttpClient-1-3] DEBUG org.asynchttpclient.netty.channel.ChannelManager - Adding key: http://localhost:65061 for channel [id: 0xe19325e1, L:/127.0.0.1:64610 - R:localhost/127.0.0.1:65061]
00:35:43.494 [Forwarding getElementTagName on session 882a4d62cdbbb75df0b45a4e08879025 to remote] DEBUG org.asynchttpclient.netty.request.NettyRequestSender - Using pooled Channel '[id: 0xe19325e1, L:/127.0.0.1:64610 - R:localhost/127.0.0.1:65061]' for 'GET' to 'http://localhost:65061/session/882a4d62cdbbb75df0b45a4e08879025/element/a604a9f2-c4f7-464c-9a2e-6eddc59ae01d/name'
00:35:43.494 [Forwarding getElementTagName on session 882a4d62cdbbb75df0b45a4e08879025 to remote] DEBUG org.asynchttpclient.netty.request.NettyRequestSender - Using open Channel [id: 0xe19325e1, L:/127.0.0.1:64610 - R:localhost/127.0.0.1:65061] for GET '/session/882a4d62cdbbb75df0b45a4e08879025/element/a604a9f2-c4f7-464c-9a2e-6eddc59ae01d/name'
00:35:43.504 [AsyncHttpClient-1-3] DEBUG org.asynchttpclient.netty.handler.HttpHandler - 

Request DefaultFullHttpRequest(decodeResult: success, version: HTTP/1.1, content: EmptyByteBufBE)
GET /session/882a4d62cdbbb75df0b45a4e08879025/element/a604a9f2-c4f7-464c-9a2e-6eddc59ae01d/name HTTP/1.1
User-Agent: selenium/4.1.2 (java windows)
Cache-Control: no-cache
Content-Type: application/json; charset=utf-8
host: localhost:65061
accept: */*

Response DefaultHttpResponse(decodeResult: success, version: HTTP/1.1)
HTTP/1.1 200 OK
Content-Type: application/json; charset=utf-8
cache-control: no-cache
content-length: 18

00:35:43.504 [AsyncHttpClient-1-3] DEBUG org.asynchttpclient.netty.channel.ChannelManager - Adding key: http://localhost:65061 for channel [id: 0xe19325e1, L:/127.0.0.1:64610 - R:localhost/127.0.0.1:65061]
00:35:43.504 [Forwarding isElementEnabled on session 882a4d62cdbbb75df0b45a4e08879025 to remote] DEBUG org.asynchttpclient.netty.request.NettyRequestSender - Using pooled Channel '[id: 0xe19325e1, L:/127.0.0.1:64610 - R:localhost/127.0.0.1:65061]' for 'GET' to 'http://localhost:65061/session/882a4d62cdbbb75df0b45a4e08879025/element/a604a9f2-c4f7-464c-9a2e-6eddc59ae01d/enabled'
00:35:43.504 [Forwarding isElementEnabled on session 882a4d62cdbbb75df0b45a4e08879025 to remote] DEBUG org.asynchttpclient.netty.request.NettyRequestSender - Using open Channel [id: 0xe19325e1, L:/127.0.0.1:64610 - R:localhost/127.0.0.1:65061] for GET '/session/882a4d62cdbbb75df0b45a4e08879025/element/a604a9f2-c4f7-464c-9a2e-6eddc59ae01d/enabled'
00:35:43.554 [AsyncHttpClient-1-3] DEBUG org.asynchttpclient.netty.handler.HttpHandler - 

Request DefaultFullHttpRequest(decodeResult: success, version: HTTP/1.1, content: EmptyByteBufBE)
GET /session/882a4d62cdbbb75df0b45a4e08879025/element/a604a9f2-c4f7-464c-9a2e-6eddc59ae01d/enabled HTTP/1.1
User-Agent: selenium/4.1.2 (java windows)
Cache-Control: no-cache
Content-Type: application/json; charset=utf-8
host: localhost:65061
accept: */*

Response DefaultHttpResponse(decodeResult: success, version: HTTP/1.1)
HTTP/1.1 200 OK
Content-Type: application/json; charset=utf-8
cache-control: no-cache
content-length: 14

00:35:43.554 [AsyncHttpClient-1-3] DEBUG org.asynchttpclient.netty.channel.ChannelManager - Adding key: http://localhost:65061 for channel [id: 0xe19325e1, L:/127.0.0.1:64610 - R:localhost/127.0.0.1:65061]
00:35:43.556 [Forwarding isElementEnabled on session 882a4d62cdbbb75df0b45a4e08879025 to remote] DEBUG org.asynchttpclient.netty.request.NettyRequestSender - Using pooled Channel '[id: 0xe19325e1, L:/127.0.0.1:64610 - R:localhost/127.0.0.1:65061]' for 'GET' to 'http://localhost:65061/session/882a4d62cdbbb75df0b45a4e08879025/element/a604a9f2-c4f7-464c-9a2e-6eddc59ae01d/enabled'
00:35:43.557 [Forwarding isElementEnabled on session 882a4d62cdbbb75df0b45a4e08879025 to remote] DEBUG org.asynchttpclient.netty.request.NettyRequestSender - Using open Channel [id: 0xe19325e1, L:/127.0.0.1:64610 - R:localhost/127.0.0.1:65061] for GET '/session/882a4d62cdbbb75df0b45a4e08879025/element/a604a9f2-c4f7-464c-9a2e-6eddc59ae01d/enabled'
00:35:43.569 [AsyncHttpClient-1-3] DEBUG org.asynchttpclient.netty.handler.HttpHandler - 

Request DefaultFullHttpRequest(decodeResult: success, version: HTTP/1.1, content: EmptyByteBufBE)
GET /session/882a4d62cdbbb75df0b45a4e08879025/element/a604a9f2-c4f7-464c-9a2e-6eddc59ae01d/enabled HTTP/1.1
User-Agent: selenium/4.1.2 (java windows)
Cache-Control: no-cache
Content-Type: application/json; charset=utf-8
host: localhost:65061
accept: */*

Response DefaultHttpResponse(decodeResult: success, version: HTTP/1.1)
HTTP/1.1 200 OK
Content-Type: application/json; charset=utf-8
cache-control: no-cache
content-length: 14

00:35:43.570 [AsyncHttpClient-1-3] DEBUG org.asynchttpclient.netty.channel.ChannelManager - Adding key: http://localhost:65061 for channel [id: 0xe19325e1, L:/127.0.0.1:64610 - R:localhost/127.0.0.1:65061]
00:35:43.574 [Forwarding findElement on session 882a4d62cdbbb75df0b45a4e08879025 to remote] DEBUG org.asynchttpclient.netty.request.NettyRequestSender - Using pooled Channel '[id: 0xe19325e1, L:/127.0.0.1:64610 - R:localhost/127.0.0.1:65061]' for 'POST' to 'http://localhost:65061/session/882a4d62cdbbb75df0b45a4e08879025/element'
00:35:43.574 [Forwarding findElement on session 882a4d62cdbbb75df0b45a4e08879025 to remote] DEBUG org.asynchttpclient.netty.request.NettyRequestSender - Using open Channel [id: 0xe19325e1, L:/127.0.0.1:64610 - R:localhost/127.0.0.1:65061] for POST '/session/882a4d62cdbbb75df0b45a4e08879025/element'
00:35:43.600 [AsyncHttpClient-1-3] DEBUG org.asynchttpclient.netty.handler.HttpHandler - 

Request DefaultHttpRequest(decodeResult: success, version: HTTP/1.1)
POST /session/882a4d62cdbbb75df0b45a4e08879025/element HTTP/1.1
User-Agent: selenium/4.1.2 (java windows)
Content-Length: 155
Content-Type: application/json; charset=utf-8
host: localhost:65061
accept: */*

Response DefaultHttpResponse(decodeResult: success, version: HTTP/1.1)
HTTP/1.1 200 OK
Content-Type: application/json; charset=utf-8
cache-control: no-cache
content-length: 88

00:35:43.600 [AsyncHttpClient-1-3] DEBUG org.asynchttpclient.netty.channel.ChannelManager - Adding key: http://localhost:65061 for channel [id: 0xe19325e1, L:/127.0.0.1:64610 - R:localhost/127.0.0.1:65061]
00:35:43.600 [Forwarding clickElement on session 882a4d62cdbbb75df0b45a4e08879025 to remote] DEBUG org.asynchttpclient.netty.request.NettyRequestSender - Using pooled Channel '[id: 0xe19325e1, L:/127.0.0.1:64610 - R:localhost/127.0.0.1:65061]' for 'POST' to 'http://localhost:65061/session/882a4d62cdbbb75df0b45a4e08879025/element/a604a9f2-c4f7-464c-9a2e-6eddc59ae01d/click'
00:35:43.600 [Forwarding clickElement on session 882a4d62cdbbb75df0b45a4e08879025 to remote] DEBUG org.asynchttpclient.netty.request.NettyRequestSender - Using open Channel [id: 0xe19325e1, L:/127.0.0.1:64610 - R:localhost/127.0.0.1:65061] for POST '/session/882a4d62cdbbb75df0b45a4e08879025/element/a604a9f2-c4f7-464c-9a2e-6eddc59ae01d/click'
00:35:43.745 [AsyncHttpClient-1-3] DEBUG org.asynchttpclient.netty.handler.HttpHandler - 

Request DefaultHttpRequest(decodeResult: success, version: HTTP/1.1)
POST /session/882a4d62cdbbb75df0b45a4e08879025/element/a604a9f2-c4f7-464c-9a2e-6eddc59ae01d/click HTTP/1.1
User-Agent: selenium/4.1.2 (java windows)
Content-Length: 50
Content-Type: application/json; charset=utf-8
host: localhost:65061
accept: */*

Response DefaultHttpResponse(decodeResult: success, version: HTTP/1.1)
HTTP/1.1 200 OK
Content-Type: application/json; charset=utf-8
cache-control: no-cache
content-length: 14

00:35:43.745 [AsyncHttpClient-1-3] DEBUG org.asynchttpclient.netty.channel.ChannelManager - Adding key: http://localhost:65061 for channel [id: 0xe19325e1, L:/127.0.0.1:64610 - R:localhost/127.0.0.1:65061]
00:35:43.755 [Forwarding screenshot on session 882a4d62cdbbb75df0b45a4e08879025 to remote] DEBUG org.asynchttpclient.netty.request.NettyRequestSender - Using pooled Channel '[id: 0xe19325e1, L:/127.0.0.1:64610 - R:localhost/127.0.0.1:65061]' for 'GET' to 'http://localhost:65061/session/882a4d62cdbbb75df0b45a4e08879025/screenshot'
00:35:43.755 [Forwarding screenshot on session 882a4d62cdbbb75df0b45a4e08879025 to remote] DEBUG org.asynchttpclient.netty.request.NettyRequestSender - Using open Channel [id: 0xe19325e1, L:/127.0.0.1:64610 - R:localhost/127.0.0.1:65061] for GET '/session/882a4d62cdbbb75df0b45a4e08879025/screenshot'
00:35:44.092 [AsyncHttpClient-1-3] DEBUG org.asynchttpclient.netty.handler.HttpHandler - 

Request DefaultFullHttpRequest(decodeResult: success, version: HTTP/1.1, content: EmptyByteBufBE)
GET /session/882a4d62cdbbb75df0b45a4e08879025/screenshot HTTP/1.1
User-Agent: selenium/4.1.2 (java windows)
Cache-Control: no-cache
Content-Type: application/json; charset=utf-8
host: localhost:65061
accept: */*

Response DefaultHttpResponse(decodeResult: success, version: HTTP/1.1)
HTTP/1.1 200 OK
Content-Type: application/json; charset=utf-8
cache-control: no-cache
content-length: 39712

00:35:44.094 [AsyncHttpClient-1-3] DEBUG org.asynchttpclient.netty.channel.ChannelManager - Adding key: http://localhost:65061 for channel [id: 0xe19325e1, L:/127.0.0.1:64610 - R:localhost/127.0.0.1:65061]
00:35:44.101 [main] DEBUG net.serenitybdd.core.photography.Darkroom - Send negative for processing for target\site\serenity\8d37d9a03566e6f7af2cce557766c80c609b4d157c18b6a326eed111931d33bd.png
00:35:44.102 [main] DEBUG net.thucydides.core.steps.StepInterceptor - STEP DONE: clickRegisterButton
00:35:44.133 [main] DEBUG net.thucydides.core.steps.StepInterceptor - STARTING STEP: RegisterSteps.clickRegisterButton - clickRegisterButton
00:35:44.138 [Forwarding findElement on session 882a4d62cdbbb75df0b45a4e08879025 to remote] DEBUG org.asynchttpclient.netty.request.NettyRequestSender - Using pooled Channel '[id: 0xe19325e1, L:/127.0.0.1:64610 - R:localhost/127.0.0.1:65061]' for 'POST' to 'http://localhost:65061/session/882a4d62cdbbb75df0b45a4e08879025/element'
00:35:44.138 [Forwarding findElement on session 882a4d62cdbbb75df0b45a4e08879025 to remote] DEBUG org.asynchttpclient.netty.request.NettyRequestSender - Using open Channel [id: 0xe19325e1, L:/127.0.0.1:64610 - R:localhost/127.0.0.1:65061] for POST '/session/882a4d62cdbbb75df0b45a4e08879025/element'
00:35:44.142 [Darkroom Processing Line] DEBUG net.serenitybdd.core.photography.DarkroomProcessingLine - Processing screenshot image in /var/screenshots/screenshot-13189570013022469809
00:35:44.142 [Darkroom Processing Line] DEBUG net.serenitybdd.core.photography.DarkroomProcessingLine - Saving screenshot to target\site\serenity\8d37d9a03566e6f7af2cce557766c80c609b4d157c18b6a326eed111931d33bd.png
00:35:44.157 [AsyncHttpClient-1-3] DEBUG org.asynchttpclient.netty.handler.HttpHandler - 

Request DefaultHttpRequest(decodeResult: success, version: HTTP/1.1)
POST /session/882a4d62cdbbb75df0b45a4e08879025/element HTTP/1.1
User-Agent: selenium/4.1.2 (java windows)
Content-Length: 155
Content-Type: application/json; charset=utf-8
host: localhost:65061
accept: */*

Response DefaultHttpResponse(decodeResult: success, version: HTTP/1.1)
HTTP/1.1 200 OK
Content-Type: application/json; charset=utf-8
cache-control: no-cache
content-length: 88

00:35:44.158 [AsyncHttpClient-1-3] DEBUG org.asynchttpclient.netty.channel.ChannelManager - Adding key: http://localhost:65061 for channel [id: 0xe19325e1, L:/127.0.0.1:64610 - R:localhost/127.0.0.1:65061]
00:35:44.160 [Forwarding getElementTagName on session 882a4d62cdbbb75df0b45a4e08879025 to remote] DEBUG org.asynchttpclient.netty.request.NettyRequestSender - Using pooled Channel '[id: 0xe19325e1, L:/127.0.0.1:64610 - R:localhost/127.0.0.1:65061]' for 'GET' to 'http://localhost:65061/session/882a4d62cdbbb75df0b45a4e08879025/element/a604a9f2-c4f7-464c-9a2e-6eddc59ae01d/name'
00:35:44.160 [Forwarding getElementTagName on session 882a4d62cdbbb75df0b45a4e08879025 to remote] DEBUG org.asynchttpclient.netty.request.NettyRequestSender - Using open Channel [id: 0xe19325e1, L:/127.0.0.1:64610 - R:localhost/127.0.0.1:65061] for GET '/session/882a4d62cdbbb75df0b45a4e08879025/element/a604a9f2-c4f7-464c-9a2e-6eddc59ae01d/name'
00:35:44.167 [AsyncHttpClient-1-3] DEBUG org.asynchttpclient.netty.handler.HttpHandler - 

Request DefaultFullHttpRequest(decodeResult: success, version: HTTP/1.1, content: EmptyByteBufBE)
GET /session/882a4d62cdbbb75df0b45a4e08879025/element/a604a9f2-c4f7-464c-9a2e-6eddc59ae01d/name HTTP/1.1
User-Agent: selenium/4.1.2 (java windows)
Cache-Control: no-cache
Content-Type: application/json; charset=utf-8
host: localhost:65061
accept: */*

Response DefaultHttpResponse(decodeResult: success, version: HTTP/1.1)
HTTP/1.1 200 OK
Content-Type: application/json; charset=utf-8
cache-control: no-cache
content-length: 18

00:35:44.167 [AsyncHttpClient-1-3] DEBUG org.asynchttpclient.netty.channel.ChannelManager - Adding key: http://localhost:65061 for channel [id: 0xe19325e1, L:/127.0.0.1:64610 - R:localhost/127.0.0.1:65061]
00:35:44.169 [Forwarding getElementTagName on session 882a4d62cdbbb75df0b45a4e08879025 to remote] DEBUG org.asynchttpclient.netty.request.NettyRequestSender - Using pooled Channel '[id: 0xe19325e1, L:/127.0.0.1:64610 - R:localhost/127.0.0.1:65061]' for 'GET' to 'http://localhost:65061/session/882a4d62cdbbb75df0b45a4e08879025/element/a604a9f2-c4f7-464c-9a2e-6eddc59ae01d/name'
00:35:44.169 [Forwarding getElementTagName on session 882a4d62cdbbb75df0b45a4e08879025 to remote] DEBUG org.asynchttpclient.netty.request.NettyRequestSender - Using open Channel [id: 0xe19325e1, L:/127.0.0.1:64610 - R:localhost/127.0.0.1:65061] for GET '/session/882a4d62cdbbb75df0b45a4e08879025/element/a604a9f2-c4f7-464c-9a2e-6eddc59ae01d/name'
00:35:44.182 [AsyncHttpClient-1-3] DEBUG org.asynchttpclient.netty.handler.HttpHandler - 

Request DefaultFullHttpRequest(decodeResult: success, version: HTTP/1.1, content: EmptyByteBufBE)
GET /session/882a4d62cdbbb75df0b45a4e08879025/element/a604a9f2-c4f7-464c-9a2e-6eddc59ae01d/name HTTP/1.1
User-Agent: selenium/4.1.2 (java windows)
Cache-Control: no-cache
Content-Type: application/json; charset=utf-8
host: localhost:65061
accept: */*

Response DefaultHttpResponse(decodeResult: success, version: HTTP/1.1)
HTTP/1.1 200 OK
Content-Type: application/json; charset=utf-8
cache-control: no-cache
content-length: 18

00:35:44.188 [AsyncHttpClient-1-3] DEBUG org.asynchttpclient.netty.channel.ChannelManager - Adding key: http://localhost:65061 for channel [id: 0xe19325e1, L:/127.0.0.1:64610 - R:localhost/127.0.0.1:65061]
00:35:44.226 [Forwarding isElementEnabled on session 882a4d62cdbbb75df0b45a4e08879025 to remote] DEBUG org.asynchttpclient.netty.request.NettyRequestSender - Using pooled Channel '[id: 0xe19325e1, L:/127.0.0.1:64610 - R:localhost/127.0.0.1:65061]' for 'GET' to 'http://localhost:65061/session/882a4d62cdbbb75df0b45a4e08879025/element/a604a9f2-c4f7-464c-9a2e-6eddc59ae01d/enabled'
00:35:44.226 [Forwarding isElementEnabled on session 882a4d62cdbbb75df0b45a4e08879025 to remote] DEBUG org.asynchttpclient.netty.request.NettyRequestSender - Using open Channel [id: 0xe19325e1, L:/127.0.0.1:64610 - R:localhost/127.0.0.1:65061] for GET '/session/882a4d62cdbbb75df0b45a4e08879025/element/a604a9f2-c4f7-464c-9a2e-6eddc59ae01d/enabled'
00:35:44.246 [AsyncHttpClient-1-1] DEBUG org.asynchttpclient.netty.channel.DefaultChannelPool - Entry count for : http://localhost:64611 : 1
00:35:44.252 [AsyncHttpClient-1-3] DEBUG org.asynchttpclient.netty.handler.HttpHandler - 

Request DefaultFullHttpRequest(decodeResult: success, version: HTTP/1.1, content: EmptyByteBufBE)
GET /session/882a4d62cdbbb75df0b45a4e08879025/element/a604a9f2-c4f7-464c-9a2e-6eddc59ae01d/enabled HTTP/1.1
User-Agent: selenium/4.1.2 (java windows)
Cache-Control: no-cache
Content-Type: application/json; charset=utf-8
host: localhost:65061
accept: */*

Response DefaultHttpResponse(decodeResult: success, version: HTTP/1.1)
HTTP/1.1 200 OK
Content-Type: application/json; charset=utf-8
cache-control: no-cache
content-length: 14

00:35:44.252 [AsyncHttpClient-1-3] DEBUG org.asynchttpclient.netty.channel.ChannelManager - Adding key: http://localhost:65061 for channel [id: 0xe19325e1, L:/127.0.0.1:64610 - R:localhost/127.0.0.1:65061]
00:35:44.254 [Forwarding isElementEnabled on session 882a4d62cdbbb75df0b45a4e08879025 to remote] DEBUG org.asynchttpclient.netty.request.NettyRequestSender - Using pooled Channel '[id: 0xe19325e1, L:/127.0.0.1:64610 - R:localhost/127.0.0.1:65061]' for 'GET' to 'http://localhost:65061/session/882a4d62cdbbb75df0b45a4e08879025/element/a604a9f2-c4f7-464c-9a2e-6eddc59ae01d/enabled'
00:35:44.255 [Forwarding isElementEnabled on session 882a4d62cdbbb75df0b45a4e08879025 to remote] DEBUG org.asynchttpclient.netty.request.NettyRequestSender - Using open Channel [id: 0xe19325e1, L:/127.0.0.1:64610 - R:localhost/127.0.0.1:65061] for GET '/session/882a4d62cdbbb75df0b45a4e08879025/element/a604a9f2-c4f7-464c-9a2e-6eddc59ae01d/enabled'
00:35:44.268 [AsyncHttpClient-1-3] DEBUG org.asynchttpclient.netty.handler.HttpHandler - 

Request DefaultFullHttpRequest(decodeResult: success, version: HTTP/1.1, content: EmptyByteBufBE)
GET /session/882a4d62cdbbb75df0b45a4e08879025/element/a604a9f2-c4f7-464c-9a2e-6eddc59ae01d/enabled HTTP/1.1
User-Agent: selenium/4.1.2 (java windows)
Cache-Control: no-cache
Content-Type: application/json; charset=utf-8
host: localhost:65061
accept: */*

Response DefaultHttpResponse(decodeResult: success, version: HTTP/1.1)
HTTP/1.1 200 OK
Content-Type: application/json; charset=utf-8
cache-control: no-cache
content-length: 14

00:35:44.269 [AsyncHttpClient-1-3] DEBUG org.asynchttpclient.netty.channel.ChannelManager - Adding key: http://localhost:65061 for channel [id: 0xe19325e1, L:/127.0.0.1:64610 - R:localhost/127.0.0.1:65061]
00:35:44.272 [Forwarding findElement on session 882a4d62cdbbb75df0b45a4e08879025 to remote] DEBUG org.asynchttpclient.netty.request.NettyRequestSender - Using pooled Channel '[id: 0xe19325e1, L:/127.0.0.1:64610 - R:localhost/127.0.0.1:65061]' for 'POST' to 'http://localhost:65061/session/882a4d62cdbbb75df0b45a4e08879025/element'
00:35:44.272 [Forwarding findElement on session 882a4d62cdbbb75df0b45a4e08879025 to remote] DEBUG org.asynchttpclient.netty.request.NettyRequestSender - Using open Channel [id: 0xe19325e1, L:/127.0.0.1:64610 - R:localhost/127.0.0.1:65061] for POST '/session/882a4d62cdbbb75df0b45a4e08879025/element'
00:35:44.287 [AsyncHttpClient-1-3] DEBUG org.asynchttpclient.netty.handler.HttpHandler - 

Request DefaultHttpRequest(decodeResult: success, version: HTTP/1.1)
POST /session/882a4d62cdbbb75df0b45a4e08879025/element HTTP/1.1
User-Agent: selenium/4.1.2 (java windows)
Content-Length: 155
Content-Type: application/json; charset=utf-8
host: localhost:65061
accept: */*

Response DefaultHttpResponse(decodeResult: success, version: HTTP/1.1)
HTTP/1.1 200 OK
Content-Type: application/json; charset=utf-8
cache-control: no-cache
content-length: 88

00:35:44.288 [AsyncHttpClient-1-3] DEBUG org.asynchttpclient.netty.channel.ChannelManager - Adding key: http://localhost:65061 for channel [id: 0xe19325e1, L:/127.0.0.1:64610 - R:localhost/127.0.0.1:65061]
00:35:44.290 [Forwarding clickElement on session 882a4d62cdbbb75df0b45a4e08879025 to remote] DEBUG org.asynchttpclient.netty.request.NettyRequestSender - Using pooled Channel '[id: 0xe19325e1, L:/127.0.0.1:64610 - R:localhost/127.0.0.1:65061]' for 'POST' to 'http://localhost:65061/session/882a4d62cdbbb75df0b45a4e08879025/element/a604a9f2-c4f7-464c-9a2e-6eddc59ae01d/click'
00:35:44.290 [Forwarding clickElement on session 882a4d62cdbbb75df0b45a4e08879025 to remote] DEBUG org.asynchttpclient.netty.request.NettyRequestSender - Using open Channel [id: 0xe19325e1, L:/127.0.0.1:64610 - R:localhost/127.0.0.1:65061] for POST '/session/882a4d62cdbbb75df0b45a4e08879025/element/a604a9f2-c4f7-464c-9a2e-6eddc59ae01d/click'
00:35:44.374 [AsyncHttpClient-1-3] DEBUG org.asynchttpclient.netty.handler.HttpHandler - 

Request DefaultHttpRequest(decodeResult: success, version: HTTP/1.1)
POST /session/882a4d62cdbbb75df0b45a4e08879025/element/a604a9f2-c4f7-464c-9a2e-6eddc59ae01d/click HTTP/1.1
User-Agent: selenium/4.1.2 (java windows)
Content-Length: 50
Content-Type: application/json; charset=utf-8
host: localhost:65061
accept: */*

Response DefaultHttpResponse(decodeResult: success, version: HTTP/1.1)
HTTP/1.1 200 OK
Content-Type: application/json; charset=utf-8
cache-control: no-cache
content-length: 14

00:35:44.374 [AsyncHttpClient-1-3] DEBUG org.asynchttpclient.netty.channel.ChannelManager - Adding key: http://localhost:65061 for channel [id: 0xe19325e1, L:/127.0.0.1:64610 - R:localhost/127.0.0.1:65061]
00:35:44.388 [Forwarding screenshot on session 882a4d62cdbbb75df0b45a4e08879025 to remote] DEBUG org.asynchttpclient.netty.request.NettyRequestSender - Using pooled Channel '[id: 0xe19325e1, L:/127.0.0.1:64610 - R:localhost/127.0.0.1:65061]' for 'GET' to 'http://localhost:65061/session/882a4d62cdbbb75df0b45a4e08879025/screenshot'
00:35:44.388 [Forwarding screenshot on session 882a4d62cdbbb75df0b45a4e08879025 to remote] DEBUG org.asynchttpclient.netty.request.NettyRequestSender - Using open Channel [id: 0xe19325e1, L:/127.0.0.1:64610 - R:localhost/127.0.0.1:65061] for GET '/session/882a4d62cdbbb75df0b45a4e08879025/screenshot'
00:35:44.637 [AsyncHttpClient-1-3] DEBUG org.asynchttpclient.netty.handler.HttpHandler - 

Request DefaultFullHttpRequest(decodeResult: success, version: HTTP/1.1, content: EmptyByteBufBE)
GET /session/882a4d62cdbbb75df0b45a4e08879025/screenshot HTTP/1.1
User-Agent: selenium/4.1.2 (java windows)
Cache-Control: no-cache
Content-Type: application/json; charset=utf-8
host: localhost:65061
accept: */*

Response DefaultHttpResponse(decodeResult: success, version: HTTP/1.1)
HTTP/1.1 200 OK
Content-Type: application/json; charset=utf-8
cache-control: no-cache
content-length: 39612

00:35:44.638 [AsyncHttpClient-1-3] DEBUG org.asynchttpclient.netty.channel.ChannelManager - Adding key: http://localhost:65061 for channel [id: 0xe19325e1, L:/127.0.0.1:64610 - R:localhost/127.0.0.1:65061]
00:35:44.648 [main] DEBUG net.serenitybdd.core.photography.Darkroom - Send negative for processing for target\site\serenity\3c427353d697f105b3bd71adf3a5082b553c821d6b16b483209ea60dc7f1c7ab.png
00:35:44.648 [main] DEBUG net.thucydides.core.steps.StepInterceptor - STEP DONE: clickRegisterButton
  &amp#27;[32mAnd &amp#27;[0m&amp#27;[32mclick register&amp#27;[0m&amp#27;[32m&amp#27;[1m2&amp#27;[0m&amp#27;[32m button&amp#27;[0m                                                                                      &amp#27;[90m# starter.stepdefinitions.RegisterSteps.clickRegisterButton(int)&amp#27;[0m
00:35:44.679 [Darkroom Processing Line] DEBUG net.serenitybdd.core.photography.DarkroomProcessingLine - Processing screenshot image in /var/screenshots/screenshot-1718196574568351010
00:35:44.680 [Darkroom Processing Line] DEBUG net.serenitybdd.core.photography.DarkroomProcessingLine - Saving screenshot to target\site\serenity\3c427353d697f105b3bd71adf3a5082b553c821d6b16b483209ea60dc7f1c7ab.png
00:35:44.680 [main] DEBUG net.thucydides.core.steps.StepInterceptor - STARTING STEP: RegisterSteps.warningMessageUsers_email_key - warningMessageAppears
00:35:44.684 [Forwarding findElement on session 882a4d62cdbbb75df0b45a4e08879025 to remote] DEBUG org.asynchttpclient.netty.request.NettyRequestSender - Using pooled Channel '[id: 0xe19325e1, L:/127.0.0.1:64610 - R:localhost/127.0.0.1:65061]' for 'POST' to 'http://localhost:65061/session/882a4d62cdbbb75df0b45a4e08879025/element'
00:35:44.684 [Forwarding findElement on session 882a4d62cdbbb75df0b45a4e08879025 to remote] DEBUG org.asynchttpclient.netty.request.NettyRequestSender - Using open Channel [id: 0xe19325e1, L:/127.0.0.1:64610 - R:localhost/127.0.0.1:65061] for POST '/session/882a4d62cdbbb75df0b45a4e08879025/element'
00:35:44.709 [AsyncHttpClient-1-3] DEBUG org.asynchttpclient.netty.handler.HttpHandler - 

Request DefaultHttpRequest(decodeResult: success, version: HTTP/1.1)
POST /session/882a4d62cdbbb75df0b45a4e08879025/element HTTP/1.1
User-Agent: selenium/4.1.2 (java windows)
Content-Length: 48
Content-Type: application/json; charset=utf-8
host: localhost:65061
accept: */*

Response DefaultHttpResponse(decodeResult: success, version: HTTP/1.1)
HTTP/1.1 200 OK
Content-Type: application/json; charset=utf-8
cache-control: no-cache
content-length: 88

00:35:44.709 [AsyncHttpClient-1-3] DEBUG org.asynchttpclient.netty.channel.ChannelManager - Adding key: http://localhost:65061 for channel [id: 0xe19325e1, L:/127.0.0.1:64610 - R:localhost/127.0.0.1:65061]
00:35:44.714 [Forwarding sendKeysToElement on session 882a4d62cdbbb75df0b45a4e08879025 to remote] DEBUG org.asynchttpclient.netty.request.NettyRequestSender - Using pooled Channel '[id: 0xe19325e1, L:/127.0.0.1:64610 - R:localhost/127.0.0.1:65061]' for 'POST' to 'http://localhost:65061/session/882a4d62cdbbb75df0b45a4e08879025/element/15110572-73d5-4be1-87c1-19fb0ad2a545/value'
00:35:44.715 [Forwarding sendKeysToElement on session 882a4d62cdbbb75df0b45a4e08879025 to remote] DEBUG org.asynchttpclient.netty.request.NettyRequestSender - Using open Channel [id: 0xe19325e1, L:/127.0.0.1:64610 - R:localhost/127.0.0.1:65061] for POST '/session/882a4d62cdbbb75df0b45a4e08879025/element/15110572-73d5-4be1-87c1-19fb0ad2a545/value'
00:35:44.818 [AsyncHttpClient-1-3] DEBUG org.asynchttpclient.netty.handler.HttpHandler - 

Request DefaultHttpRequest(decodeResult: success, version: HTTP/1.1)
POST /session/882a4d62cdbbb75df0b45a4e08879025/element/15110572-73d5-4be1-87c1-19fb0ad2a545/value HTTP/1.1
User-Agent: selenium/4.1.2 (java windows)
Content-Length: 109
Content-Type: application/json; charset=utf-8
host: localhost:65061
accept: */*

Response DefaultHttpResponse(decodeResult: success, version: HTTP/1.1)
HTTP/1.1 200 OK
Content-Type: application/json; charset=utf-8
cache-control: no-cache
content-length: 14

00:35:44.819 [AsyncHttpClient-1-3] DEBUG org.asynchttpclient.netty.channel.ChannelManager - Adding key: http://localhost:65061 for channel [id: 0xe19325e1, L:/127.0.0.1:64610 - R:localhost/127.0.0.1:65061]
00:35:44.823 [Forwarding findElement on session 882a4d62cdbbb75df0b45a4e08879025 to remote] DEBUG org.asynchttpclient.netty.request.NettyRequestSender - Using pooled Channel '[id: 0xe19325e1, L:/127.0.0.1:64610 - R:localhost/127.0.0.1:65061]' for 'POST' to 'http://localhost:65061/session/882a4d62cdbbb75df0b45a4e08879025/element'
00:35:44.823 [Forwarding findElement on session 882a4d62cdbbb75df0b45a4e08879025 to remote] DEBUG org.asynchttpclient.netty.request.NettyRequestSender - Using open Channel [id: 0xe19325e1, L:/127.0.0.1:64610 - R:localhost/127.0.0.1:65061] for POST '/session/882a4d62cdbbb75df0b45a4e08879025/element'
00:35:44.857 [AsyncHttpClient-1-3] DEBUG org.asynchttpclient.netty.handler.HttpHandler - 

Request DefaultHttpRequest(decodeResult: success, version: HTTP/1.1)
POST /session/882a4d62cdbbb75df0b45a4e08879025/element HTTP/1.1
User-Agent: selenium/4.1.2 (java windows)
Content-Length: 154
Content-Type: application/json; charset=utf-8
host: localhost:65061
accept: */*

Response DefaultHttpResponse(decodeResult: success, version: HTTP/1.1)
HTTP/1.1 200 OK
Content-Type: application/json; charset=utf-8
cache-control: no-cache
content-length: 88

00:35:44.858 [AsyncHttpClient-1-3] DEBUG org.asynchttpclient.netty.channel.ChannelManager - Adding key: http://localhost:65061 for channel [id: 0xe19325e1, L:/127.0.0.1:64610 - R:localhost/127.0.0.1:65061]
00:35:44.870 [Forwarding isElementDisplayed on session 882a4d62cdbbb75df0b45a4e08879025 to remote] DEBUG org.asynchttpclient.netty.request.NettyRequestSender - Using pooled Channel '[id: 0xe19325e1, L:/127.0.0.1:64610 - R:localhost/127.0.0.1:65061]' for 'POST' to 'http://localhost:65061/session/882a4d62cdbbb75df0b45a4e08879025/execute/sync'
00:35:44.871 [Forwarding isElementDisplayed on session 882a4d62cdbbb75df0b45a4e08879025 to remote] DEBUG org.asynchttpclient.netty.request.NettyRequestSender - Using open Channel [id: 0xe19325e1, L:/127.0.0.1:64610 - R:localhost/127.0.0.1:65061] for POST '/session/882a4d62cdbbb75df0b45a4e08879025/execute/sync'
00:35:44.909 [AsyncHttpClient-1-3] DEBUG org.asynchttpclient.netty.handler.HttpHandler - 

Request DefaultHttpRequest(decodeResult: success, version: HTTP/1.1)
POST /session/882a4d62cdbbb75df0b45a4e08879025/execute/sync HTTP/1.1
User-Agent: selenium/4.1.2 (java windows)
Content-Length: 48780
Content-Type: application/json; charset=utf-8
host: localhost:65061
accept: */*

Response DefaultHttpResponse(decodeResult: success, version: HTTP/1.1)
HTTP/1.1 200 OK
Content-Type: application/json; charset=utf-8
cache-control: no-cache
content-length: 14

00:35:44.910 [AsyncHttpClient-1-3] DEBUG org.asynchttpclient.netty.channel.ChannelManager - Adding key: http://localhost:65061 for channel [id: 0xe19325e1, L:/127.0.0.1:64610 - R:localhost/127.0.0.1:65061]
00:35:44.920 [Forwarding screenshot on session 882a4d62cdbbb75df0b45a4e08879025 to remote] DEBUG org.asynchttpclient.netty.request.NettyRequestSender - Using pooled Channel '[id: 0xe19325e1, L:/127.0.0.1:64610 - R:localhost/127.0.0.1:65061]' for 'GET' to 'http://localhost:65061/session/882a4d62cdbbb75df0b45a4e08879025/screenshot'
00:35:44.920 [Forwarding screenshot on session 882a4d62cdbbb75df0b45a4e08879025 to remote] DEBUG org.asynchttpclient.netty.request.NettyRequestSender - Using open Channel [id: 0xe19325e1, L:/127.0.0.1:64610 - R:localhost/127.0.0.1:65061] for GET '/session/882a4d62cdbbb75df0b45a4e08879025/screenshot'
00:35:45.124 [AsyncHttpClient-1-3] DEBUG org.asynchttpclient.netty.handler.HttpHandler - 

Request DefaultFullHttpRequest(decodeResult: success, version: HTTP/1.1, content: EmptyByteBufBE)
GET /session/882a4d62cdbbb75df0b45a4e08879025/screenshot HTTP/1.1
User-Agent: selenium/4.1.2 (java windows)
Cache-Control: no-cache
Content-Type: application/json; charset=utf-8
host: localhost:65061
accept: */*

Response DefaultHttpResponse(decodeResult: success, version: HTTP/1.1)
HTTP/1.1 200 OK
Content-Type: application/json; charset=utf-8
cache-control: no-cache
content-length: 55040

00:35:45.124 [AsyncHttpClient-1-3] DEBUG org.asynchttpclient.netty.channel.ChannelManager - Adding key: http://localhost:65061 for channel [id: 0xe19325e1, L:/127.0.0.1:64610 - R:localhost/127.0.0.1:65061]
00:35:45.140 [main] DEBUG net.serenitybdd.core.photography.Darkroom - Send negative for processing for target\site\serenity\d16664060b4b7a5d4c1f94a4ab8452ab01550ddad7149603dea2a46c7a577014.png
00:35:45.140 [main] DEBUG net.thucydides.core.steps.StepInterceptor - STEP DONE: warningMessageAppears
00:35:45.140 [main] DEBUG net.thucydides.core.steps.StepInterceptor - STARTING STEP: RegisterSteps.warningMessageUsers_email_key - warningMessageEquals
00:35:45.155 [Forwarding findElement on session 882a4d62cdbbb75df0b45a4e08879025 to remote] DEBUG org.asynchttpclient.netty.request.NettyRequestSender - Using pooled Channel '[id: 0xe19325e1, L:/127.0.0.1:64610 - R:localhost/127.0.0.1:65061]' for 'POST' to 'http://localhost:65061/session/882a4d62cdbbb75df0b45a4e08879025/element'
00:35:45.155 [Forwarding findElement on session 882a4d62cdbbb75df0b45a4e08879025 to remote] DEBUG org.asynchttpclient.netty.request.NettyRequestSender - Using open Channel [id: 0xe19325e1, L:/127.0.0.1:64610 - R:localhost/127.0.0.1:65061] for POST '/session/882a4d62cdbbb75df0b45a4e08879025/element'
00:35:45.158 [Darkroom Processing Line] DEBUG net.serenitybdd.core.photography.DarkroomProcessingLine - Processing screenshot image in /var/screenshots/screenshot-4814671135152397964
00:35:45.158 [Darkroom Processing Line] DEBUG net.serenitybdd.core.photography.DarkroomProcessingLine - Saving screenshot to target\site\serenity\d16664060b4b7a5d4c1f94a4ab8452ab01550ddad7149603dea2a46c7a577014.png
00:35:45.213 [AsyncHttpClient-1-3] DEBUG org.asynchttpclient.netty.handler.HttpHandler - 

Request DefaultHttpRequest(decodeResult: success, version: HTTP/1.1)
POST /session/882a4d62cdbbb75df0b45a4e08879025/element HTTP/1.1
User-Agent: selenium/4.1.2 (java windows)
Content-Length: 154
Content-Type: application/json; charset=utf-8
host: localhost:65061
accept: */*

Response DefaultHttpResponse(decodeResult: success, version: HTTP/1.1)
HTTP/1.1 200 OK
Content-Type: application/json; charset=utf-8
cache-control: no-cache
content-length: 88

00:35:45.213 [AsyncHttpClient-1-3] DEBUG org.asynchttpclient.netty.channel.ChannelManager - Adding key: http://localhost:65061 for channel [id: 0xe19325e1, L:/127.0.0.1:64610 - R:localhost/127.0.0.1:65061]
00:35:45.213 [Forwarding getElementText on session 882a4d62cdbbb75df0b45a4e08879025 to remote] DEBUG org.asynchttpclient.netty.request.NettyRequestSender - Using pooled Channel '[id: 0xe19325e1, L:/127.0.0.1:64610 - R:localhost/127.0.0.1:65061]' for 'GET' to 'http://localhost:65061/session/882a4d62cdbbb75df0b45a4e08879025/element/ad254712-3b93-4437-aad4-4789bac8110f/text'
00:35:45.213 [Forwarding getElementText on session 882a4d62cdbbb75df0b45a4e08879025 to remote] DEBUG org.asynchttpclient.netty.request.NettyRequestSender - Using open Channel [id: 0xe19325e1, L:/127.0.0.1:64610 - R:localhost/127.0.0.1:65061] for GET '/session/882a4d62cdbbb75df0b45a4e08879025/element/ad254712-3b93-4437-aad4-4789bac8110f/text'
00:35:45.235 [AsyncHttpClient-1-3] DEBUG org.asynchttpclient.netty.handler.HttpHandler - 

Request DefaultFullHttpRequest(decodeResult: success, version: HTTP/1.1, content: EmptyByteBufBE)
GET /session/882a4d62cdbbb75df0b45a4e08879025/element/ad254712-3b93-4437-aad4-4789bac8110f/text HTTP/1.1
User-Agent: selenium/4.1.2 (java windows)
Cache-Control: no-cache
Content-Type: application/json; charset=utf-8
host: localhost:65061
accept: */*

Response DefaultHttpResponse(decodeResult: success, version: HTTP/1.1)
HTTP/1.1 200 OK
Content-Type: application/json; charset=utf-8
cache-control: no-cache
content-length: 102

00:35:45.235 [AsyncHttpClient-1-3] DEBUG org.asynchttpclient.netty.channel.ChannelManager - Adding key: http://localhost:65061 for channel [id: 0xe19325e1, L:/127.0.0.1:64610 - R:localhost/127.0.0.1:65061]
00:35:45.344 [Forwarding screenshot on session 882a4d62cdbbb75df0b45a4e08879025 to remote] DEBUG org.asynchttpclient.netty.request.NettyRequestSender - Using pooled Channel '[id: 0xe19325e1, L:/127.0.0.1:64610 - R:localhost/127.0.0.1:65061]' for 'GET' to 'http://localhost:65061/session/882a4d62cdbbb75df0b45a4e08879025/screenshot'
00:35:45.344 [Forwarding screenshot on session 882a4d62cdbbb75df0b45a4e08879025 to remote] DEBUG org.asynchttpclient.netty.request.NettyRequestSender - Using open Channel [id: 0xe19325e1, L:/127.0.0.1:64610 - R:localhost/127.0.0.1:65061] for GET '/session/882a4d62cdbbb75df0b45a4e08879025/screenshot'
00:35:45.352 [AsyncHttpClient-1-1] DEBUG org.asynchttpclient.netty.channel.DefaultChannelPool - Entry count for : http://localhost:64611 : 1
00:35:45.558 [AsyncHttpClient-1-3] DEBUG org.asynchttpclient.netty.handler.HttpHandler - 

Request DefaultFullHttpRequest(decodeResult: success, version: HTTP/1.1, content: EmptyByteBufBE)
GET /session/882a4d62cdbbb75df0b45a4e08879025/screenshot HTTP/1.1
User-Agent: selenium/4.1.2 (java windows)
Cache-Control: no-cache
Content-Type: application/json; charset=utf-8
host: localhost:65061
accept: */*

Response DefaultHttpResponse(decodeResult: success, version: HTTP/1.1)
HTTP/1.1 200 OK
Content-Type: application/json; charset=utf-8
cache-control: no-cache
content-length: 55040

00:35:45.558 [AsyncHttpClient-1-3] DEBUG org.asynchttpclient.netty.channel.ChannelManager - Adding key: http://localhost:65061 for channel [id: 0xe19325e1, L:/127.0.0.1:64610 - R:localhost/127.0.0.1:65061]
00:35:45.574 [main] DEBUG net.serenitybdd.core.photography.Darkroom - Send negative for processing for target\site\serenity\d16664060b4b7a5d4c1f94a4ab8452ab01550ddad7149603dea2a46c7a577014.png
00:35:45.575 [main] DEBUG net.thucydides.core.steps.StepInterceptor - STEP DONE: warningMessageEquals
  &amp#27;[32mThen &amp#27;[0m&amp#27;[32mwarning message &amp#27;[0m&amp#27;[32m&amp#27;[1m"ERROR: duplicate key value violates unique constraint "&amp#27;[0m&amp#27;[32musers_email_key&amp#27;[0m&amp#27;[32m&amp#27;[1m" (SQLSTATE 23505)"&amp#27;[0m &amp#27;[90m# starter.stepdefinitions.RegisterSteps.warningMessageUsers_email_key(java.lang.String,java.lang.String)&amp#27;[0m
00:35:45.575 [main] INFO  - 
  _____   ___   ___   _____     ___     _     ___   ___   ___   ___  
 |_   _| | __| / __| |_   _|   | _ \   /_\   / __| / __| | __| |   \ 
   | |   | _|  \__ \   | |     |  _/  / _ \  \__ \ \__ \ | _|  | |) |
   |_|   |___| |___/   |_|     |_|   /_/ \_\ |___/ |___/ |___| |___/ 

Fail registration
----------------------------------------------------------------------
00:35:45.575 [AsyncHttpClient-1-5] DEBUG org.asynchttpclient.netty.handler.WebSocketHandler - Channel Closed: [id: 0x83f87e21, L:/127.0.0.1:64618 ! R:localhost/127.0.0.1:64611] with attribute NettyResponseFuture{currentRetry=5,
	isDone=1,
	isCancelled=0,
	asyncHandler=org.asynchttpclient.ws.WebSocketUpgradeHandler@1b1b600d,
	nettyRequest=org.asynchttpclient.netty.request.NettyRequest@a976fc8,
	future=java.util.concurrent.CompletableFuture@6995de90[Completed normally],
	uri=ws://localhost:64611/devtools/browser/7b38f74f-a6bb-4852-a4d6-989dc0ad9c50,
	keepAlive=true,
	redirectCount=0,
	timeoutsHolder=null,
	inAuth=0,
	touch=1652636135921}
00:35:45.575 [AsyncHttpClient-1-5] DEBUG org.asynchttpclient.netty.channel.ChannelManager - Closing Channel [id: 0x83f87e21, L:/127.0.0.1:64618 ! R:localhost/127.0.0.1:64611] 
00:35:45.575 [Driver Command Executor] DEBUG org.asynchttpclient.netty.request.NettyRequestSender - Using pooled Channel '[id: 0xe19325e1, L:/127.0.0.1:64610 - R:localhost/127.0.0.1:65061]' for 'DELETE' to 'http://localhost:65061/session/882a4d62cdbbb75df0b45a4e08879025'
00:35:45.575 [Driver Command Executor] DEBUG org.asynchttpclient.netty.request.NettyRequestSender - Using open Channel [id: 0xe19325e1, L:/127.0.0.1:64610 - R:localhost/127.0.0.1:65061] for DELETE '/session/882a4d62cdbbb75df0b45a4e08879025'
00:35:46.315 [AsyncHttpClient-1-4] DEBUG org.asynchttpclient.netty.handler.HttpHandler - Unexpected I/O exception on channel [id: 0xffe803da, L:/127.0.0.1:64617 - R:localhost/127.0.0.1:64611]
java.net.SocketException: Connection reset
	at java.base/sun.nio.ch.SocketChannelImpl.throwConnectionReset(SocketChannelImpl.java:367)
	at java.base/sun.nio.ch.SocketChannelImpl.read(SocketChannelImpl.java:398)
	at io.netty.buffer.PooledByteBuf.setBytes(PooledByteBuf.java:258)
	at io.netty.buffer.AbstractByteBuf.writeBytes(AbstractByteBuf.java:1132)
	at io.netty.channel.socket.nio.NioSocketChannel.doReadBytes(NioSocketChannel.java:350)
	at io.netty.channel.nio.AbstractNioByteChannel$NioByteUnsafe.read(AbstractNioByteChannel.java:151)
	at io.netty.channel.nio.NioEventLoop.processSelectedKey(NioEventLoop.java:722)
	at io.netty.channel.nio.NioEventLoop.processSelectedKeysOptimized(NioEventLoop.java:658)
	at io.netty.channel.nio.NioEventLoop.processSelectedKeys(NioEventLoop.java:584)
	at io.netty.channel.nio.NioEventLoop.run(NioEventLoop.java:496)
	at io.netty.util.concurrent.SingleThreadEventExecutor$4.run(SingleThreadEventExecutor.java:986)
	at io.netty.util.internal.ThreadExecutorMap$2.run(ThreadExecutorMap.java:74)
	at io.netty.util.concurrent.FastThreadLocalRunnable.run(FastThreadLocalRunnable.java:30)
	at java.base/java.lang.Thread.run(Thread.java:832)
00:35:46.315 [AsyncHttpClient-1-4] DEBUG org.asynchttpclient.netty.channel.ChannelManager - Closing Channel [id: 0xffe803da, L:/127.0.0.1:64617 - R:localhost/127.0.0.1:64611] 
00:35:46.315 [AsyncHttpClient-1-4] DEBUG org.asynchttpclient.netty.handler.HttpHandler - Channel Closed: [id: 0xffe803da, L:/127.0.0.1:64617 ! R:localhost/127.0.0.1:64611] with attribute DISCARD
00:35:46.409 [AsyncHttpClient-1-3] DEBUG org.asynchttpclient.netty.handler.HttpHandler - 

Request DefaultFullHttpRequest(decodeResult: success, version: HTTP/1.1, content: EmptyByteBufBE)
DELETE /session/882a4d62cdbbb75df0b45a4e08879025 HTTP/1.1
User-Agent: selenium/4.1.2 (java windows)
Content-Type: application/json; charset=utf-8
host: localhost:65061
accept: */*

Response DefaultHttpResponse(decodeResult: success, version: HTTP/1.1)
HTTP/1.1 200 OK
Content-Type: application/json; charset=utf-8
cache-control: no-cache
content-length: 14

00:35:46.409 [AsyncHttpClient-1-3] DEBUG org.asynchttpclient.netty.channel.ChannelManager - Adding key: http://localhost:65061 for channel [id: 0xe19325e1, L:/127.0.0.1:64610 - R:localhost/127.0.0.1:65061]
00:35:46.445 [AsyncHttpClient-1-1] DEBUG org.asynchttpclient.netty.channel.DefaultChannelPool - Entry count for : http://localhost:65061 : 1
00:35:46.445 [AsyncHttpClient-1-1] DEBUG org.asynchttpclient.netty.channel.DefaultChannelPool - Entry count for : http://localhost:64611 : 1
00:35:46.445 [AsyncHttpClient-1-1] DEBUG org.asynchttpclient.netty.channel.DefaultChannelPool - Adding Candidate expired Channel [id: 0xffe803da, L:/127.0.0.1:64617 ! R:localhost/127.0.0.1:64611] isIdleTimeoutExpired=false isRemotelyClosed=true isTtlExpired=false
00:35:46.446 [AsyncHttpClient-1-1] DEBUG org.asynchttpclient.netty.channel.DefaultChannelPool - Closing Idle Channel [id: 0xffe803da, L:/127.0.0.1:64617 ! R:localhost/127.0.0.1:64611]
00:35:46.446 [AsyncHttpClient-1-1] DEBUG org.asynchttpclient.netty.channel.DefaultChannelPool - Closed 1 connections out of 2 in 1 ms
00:35:46.723 [AsyncHttpClient-1-3] DEBUG org.asynchttpclient.netty.handler.HttpHandler - Channel Closed: [id: 0xe19325e1, L:/127.0.0.1:64610 ! R:localhost/127.0.0.1:65061] with attribute DISCARD
]]></system-out>
    <system-err><![CDATA[Starting ChromeDriver 101.0.4951.41 (93c720db8323b3ec10d056025ab95c23a31997c9-refs/branch-heads/4951@{#904}) on port 65061
Only local connections are allowed.
Please see https://chromedriver.chromium.org/security-considerations for suggestions on keeping ChromeDriver safe.
ChromeDriver was started successfully.
May 16, 2022 12:35:35 AM org.openqa.selenium.remote.ProtocolHandshake createSession
INFO: Detected dialect: W3C
May 16, 2022 12:35:35 AM org.openqa.selenium.devtools.CdpVersionFinder findNearestMatch
WARNING: Unable to find an exact match for CDP version 101, so returning the closest version found: 97
May 16, 2022 12:35:35 AM org.openqa.selenium.devtools.CdpVersionFinder findNearestMatch
INFO: Found CDP implementation for version 101 of 97
]]></system-err>
  </testcase>
</testsuite>